16-10-19, 14:32:06.373, Info, U.DumpProcessUsage, 10, Dumping Processes at AppSetup1.  Current total CPU Usage=,0%, time since last=,1202.9
16-10-19, 14:32:06.382, Info, U.DumpProcessUsage, 10, Time to getProceses = 9.65 mS
16-10-19, 14:32:06.423, Info, U.DumpProcessUsage, 10, ** Service threw exception: 'DCOM Server Process Launcher'
16-10-19, 14:32:06.438, Info, U.DumpProcessUsage, 10, ** Service threw exception: 'Diagnostic Policy Service'
16-10-19, 14:32:06.454, Info, U.DumpProcessUsage, 10, ** Service threw exception: 'Group Policy Client'
16-10-19, 14:32:06.473, Info, U.DumpProcessUsage, 10, ** Service threw exception: 'Distributed Transaction Coordinator'
16-10-19, 14:32:06.493, Info, U.DumpProcessUsage, 10, ** Service threw exception: 'RPC Endpoint Mapper'
16-10-19, 14:32:06.507, Info, U.DumpProcessUsage, 10, ** Service threw exception: 'Remote Procedure Call (RPC)'
16-10-19, 14:32:06.522, Info, U.DumpProcessUsage, 10, ** Service threw exception: 'Task Scheduler'
16-10-19, 14:32:06.540, Info, U.DumpProcessUsage, 10, ** Service threw exception: 'Diagnostic Service Host'
16-10-19, 14:32:06.541, Info, U.DumpProcessUsage, 10, Time to extract services = 159.46 mS
16-10-19, 14:32:06.543, Info, U.DumpProcessUsage, 10, Added Id=2160, Name=wuauclt, 0.03,(%),0.23,(Sec)
16-10-19, 14:32:06.543, Info, U.DumpProcessUsage, 10, Added Id=4144, Name=audiodg, 0.05,(%),0.41,(Sec)
16-10-19, 14:32:06.543, Info, U.DumpProcessUsage, 10, Added Id=6904, Name=hpqgpc01, 0.03,(%),0.27,(Sec)
16-10-19, 14:32:06.543, Info, U.DumpProcessUsage, 10, Added Id=3360, Name=TSVNCache, 0.03,(%),0.25,(Sec)
16-10-19, 14:32:06.543, Info, U.DumpProcessUsage, 10, Added Id=3164, Name=MSBuild, 0.2,(%),1.76,(Sec)
16-10-19, 14:32:06.543, Info, U.DumpProcessUsage, 10, Added Id=7068, Name=MSBuild, 0.12,(%),1.08,(Sec)
16-10-19, 14:32:06.543, Info, U.DumpProcessUsage, 10, Added Id=408, Name=csrss, 0.3,(%),2.57,(Sec)
16-10-19, 14:32:06.543, Info, U.DumpProcessUsage, 10, Added Id=412, Name=PCFTray, 2.64,(%),22.73,(Sec)
16-10-19, 14:32:06.543, Info, U.DumpProcessUsage, 10, Added Id=4748, Name=NIWebServiceContainer, 0.12,(%),1.05,(Sec)
16-10-19, 14:32:06.543, Info, U.DumpProcessUsage, 10, Added Id=1400, Name=spoolsv, 0.12,(%),1.05,(Sec)
16-10-19, 14:32:06.543, Info, U.DumpProcessUsage, 10, ** Service'Print Spooler'
16-10-19, 14:32:06.543, Info, U.DumpProcessUsage, 10, Added Id=3636, Name=nidmsrv, 0.03,(%),0.3,(Sec)
16-10-19, 14:32:06.543, Info, U.DumpProcessUsage, 10, ** Service'NI Domain Service'
16-10-19, 14:32:06.543, Info, U.DumpProcessUsage, 10, Added Id=1600, Name=cogss_srv, 0.01,(%),0.08,(Sec)
16-10-19, 14:32:06.543, Info, U.DumpProcessUsage, 10, ** Service'Cognex Security Service'
16-10-19, 14:32:06.543, Info, U.DumpProcessUsage, 10, Added Id=4556, Name=vmware-hostd, 0.53,(%),4.59,(Sec)
16-10-19, 14:32:06.543, Info, U.DumpProcessUsage, 10, ** Service'VMware Workstation Server'
16-10-19, 14:32:06.543, Info, U.DumpProcessUsage, 10, Added Id=2784, Name=coherence, 0.02,(%),0.16,(Sec)
16-10-19, 14:32:06.543, Info, U.DumpProcessUsage, 10, Added Id=5740, Name=msdtc, 0.01,(%),0.05,(Sec)
16-10-19, 14:32:06.543, Info, U.DumpProcessUsage, 10, Added Id=1140, Name=msvsmon, 0.05,(%),0.44,(Sec)
16-10-19, 14:32:06.543, Info, U.DumpProcessUsage, 10, Added Id=4168, Name=vmnat, 0.04,(%),0.31,(Sec)
16-10-19, 14:32:06.543, Info, U.DumpProcessUsage, 10, ** Service'VMware NAT Service'
16-10-19, 14:32:06.543, Info, U.DumpProcessUsage, 10, Added Id=1608, Name=dwm, 0.51,(%),4.41,(Sec)
16-10-19, 14:32:06.543, Info, U.DumpProcessUsage, 10, Added Id=7324, Name=conhost, 0.01,(%),0.08,(Sec)
16-10-19, 14:32:06.543, Info, U.DumpProcessUsage, 10, Added Id=3100, Name=mysqld, 0.09,(%),0.78,(Sec)
16-10-19, 14:32:06.543, Info, U.DumpProcessUsage, 10, ** Service'MySQL56'
16-10-19, 14:32:06.543, Info, U.DumpProcessUsage, 10, Added Id=3388, Name=nidevldu, 0.05,(%),0.39,(Sec)
16-10-19, 14:32:06.543, Info, U.DumpProcessUsage, 10, ** Service'NI Device Loader'
16-10-19, 14:32:06.543, Info, U.DumpProcessUsage, 10, Added Id=2404, Name=svchost, 0.13,(%),1.09,(Sec)
16-10-19, 14:32:06.543, Info, U.DumpProcessUsage, 10, ** Service'hpqcxs08'
16-10-19, 14:32:06.543, Info, U.DumpProcessUsage, 10, ** Service'HP CUE DeviceDiscovery Service'
16-10-19, 14:32:06.543, Info, U.DumpProcessUsage, 10, Added Id=4572, Name=SystemWebServer, 0.08,(%),0.72,(Sec)
16-10-19, 14:32:06.543, Info, U.DumpProcessUsage, 10, ** Service'NI System Web Server'
16-10-19, 14:32:06.543, Info, U.DumpProcessUsage, 10, Added Id=2268, Name=nierserver, 0.03,(%),0.28,(Sec)
16-10-19, 14:32:06.543, Info, U.DumpProcessUsage, 10, Added Id=4972, Name=NIWebServiceContainer, 0.04,(%),0.31,(Sec)
16-10-19, 14:32:06.543, Info, U.DumpProcessUsage, 10, Added Id=5564, Name=svchost, 2.85,(%),24.55,(Sec)
16-10-19, 14:32:06.543, Info, U.DumpProcessUsage, 10, ** Service'Windows Defender'
16-10-19, 14:32:06.543, Info, U.DumpProcessUsage, 10, Added Id=2216, Name=svchost, 0.01,(%),0.06,(Sec)
16-10-19, 14:32:06.543, Info, U.DumpProcessUsage, 10, ** Service'Windows Image Acquisition (WIA)'
16-10-19, 14:32:06.543, Info, U.DumpProcessUsage, 10, Added Id=1236, Name=svchost, 1.67,(%),14.37,(Sec)
16-10-19, 14:32:06.543, Info, U.DumpProcessUsage, 10, ** Service'Cryptographic Services'
16-10-19, 14:32:06.543, Info, U.DumpProcessUsage, 10, ** Service'DNS Client'
16-10-19, 14:32:06.543, Info, U.DumpProcessUsage, 10, ** Service'Workstation'
16-10-19, 14:32:06.543, Info, U.DumpProcessUsage, 10, ** Service'Network Location Awareness'
16-10-19, 14:32:06.543, Info, U.DumpProcessUsage, 10, Added Id=5864, Name=conhost, 0.02,(%),0.14,(Sec)
16-10-19, 14:32:06.543, Info, U.DumpProcessUsage, 10, Added Id=5180, Name=NIWebServiceContainer, 0.03,(%),0.25,(Sec)
16-10-19, 14:32:06.543, Info, U.DumpProcessUsage, 10, Added Id=1832, Name=AppleMobileDeviceService, 0.96,(%),8.25,(Sec)
16-10-19, 14:32:06.543, Info, U.DumpProcessUsage, 10, ** Service'Apple Mobile Device Service'
16-10-19, 14:32:06.543, Info, U.DumpProcessUsage, 10, Added Id=2228, Name=hpqtra08, 0.07,(%),0.64,(Sec)
16-10-19, 14:32:06.544, Info, U.DumpProcessUsage, 10, Added Id=4004, Name=prl_tools_service, 0.04,(%),0.37,(Sec)
16-10-19, 14:32:06.544, Info, U.DumpProcessUsage, 10, ** Service'Parallels Tools Service'
16-10-19, 14:32:06.544, Info, U.DumpProcessUsage, 10, Added Id=460, Name=svchost, 6.66,(%),57.33,(Sec)
16-10-19, 14:32:06.544, Info, U.DumpProcessUsage, 10, ** Service'Windows Audio Endpoint Builder'
16-10-19, 14:32:06.544, Info, U.DumpProcessUsage, 10, ** Service'Network Connections'
16-10-19, 14:32:06.544, Info, U.DumpProcessUsage, 10, ** Service'Program Compatibility Assistant Service'
16-10-19, 14:32:06.544, Info, U.DumpProcessUsage, 10, ** Service'Superfetch'
16-10-19, 14:32:06.544, Info, U.DumpProcessUsage, 10, ** Service'Desktop Window Manager Session Manager'
16-10-19, 14:32:06.544, Info, U.DumpProcessUsage, 10, ** Service'Windows Driver Foundation - User-mode Driver Framework'
16-10-19, 14:32:06.544, Info, U.DumpProcessUsage, 10, Added Id=6372, Name=sqlservr, 1.18,(%),10.16,(Sec)
16-10-19, 14:32:06.544, Info, U.DumpProcessUsage, 10, Added Id=6176, Name=WUDFHost, 0.03,(%),0.23,(Sec)
16-10-19, 14:32:06.544, Info, U.DumpProcessUsage, 10, Added Id=1440, Name=svchost, 0.54,(%),4.63,(Sec)
16-10-19, 14:32:06.544, Info, U.DumpProcessUsage, 10, ** Service'Base Filtering Engine'
16-10-19, 14:32:06.544, Info, U.DumpProcessUsage, 10, ** Service'Windows Firewall'
16-10-19, 14:32:06.544, Info, U.DumpProcessUsage, 10, Added Id=4996, Name=niLxiDiscovery, 0.03,(%),0.25,(Sec)
16-10-19, 14:32:06.544, Info, U.DumpProcessUsage, 10, ** Service'NI LXI Discovery Service'
16-10-19, 14:32:06.544, Info, U.DumpProcessUsage, 10, Added Id=4012, Name=coherence, 0.03,(%),0.22,(Sec)
16-10-19, 14:32:06.544, Info, U.DumpProcessUsage, 10, Added Id=468, Name=wininit, 0.09,(%),0.73,(Sec)
16-10-19, 14:32:06.544, Info, U.DumpProcessUsage, 10, Added Id=6776, Name=hpqste08, 0.1,(%),0.83,(Sec)
16-10-19, 14:32:06.544, Info, U.DumpProcessUsage, 10, Added Id=2620, Name=dllhost, 0.03,(%),0.22,(Sec)
16-10-19, 14:32:06.544, Info, U.DumpProcessUsage, 10, ** Service'PrlVssProvider'
16-10-19, 14:32:06.544, Info, U.DumpProcessUsage, 10, Added Id=1264, Name=cogsls_srv, 0.02,(%),0.2,(Sec)
16-10-19, 14:32:06.544, Info, U.DumpProcessUsage, 10, ** Service'Cognex Software Licensing Service'
16-10-19, 14:32:06.544, Info, U.DumpProcessUsage, 10, Added Id=4812, Name=vmware-usbarbitrator64, 0.03,(%),0.27,(Sec)
16-10-19, 14:32:06.544, Info, U.DumpProcessUsage, 10, ** Service'VMware USB Arbitration Service'
16-10-19, 14:32:06.544, Info, U.DumpProcessUsage, 10, Added Id=2252, Name=hasplms, 0.22,(%),1.9,(Sec)
16-10-19, 14:32:06.544, Info, U.DumpProcessUsage, 10, ** Service'HASP License Manager'
16-10-19, 14:32:06.544, Info, U.DumpProcessUsage, 10, Added Id=5996, Name=PCFasterSvc, 5.93,(%),51.09,(Sec)
16-10-19, 14:32:06.544, Info, U.DumpProcessUsage, 10, Added Id=4388, Name=nimdnsResponder, 0.31,(%),2.64,(Sec)
16-10-19, 14:32:06.544, Info, U.DumpProcessUsage, 10, ** Service'NI mDNS Responder Service'
16-10-19, 14:32:06.544, Info, U.DumpProcessUsage, 10, Added Id=876, Name=Microsoft.Alm.Shared.Remoting.RemoteContainer.dll, 0.45,(%),3.9,(Sec)
16-10-19, 14:32:06.544, Info, U.DumpProcessUsage, 10, Added Id=3832, Name=tagsrv, 0.08,(%),0.66,(Sec)
16-10-19, 14:32:06.544, Info, U.DumpProcessUsage, 10, ** Service'NI Variable Engine'
16-10-19, 14:32:06.544, Info, U.DumpProcessUsage, 10, Added Id=484, Name=csrss, 1.19,(%),10.25,(Sec)
16-10-19, 14:32:06.544, Info, U.DumpProcessUsage, 10, Added Id=3852, Name=WmiPrvSE, 0.01,(%),0.12,(Sec)
16-10-19, 14:32:06.544, Info, U.DumpProcessUsage, 10, Added Id=2064, Name=CorGigEStatus, 0.03,(%),0.22,(Sec)
16-10-19, 14:32:06.544, Info, U.DumpProcessUsage, 10, Added Id=2656, Name=vmware-tray, 0.05,(%),0.47,(Sec)
16-10-19, 14:32:06.544, Info, U.DumpProcessUsage, 10, Added Id=884, Name=svchost, 0.24,(%),2.07,(Sec)
16-10-19, 14:32:06.544, Info, U.DumpProcessUsage, 10, Added Id=1104, Name=nimxs, 0.22,(%),1.9,(Sec)
16-10-19, 14:32:06.544, Info, U.DumpProcessUsage, 10, ** Service'NI Configuration Manager'
16-10-19, 14:32:06.544, Info, U.DumpProcessUsage, 10, Added Id=3056, Name=MustangSer1249, 0.03,(%),0.22,(Sec)
16-10-19, 14:32:06.544, Info, U.DumpProcessUsage, 10, ** Service'MustangService DispalyName'
16-10-19, 14:32:06.544, Info, U.DumpProcessUsage, 10, Added Id=2920, Name=svchost, 0.02,(%),0.19,(Sec)
16-10-19, 14:32:06.544, Info, U.DumpProcessUsage, 10, ** Service'Pml Driver HPZ12'
16-10-19, 14:32:06.544, Info, U.DumpProcessUsage, 10, Added Id=4240, Name=lkcitdl, 0.04,(%),0.33,(Sec)
16-10-19, 14:32:06.544, Info, U.DumpProcessUsage, 10, ** Service'NI Citadel 4 Service'
16-10-19, 14:32:06.544, Info, U.DumpProcessUsage, 10, Added Id=6852, Name=hpqbam08, 0.01,(%),0.12,(Sec)
16-10-19, 14:32:06.544, Info, U.DumpProcessUsage, 10, Added Id=3260, Name=svchost, 0.03,(%),0.28,(Sec)
16-10-19, 14:32:06.544, Info, U.DumpProcessUsage, 10, ** Service'Net Driver HPZ12'
16-10-19, 14:32:06.544, Info, U.DumpProcessUsage, 10, Added Id=4640, Name=vmware-authd, 1.89,(%),16.29,(Sec)
16-10-19, 14:32:06.544, Info, U.DumpProcessUsage, 10, ** Service'VMware Authorization Service'
16-10-19, 14:32:06.544, Info, U.DumpProcessUsage, 10, Added Id=6020, Name=SearchIndexer, 1.91,(%),16.44,(Sec)
16-10-19, 14:32:06.544, Info, U.DumpProcessUsage, 10, ** Service'Windows Search'
16-10-19, 14:32:06.544, Info, U.DumpProcessUsage, 10, Added Id=2672, Name=DeviceMonitor, 0.2,(%),1.76,(Sec)
16-10-19, 14:32:06.545, Info, U.DumpProcessUsage, 10, Added Id=1492, Name=taskhost, 0.12,(%),1.01,(Sec)
16-10-19, 14:32:06.545, Info, U.DumpProcessUsage, 10, Added Id=2284, Name=prl_tools, 0.57,(%),4.95,(Sec)
16-10-19, 14:32:06.545, Info, U.DumpProcessUsage, 10, Added Id=2876, Name=lkads, 0.04,(%),0.37,(Sec)
16-10-19, 14:32:06.545, Info, U.DumpProcessUsage, 10, ** Service'NI PSP Service Locator'
16-10-19, 14:32:06.545, Info, U.DumpProcessUsage, 10, Added Id=2680, Name=hpwuschd2, 0.03,(%),0.25,(Sec)
16-10-19, 14:32:06.545, Info, U.DumpProcessUsage, 10, Added Id=908, Name=svchost, 0.3,(%),2.56,(Sec)
16-10-19, 14:32:06.545, Info, U.DumpProcessUsage, 10, ** Service'COM+ Event System'
16-10-19, 14:32:06.545, Info, U.DumpProcessUsage, 10, ** Service'Function Discovery Provider Host'
16-10-19, 14:32:06.545, Info, U.DumpProcessUsage, 10, ** Service'Windows Font Cache Service'
16-10-19, 14:32:06.545, Info, U.DumpProcessUsage, 10, ** Service'Network List Service'
16-10-19, 14:32:06.545, Info, U.DumpProcessUsage, 10, ** Service'Network Store Interface Service'
16-10-19, 14:32:06.545, Info, U.DumpProcessUsage, 10, ** Service'WinHTTP Web Proxy Auto-Discovery Service'
16-10-19, 14:32:06.545, Info, U.DumpProcessUsage, 10, Added Id=320, Name=smss, 0.05,(%),0.41,(Sec)
16-10-19, 14:32:06.545, Info, U.DumpProcessUsage, 10, Added Id=4852, Name=NIWebServiceContainer, 0.03,(%),0.22,(Sec)
16-10-19, 14:32:06.545, Info, U.DumpProcessUsage, 10, Added Id=6824, Name=SysOptEngineSvc, 3.11,(%),26.75,(Sec)
16-10-19, 14:32:06.545, Info, U.DumpProcessUsage, 10, Added Id=2100, Name=CorLogServer, 0.02,(%),0.2,(Sec)
16-10-19, 14:32:06.545, Info, U.DumpProcessUsage, 10, ** Service'Sapera Log Server'
16-10-19, 14:32:06.545, Info, U.DumpProcessUsage, 10, Added Id=2044, Name=cogremind_srv, 0.02,(%),0.2,(Sec)
16-10-19, 14:32:06.545, Info, U.DumpProcessUsage, 10, ** Service'Cognex Reminder Service'
16-10-19, 14:32:06.545, Info, U.DumpProcessUsage, 10, Added Id=5648, Name=dllhost, 0.09,(%),0.78,(Sec)
16-10-19, 14:32:06.545, Info, U.DumpProcessUsage, 10, ** Service'COM+ System Application'
16-10-19, 14:32:06.545, Info, U.DumpProcessUsage, 10, Added Id=5136, Name=WmiPrvSE, 0.14,(%),1.25,(Sec)
16-10-19, 14:32:06.545, Info, U.DumpProcessUsage, 10, Added Id=7228, Name=MSBuild, 0.23,(%),2,(Sec)
16-10-19, 14:32:06.545, Info, U.DumpProcessUsage, 10, Added Id=7884, Name=devenv, 3.34,(%),28.75,(Sec)
16-10-19, 14:32:06.545, Info, U.DumpProcessUsage, 10, Added Id=692, Name=svchost, 0.98,(%),8.41,(Sec)
16-10-19, 14:32:06.545, Info, U.DumpProcessUsage, 10, ** Service'Plug and Play'
16-10-19, 14:32:06.545, Info, U.DumpProcessUsage, 10, ** Service'Power'
16-10-19, 14:32:06.545, Info, U.DumpProcessUsage, 10, Added Id=3224, Name=FasterNow, 22.54,(%),194.11,(Sec)
16-10-19, 14:32:06.545, Info, U.DumpProcessUsage, 10, Added Id=1128, Name=svchost, 0.03,(%),0.3,(Sec)
16-10-19, 14:32:06.545, Info, U.DumpProcessUsage, 10, Added Id=7236, Name=MSBuild, 0.16,(%),1.39,(Sec)
16-10-19, 14:32:06.545, Info, U.DumpProcessUsage, 10, Added Id=3888, Name=coherence, 0.02,(%),0.2,(Sec)
16-10-19, 14:32:06.545, Info, U.DumpProcessUsage, 10, ** Service'Parallels Coherence Service'
16-10-19, 14:32:06.545, Info, U.DumpProcessUsage, 10, Added Id=6056, Name=AppMachine.vshost, 0.11,(%),0.97,(Sec)
16-10-19, 14:32:06.546, Info, U.DumpProcessUsage, 10, ** Thread Main GUI(3188) = 514.8 mS
16-10-19, 14:32:06.546, Info, U.DumpProcessUsage, 10, Added Id=7240, Name=CleanerEngineSvc, 2.77,(%),23.85,(Sec)
16-10-19, 14:32:06.546, Info, U.DumpProcessUsage, 10, Added Id=4680, Name=NIWebServiceContainer, 0.03,(%),0.28,(Sec)
16-10-19, 14:32:06.546, Info, U.DumpProcessUsage, 10, Added Id=6060, Name=conhost, 0,(%),0,(Sec)
16-10-19, 14:32:06.546, Info, U.DumpProcessUsage, 10, Added Id=1924, Name=CorGigEServer, 0.68,(%),5.85,(Sec)
16-10-19, 14:32:06.547, Info, U.DumpProcessUsage, 10, ** Service'Sapera GigE Service'
16-10-19, 14:32:06.547, Info, U.DumpProcessUsage, 10, Added Id=4880, Name=ApplicationWebServer, 0.14,(%),1.25,(Sec)
16-10-19, 14:32:06.547, Info, U.DumpProcessUsage, 10, ** Service'NI Application Web Server'
16-10-19, 14:32:06.547, Info, U.DumpProcessUsage, 10, Added Id=4488, Name=nipxism, 0.11,(%),0.98,(Sec)
16-10-19, 14:32:06.547, Info, U.DumpProcessUsage, 10, ** Service'NI PXI Resource Manager'
16-10-19, 14:32:06.547, Info, U.DumpProcessUsage, 10, Added Id=4292, Name=lktsrv, 0.04,(%),0.36,(Sec)
16-10-19, 14:32:06.547, Info, U.DumpProcessUsage, 10, ** Service'NI Time Synchronization'
16-10-19, 14:32:06.547, Info, U.DumpProcessUsage, 10, Added Id=1732, Name=explorer, 7.92,(%),68.17,(Sec)
16-10-19, 14:32:06.547, Info, U.DumpProcessUsage, 10, Added Id=5240, Name=conhost, 0,(%),0.02,(Sec)
16-10-19, 14:32:06.547, Info, U.DumpProcessUsage, 10, Added Id=236, Name=svchost, 0.73,(%),6.26,(Sec)
16-10-19, 14:32:06.547, Info, U.DumpProcessUsage, 10, ** Service'Windows Audio'
16-10-19, 14:32:06.547, Info, U.DumpProcessUsage, 10, ** Service'DHCP Client'
16-10-19, 14:32:06.547, Info, U.DumpProcessUsage, 10, ** Service'Windows Event Log'
16-10-19, 14:32:06.547, Info, U.DumpProcessUsage, 10, ** Service'TCP/IP NetBIOS Helper'
16-10-19, 14:32:06.547, Info, U.DumpProcessUsage, 10, ** Service'Security Center'
16-10-19, 14:32:06.547, Info, U.DumpProcessUsage, 10, Added Id=3916, Name=svchost, 0.1,(%),0.84,(Sec)
16-10-19, 14:32:06.547, Info, U.DumpProcessUsage, 10, ** Service'SSDP Discovery'
16-10-19, 14:32:06.547, Info, U.DumpProcessUsage, 10, ** Service'Windows Connect Now - Config Registrar'
16-10-19, 14:32:06.547, Info, U.DumpProcessUsage, 10, Added Id=556, Name=winlogon, 0.14,(%),1.17,(Sec)
16-10-19, 14:32:06.547, Info, U.DumpProcessUsage, 10, Added Id=7252, Name=IntelliTrace, 0.03,(%),0.23,(Sec)
16-10-19, 14:32:06.547, Info, U.DumpProcessUsage, 10, Added Id=2528, Name=IpOverUsbSvc, 0.06,(%),0.53,(Sec)
16-10-19, 14:32:06.547, Info, U.DumpProcessUsage, 10, ** Service'Windows Phone IP over USB Transport (IpOverUsbSvc)'
16-10-19, 14:32:06.547, Info, U.DumpProcessUsage, 10, Added Id=1660, Name=conhost, 0,(%),0,(Sec)
16-10-19, 14:32:06.547, Info, U.DumpProcessUsage, 10, Added Id=532, Name=services, 7.82,(%),67.35,(Sec)
16-10-19, 14:32:06.547, Info, U.DumpProcessUsage, 10, Added Id=3320, Name=niauth_daemon, 0.07,(%),0.64,(Sec)
16-10-19, 14:32:06.547, Info, U.DumpProcessUsage, 10, ** Service'NI Authentication Service'
16-10-19, 14:32:06.547, Info, U.DumpProcessUsage, 10, Added Id=2336, Name=TSVNCache, 0.2,(%),1.73,(Sec)
16-10-19, 14:32:06.547, Info, U.DumpProcessUsage, 10, Added Id=1944, Name=mDNSResponder, 0.23,(%),1.95,(Sec)
16-10-19, 14:32:06.547, Info, U.DumpProcessUsage, 10, ** Service'Bonjour Service'
16-10-19, 14:32:06.547, Info, U.DumpProcessUsage, 10, Added Id=1748, Name=CorDHCPServer, 0.06,(%),0.5,(Sec)
16-10-19, 14:32:06.547, Info, U.DumpProcessUsage, 10, ** Service'Sapera DHCP Server'
16-10-19, 14:32:06.547, Info, U.DumpProcessUsage, 10, Added Id=4704, Name=vmnetdhcp, 0.04,(%),0.31,(Sec)
16-10-19, 14:32:06.547, Info, U.DumpProcessUsage, 10, ** Service'VMware DHCP Service'
16-10-19, 14:32:06.547, Info, U.DumpProcessUsage, 10, Added Id=5096, Name=niDiscSvc, 0.03,(%),0.3,(Sec)
16-10-19, 14:32:06.547, Info, U.DumpProcessUsage, 10, ** Service'NI Network Discovery'
16-10-19, 14:32:06.547, Info, U.DumpProcessUsage, 10, Added Id=772, Name=PCFasterSvc, 2.34,(%),20.14,(Sec)
16-10-19, 14:32:06.547, Info, U.DumpProcessUsage, 10, ** Service'Baidu PC Faster Service 5.1.0.0'
16-10-19, 14:32:06.547, Info, U.DumpProcessUsage, 10, Added Id=576, Name=lsass, 3.26,(%),28.06,(Sec)
16-10-19, 14:32:06.547, Info, U.DumpProcessUsage, 10, ** Service'Security Accounts Manager'
16-10-19, 14:32:06.547, Info, U.DumpProcessUsage, 10, Added Id=5112, Name=NIWebServiceContainer, 0.03,(%),0.22,(Sec)
16-10-19, 14:32:06.547, Info, U.DumpProcessUsage, 10, Added Id=2552, Name=prl_cc, 2.87,(%),24.71,(Sec)
16-10-19, 14:32:06.547, Info, U.DumpProcessUsage, 10, Added Id=584, Name=lsm, 0.05,(%),0.44,(Sec)
16-10-19, 14:32:06.547, Info, U.DumpProcessUsage, 10, Added Id=5904, Name=DiscSoftBusService, 0.04,(%),0.31,(Sec)
16-10-19, 14:32:06.547, Info, U.DumpProcessUsage, 10, ** Service'Disc Soft Lite Bus Service'
16-10-19, 14:32:06.547, Info, U.DumpProcessUsage, 10, Added Id=7260, Name=svchost, 0,(%),0.02,(Sec)
16-10-19, 14:32:06.547, Info, U.DumpProcessUsage, 10, ** Service'Windows Backup'
16-10-19, 14:32:06.547, Info, U.DumpProcessUsage, 10, Added Id=3740, Name=nisvcloc, 0.04,(%),0.31,(Sec)
16-10-19, 14:32:06.547, Info, U.DumpProcessUsage, 10, ** Service'NI Service Locator'
16-10-19, 14:32:06.547, Info, U.DumpProcessUsage, 10, Added Id=1180, Name=taskeng, 0,(%),0,(Sec)
16-10-19, 14:32:06.547, Info, U.DumpProcessUsage, 10, Added Id=420, Name=svchost, 5.75,(%),49.5,(Sec)
16-10-19, 14:32:06.547, Info, U.DumpProcessUsage, 10, ** Service'Application Experience'
16-10-19, 14:32:06.547, Info, U.DumpProcessUsage, 10, ** Service'Application Information'
16-10-19, 14:32:06.547, Info, U.DumpProcessUsage, 10, ** Service'Background Intelligent Transfer Service'
16-10-19, 14:32:06.548, Info, U.DumpProcessUsage, 10, ** Service'Computer Browser'
16-10-19, 14:32:06.548, Info, U.DumpProcessUsage, 10, ** Service'IKE and AuthIP IPsec Keying Modules'
16-10-19, 14:32:06.548, Info, U.DumpProcessUsage, 10, ** Service'IP Helper'
16-10-19, 14:32:06.548, Info, U.DumpProcessUsage, 10, ** Service'Server'
16-10-19, 14:32:06.548, Info, U.DumpProcessUsage, 10, ** Service'Multimedia Class Scheduler'
16-10-19, 14:32:06.548, Info, U.DumpProcessUsage, 10, ** Service'Parallels User Profile Service'
16-10-19, 14:32:06.548, Info, U.DumpProcessUsage, 10, ** Service'User Profile Service'
16-10-19, 14:32:06.548, Info, U.DumpProcessUsage, 10, ** Service'System Event Notification Service'
16-10-19, 14:32:06.548, Info, U.DumpProcessUsage, 10, ** Service'Shell Hardware Detection'
16-10-19, 14:32:06.548, Info, U.DumpProcessUsage, 10, ** Service'Themes'
16-10-19, 14:32:06.548, Info, U.DumpProcessUsage, 10, ** Service'Windows Management Instrumentation'
16-10-19, 14:32:06.548, Info, U.DumpProcessUsage, 10, ** Service'Windows Update'
16-10-19, 14:32:06.548, Info, U.DumpProcessUsage, 10, Total time to dump = 175.73 mS
16-10-19, 14:32:06.548, Info, CompRoot.ApplicationSetup, 10, Application Loading : AppMachine - Ver 1.0 Build 0 (Official)
16-10-19, 14:32:06.551, Info, U.DumpProcessUsage, 10, Dumping Processes at AppSetup2.  Current total CPU Usage=,29.09045%, time since last=,175.9
16-10-19, 14:32:06.554, Info, U.DumpProcessUsage, 10, Time to getProceses = 5.76 mS
16-10-19, 14:32:06.569, Info, U.DumpProcessUsage, 10, Time to extract services = 15.37 mS
16-10-19, 14:32:06.569, Info, U.DumpProcessUsage, 10, Existing Id=1140, Name=msvsmon, 61.54,(%),0.12,(Sec)
16-10-19, 14:32:06.569, Info, U.DumpProcessUsage, 10, Existing Id=7884, Name=devenv, 7.69,(%),0.02,(Sec)
16-10-19, 14:32:06.569, Info, U.DumpProcessUsage, 10, Existing Id=6056, Name=AppMachine.vshost, 23.08,(%),0.05,(Sec)
16-10-19, 14:32:06.570, Info, U.DumpProcessUsage, 10, ** Thread Main GUI(3188) = 15.6 mS
16-10-19, 14:32:06.570, Info, U.DumpProcessUsage, 10, Existing Id=532, Name=services, 7.69,(%),0.02,(Sec)
16-10-19, 14:32:06.570, Info, U.DumpProcessUsage, 10, Total time to dump = 22.27 mS
16-10-19, 14:32:06.680, Info, CompRoot.ApplicationSetup, 10, StopWatch Resolution=True
16-10-19, 14:32:06.681, Info, CompRoot.ApplicationSetup, 10, StopWatch Frequency=10000000
16-10-19, 14:32:06.681, Info, U.DumpProcessUsage, 10, Dumping Processes at End AppSetup.  Current total CPU Usage=,23.75895%, time since last=,132.7
16-10-19, 14:32:06.683, Info, U.DumpProcessUsage, 10, Time to getProceses = 2.86 mS
16-10-19, 14:32:06.699, Info, U.DumpProcessUsage, 10, Time to extract services = 15.7 mS
16-10-19, 14:32:06.699, Info, U.DumpProcessUsage, 10, Existing Id=7884, Name=devenv, 11.11,(%),0.02,(Sec)
16-10-19, 14:32:06.699, Info, U.DumpProcessUsage, 10, Existing Id=6056, Name=AppMachine.vshost, 66.67,(%),0.09,(Sec)
16-10-19, 14:32:06.700, Info, U.DumpProcessUsage, 10, ** Thread Main GUI(3188) = 78 mS
16-10-19, 14:32:06.700, Info, U.DumpProcessUsage, 10, Existing Id=7252, Name=IntelliTrace, 11.11,(%),0.02,(Sec)
16-10-19, 14:32:06.700, Info, U.DumpProcessUsage, 10, Existing Id=532, Name=services, 11.11,(%),0.02,(Sec)
16-10-19, 14:32:06.700, Info, U.DumpProcessUsage, 10, Total time to dump = 19.68 mS
16-10-19, 14:40:11.286, Info, U.DumpProcessUsage, 8, Dumping Processes at AppSetup1.  Current total CPU Usage=,0%, time since last=,1261.9
16-10-19, 14:40:11.295, Info, U.DumpProcessUsage, 8, Time to getProceses = 14.61 mS
16-10-19, 14:40:11.367, Info, U.DumpProcessUsage, 8, ** Service threw exception: 'DCOM Server Process Launcher'
16-10-19, 14:40:11.384, Info, U.DumpProcessUsage, 8, ** Service threw exception: 'Diagnostic Policy Service'
16-10-19, 14:40:11.401, Info, U.DumpProcessUsage, 8, ** Service threw exception: 'Group Policy Client'
16-10-19, 14:40:11.421, Info, U.DumpProcessUsage, 8, ** Service threw exception: 'Distributed Transaction Coordinator'
16-10-19, 14:40:11.445, Info, U.DumpProcessUsage, 8, ** Service threw exception: 'RPC Endpoint Mapper'
16-10-19, 14:40:11.463, Info, U.DumpProcessUsage, 8, ** Service threw exception: 'Remote Procedure Call (RPC)'
16-10-19, 14:40:11.483, Info, U.DumpProcessUsage, 8, ** Service threw exception: 'Task Scheduler'
16-10-19, 14:40:11.505, Info, U.DumpProcessUsage, 8, ** Service threw exception: 'Diagnostic Service Host'
16-10-19, 14:40:11.526, Info, U.DumpProcessUsage, 8, ** Service threw exception: 'Diagnostic System Host'
16-10-19, 14:40:11.528, Info, U.DumpProcessUsage, 8, Time to extract services = 233.52 mS
16-10-19, 14:40:11.533, Info, U.DumpProcessUsage, 8, Added Id=3548, Name=coherence, 0.27,(%),0.45,(Sec)
16-10-19, 14:40:11.533, Info, U.DumpProcessUsage, 8, Added Id=2748, Name=mysqld, 1.94,(%),3.28,(Sec)
16-10-19, 14:40:11.533, Info, U.DumpProcessUsage, 8, ** Service'MySQL56'
16-10-19, 14:40:11.533, Info, U.DumpProcessUsage, 8, Added Id=7116, Name=IntelliTrace, 0.42,(%),0.7,(Sec)
16-10-19, 14:40:11.533, Info, U.DumpProcessUsage, 8, Added Id=4120, Name=lktsrv, 0.28,(%),0.47,(Sec)
16-10-19, 14:40:11.533, Info, U.DumpProcessUsage, 8, ** Service'NI Time Synchronization'
16-10-19, 14:40:11.533, Info, U.DumpProcessUsage, 8, Added Id=996, Name=svchost, 1.02,(%),1.72,(Sec)
16-10-19, 14:40:11.533, Info, U.DumpProcessUsage, 8, ** Service'Windows Audio'
16-10-19, 14:40:11.533, Info, U.DumpProcessUsage, 8, ** Service'DHCP Client'
16-10-19, 14:40:11.533, Info, U.DumpProcessUsage, 8, ** Service'Windows Event Log'
16-10-19, 14:40:11.533, Info, U.DumpProcessUsage, 8, ** Service'TCP/IP NetBIOS Helper'
16-10-19, 14:40:11.533, Info, U.DumpProcessUsage, 8, ** Service'Security Center'
16-10-19, 14:40:11.533, Info, U.DumpProcessUsage, 8, Added Id=4740, Name=NIWebServiceContainer, 0.3,(%),0.51,(Sec)
16-10-19, 14:40:11.533, Info, U.DumpProcessUsage, 8, Added Id=2180, Name=CorGigEStatus, 0.06,(%),0.11,(Sec)
16-10-19, 14:40:11.533, Info, U.DumpProcessUsage, 8, Added Id=6124, Name=WUDFHost, 0.22,(%),0.37,(Sec)
16-10-19, 14:40:11.533, Info, U.DumpProcessUsage, 8, Added Id=2016, Name=cogsls_srv, 0.15,(%),0.25,(Sec)
16-10-19, 14:40:11.533, Info, U.DumpProcessUsage, 8, ** Service'Cognex Software Licensing Service'
16-10-19, 14:40:11.533, Info, U.DumpProcessUsage, 8, Added Id=1596, Name=taskeng, 0.16,(%),0.27,(Sec)
16-10-19, 14:40:11.533, Info, U.DumpProcessUsage, 8, Added Id=416, Name=csrss, 1.19,(%),2.01,(Sec)
16-10-19, 14:40:11.533, Info, U.DumpProcessUsage, 8, Added Id=6812, Name=hpqste08, 0.93,(%),1.58,(Sec)
16-10-19, 14:40:11.533, Info, U.DumpProcessUsage, 8, Added Id=6504, Name=WmiPrvSE, 3.16,(%),5.34,(Sec)
16-10-19, 14:40:11.533, Info, U.DumpProcessUsage, 8, Added Id=1996, Name=DeviceMonitor, 1.33,(%),2.25,(Sec)
16-10-19, 14:40:11.533, Info, U.DumpProcessUsage, 8, Added Id=4668, Name=NIWebServiceContainer, 0.12,(%),0.2,(Sec)
16-10-19, 14:40:11.533, Info, U.DumpProcessUsage, 8, Added Id=4956, Name=WmiPrvSE, 0.8,(%),1.36,(Sec)
16-10-19, 14:40:11.533, Info, U.DumpProcessUsage, 8, Added Id=1608, Name=CorGigEServer, 0.2,(%),0.34,(Sec)
16-10-19, 14:40:11.533, Info, U.DumpProcessUsage, 8, ** Service'Sapera GigE Service'
16-10-19, 14:40:11.533, Info, U.DumpProcessUsage, 8, Added Id=4228, Name=nimdnsResponder, 0.33,(%),0.56,(Sec)
16-10-19, 14:40:11.533, Info, U.DumpProcessUsage, 8, ** Service'NI mDNS Responder Service'
16-10-19, 14:40:11.533, Info, U.DumpProcessUsage, 8, Added Id=4568, Name=vmnetdhcp, 0.2,(%),0.34,(Sec)
16-10-19, 14:40:11.533, Info, U.DumpProcessUsage, 8, ** Service'VMware DHCP Service'
16-10-19, 14:40:11.533, Info, U.DumpProcessUsage, 8, Added Id=4372, Name=SystemWebServer, 0.42,(%),0.72,(Sec)
16-10-19, 14:40:11.533, Info, U.DumpProcessUsage, 8, ** Service'NI System Web Server'
16-10-19, 14:40:11.533, Info, U.DumpProcessUsage, 8, Added Id=2600, Name=MustangSer1249, 0.17,(%),0.28,(Sec)
16-10-19, 14:40:11.533, Info, U.DumpProcessUsage, 8, ** Service'MustangService DispalyName'
16-10-19, 14:40:11.533, Info, U.DumpProcessUsage, 8, Added Id=1580, Name=taskhost, 0.31,(%),0.53,(Sec)
16-10-19, 14:40:11.533, Info, U.DumpProcessUsage, 8, Added Id=436, Name=svchost, 0.7,(%),1.19,(Sec)
16-10-19, 14:40:11.534, Info, U.DumpProcessUsage, 8, ** Service'COM+ Event System'
16-10-19, 14:40:11.534, Info, U.DumpProcessUsage, 8, ** Service'Windows Font Cache Service'
16-10-19, 14:40:11.534, Info, U.DumpProcessUsage, 8, ** Service'Network List Service'
16-10-19, 14:40:11.534, Info, U.DumpProcessUsage, 8, ** Service'Network Store Interface Service'
16-10-19, 14:40:11.534, Info, U.DumpProcessUsage, 8, ** Service'WinHTTP Web Proxy Auto-Discovery Service'
16-10-19, 14:40:11.534, Info, U.DumpProcessUsage, 8, Added Id=3392, Name=prl_tools_service, 0.27,(%),0.45,(Sec)
16-10-19, 14:40:11.534, Info, U.DumpProcessUsage, 8, ** Service'Parallels Tools Service'
16-10-19, 14:40:11.534, Info, U.DumpProcessUsage, 8, Added Id=7136, Name=SearchProtocolHost, 0.14,(%),0.23,(Sec)
16-10-19, 14:40:11.534, Info, U.DumpProcessUsage, 8, Added Id=3936, Name=AppMachine.vshost, 0.94,(%),1.59,(Sec)
16-10-19, 14:40:11.537, Info, U.DumpProcessUsage, 8, ** Thread Main GUI(7008) = 748.8 mS
16-10-19, 14:40:11.537, Info, U.DumpProcessUsage, 8, Added Id=1228, Name=cogss_srv, 0.12,(%),0.2,(Sec)
16-10-19, 14:40:11.537, Info, U.DumpProcessUsage, 8, ** Service'Cognex Security Service'
16-10-19, 14:40:11.537, Info, U.DumpProcessUsage, 8, Added Id=5564, Name=msvsmon, 0.62,(%),1.05,(Sec)
16-10-19, 14:40:11.537, Info, U.DumpProcessUsage, 8, Added Id=5084, Name=NIWebServiceContainer, 0.17,(%),0.28,(Sec)
16-10-19, 14:40:11.537, Info, U.DumpProcessUsage, 8, Added Id=2220, Name=tagsrv, 0.53,(%),0.89,(Sec)
16-10-19, 14:40:11.537, Info, U.DumpProcessUsage, 8, ** Service'NI Variable Engine'
16-10-19, 14:40:11.538, Info, U.DumpProcessUsage, 8, Added Id=5724, Name=DiscSoftBusService, 0.2,(%),0.34,(Sec)
16-10-19, 14:40:11.538, Info, U.DumpProcessUsage, 8, ** Service'Disc Soft Lite Bus Service'
16-10-19, 14:40:11.538, Info, U.DumpProcessUsage, 8, Added Id=1240, Name=svchost, 0.53,(%),0.89,(Sec)
16-10-19, 14:40:11.538, Info, U.DumpProcessUsage, 8, ** Service'Cryptographic Services'
16-10-19, 14:40:11.538, Info, U.DumpProcessUsage, 8, ** Service'DNS Client'
16-10-19, 14:40:11.538, Info, U.DumpProcessUsage, 8, ** Service'Workstation'
16-10-19, 14:40:11.538, Info, U.DumpProcessUsage, 8, ** Service'Network Location Awareness'
16-10-19, 14:40:11.538, Info, U.DumpProcessUsage, 8, Added Id=2424, Name=TSVNCache, 0.24,(%),0.41,(Sec)
16-10-19, 14:40:11.538, Info, U.DumpProcessUsage, 8, Added Id=3940, Name=svchost, 0.2,(%),0.34,(Sec)
16-10-19, 14:40:11.538, Info, U.DumpProcessUsage, 8, ** Service'Windows Image Acquisition (WIA)'
16-10-19, 14:40:11.538, Info, U.DumpProcessUsage, 8, Added Id=2820, Name=svchost, 0.14,(%),0.23,(Sec)
16-10-19, 14:40:11.538, Info, U.DumpProcessUsage, 8, ** Service'Net Driver HPZ12'
16-10-19, 14:40:11.538, Info, U.DumpProcessUsage, 8, Added Id=3412, Name=lkcitdl, 0.18,(%),0.31,(Sec)
16-10-19, 14:40:11.538, Info, U.DumpProcessUsage, 8, ** Service'NI Citadel 4 Service'
16-10-19, 14:40:11.538, Info, U.DumpProcessUsage, 8, Added Id=3020, Name=prl_cc, 7.7,(%),13.01,(Sec)
16-10-19, 14:40:11.538, Info, U.DumpProcessUsage, 8, Added Id=2236, Name=IpOverUsbSvc, 0.29,(%),0.48,(Sec)
16-10-19, 14:40:11.538, Info, U.DumpProcessUsage, 8, ** Service'Windows Phone IP over USB Transport (IpOverUsbSvc)'
16-10-19, 14:40:11.538, Info, U.DumpProcessUsage, 8, Added Id=3616, Name=prl_tools, 0.3,(%),0.5,(Sec)
16-10-19, 14:40:11.538, Info, U.DumpProcessUsage, 8, Added Id=5380, Name=NIWebServiceContainer, 0.24,(%),0.41,(Sec)
16-10-19, 14:40:11.538, Info, U.DumpProcessUsage, 8, Added Id=860, Name=svchost, 0.55,(%),0.94,(Sec)
16-10-19, 14:40:11.538, Info, U.DumpProcessUsage, 8, Added Id=1392, Name=spoolsv, 1.16,(%),1.97,(Sec)
16-10-19, 14:40:11.538, Info, U.DumpProcessUsage, 8, ** Service'Print Spooler'
16-10-19, 14:40:11.538, Info, U.DumpProcessUsage, 8, Added Id=1652, Name=AppleMobileDeviceService, 0.27,(%),0.45,(Sec)
16-10-19, 14:40:11.538, Info, U.DumpProcessUsage, 8, ** Service'Apple Mobile Device Service'
16-10-19, 14:40:11.538, Info, U.DumpProcessUsage, 8, Added Id=6972, Name=Microsoft.Alm.Shared.Remoting.RemoteContainer.dll, 2.36,(%),3.99,(Sec)
16-10-19, 14:40:11.538, Info, U.DumpProcessUsage, 8, Added Id=6888, Name=hpqbam08, 0.14,(%),0.23,(Sec)
16-10-19, 14:40:11.538, Info, U.DumpProcessUsage, 8, Added Id=6932, Name=hpqgpc01, 0.24,(%),0.41,(Sec)
16-10-19, 14:40:11.538, Info, U.DumpProcessUsage, 8, Added Id=6204, Name=WmiApSrv, 0.08,(%),0.14,(Sec)
16-10-19, 14:40:11.538, Info, U.DumpProcessUsage, 8, ** Service'WMI Performance Adapter'
16-10-19, 14:40:11.538, Info, U.DumpProcessUsage, 8, Added Id=2840, Name=niauth_daemon, 0.38,(%),0.64,(Sec)
16-10-19, 14:40:11.538, Info, U.DumpProcessUsage, 8, ** Service'NI Authentication Service'
16-10-19, 14:40:11.538, Info, U.DumpProcessUsage, 8, Added Id=872, Name=PCFasterSvc, 3.15,(%),5.32,(Sec)
16-10-19, 14:40:11.539, Info, U.DumpProcessUsage, 8, Added Id=6192, Name=devenv, 15.77,(%),26.66,(Sec)
16-10-19, 14:40:11.539, Info, U.DumpProcessUsage, 8, Added Id=3632, Name=svchost, 0.16,(%),0.27,(Sec)
16-10-19, 14:40:11.539, Info, U.DumpProcessUsage, 8, ** Service'Pml Driver HPZ12'
16-10-19, 14:40:11.539, Info, U.DumpProcessUsage, 8, Added Id=2648, Name=nimxs, 1.39,(%),2.36,(Sec)
16-10-19, 14:40:11.539, Info, U.DumpProcessUsage, 8, ** Service'NI Configuration Manager'
16-10-19, 14:40:11.539, Info, U.DumpProcessUsage, 8, Added Id=1468, Name=nidmsrv, 0.37,(%),0.62,(Sec)
16-10-19, 14:40:11.539, Info, U.DumpProcessUsage, 8, ** Service'NI Domain Service'
16-10-19, 14:40:11.539, Info, U.DumpProcessUsage, 8, Added Id=464, Name=wininit, 0.65,(%),1.09,(Sec)
16-10-19, 14:40:11.539, Info, U.DumpProcessUsage, 8, Added Id=4624, Name=vmware-usbarbitrator64, 0.16,(%),0.27,(Sec)
16-10-19, 14:40:11.539, Info, U.DumpProcessUsage, 8, ** Service'VMware USB Arbitration Service'
16-10-19, 14:40:11.539, Info, U.DumpProcessUsage, 8, Added Id=488, Name=csrss, 1.99,(%),3.37,(Sec)
16-10-19, 14:40:11.539, Info, U.DumpProcessUsage, 8, Added Id=1080, Name=audiodg, 0.47,(%),0.8,(Sec)
16-10-19, 14:40:11.539, Info, U.DumpProcessUsage, 8, Added Id=4036, Name=vmnat, 0.17,(%),0.28,(Sec)
16-10-19, 14:40:11.539, Info, U.DumpProcessUsage, 8, ** Service'VMware NAT Service'
16-10-19, 14:40:11.539, Info, U.DumpProcessUsage, 8, Added Id=5416, Name=SearchIndexer, 0.67,(%),1.14,(Sec)
16-10-19, 14:40:11.539, Info, U.DumpProcessUsage, 8, ** Service'Windows Search'
16-10-19, 14:40:11.539, Info, U.DumpProcessUsage, 8, Added Id=1872, Name=mDNSResponder, 0.28,(%),0.47,(Sec)
16-10-19, 14:40:11.539, Info, U.DumpProcessUsage, 8, ** Service'Bonjour Service'
16-10-19, 14:40:11.539, Info, U.DumpProcessUsage, 8, Added Id=4804, Name=niLxiDiscovery, 0.31,(%),0.53,(Sec)
16-10-19, 14:40:11.539, Info, U.DumpProcessUsage, 8, ** Service'NI LXI Discovery Service'
16-10-19, 14:40:11.539, Info, U.DumpProcessUsage, 8, Added Id=696, Name=svchost, 4.12,(%),6.96,(Sec)
16-10-19, 14:40:11.539, Info, U.DumpProcessUsage, 8, ** Service'Plug and Play'
16-10-19, 14:40:11.539, Info, U.DumpProcessUsage, 8, ** Service'Power'
16-10-19, 14:40:11.539, Info, U.DumpProcessUsage, 8, Added Id=4052, Name=FasterNow, 2.48,(%),4.2,(Sec)
16-10-19, 14:40:11.539, Info, U.DumpProcessUsage, 8, Added Id=2872, Name=nidevldu, 0.3,(%),0.51,(Sec)
16-10-19, 14:40:11.539, Info, U.DumpProcessUsage, 8, ** Service'NI Device Loader'
16-10-19, 14:40:11.539, Info, U.DumpProcessUsage, 8, Added Id=1100, Name=svchost, 0.13,(%),0.22,(Sec)
16-10-19, 14:40:11.539, Info, U.DumpProcessUsage, 8, Added Id=5044, Name=niDiscSvc, 0.15,(%),0.25,(Sec)
16-10-19, 14:40:11.539, Info, U.DumpProcessUsage, 8, ** Service'NI Network Discovery'
16-10-19, 14:40:11.539, Info, U.DumpProcessUsage, 8, Added Id=1304, Name=CorDHCPServer, 0.21,(%),0.36,(Sec)
16-10-19, 14:40:11.539, Info, U.DumpProcessUsage, 8, ** Service'Sapera DHCP Server'
16-10-19, 14:40:11.539, Info, U.DumpProcessUsage, 8, Added Id=320, Name=smss, 0.96,(%),1.62,(Sec)
16-10-19, 14:40:11.539, Info, U.DumpProcessUsage, 8, Added Id=1748, Name=explorer, 5.13,(%),8.67,(Sec)
16-10-19, 14:40:11.539, Info, U.DumpProcessUsage, 8, Added Id=5576, Name=sppsvc, 0.57,(%),0.97,(Sec)
16-10-19, 14:40:11.539, Info, U.DumpProcessUsage, 8, ** Service'Software Protection'
16-10-19, 14:40:11.539, Info, U.DumpProcessUsage, 8, Added Id=4464, Name=vmware-authd, 0.48,(%),0.81,(Sec)
16-10-19, 14:40:11.539, Info, U.DumpProcessUsage, 8, ** Service'VMware Authorization Service'
16-10-19, 14:40:11.539, Info, U.DumpProcessUsage, 8, Added Id=3480, Name=PCFTray, 0.46,(%),0.78,(Sec)
16-10-19, 14:40:11.539, Info, U.DumpProcessUsage, 8, Added Id=1708, Name=dwm, 1.74,(%),2.93,(Sec)
16-10-19, 14:40:11.540, Info, U.DumpProcessUsage, 8, Added Id=6264, Name=SearchFilterHost, 0.15,(%),0.25,(Sec)
16-10-19, 14:40:11.540, Info, U.DumpProcessUsage, 8, Added Id=2104, Name=hasplms, 0.55,(%),0.94,(Sec)
16-10-19, 14:40:11.540, Info, U.DumpProcessUsage, 8, ** Service'HASP License Manager'
16-10-19, 14:40:11.540, Info, U.DumpProcessUsage, 8, Added Id=5060, Name=NIWebServiceContainer, 1.44,(%),2.43,(Sec)
16-10-19, 14:40:11.540, Info, U.DumpProcessUsage, 8, Added Id=5652, Name=dllhost, 0.42,(%),0.7,(Sec)
16-10-19, 14:40:11.540, Info, U.DumpProcessUsage, 8, ** Service'COM+ System Application'
16-10-19, 14:40:11.540, Info, U.DumpProcessUsage, 8, Added Id=2304, Name=hpqtra08, 0.45,(%),0.76,(Sec)
16-10-19, 14:40:11.540, Info, U.DumpProcessUsage, 8, Added Id=336, Name=svchost, 3.49,(%),5.9,(Sec)
16-10-19, 14:40:11.540, Info, U.DumpProcessUsage, 8, ** Service'Windows Audio Endpoint Builder'
16-10-19, 14:40:11.540, Info, U.DumpProcessUsage, 8, ** Service'Network Connections'
16-10-19, 14:40:11.540, Info, U.DumpProcessUsage, 8, ** Service'Program Compatibility Assistant Service'
16-10-19, 14:40:11.540, Info, U.DumpProcessUsage, 8, ** Service'Superfetch'
16-10-19, 14:40:11.540, Info, U.DumpProcessUsage, 8, ** Service'Desktop Window Manager Session Manager'
16-10-19, 14:40:11.540, Info, U.DumpProcessUsage, 8, ** Service'Windows Driver Foundation - User-mode Driver Framework'
16-10-19, 14:40:11.540, Info, U.DumpProcessUsage, 8, Added Id=1716, Name=taskeng, 0.13,(%),0.22,(Sec)
16-10-19, 14:40:11.540, Info, U.DumpProcessUsage, 8, Added Id=536, Name=services, 1.7,(%),2.87,(Sec)
16-10-19, 14:40:11.540, Info, U.DumpProcessUsage, 8, Added Id=3692, Name=dllhost, 0.13,(%),0.22,(Sec)
16-10-19, 14:40:11.540, Info, U.DumpProcessUsage, 8, ** Service'PrlVssProvider'
16-10-19, 14:40:11.540, Info, U.DumpProcessUsage, 8, Added Id=2316, Name=vmware-tray, 0.18,(%),0.3,(Sec)
16-10-19, 14:40:11.540, Info, U.DumpProcessUsage, 8, Added Id=5080, Name=WmiPrvSE, 0.23,(%),0.39,(Sec)
16-10-19, 14:40:11.541, Info, U.DumpProcessUsage, 8, Added Id=3308, Name=coherence, 0.05,(%),0.08,(Sec)
16-10-19, 14:40:11.541, Info, U.DumpProcessUsage, 8, ** Service'Parallels Coherence Service'
16-10-19, 14:40:11.541, Info, U.DumpProcessUsage, 8, Added Id=4688, Name=vmware-hostd, 1.72,(%),2.9,(Sec)
16-10-19, 14:40:11.541, Info, U.DumpProcessUsage, 8, ** Service'VMware Workstation Server'
16-10-19, 14:40:11.541, Info, U.DumpProcessUsage, 8, Added Id=4296, Name=nipxism, 0.89,(%),1.5,(Sec)
16-10-19, 14:40:11.541, Info, U.DumpProcessUsage, 8, ** Service'NI PXI Resource Manager'
16-10-19, 14:40:11.541, Info, U.DumpProcessUsage, 8, Added Id=4692, Name=ApplicationWebServer, 0.98,(%),1.65,(Sec)
16-10-19, 14:40:11.541, Info, U.DumpProcessUsage, 8, ** Service'NI Application Web Server'
16-10-19, 14:40:11.541, Info, U.DumpProcessUsage, 8, Added Id=1936, Name=CorLogServer, 0.32,(%),0.55,(Sec)
16-10-19, 14:40:11.541, Info, U.DumpProcessUsage, 8, ** Service'Sapera Log Server'
16-10-19, 14:40:11.541, Info, U.DumpProcessUsage, 8, Added Id=560, Name=winlogon, 1.05,(%),1.78,(Sec)
16-10-19, 14:40:11.541, Info, U.DumpProcessUsage, 8, Added Id=6104, Name=SearchProtocolHost, 0.11,(%),0.19,(Sec)
16-10-19, 14:40:11.541, Info, U.DumpProcessUsage, 8, Added Id=4896, Name=NIWebServiceContainer, 0.25,(%),0.42,(Sec)
16-10-19, 14:40:11.541, Info, U.DumpProcessUsage, 8, Added Id=2536, Name=lkads, 0.33,(%),0.56,(Sec)
16-10-19, 14:40:11.541, Info, U.DumpProcessUsage, 8, ** Service'NI PSP Service Locator'
16-10-19, 14:40:11.541, Info, U.DumpProcessUsage, 8, Added Id=5900, Name=svchost, 2.75,(%),4.65,(Sec)
16-10-19, 14:40:11.541, Info, U.DumpProcessUsage, 8, ** Service'Windows Defender'
16-10-19, 14:40:11.541, Info, U.DumpProcessUsage, 8, Added Id=568, Name=lsass, 1.07,(%),1.81,(Sec)
16-10-19, 14:40:11.541, Info, U.DumpProcessUsage, 8, ** Service'Security Accounts Manager'
16-10-19, 14:40:11.541, Info, U.DumpProcessUsage, 8, Added Id=5496, Name=msdtc, 0.18,(%),0.31,(Sec)
16-10-19, 14:40:11.542, Info, U.DumpProcessUsage, 8, Added Id=3444, Name=coherence, 0.04,(%),0.06,(Sec)
16-10-19, 14:40:11.542, Info, U.DumpProcessUsage, 8, Added Id=2348, Name=nierserver, 0.27,(%),0.45,(Sec)
16-10-19, 14:40:11.542, Info, U.DumpProcessUsage, 8, Added Id=576, Name=lsm, 0.18,(%),0.3,(Sec)
16-10-19, 14:40:11.542, Info, U.DumpProcessUsage, 8, Added Id=380, Name=svchost, 2.74,(%),4.63,(Sec)
16-10-19, 14:40:11.542, Info, U.DumpProcessUsage, 8, ** Service'Application Experience'
16-10-19, 14:40:11.542, Info, U.DumpProcessUsage, 8, ** Service'Application Information'
16-10-19, 14:40:11.542, Info, U.DumpProcessUsage, 8, ** Service'Computer Browser'
16-10-19, 14:40:11.542, Info, U.DumpProcessUsage, 8, ** Service'IKE and AuthIP IPsec Keying Modules'
16-10-19, 14:40:11.542, Info, U.DumpProcessUsage, 8, ** Service'IP Helper'
16-10-19, 14:40:11.542, Info, U.DumpProcessUsage, 8, ** Service'Server'
16-10-19, 14:40:11.542, Info, U.DumpProcessUsage, 8, ** Service'Multimedia Class Scheduler'
16-10-19, 14:40:11.542, Info, U.DumpProcessUsage, 8, ** Service'Parallels User Profile Service'
16-10-19, 14:40:11.542, Info, U.DumpProcessUsage, 8, ** Service'User Profile Service'
16-10-19, 14:40:11.542, Info, U.DumpProcessUsage, 8, ** Service'System Event Notification Service'
16-10-19, 14:40:11.542, Info, U.DumpProcessUsage, 8, ** Service'Shell Hardware Detection'
16-10-19, 14:40:11.542, Info, U.DumpProcessUsage, 8, ** Service'Themes'
16-10-19, 14:40:11.542, Info, U.DumpProcessUsage, 8, ** Service'Windows Management Instrumentation'
16-10-19, 14:40:11.542, Info, U.DumpProcessUsage, 8, ** Service'Windows Update'
16-10-19, 14:40:11.542, Info, U.DumpProcessUsage, 8, Added Id=776, Name=PCFasterSvc, 0.46,(%),0.78,(Sec)
16-10-19, 14:40:11.542, Info, U.DumpProcessUsage, 8, ** Service'Baidu PC Faster Service 5.1.0.0'
16-10-19, 14:40:11.542, Info, U.DumpProcessUsage, 8, Added Id=1420, Name=svchost, 1.11,(%),1.87,(Sec)
16-10-19, 14:40:11.542, Info, U.DumpProcessUsage, 8, ** Service'Base Filtering Engine'
16-10-19, 14:40:11.543, Info, U.DumpProcessUsage, 8, ** Service'Windows Firewall'
16-10-19, 14:40:11.543, Info, U.DumpProcessUsage, 8, Added Id=1960, Name=cogremind_srv, 0.16,(%),0.27,(Sec)
16-10-19, 14:40:11.543, Info, U.DumpProcessUsage, 8, ** Service'Cognex Reminder Service'
16-10-19, 14:40:11.543, Info, U.DumpProcessUsage, 8, Added Id=7084, Name=conhost, 0.01,(%),0.02,(Sec)
16-10-19, 14:40:11.543, Info, U.DumpProcessUsage, 8, Added Id=2948, Name=nisvcloc, 0.19,(%),0.33,(Sec)
16-10-19, 14:40:11.543, Info, U.DumpProcessUsage, 8, ** Service'NI Service Locator'
16-10-19, 14:40:11.543, Info, U.DumpProcessUsage, 8, Added Id=2360, Name=hpwuschd2, 0.05,(%),0.08,(Sec)
16-10-19, 14:40:11.543, Info, U.DumpProcessUsage, 8, Added Id=2164, Name=svchost, 1.31,(%),2.22,(Sec)
16-10-19, 14:40:11.543, Info, U.DumpProcessUsage, 8, ** Service'hpqcxs08'
16-10-19, 14:40:11.543, Info, U.DumpProcessUsage, 8, ** Service'HP CUE DeviceDiscovery Service'
16-10-19, 14:40:11.543, Info, U.DumpProcessUsage, 8, Total time to dump = 263.14 mS
16-10-19, 14:40:11.544, Info, CompRoot.ApplicationSetup, 8, Application Loading : AppMachine - Ver 1.0 Build 0 (Official)
16-10-19, 14:40:11.544, Info, U.DumpProcessUsage, 8, Dumping Processes at AppSetup2.  Current total CPU Usage=,24.6586%, time since last=,263.9
16-10-19, 14:40:11.549, Info, U.DumpProcessUsage, 8, Time to getProceses = 4.69 mS
16-10-19, 14:40:11.575, Info, U.DumpProcessUsage, 8, Time to extract services = 26.72 mS
16-10-19, 14:40:11.575, Info, U.DumpProcessUsage, 8, Existing Id=3936, Name=AppMachine.vshost, 29.41,(%),0.08,(Sec)
16-10-19, 14:40:11.576, Info, U.DumpProcessUsage, 8, Existing Id=5564, Name=msvsmon, 52.94,(%),0.14,(Sec)
16-10-19, 14:40:11.576, Info, U.DumpProcessUsage, 8, Existing Id=336, Name=svchost, 5.88,(%),0.02,(Sec)
16-10-19, 14:40:11.576, Info, U.DumpProcessUsage, 8, ** Service'Windows Audio Endpoint Builder'
16-10-19, 14:40:11.576, Info, U.DumpProcessUsage, 8, ** Service'Network Connections'
16-10-19, 14:40:11.576, Info, U.DumpProcessUsage, 8, ** Service'Program Compatibility Assistant Service'
16-10-19, 14:40:11.576, Info, U.DumpProcessUsage, 8, ** Service'Superfetch'
16-10-19, 14:40:11.577, Info, U.DumpProcessUsage, 8, ** Service'Desktop Window Manager Session Manager'
16-10-19, 14:40:11.577, Info, U.DumpProcessUsage, 8, ** Service'Windows Driver Foundation - User-mode Driver Framework'
16-10-19, 14:40:11.577, Info, U.DumpProcessUsage, 8, Existing Id=536, Name=services, 5.88,(%),0.02,(Sec)
16-10-19, 14:40:11.577, Info, U.DumpProcessUsage, 8, Existing Id=776, Name=PCFasterSvc, 5.88,(%),0.02,(Sec)
16-10-19, 14:40:11.577, Info, U.DumpProcessUsage, 8, ** Service'Baidu PC Faster Service 5.1.0.0'
16-10-19, 14:40:11.577, Info, U.DumpProcessUsage, 8, Total time to dump = 33.02 mS
16-10-19, 14:40:11.741, Info, CompRoot.ApplicationSetup, 8, StopWatch Resolution=True
16-10-19, 14:40:11.741, Info, CompRoot.ApplicationSetup, 8, StopWatch Frequency=10000000
16-10-19, 14:40:11.741, Info, U.DumpProcessUsage, 8, Dumping Processes at End AppSetup.  Current total CPU Usage=,34.66964%, time since last=,197
16-10-19, 14:40:11.745, Info, U.DumpProcessUsage, 8, Time to getProceses = 4.24 mS
16-10-19, 14:40:11.774, Info, U.DumpProcessUsage, 8, Time to extract services = 29.08 mS
16-10-19, 14:40:11.774, Info, U.DumpProcessUsage, 8, Existing Id=7116, Name=IntelliTrace, 13.33,(%),0.03,(Sec)
16-10-19, 14:40:11.775, Info, U.DumpProcessUsage, 8, Existing Id=3936, Name=AppMachine.vshost, 53.33,(%),0.12,(Sec)
16-10-19, 14:40:11.776, Info, U.DumpProcessUsage, 8, ** Thread Main GUI(7008) = 124.8 mS
16-10-19, 14:40:11.776, Info, U.DumpProcessUsage, 8, Existing Id=5564, Name=msvsmon, 6.67,(%),0.02,(Sec)
16-10-19, 14:40:11.776, Info, U.DumpProcessUsage, 8, Existing Id=6192, Name=devenv, 13.33,(%),0.03,(Sec)
16-10-19, 14:40:11.776, Info, U.DumpProcessUsage, 8, Existing Id=536, Name=services, 13.33,(%),0.03,(Sec)
16-10-19, 14:40:11.776, Info, U.DumpProcessUsage, 8, Total time to dump = 35.06 mS
16-10-19, 14:40:28.556, Info, U.DumpProcessUsage, 10, Dumping Processes at AppSetup1.  Current total CPU Usage=,0%, time since last=,1187.6
16-10-19, 14:40:28.565, Info, U.DumpProcessUsage, 10, Time to getProceses = 10.12 mS
16-10-19, 14:40:28.611, Info, U.DumpProcessUsage, 10, ** Service threw exception: 'DCOM Server Process Launcher'
16-10-19, 14:40:28.629, Info, U.DumpProcessUsage, 10, ** Service threw exception: 'Diagnostic Policy Service'
16-10-19, 14:40:28.646, Info, U.DumpProcessUsage, 10, ** Service threw exception: 'Group Policy Client'
16-10-19, 14:40:28.666, Info, U.DumpProcessUsage, 10, ** Service threw exception: 'Distributed Transaction Coordinator'
16-10-19, 14:40:28.689, Info, U.DumpProcessUsage, 10, ** Service threw exception: 'RPC Endpoint Mapper'
16-10-19, 14:40:28.707, Info, U.DumpProcessUsage, 10, ** Service threw exception: 'Remote Procedure Call (RPC)'
16-10-19, 14:40:28.726, Info, U.DumpProcessUsage, 10, ** Service threw exception: 'Task Scheduler'
16-10-19, 14:40:28.747, Info, U.DumpProcessUsage, 10, ** Service threw exception: 'Diagnostic Service Host'
16-10-19, 14:40:28.766, Info, U.DumpProcessUsage, 10, ** Service threw exception: 'Diagnostic System Host'
16-10-19, 14:40:28.768, Info, U.DumpProcessUsage, 10, Time to extract services = 203.06 mS
16-10-19, 14:40:28.770, Info, U.DumpProcessUsage, 10, Added Id=3548, Name=coherence, 0.26,(%),0.45,(Sec)
16-10-19, 14:40:28.770, Info, U.DumpProcessUsage, 10, Added Id=2748, Name=mysqld, 1.9,(%),3.28,(Sec)
16-10-19, 14:40:28.770, Info, U.DumpProcessUsage, 10, ** Service'MySQL56'
16-10-19, 14:40:28.770, Info, U.DumpProcessUsage, 10, Added Id=4120, Name=lktsrv, 0.27,(%),0.47,(Sec)
16-10-19, 14:40:28.770, Info, U.DumpProcessUsage, 10, ** Service'NI Time Synchronization'
16-10-19, 14:40:28.770, Info, U.DumpProcessUsage, 10, Added Id=996, Name=svchost, 1.04,(%),1.79,(Sec)
16-10-19, 14:40:28.770, Info, U.DumpProcessUsage, 10, ** Service'Windows Audio'
16-10-19, 14:40:28.770, Info, U.DumpProcessUsage, 10, ** Service'DHCP Client'
16-10-19, 14:40:28.770, Info, U.DumpProcessUsage, 10, ** Service'Windows Event Log'
16-10-19, 14:40:28.770, Info, U.DumpProcessUsage, 10, ** Service'TCP/IP NetBIOS Helper'
16-10-19, 14:40:28.770, Info, U.DumpProcessUsage, 10, ** Service'Security Center'
16-10-19, 14:40:28.771, Info, U.DumpProcessUsage, 10, Added Id=4740, Name=NIWebServiceContainer, 0.3,(%),0.51,(Sec)
16-10-19, 14:40:28.771, Info, U.DumpProcessUsage, 10, Added Id=2180, Name=CorGigEStatus, 0.06,(%),0.11,(Sec)
16-10-19, 14:40:28.771, Info, U.DumpProcessUsage, 10, Added Id=6124, Name=WUDFHost, 0.22,(%),0.37,(Sec)
16-10-19, 14:40:28.771, Info, U.DumpProcessUsage, 10, Added Id=2016, Name=cogsls_srv, 0.14,(%),0.25,(Sec)
16-10-19, 14:40:28.771, Info, U.DumpProcessUsage, 10, ** Service'Cognex Software Licensing Service'
16-10-19, 14:40:28.771, Info, U.DumpProcessUsage, 10, Added Id=1596, Name=taskeng, 0.15,(%),0.27,(Sec)
16-10-19, 14:40:28.771, Info, U.DumpProcessUsage, 10, Added Id=416, Name=csrss, 1.16,(%),2.01,(Sec)
16-10-19, 14:40:28.771, Info, U.DumpProcessUsage, 10, Added Id=6812, Name=hpqste08, 0.91,(%),1.58,(Sec)
16-10-19, 14:40:28.771, Info, U.DumpProcessUsage, 10, Added Id=6504, Name=WmiPrvSE, 3.12,(%),5.4,(Sec)
16-10-19, 14:40:28.771, Info, U.DumpProcessUsage, 10, Added Id=1996, Name=DeviceMonitor, 1.3,(%),2.25,(Sec)
16-10-19, 14:40:28.771, Info, U.DumpProcessUsage, 10, Added Id=4668, Name=NIWebServiceContainer, 0.12,(%),0.2,(Sec)
16-10-19, 14:40:28.771, Info, U.DumpProcessUsage, 10, Added Id=4956, Name=WmiPrvSE, 0.79,(%),1.36,(Sec)
16-10-19, 14:40:28.771, Info, U.DumpProcessUsage, 10, Added Id=1608, Name=CorGigEServer, 0.2,(%),0.34,(Sec)
16-10-19, 14:40:28.771, Info, U.DumpProcessUsage, 10, ** Service'Sapera GigE Service'
16-10-19, 14:40:28.771, Info, U.DumpProcessUsage, 10, Added Id=4228, Name=nimdnsResponder, 0.32,(%),0.56,(Sec)
16-10-19, 14:40:28.771, Info, U.DumpProcessUsage, 10, ** Service'NI mDNS Responder Service'
16-10-19, 14:40:28.771, Info, U.DumpProcessUsage, 10, Added Id=4568, Name=vmnetdhcp, 0.2,(%),0.34,(Sec)
16-10-19, 14:40:28.771, Info, U.DumpProcessUsage, 10, ** Service'VMware DHCP Service'
16-10-19, 14:40:28.771, Info, U.DumpProcessUsage, 10, Added Id=4372, Name=SystemWebServer, 0.42,(%),0.72,(Sec)
16-10-19, 14:40:28.771, Info, U.DumpProcessUsage, 10, ** Service'NI System Web Server'
16-10-19, 14:40:28.771, Info, U.DumpProcessUsage, 10, Added Id=2600, Name=MustangSer1249, 0.16,(%),0.28,(Sec)
16-10-19, 14:40:28.771, Info, U.DumpProcessUsage, 10, ** Service'MustangService DispalyName'
16-10-19, 14:40:28.771, Info, U.DumpProcessUsage, 10, Added Id=1580, Name=taskhost, 0.32,(%),0.55,(Sec)
16-10-19, 14:40:28.771, Info, U.DumpProcessUsage, 10, Added Id=436, Name=svchost, 0.69,(%),1.19,(Sec)
16-10-19, 14:40:28.771, Info, U.DumpProcessUsage, 10, ** Service'COM+ Event System'
16-10-19, 14:40:28.771, Info, U.DumpProcessUsage, 10, ** Service'Windows Font Cache Service'
16-10-19, 14:40:28.771, Info, U.DumpProcessUsage, 10, ** Service'Network List Service'
16-10-19, 14:40:28.771, Info, U.DumpProcessUsage, 10, ** Service'Network Store Interface Service'
16-10-19, 14:40:28.771, Info, U.DumpProcessUsage, 10, ** Service'WinHTTP Web Proxy Auto-Discovery Service'
16-10-19, 14:40:28.771, Info, U.DumpProcessUsage, 10, Added Id=3392, Name=prl_tools_service, 0.26,(%),0.45,(Sec)
16-10-19, 14:40:28.771, Info, U.DumpProcessUsage, 10, ** Service'Parallels Tools Service'
16-10-19, 14:40:28.771, Info, U.DumpProcessUsage, 10, Added Id=7136, Name=SearchProtocolHost, 0.14,(%),0.23,(Sec)
16-10-19, 14:40:28.771, Info, U.DumpProcessUsage, 10, Added Id=1228, Name=cogss_srv, 0.12,(%),0.2,(Sec)
16-10-19, 14:40:28.772, Info, U.DumpProcessUsage, 10, ** Service'Cognex Security Service'
16-10-19, 14:40:28.772, Info, U.DumpProcessUsage, 10, Added Id=5084, Name=NIWebServiceContainer, 0.16,(%),0.28,(Sec)
16-10-19, 14:40:28.772, Info, U.DumpProcessUsage, 10, Added Id=2220, Name=tagsrv, 0.52,(%),0.9,(Sec)
16-10-19, 14:40:28.772, Info, U.DumpProcessUsage, 10, ** Service'NI Variable Engine'
16-10-19, 14:40:28.772, Info, U.DumpProcessUsage, 10, Added Id=6032, Name=IntelliTrace, 0.5,(%),0.86,(Sec)
16-10-19, 14:40:28.772, Info, U.DumpProcessUsage, 10, Added Id=5724, Name=DiscSoftBusService, 0.2,(%),0.34,(Sec)
16-10-19, 14:40:28.772, Info, U.DumpProcessUsage, 10, ** Service'Disc Soft Lite Bus Service'
16-10-19, 14:40:28.772, Info, U.DumpProcessUsage, 10, Added Id=1240, Name=svchost, 0.51,(%),0.89,(Sec)
16-10-19, 14:40:28.772, Info, U.DumpProcessUsage, 10, ** Service'Cryptographic Services'
16-10-19, 14:40:28.772, Info, U.DumpProcessUsage, 10, ** Service'DNS Client'
16-10-19, 14:40:28.772, Info, U.DumpProcessUsage, 10, ** Service'Workstation'
16-10-19, 14:40:28.772, Info, U.DumpProcessUsage, 10, ** Service'Network Location Awareness'
16-10-19, 14:40:28.772, Info, U.DumpProcessUsage, 10, Added Id=2424, Name=TSVNCache, 0.23,(%),0.41,(Sec)
16-10-19, 14:40:28.772, Info, U.DumpProcessUsage, 10, Added Id=3940, Name=svchost, 0.2,(%),0.34,(Sec)
16-10-19, 14:40:28.772, Info, U.DumpProcessUsage, 10, ** Service'Windows Image Acquisition (WIA)'
16-10-19, 14:40:28.772, Info, U.DumpProcessUsage, 10, Added Id=2820, Name=svchost, 0.14,(%),0.23,(Sec)
16-10-19, 14:40:28.772, Info, U.DumpProcessUsage, 10, ** Service'Net Driver HPZ12'
16-10-19, 14:40:28.772, Info, U.DumpProcessUsage, 10, Added Id=3412, Name=lkcitdl, 0.18,(%),0.31,(Sec)
16-10-19, 14:40:28.772, Info, U.DumpProcessUsage, 10, ** Service'NI Citadel 4 Service'
16-10-19, 14:40:28.772, Info, U.DumpProcessUsage, 10, Added Id=3020, Name=prl_cc, 7.87,(%),13.6,(Sec)
16-10-19, 14:40:28.772, Info, U.DumpProcessUsage, 10, Added Id=2236, Name=IpOverUsbSvc, 0.28,(%),0.48,(Sec)
16-10-19, 14:40:28.772, Info, U.DumpProcessUsage, 10, ** Service'Windows Phone IP over USB Transport (IpOverUsbSvc)'
16-10-19, 14:40:28.773, Info, U.DumpProcessUsage, 10, Added Id=3616, Name=prl_tools, 0.3,(%),0.51,(Sec)
16-10-19, 14:40:28.773, Info, U.DumpProcessUsage, 10, Added Id=5380, Name=NIWebServiceContainer, 0.23,(%),0.41,(Sec)
16-10-19, 14:40:28.773, Info, U.DumpProcessUsage, 10, Added Id=860, Name=svchost, 0.54,(%),0.94,(Sec)
16-10-19, 14:40:28.773, Info, U.DumpProcessUsage, 10, Added Id=1392, Name=spoolsv, 1.14,(%),1.97,(Sec)
16-10-19, 14:40:28.773, Info, U.DumpProcessUsage, 10, ** Service'Print Spooler'
16-10-19, 14:40:28.773, Info, U.DumpProcessUsage, 10, Added Id=1652, Name=AppleMobileDeviceService, 0.26,(%),0.45,(Sec)
16-10-19, 14:40:28.773, Info, U.DumpProcessUsage, 10, ** Service'Apple Mobile Device Service'
16-10-19, 14:40:28.773, Info, U.DumpProcessUsage, 10, Added Id=6972, Name=Microsoft.Alm.Shared.Remoting.RemoteContainer.dll, 2.31,(%),3.99,(Sec)
16-10-19, 14:40:28.773, Info, U.DumpProcessUsage, 10, Added Id=6888, Name=hpqbam08, 0.14,(%),0.23,(Sec)
16-10-19, 14:40:28.773, Info, U.DumpProcessUsage, 10, Added Id=6932, Name=hpqgpc01, 0.23,(%),0.41,(Sec)
16-10-19, 14:40:28.773, Info, U.DumpProcessUsage, 10, Added Id=6204, Name=WmiApSrv, 0.08,(%),0.14,(Sec)
16-10-19, 14:40:28.773, Info, U.DumpProcessUsage, 10, ** Service'WMI Performance Adapter'
16-10-19, 14:40:28.773, Info, U.DumpProcessUsage, 10, Added Id=2840, Name=niauth_daemon, 0.37,(%),0.64,(Sec)
16-10-19, 14:40:28.773, Info, U.DumpProcessUsage, 10, ** Service'NI Authentication Service'
16-10-19, 14:40:28.773, Info, U.DumpProcessUsage, 10, Added Id=872, Name=PCFasterSvc, 3.08,(%),5.32,(Sec)
16-10-19, 14:40:28.773, Info, U.DumpProcessUsage, 10, Added Id=6192, Name=devenv, 16.59,(%),28.67,(Sec)
16-10-19, 14:40:28.773, Info, U.DumpProcessUsage, 10, Added Id=3632, Name=svchost, 0.15,(%),0.27,(Sec)
16-10-19, 14:40:28.773, Info, U.DumpProcessUsage, 10, ** Service'Pml Driver HPZ12'
16-10-19, 14:40:28.773, Info, U.DumpProcessUsage, 10, Added Id=2648, Name=nimxs, 1.36,(%),2.36,(Sec)
16-10-19, 14:40:28.773, Info, U.DumpProcessUsage, 10, ** Service'NI Configuration Manager'
16-10-19, 14:40:28.773, Info, U.DumpProcessUsage, 10, Added Id=1468, Name=nidmsrv, 0.36,(%),0.62,(Sec)
16-10-19, 14:40:28.773, Info, U.DumpProcessUsage, 10, ** Service'NI Domain Service'
16-10-19, 14:40:28.774, Info, U.DumpProcessUsage, 10, Added Id=464, Name=wininit, 0.63,(%),1.09,(Sec)
16-10-19, 14:40:28.774, Info, U.DumpProcessUsage, 10, Added Id=4624, Name=vmware-usbarbitrator64, 0.15,(%),0.27,(Sec)
16-10-19, 14:40:28.774, Info, U.DumpProcessUsage, 10, ** Service'VMware USB Arbitration Service'
16-10-19, 14:40:28.774, Info, U.DumpProcessUsage, 10, Added Id=488, Name=csrss, 1.99,(%),3.45,(Sec)
16-10-19, 14:40:28.774, Info, U.DumpProcessUsage, 10, Added Id=1080, Name=audiodg, 0.46,(%),0.8,(Sec)
16-10-19, 14:40:28.774, Info, U.DumpProcessUsage, 10, Added Id=4036, Name=vmnat, 0.16,(%),0.28,(Sec)
16-10-19, 14:40:28.774, Info, U.DumpProcessUsage, 10, ** Service'VMware NAT Service'
16-10-19, 14:40:28.774, Info, U.DumpProcessUsage, 10, Added Id=5416, Name=SearchIndexer, 0.69,(%),1.19,(Sec)
16-10-19, 14:40:28.774, Info, U.DumpProcessUsage, 10, ** Service'Windows Search'
16-10-19, 14:40:28.774, Info, U.DumpProcessUsage, 10, Added Id=1872, Name=mDNSResponder, 0.27,(%),0.47,(Sec)
16-10-19, 14:40:28.774, Info, U.DumpProcessUsage, 10, ** Service'Bonjour Service'
16-10-19, 14:40:28.774, Info, U.DumpProcessUsage, 10, Added Id=4804, Name=niLxiDiscovery, 0.31,(%),0.53,(Sec)
16-10-19, 14:40:28.774, Info, U.DumpProcessUsage, 10, ** Service'NI LXI Discovery Service'
16-10-19, 14:40:28.774, Info, U.DumpProcessUsage, 10, Added Id=696, Name=svchost, 4.02,(%),6.96,(Sec)
16-10-19, 14:40:28.774, Info, U.DumpProcessUsage, 10, ** Service'Plug and Play'
16-10-19, 14:40:28.774, Info, U.DumpProcessUsage, 10, ** Service'Power'
16-10-19, 14:40:28.774, Info, U.DumpProcessUsage, 10, Added Id=4052, Name=FasterNow, 2.5,(%),4.32,(Sec)
16-10-19, 14:40:28.774, Info, U.DumpProcessUsage, 10, Added Id=5432, Name=msvsmon, 0.51,(%),0.89,(Sec)
16-10-19, 14:40:28.774, Info, U.DumpProcessUsage, 10, Added Id=2872, Name=nidevldu, 0.3,(%),0.51,(Sec)
16-10-19, 14:40:28.774, Info, U.DumpProcessUsage, 10, ** Service'NI Device Loader'
16-10-19, 14:40:28.774, Info, U.DumpProcessUsage, 10, Added Id=1100, Name=svchost, 0.13,(%),0.22,(Sec)
16-10-19, 14:40:28.774, Info, U.DumpProcessUsage, 10, Added Id=5044, Name=niDiscSvc, 0.14,(%),0.25,(Sec)
16-10-19, 14:40:28.774, Info, U.DumpProcessUsage, 10, ** Service'NI Network Discovery'
16-10-19, 14:40:28.774, Info, U.DumpProcessUsage, 10, Added Id=1304, Name=CorDHCPServer, 0.21,(%),0.36,(Sec)
16-10-19, 14:40:28.774, Info, U.DumpProcessUsage, 10, ** Service'Sapera DHCP Server'
16-10-19, 14:40:28.774, Info, U.DumpProcessUsage, 10, Added Id=320, Name=smss, 0.94,(%),1.62,(Sec)
16-10-19, 14:40:28.774, Info, U.DumpProcessUsage, 10, Added Id=1748, Name=explorer, 5.02,(%),8.67,(Sec)
16-10-19, 14:40:28.774, Info, U.DumpProcessUsage, 10, Added Id=5576, Name=sppsvc, 0.56,(%),0.97,(Sec)
16-10-19, 14:40:28.774, Info, U.DumpProcessUsage, 10, ** Service'Software Protection'
16-10-19, 14:40:28.774, Info, U.DumpProcessUsage, 10, Added Id=4464, Name=vmware-authd, 0.5,(%),0.86,(Sec)
16-10-19, 14:40:28.774, Info, U.DumpProcessUsage, 10, ** Service'VMware Authorization Service'
16-10-19, 14:40:28.774, Info, U.DumpProcessUsage, 10, Added Id=3480, Name=PCFTray, 0.45,(%),0.78,(Sec)
16-10-19, 14:40:28.774, Info, U.DumpProcessUsage, 10, Added Id=1708, Name=dwm, 1.75,(%),3.03,(Sec)
16-10-19, 14:40:28.774, Info, U.DumpProcessUsage, 10, Added Id=6264, Name=SearchFilterHost, 0.14,(%),0.25,(Sec)
16-10-19, 14:40:28.774, Info, U.DumpProcessUsage, 10, Added Id=2104, Name=hasplms, 0.54,(%),0.94,(Sec)
16-10-19, 14:40:28.775, Info, U.DumpProcessUsage, 10, ** Service'HASP License Manager'
16-10-19, 14:40:28.775, Info, U.DumpProcessUsage, 10, Added Id=5060, Name=NIWebServiceContainer, 1.41,(%),2.43,(Sec)
16-10-19, 14:40:28.775, Info, U.DumpProcessUsage, 10, Added Id=5652, Name=dllhost, 0.41,(%),0.7,(Sec)
16-10-19, 14:40:28.775, Info, U.DumpProcessUsage, 10, ** Service'COM+ System Application'
16-10-19, 14:40:28.775, Info, U.DumpProcessUsage, 10, Added Id=2304, Name=hpqtra08, 0.44,(%),0.76,(Sec)
16-10-19, 14:40:28.775, Info, U.DumpProcessUsage, 10, Added Id=336, Name=svchost, 3.55,(%),6.13,(Sec)
16-10-19, 14:40:28.775, Info, U.DumpProcessUsage, 10, ** Service'Windows Audio Endpoint Builder'
16-10-19, 14:40:28.775, Info, U.DumpProcessUsage, 10, ** Service'Network Connections'
16-10-19, 14:40:28.775, Info, U.DumpProcessUsage, 10, ** Service'Program Compatibility Assistant Service'
16-10-19, 14:40:28.775, Info, U.DumpProcessUsage, 10, ** Service'Superfetch'
16-10-19, 14:40:28.775, Info, U.DumpProcessUsage, 10, ** Service'Desktop Window Manager Session Manager'
16-10-19, 14:40:28.775, Info, U.DumpProcessUsage, 10, ** Service'Windows Driver Foundation - User-mode Driver Framework'
16-10-19, 14:40:28.775, Info, U.DumpProcessUsage, 10, Added Id=1716, Name=taskeng, 0.13,(%),0.22,(Sec)
16-10-19, 14:40:28.775, Info, U.DumpProcessUsage, 10, Added Id=536, Name=services, 1.77,(%),3.06,(Sec)
16-10-19, 14:40:28.775, Info, U.DumpProcessUsage, 10, Added Id=3692, Name=dllhost, 0.13,(%),0.22,(Sec)
16-10-19, 14:40:28.775, Info, U.DumpProcessUsage, 10, ** Service'PrlVssProvider'
16-10-19, 14:40:28.775, Info, U.DumpProcessUsage, 10, Added Id=4088, Name=AppMachine.vshost, 0.83,(%),1.44,(Sec)
16-10-19, 14:40:28.776, Info, U.DumpProcessUsage, 10, ** Thread Main GUI(7088) = 733.2 mS
16-10-19, 14:40:28.776, Info, U.DumpProcessUsage, 10, Added Id=2316, Name=vmware-tray, 0.17,(%),0.3,(Sec)
16-10-19, 14:40:28.777, Info, U.DumpProcessUsage, 10, Added Id=2584, Name=conhost, 0.14,(%),0.25,(Sec)
16-10-19, 14:40:28.777, Info, U.DumpProcessUsage, 10, Added Id=5080, Name=WmiPrvSE, 0.23,(%),0.39,(Sec)
16-10-19, 14:40:28.777, Info, U.DumpProcessUsage, 10, Added Id=3308, Name=coherence, 0.05,(%),0.08,(Sec)
16-10-19, 14:40:28.777, Info, U.DumpProcessUsage, 10, ** Service'Parallels Coherence Service'
16-10-19, 14:40:28.777, Info, U.DumpProcessUsage, 10, Added Id=4688, Name=vmware-hostd, 1.68,(%),2.9,(Sec)
16-10-19, 14:40:28.777, Info, U.DumpProcessUsage, 10, ** Service'VMware Workstation Server'
16-10-19, 14:40:28.777, Info, U.DumpProcessUsage, 10, Added Id=4296, Name=nipxism, 0.87,(%),1.5,(Sec)
16-10-19, 14:40:28.777, Info, U.DumpProcessUsage, 10, ** Service'NI PXI Resource Manager'
16-10-19, 14:40:28.777, Info, U.DumpProcessUsage, 10, Added Id=4692, Name=ApplicationWebServer, 0.96,(%),1.65,(Sec)
16-10-19, 14:40:28.777, Info, U.DumpProcessUsage, 10, ** Service'NI Application Web Server'
16-10-19, 14:40:28.777, Info, U.DumpProcessUsage, 10, Added Id=1936, Name=CorLogServer, 0.32,(%),0.55,(Sec)
16-10-19, 14:40:28.777, Info, U.DumpProcessUsage, 10, ** Service'Sapera Log Server'
16-10-19, 14:40:28.777, Info, U.DumpProcessUsage, 10, Added Id=560, Name=winlogon, 1.03,(%),1.78,(Sec)
16-10-19, 14:40:28.777, Info, U.DumpProcessUsage, 10, Added Id=6104, Name=SearchProtocolHost, 0.11,(%),0.19,(Sec)
16-10-19, 14:40:28.777, Info, U.DumpProcessUsage, 10, Added Id=4896, Name=NIWebServiceContainer, 0.24,(%),0.42,(Sec)
16-10-19, 14:40:28.777, Info, U.DumpProcessUsage, 10, Added Id=2536, Name=lkads, 0.32,(%),0.56,(Sec)
16-10-19, 14:40:28.777, Info, U.DumpProcessUsage, 10, ** Service'NI PSP Service Locator'
16-10-19, 14:40:28.777, Info, U.DumpProcessUsage, 10, Added Id=5900, Name=svchost, 2.76,(%),4.77,(Sec)
16-10-19, 14:40:28.777, Info, U.DumpProcessUsage, 10, ** Service'Windows Defender'
16-10-19, 14:40:28.777, Info, U.DumpProcessUsage, 10, Added Id=568, Name=lsass, 1.06,(%),1.83,(Sec)
16-10-19, 14:40:28.778, Info, U.DumpProcessUsage, 10, ** Service'Security Accounts Manager'
16-10-19, 14:40:28.778, Info, U.DumpProcessUsage, 10, Added Id=5496, Name=msdtc, 0.18,(%),0.31,(Sec)
16-10-19, 14:40:28.778, Info, U.DumpProcessUsage, 10, Added Id=3444, Name=coherence, 0.04,(%),0.06,(Sec)
16-10-19, 14:40:28.778, Info, U.DumpProcessUsage, 10, Added Id=2348, Name=nierserver, 0.26,(%),0.45,(Sec)
16-10-19, 14:40:28.778, Info, U.DumpProcessUsage, 10, Added Id=576, Name=lsm, 0.17,(%),0.3,(Sec)
16-10-19, 14:40:28.778, Info, U.DumpProcessUsage, 10, Added Id=380, Name=svchost, 2.68,(%),4.63,(Sec)
16-10-19, 14:40:28.778, Info, U.DumpProcessUsage, 10, ** Service'Application Experience'
16-10-19, 14:40:28.778, Info, U.DumpProcessUsage, 10, ** Service'Application Information'
16-10-19, 14:40:28.778, Info, U.DumpProcessUsage, 10, ** Service'Computer Browser'
16-10-19, 14:40:28.778, Info, U.DumpProcessUsage, 10, ** Service'IKE and AuthIP IPsec Keying Modules'
16-10-19, 14:40:28.778, Info, U.DumpProcessUsage, 10, ** Service'IP Helper'
16-10-19, 14:40:28.778, Info, U.DumpProcessUsage, 10, ** Service'Server'
16-10-19, 14:40:28.778, Info, U.DumpProcessUsage, 10, ** Service'Multimedia Class Scheduler'
16-10-19, 14:40:28.778, Info, U.DumpProcessUsage, 10, ** Service'Parallels User Profile Service'
16-10-19, 14:40:28.778, Info, U.DumpProcessUsage, 10, ** Service'User Profile Service'
16-10-19, 14:40:28.778, Info, U.DumpProcessUsage, 10, ** Service'System Event Notification Service'
16-10-19, 14:40:28.778, Info, U.DumpProcessUsage, 10, ** Service'Shell Hardware Detection'
16-10-19, 14:40:28.778, Info, U.DumpProcessUsage, 10, ** Service'Themes'
16-10-19, 14:40:28.778, Info, U.DumpProcessUsage, 10, ** Service'Windows Management Instrumentation'
16-10-19, 14:40:28.778, Info, U.DumpProcessUsage, 10, ** Service'Windows Update'
16-10-19, 14:40:28.778, Info, U.DumpProcessUsage, 10, Added Id=776, Name=PCFasterSvc, 0.46,(%),0.8,(Sec)
16-10-19, 14:40:28.779, Info, U.DumpProcessUsage, 10, ** Service'Baidu PC Faster Service 5.1.0.0'
16-10-19, 14:40:28.779, Info, U.DumpProcessUsage, 10, Added Id=1420, Name=svchost, 1.08,(%),1.87,(Sec)
16-10-19, 14:40:28.779, Info, U.DumpProcessUsage, 10, ** Service'Base Filtering Engine'
16-10-19, 14:40:28.779, Info, U.DumpProcessUsage, 10, ** Service'Windows Firewall'
16-10-19, 14:40:28.779, Info, U.DumpProcessUsage, 10, Added Id=1960, Name=cogremind_srv, 0.15,(%),0.27,(Sec)
16-10-19, 14:40:28.779, Info, U.DumpProcessUsage, 10, ** Service'Cognex Reminder Service'
16-10-19, 14:40:28.779, Info, U.DumpProcessUsage, 10, Added Id=2948, Name=nisvcloc, 0.19,(%),0.33,(Sec)
16-10-19, 14:40:28.779, Info, U.DumpProcessUsage, 10, ** Service'NI Service Locator'
16-10-19, 14:40:28.779, Info, U.DumpProcessUsage, 10, Added Id=2360, Name=hpwuschd2, 0.05,(%),0.08,(Sec)
16-10-19, 14:40:28.779, Info, U.DumpProcessUsage, 10, Added Id=2164, Name=svchost, 1.28,(%),2.22,(Sec)
16-10-19, 14:40:28.779, Info, U.DumpProcessUsage, 10, ** Service'hpqcxs08'
16-10-19, 14:40:28.779, Info, U.DumpProcessUsage, 10, ** Service'HP CUE DeviceDiscovery Service'
16-10-19, 14:40:28.779, Info, U.DumpProcessUsage, 10, Total time to dump = 224.62 mS
16-10-19, 14:40:28.779, Info, CompRoot.ApplicationSetup, 10, Application Loading : AppMachine - Ver 1.0 Build 0 (Official)
16-10-19, 14:40:28.780, Info, U.DumpProcessUsage, 10, Dumping Processes at AppSetup2.  Current total CPU Usage=,28.93289%, time since last=,224.8
16-10-19, 14:40:28.783, Info, U.DumpProcessUsage, 10, Time to getProceses = 3.96 mS
16-10-19, 14:40:28.801, Info, U.DumpProcessUsage, 10, Time to extract services = 17.87 mS
16-10-19, 14:40:28.801, Info, U.DumpProcessUsage, 10, Existing Id=6192, Name=devenv, 12.5,(%),0.03,(Sec)
16-10-19, 14:40:28.801, Info, U.DumpProcessUsage, 10, Existing Id=5432, Name=msvsmon, 56.25,(%),0.14,(Sec)
16-10-19, 14:40:28.802, Info, U.DumpProcessUsage, 10, Existing Id=4088, Name=AppMachine.vshost, 31.25,(%),0.08,(Sec)
16-10-19, 14:40:28.803, Info, U.DumpProcessUsage, 10, ** Thread Main GUI(7088) = 31.2 mS
16-10-19, 14:40:28.803, Info, U.DumpProcessUsage, 10, Total time to dump = 23.39 mS
16-10-19, 14:40:28.930, Info, CompRoot.ApplicationSetup, 10, StopWatch Resolution=True
16-10-19, 14:40:28.930, Info, CompRoot.ApplicationSetup, 10, StopWatch Frequency=10000000
16-10-19, 14:40:28.931, Info, U.DumpProcessUsage, 10, Dumping Processes at End AppSetup.  Current total CPU Usage=,37.5996%, time since last=,150.4
16-10-19, 14:40:28.936, Info, U.DumpProcessUsage, 10, Time to getProceses = 5.78 mS
16-10-19, 14:40:28.954, Info, U.DumpProcessUsage, 10, Time to extract services = 18.76 mS
16-10-19, 14:40:28.955, Info, U.DumpProcessUsage, 10, Existing Id=6032, Name=IntelliTrace, 20,(%),0.05,(Sec)
16-10-19, 14:40:28.955, Info, U.DumpProcessUsage, 10, Existing Id=6192, Name=devenv, 6.67,(%),0.02,(Sec)
16-10-19, 14:40:28.955, Info, U.DumpProcessUsage, 10, Existing Id=4052, Name=FasterNow, 6.67,(%),0.02,(Sec)
16-10-19, 14:40:28.955, Info, U.DumpProcessUsage, 10, Existing Id=5432, Name=msvsmon, 13.33,(%),0.03,(Sec)
16-10-19, 14:40:28.955, Info, U.DumpProcessUsage, 10, Existing Id=4088, Name=AppMachine.vshost, 53.33,(%),0.12,(Sec)
16-10-19, 14:40:28.957, Info, U.DumpProcessUsage, 10, ** Thread Main GUI(7088) = 109.2 mS
16-10-19, 14:40:28.957, Info, U.DumpProcessUsage, 10, Total time to dump = 27.32 mS
