24-12-19, 10:42:22.905, Info, U.DumpProcessUsage, 10, Dumping Processes at AppSetup1.  Current total CPU Usage=,17.89421%, time since last=,1219.6
24-12-19, 10:42:22.914, Info, U.DumpProcessUsage, 10, Time to getProceses = 12.05 mS
24-12-19, 10:42:22.964, Info, U.DumpProcessUsage, 10, ** Service threw exception: 'DCOM Server Process Launcher'
24-12-19, 10:42:22.979, Info, U.DumpProcessUsage, 10, ** Service threw exception: 'Diagnostic Policy Service'
24-12-19, 10:42:22.994, Info, U.DumpProcessUsage, 10, ** Service threw exception: 'Group Policy Client'
24-12-19, 10:42:23.011, Info, U.DumpProcessUsage, 10, ** Service threw exception: 'Distributed Transaction Coordinator'
24-12-19, 10:42:23.030, Info, U.DumpProcessUsage, 10, ** Service threw exception: 'RPC Endpoint Mapper'
24-12-19, 10:42:23.044, Info, U.DumpProcessUsage, 10, ** Service threw exception: 'Remote Procedure Call (RPC)'
24-12-19, 10:42:23.059, Info, U.DumpProcessUsage, 10, ** Service threw exception: 'Task Scheduler'
24-12-19, 10:42:23.077, Info, U.DumpProcessUsage, 10, ** Service threw exception: 'Diagnostic Service Host'
24-12-19, 10:42:23.092, Info, U.DumpProcessUsage, 10, ** Service threw exception: 'Diagnostic System Host'
24-12-19, 10:42:23.093, Info, U.DumpProcessUsage, 10, Time to extract services = 180.16 mS
24-12-19, 10:42:23.096, Info, U.DumpProcessUsage, 10, Added Id=4336, Name=lktsrv, 0.29,(%),0.34,(Sec)
24-12-19, 10:42:23.096, Info, U.DumpProcessUsage, 10, ** Service'NI Time Synchronization'
24-12-19, 10:42:23.096, Info, U.DumpProcessUsage, 10, Added Id=7360, Name=AppMachine.vshost, 0.81,(%),0.97,(Sec)
24-12-19, 10:42:23.098, Info, U.DumpProcessUsage, 10, ** Thread Main GUI(7764) = 468 mS
24-12-19, 10:42:23.098, Info, U.DumpProcessUsage, 10, Added Id=2960, Name=MustangSer1249, 0.22,(%),0.27,(Sec)
24-12-19, 10:42:23.098, Info, U.DumpProcessUsage, 10, ** Service'MustangService DispalyName'
24-12-19, 10:42:23.098, Info, U.DumpProcessUsage, 10, Added Id=7864, Name=conhost, 0.3,(%),0.36,(Sec)
24-12-19, 10:42:23.098, Info, U.DumpProcessUsage, 10, Added Id=1780, Name=explorer, 4.86,(%),5.82,(Sec)
24-12-19, 10:42:23.098, Info, U.DumpProcessUsage, 10, Added Id=5524, Name=NIWebServiceContainer, 0.22,(%),0.27,(Sec)
24-12-19, 10:42:23.098, Info, U.DumpProcessUsage, 10, Added Id=3752, Name=nisvcloc, 0.23,(%),0.28,(Sec)
24-12-19, 10:42:23.098, Info, U.DumpProcessUsage, 10, ** Service'NI Service Locator'
24-12-19, 10:42:23.098, Info, U.DumpProcessUsage, 10, Added Id=788, Name=PCFasterSvc, 0.49,(%),0.59,(Sec)
24-12-19, 10:42:23.098, Info, U.DumpProcessUsage, 10, ** Service'Baidu PC Faster Service 5.1.0.0'
24-12-19, 10:42:23.098, Info, U.DumpProcessUsage, 10, Added Id=4744, Name=vmware-hostd, 1.65,(%),1.98,(Sec)
24-12-19, 10:42:23.098, Info, U.DumpProcessUsage, 10, ** Service'VMware Workstation Server'
24-12-19, 10:42:23.098, Info, U.DumpProcessUsage, 10, Added Id=3684, Name=nidmsrv, 0.18,(%),0.22,(Sec)
24-12-19, 10:42:23.098, Info, U.DumpProcessUsage, 10, ** Service'NI Domain Service'
24-12-19, 10:42:23.098, Info, U.DumpProcessUsage, 10, Added Id=5340, Name=WmiPrvSE, 0.22,(%),0.27,(Sec)
24-12-19, 10:42:23.098, Info, U.DumpProcessUsage, 10, Added Id=2780, Name=coherence, 0.1,(%),0.12,(Sec)
24-12-19, 10:42:23.098, Info, U.DumpProcessUsage, 10, Added Id=6140, Name=svchost, 0.09,(%),0.11,(Sec)
24-12-19, 10:42:23.098, Info, U.DumpProcessUsage, 10, ** Service'SSDP Discovery'
24-12-19, 10:42:23.098, Info, U.DumpProcessUsage, 10, ** Service'Windows Connect Now - Config Registrar'
24-12-19, 10:42:23.098, Info, U.DumpProcessUsage, 10, Added Id=2784, Name=lkads, 0.39,(%),0.47,(Sec)
24-12-19, 10:42:23.098, Info, U.DumpProcessUsage, 10, ** Service'NI PSP Service Locator'
24-12-19, 10:42:23.098, Info, U.DumpProcessUsage, 10, Added Id=1408, Name=spoolsv, 0.86,(%),1.03,(Sec)
24-12-19, 10:42:23.098, Info, U.DumpProcessUsage, 10, ** Service'Print Spooler'
24-12-19, 10:42:23.098, Info, U.DumpProcessUsage, 10, Added Id=7516, Name=IntelliTrace, 0.44,(%),0.53,(Sec)
24-12-19, 10:42:23.098, Info, U.DumpProcessUsage, 10, Added Id=7416, Name=msvsmon, 0.6,(%),0.72,(Sec)
24-12-19, 10:42:23.098, Info, U.DumpProcessUsage, 10, Added Id=7912, Name=MSBuild, 1.09,(%),1.31,(Sec)
24-12-19, 10:42:23.098, Info, U.DumpProcessUsage, 10, Added Id=2200, Name=TSVNCache, 0.26,(%),0.31,(Sec)
24-12-19, 10:42:23.098, Info, U.DumpProcessUsage, 10, Added Id=7524, Name=conhost, 0.05,(%),0.06,(Sec)
24-12-19, 10:42:23.098, Info, U.DumpProcessUsage, 10, Added Id=236, Name=nimxs, 1.18,(%),1.42,(Sec)
24-12-19, 10:42:23.098, Info, U.DumpProcessUsage, 10, ** Service'NI Configuration Manager'
24-12-19, 10:42:23.098, Info, U.DumpProcessUsage, 10, Added Id=1616, Name=cogss_srv, 0.2,(%),0.23,(Sec)
24-12-19, 10:42:23.098, Info, U.DumpProcessUsage, 10, ** Service'Cognex Security Service'
24-12-19, 10:42:23.098, Info, U.DumpProcessUsage, 10, Added Id=2012, Name=mDNSResponder, 0.25,(%),0.3,(Sec)
24-12-19, 10:42:23.098, Info, U.DumpProcessUsage, 10, ** Service'Bonjour Service'
24-12-19, 10:42:23.098, Info, U.DumpProcessUsage, 10, Added Id=1816, Name=AppleMobileDeviceService, 0.27,(%),0.33,(Sec)
24-12-19, 10:42:23.098, Info, U.DumpProcessUsage, 10, ** Service'Apple Mobile Device Service'
24-12-19, 10:42:23.098, Info, U.DumpProcessUsage, 10, Added Id=1620, Name=taskeng, 0.14,(%),0.17,(Sec)
24-12-19, 10:42:23.098, Info, U.DumpProcessUsage, 10, Added Id=8048, Name=conhost, 0.1,(%),0.12,(Sec)
24-12-19, 10:42:23.098, Info, U.DumpProcessUsage, 10, Added Id=6308, Name=msdtc, 0.2,(%),0.23,(Sec)
24-12-19, 10:42:23.098, Info, U.DumpProcessUsage, 10, Added Id=4280, Name=lkcitdl, 0.17,(%),0.2,(Sec)
24-12-19, 10:42:23.098, Info, U.DumpProcessUsage, 10, ** Service'NI Citadel 4 Service'
24-12-19, 10:42:23.098, Info, U.DumpProcessUsage, 10, Added Id=4580, Name=SystemWebServer, 0.6,(%),0.72,(Sec)
24-12-19, 10:42:23.098, Info, U.DumpProcessUsage, 10, ** Service'NI System Web Server'
24-12-19, 10:42:23.098, Info, U.DumpProcessUsage, 10, Added Id=7144, Name=hpqbam08, 0.16,(%),0.19,(Sec)
24-12-19, 10:42:23.098, Info, U.DumpProcessUsage, 10, Added Id=4772, Name=vmnetdhcp, 0.27,(%),0.33,(Sec)
24-12-19, 10:42:23.098, Info, U.DumpProcessUsage, 10, ** Service'VMware DHCP Service'
24-12-19, 10:42:23.098, Info, U.DumpProcessUsage, 10, Added Id=648, Name=svchost, 2.28,(%),2.73,(Sec)
24-12-19, 10:42:23.099, Info, U.DumpProcessUsage, 10, ** Service'Application Experience'
24-12-19, 10:42:23.099, Info, U.DumpProcessUsage, 10, ** Service'Application Information'
24-12-19, 10:42:23.099, Info, U.DumpProcessUsage, 10, ** Service'Background Intelligent Transfer Service'
24-12-19, 10:42:23.099, Info, U.DumpProcessUsage, 10, ** Service'Computer Browser'
24-12-19, 10:42:23.099, Info, U.DumpProcessUsage, 10, ** Service'IKE and AuthIP IPsec Keying Modules'
24-12-19, 10:42:23.099, Info, U.DumpProcessUsage, 10, ** Service'IP Helper'
24-12-19, 10:42:23.099, Info, U.DumpProcessUsage, 10, ** Service'Server'
24-12-19, 10:42:23.099, Info, U.DumpProcessUsage, 10, ** Service'Multimedia Class Scheduler'
24-12-19, 10:42:23.099, Info, U.DumpProcessUsage, 10, ** Service'Parallels User Profile Service'
24-12-19, 10:42:23.099, Info, U.DumpProcessUsage, 10, ** Service'User Profile Service'
24-12-19, 10:42:23.099, Info, U.DumpProcessUsage, 10, ** Service'System Event Notification Service'
24-12-19, 10:42:23.099, Info, U.DumpProcessUsage, 10, ** Service'Shell Hardware Detection'
24-12-19, 10:42:23.099, Info, U.DumpProcessUsage, 10, ** Service'Themes'
24-12-19, 10:42:23.099, Info, U.DumpProcessUsage, 10, ** Service'Windows Management Instrumentation'
24-12-19, 10:42:23.099, Info, U.DumpProcessUsage, 10, Added Id=3604, Name=dllhost, 0.21,(%),0.25,(Sec)
24-12-19, 10:42:23.099, Info, U.DumpProcessUsage, 10, ** Service'PrlVssProvider'
24-12-19, 10:42:23.099, Info, U.DumpProcessUsage, 10, Added Id=1044, Name=audiodg, 0.53,(%),0.64,(Sec)
24-12-19, 10:42:23.099, Info, U.DumpProcessUsage, 10, Added Id=1244, Name=svchost, 0.76,(%),0.9,(Sec)
24-12-19, 10:42:23.099, Info, U.DumpProcessUsage, 10, ** Service'Cryptographic Services'
24-12-19, 10:42:23.099, Info, U.DumpProcessUsage, 10, ** Service'DNS Client'
24-12-19, 10:42:23.099, Info, U.DumpProcessUsage, 10, ** Service'Workstation'
24-12-19, 10:42:23.099, Info, U.DumpProcessUsage, 10, ** Service'Network Location Awareness'
24-12-19, 10:42:23.099, Info, U.DumpProcessUsage, 10, Added Id=5020, Name=niLxiDiscovery, 0.13,(%),0.16,(Sec)
24-12-19, 10:42:23.099, Info, U.DumpProcessUsage, 10, ** Service'NI LXI Discovery Service'
24-12-19, 10:42:23.099, Info, U.DumpProcessUsage, 10, Added Id=948, Name=svchost, 0.55,(%),0.66,(Sec)
24-12-19, 10:42:23.099, Info, U.DumpProcessUsage, 10, ** Service'COM+ Event System'
24-12-19, 10:42:23.099, Info, U.DumpProcessUsage, 10, ** Service'Function Discovery Provider Host'
24-12-19, 10:42:23.099, Info, U.DumpProcessUsage, 10, ** Service'Windows Font Cache Service'
24-12-19, 10:42:23.099, Info, U.DumpProcessUsage, 10, ** Service'Network List Service'
24-12-19, 10:42:23.099, Info, U.DumpProcessUsage, 10, ** Service'Network Store Interface Service'
24-12-19, 10:42:23.099, Info, U.DumpProcessUsage, 10, ** Service'WinHTTP Web Proxy Auto-Discovery Service'
24-12-19, 10:42:23.099, Info, U.DumpProcessUsage, 10, Added Id=1444, Name=svchost, 0.65,(%),0.78,(Sec)
24-12-19, 10:42:23.099, Info, U.DumpProcessUsage, 10, ** Service'Base Filtering Engine'
24-12-19, 10:42:23.099, Info, U.DumpProcessUsage, 10, ** Service'Windows Firewall'
24-12-19, 10:42:23.099, Info, U.DumpProcessUsage, 10, Added Id=5780, Name=dllhost, 0.25,(%),0.3,(Sec)
24-12-19, 10:42:23.099, Info, U.DumpProcessUsage, 10, ** Service'COM+ System Application'
24-12-19, 10:42:23.099, Info, U.DumpProcessUsage, 10, Added Id=2432, Name=svchost, 0.98,(%),1.17,(Sec)
24-12-19, 10:42:23.099, Info, U.DumpProcessUsage, 10, ** Service'hpqcxs08'
24-12-19, 10:42:23.099, Info, U.DumpProcessUsage, 10, ** Service'HP CUE DeviceDiscovery Service'
24-12-19, 10:42:23.099, Info, U.DumpProcessUsage, 10, Added Id=2828, Name=prl_tools, 0.29,(%),0.34,(Sec)
24-12-19, 10:42:23.099, Info, U.DumpProcessUsage, 10, Added Id=4996, Name=NIWebServiceContainer, 0.35,(%),0.42,(Sec)
24-12-19, 10:42:23.099, Info, U.DumpProcessUsage, 10, Added Id=5588, Name=DiscSoftBusService, 0.25,(%),0.3,(Sec)
24-12-19, 10:42:23.099, Info, U.DumpProcessUsage, 10, ** Service'Disc Soft Lite Bus Service'
24-12-19, 10:42:23.099, Info, U.DumpProcessUsage, 10, Added Id=468, Name=wininit, 0.52,(%),0.62,(Sec)
24-12-19, 10:42:23.099, Info, U.DumpProcessUsage, 10, Added Id=4680, Name=vmware-authd, 0.3,(%),0.36,(Sec)
24-12-19, 10:42:23.099, Info, U.DumpProcessUsage, 10, ** Service'VMware Authorization Service'
24-12-19, 10:42:23.099, Info, U.DumpProcessUsage, 10, Added Id=7624, Name=conhost, 0.2,(%),0.23,(Sec)
24-12-19, 10:42:23.099, Info, U.DumpProcessUsage, 10, Added Id=4024, Name=prl_tools_service, 0.18,(%),0.22,(Sec)
24-12-19, 10:42:23.099, Info, U.DumpProcessUsage, 10, ** Service'Parallels Tools Service'
24-12-19, 10:42:23.099, Info, U.DumpProcessUsage, 10, Added Id=5516, Name=VSSVC, 0.26,(%),0.31,(Sec)
24-12-19, 10:42:23.099, Info, U.DumpProcessUsage, 10, ** Service'Volume Shadow Copy'
24-12-19, 10:42:23.099, Info, U.DumpProcessUsage, 10, Added Id=5140, Name=sppsvc, 0.49,(%),0.59,(Sec)
24-12-19, 10:42:23.099, Info, U.DumpProcessUsage, 10, ** Service'Software Protection'
24-12-19, 10:42:23.099, Info, U.DumpProcessUsage, 10, Added Id=3240, Name=FasterNow, 1.68,(%),2.01,(Sec)
24-12-19, 10:42:23.100, Info, U.DumpProcessUsage, 10, Added Id=2060, Name=CorGigEServer, 0.29,(%),0.34,(Sec)
24-12-19, 10:42:23.100, Info, U.DumpProcessUsage, 10, ** Service'Sapera GigE Service'
24-12-19, 10:42:23.100, Info, U.DumpProcessUsage, 10, Added Id=4032, Name=coherence, 0.14,(%),0.17,(Sec)
24-12-19, 10:42:23.100, Info, U.DumpProcessUsage, 10, Added Id=488, Name=csrss, 1.93,(%),2.31,(Sec)
24-12-19, 10:42:23.100, Info, U.DumpProcessUsage, 10, Added Id=1152, Name=cogremind_srv, 0.18,(%),0.22,(Sec)
24-12-19, 10:42:23.100, Info, U.DumpProcessUsage, 10, ** Service'Cognex Reminder Service'
24-12-19, 10:42:23.100, Info, U.DumpProcessUsage, 10, Added Id=4432, Name=nimdnsResponder, 0.21,(%),0.25,(Sec)
24-12-19, 10:42:23.100, Info, U.DumpProcessUsage, 10, ** Service'NI mDNS Responder Service'
24-12-19, 10:42:23.100, Info, U.DumpProcessUsage, 10, Added Id=3448, Name=nidevldu, 0.16,(%),0.19,(Sec)
24-12-19, 10:42:23.100, Info, U.DumpProcessUsage, 10, ** Service'NI Device Loader'
24-12-19, 10:42:23.100, Info, U.DumpProcessUsage, 10, Added Id=1676, Name=dwm, 0.92,(%),1.11,(Sec)
24-12-19, 10:42:23.100, Info, U.DumpProcessUsage, 10, Added Id=7944, Name=conhost, 0.14,(%),0.17,(Sec)
24-12-19, 10:42:23.100, Info, U.DumpProcessUsage, 10, Added Id=2468, Name=IpOverUsbSvc, 0.35,(%),0.42,(Sec)
24-12-19, 10:42:23.100, Info, U.DumpProcessUsage, 10, ** Service'Windows Phone IP over USB Transport (IpOverUsbSvc)'
24-12-19, 10:42:23.100, Info, U.DumpProcessUsage, 10, Added Id=4560, Name=NIWebServiceContainer, 0.89,(%),1.06,(Sec)
24-12-19, 10:42:23.100, Info, U.DumpProcessUsage, 10, Added Id=420, Name=csrss, 1.35,(%),1.62,(Sec)
24-12-19, 10:42:23.100, Info, U.DumpProcessUsage, 10, Added Id=900, Name=svchost, 0.6,(%),0.72,(Sec)
24-12-19, 10:42:23.100, Info, U.DumpProcessUsage, 10, Added Id=3856, Name=tagsrv, 0.48,(%),0.58,(Sec)
24-12-19, 10:42:23.100, Info, U.DumpProcessUsage, 10, ** Service'NI Variable Engine'
24-12-19, 10:42:23.100, Info, U.DumpProcessUsage, 10, Added Id=2872, Name=mysqld, 0.46,(%),0.55,(Sec)
24-12-19, 10:42:23.100, Info, U.DumpProcessUsage, 10, ** Service'MySQL56'
24-12-19, 10:42:23.100, Info, U.DumpProcessUsage, 10, Added Id=7996, Name=MSBuild, 0.9,(%),1.08,(Sec)
24-12-19, 10:42:23.100, Info, U.DumpProcessUsage, 10, Added Id=708, Name=svchost, 4.36,(%),5.23,(Sec)
24-12-19, 10:42:23.100, Info, U.DumpProcessUsage, 10, ** Service'Plug and Play'
24-12-19, 10:42:23.100, Info, U.DumpProcessUsage, 10, ** Service'Power'
24-12-19, 10:42:23.100, Info, U.DumpProcessUsage, 10, Added Id=6028, Name=SearchProtocolHost, 0.17,(%),0.2,(Sec)
24-12-19, 10:42:23.100, Info, U.DumpProcessUsage, 10, Added Id=1500, Name=taskhost, 0.31,(%),0.37,(Sec)
24-12-19, 10:42:23.100, Info, U.DumpProcessUsage, 10, Added Id=4544, Name=nipxism, 0.65,(%),0.78,(Sec)
24-12-19, 10:42:23.100, Info, U.DumpProcessUsage, 10, ** Service'NI PXI Resource Manager'
24-12-19, 10:42:23.100, Info, U.DumpProcessUsage, 10, Added Id=4064, Name=NIWebServiceContainer, 0.21,(%),0.25,(Sec)
24-12-19, 10:42:23.100, Info, U.DumpProcessUsage, 10, Added Id=2292, Name=PCFTray, 0.44,(%),0.53,(Sec)
24-12-19, 10:42:23.100, Info, U.DumpProcessUsage, 10, Added Id=2096, Name=hpqtra08, 0.46,(%),0.55,(Sec)
24-12-19, 10:42:23.100, Info, U.DumpProcessUsage, 10, Added Id=324, Name=smss, 0.27,(%),0.33,(Sec)
24-12-19, 10:42:23.100, Info, U.DumpProcessUsage, 10, Added Id=7616, Name=MSBuild, 1.15,(%),1.37,(Sec)
24-12-19, 10:42:23.100, Info, U.DumpProcessUsage, 10, Added Id=4860, Name=vmware-usbarbitrator64, 0.2,(%),0.23,(Sec)
24-12-19, 10:42:23.100, Info, U.DumpProcessUsage, 10, ** Service'VMware USB Arbitration Service'
24-12-19, 10:42:23.100, Info, U.DumpProcessUsage, 10, Added Id=2300, Name=hasplms, 0.69,(%),0.83,(Sec)
24-12-19, 10:42:23.100, Info, U.DumpProcessUsage, 10, ** Service'HASP License Manager'
24-12-19, 10:42:23.100, Info, U.DumpProcessUsage, 10, Added Id=1316, Name=cogsls_srv, 0.18,(%),0.22,(Sec)
24-12-19, 10:42:23.100, Info, U.DumpProcessUsage, 10, ** Service'Cognex Software Licensing Service'
24-12-19, 10:42:23.100, Info, U.DumpProcessUsage, 10, Added Id=924, Name=CorDHCPServer, 0.21,(%),0.25,(Sec)
24-12-19, 10:42:23.100, Info, U.DumpProcessUsage, 10, ** Service'Sapera DHCP Server'
24-12-19, 10:42:23.100, Info, U.DumpProcessUsage, 10, Added Id=2896, Name=DeviceMonitor, 1.28,(%),1.53,(Sec)
24-12-19, 10:42:23.100, Info, U.DumpProcessUsage, 10, Added Id=336, Name=svchost, 0.69,(%),0.83,(Sec)
24-12-19, 10:42:23.100, Info, U.DumpProcessUsage, 10, ** Service'Windows Audio'
24-12-19, 10:42:23.100, Info, U.DumpProcessUsage, 10, ** Service'DHCP Client'
24-12-19, 10:42:23.100, Info, U.DumpProcessUsage, 10, ** Service'Windows Event Log'
24-12-19, 10:42:23.100, Info, U.DumpProcessUsage, 10, ** Service'TCP/IP NetBIOS Helper'
24-12-19, 10:42:23.100, Info, U.DumpProcessUsage, 10, Added Id=7100, Name=WmiApSrv, 0.21,(%),0.25,(Sec)
24-12-19, 10:42:23.100, Info, U.DumpProcessUsage, 10, ** Service'WMI Performance Adapter'
24-12-19, 10:42:23.100, Info, U.DumpProcessUsage, 10, Added Id=536, Name=services, 1.35,(%),1.62,(Sec)
24-12-19, 10:42:23.100, Info, U.DumpProcessUsage, 10, Added Id=1128, Name=svchost, 0.23,(%),0.28,(Sec)
24-12-19, 10:42:23.100, Info, U.DumpProcessUsage, 10, Added Id=4084, Name=niDiscSvc, 0.26,(%),0.31,(Sec)
24-12-19, 10:42:23.101, Info, U.DumpProcessUsage, 10, ** Service'NI Network Discovery'
24-12-19, 10:42:23.101, Info, U.DumpProcessUsage, 10, Added Id=2116, Name=nierserver, 0.2,(%),0.23,(Sec)
24-12-19, 10:42:23.101, Info, U.DumpProcessUsage, 10, Added Id=2708, Name=vmware-tray, 0.21,(%),0.25,(Sec)
24-12-19, 10:42:23.101, Info, U.DumpProcessUsage, 10, Added Id=4876, Name=NIWebServiceContainer, 0.18,(%),0.22,(Sec)
24-12-19, 10:42:23.101, Info, U.DumpProcessUsage, 10, Added Id=4196, Name=vmnat, 0.2,(%),0.23,(Sec)
24-12-19, 10:42:23.101, Info, U.DumpProcessUsage, 10, ** Service'VMware NAT Service'
24-12-19, 10:42:23.101, Info, U.DumpProcessUsage, 10, Added Id=6072, Name=svchost, 4.14,(%),4.96,(Sec)
24-12-19, 10:42:23.101, Info, U.DumpProcessUsage, 10, ** Service'Windows Defender'
24-12-19, 10:42:23.101, Info, U.DumpProcessUsage, 10, Added Id=528, Name=svchost, 3.82,(%),4.57,(Sec)
24-12-19, 10:42:23.101, Info, U.DumpProcessUsage, 10, ** Service'Windows Audio Endpoint Builder'
24-12-19, 10:42:23.101, Info, U.DumpProcessUsage, 10, ** Service'Network Connections'
24-12-19, 10:42:23.101, Info, U.DumpProcessUsage, 10, ** Service'Program Compatibility Assistant Service'
24-12-19, 10:42:23.101, Info, U.DumpProcessUsage, 10, ** Service'Superfetch'
24-12-19, 10:42:23.101, Info, U.DumpProcessUsage, 10, ** Service'Desktop Window Manager Session Manager'
24-12-19, 10:42:23.101, Info, U.DumpProcessUsage, 10, ** Service'Portable Device Enumerator Service'
24-12-19, 10:42:23.101, Info, U.DumpProcessUsage, 10, ** Service'Windows Driver Foundation - User-mode Driver Framework'
24-12-19, 10:42:23.101, Info, U.DumpProcessUsage, 10, Added Id=872, Name=PCFasterSvc, 3.11,(%),3.73,(Sec)
24-12-19, 10:42:23.101, Info, U.DumpProcessUsage, 10, Added Id=3220, Name=svchost, 0.1,(%),0.12,(Sec)
24-12-19, 10:42:23.101, Info, U.DumpProcessUsage, 10, ** Service'Net Driver HPZ12'
24-12-19, 10:42:23.101, Info, U.DumpProcessUsage, 10, Added Id=3900, Name=coherence, 0.18,(%),0.22,(Sec)
24-12-19, 10:42:23.101, Info, U.DumpProcessUsage, 10, ** Service'Parallels Coherence Service'
24-12-19, 10:42:23.101, Info, U.DumpProcessUsage, 10, Added Id=2916, Name=svchost, 0.13,(%),0.16,(Sec)
24-12-19, 10:42:23.101, Info, U.DumpProcessUsage, 10, ** Service'Pml Driver HPZ12'
24-12-19, 10:42:23.101, Info, U.DumpProcessUsage, 10, Added Id=3312, Name=niauth_daemon, 0.47,(%),0.56,(Sec)
24-12-19, 10:42:23.101, Info, U.DumpProcessUsage, 10, ** Service'NI Authentication Service'
24-12-19, 10:42:23.101, Info, U.DumpProcessUsage, 10, Added Id=580, Name=lsm, 0.27,(%),0.33,(Sec)
24-12-19, 10:42:23.101, Info, U.DumpProcessUsage, 10, Added Id=6720, Name=WmiPrvSE, 3.24,(%),3.88,(Sec)
24-12-19, 10:42:23.101, Info, U.DumpProcessUsage, 10, Added Id=7060, Name=hpqste08, 0.66,(%),0.8,(Sec)
24-12-19, 10:42:23.101, Info, U.DumpProcessUsage, 10, Added Id=1940, Name=CorGigEStatus, 0.22,(%),0.27,(Sec)
24-12-19, 10:42:23.101, Info, U.DumpProcessUsage, 10, Added Id=4108, Name=svchost, 0.25,(%),0.3,(Sec)
24-12-19, 10:42:23.101, Info, U.DumpProcessUsage, 10, ** Service'Windows Image Acquisition (WIA)'
24-12-19, 10:42:23.101, Info, U.DumpProcessUsage, 10, Added Id=6276, Name=SearchFilterHost, 0.2,(%),0.23,(Sec)
24-12-19, 10:42:23.101, Info, U.DumpProcessUsage, 10, Added Id=564, Name=winlogon, 1,(%),1.2,(Sec)
24-12-19, 10:42:23.101, Info, U.DumpProcessUsage, 10, Added Id=5432, Name=SearchIndexer, 0.91,(%),1.09,(Sec)
24-12-19, 10:42:23.101, Info, U.DumpProcessUsage, 10, ** Service'Windows Search'
24-12-19, 10:42:23.101, Info, U.DumpProcessUsage, 10, Added Id=4900, Name=ApplicationWebServer, 1.03,(%),1.23,(Sec)
24-12-19, 10:42:23.101, Info, U.DumpProcessUsage, 10, ** Service'NI Application Web Server'
24-12-19, 10:42:23.101, Info, U.DumpProcessUsage, 10, Added Id=7856, Name=MSBuild, 0.82,(%),0.98,(Sec)
24-12-19, 10:42:23.101, Info, U.DumpProcessUsage, 10, Added Id=5244, Name=WUDFHost, 0.21,(%),0.25,(Sec)
24-12-19, 10:42:23.101, Info, U.DumpProcessUsage, 10, Added Id=2344, Name=prl_cc, 7.17,(%),8.6,(Sec)
24-12-19, 10:42:23.101, Info, U.DumpProcessUsage, 10, Added Id=572, Name=lsass, 1.18,(%),1.42,(Sec)
24-12-19, 10:42:23.101, Info, U.DumpProcessUsage, 10, ** Service'Security Accounts Manager'
24-12-19, 10:42:23.101, Info, U.DumpProcessUsage, 10, Added Id=4712, Name=NIWebServiceContainer, 0.22,(%),0.27,(Sec)
24-12-19, 10:42:23.101, Info, U.DumpProcessUsage, 10, Added Id=2152, Name=CorLogServer, 0.25,(%),0.3,(Sec)
24-12-19, 10:42:23.101, Info, U.DumpProcessUsage, 10, ** Service'Sapera Log Server'
24-12-19, 10:42:23.101, Info, U.DumpProcessUsage, 10, Added Id=2944, Name=hpwuschd2, 0.23,(%),0.28,(Sec)
24-12-19, 10:42:23.101, Info, U.DumpProcessUsage, 10, Added Id=1764, Name=taskeng, 0.17,(%),0.2,(Sec)
24-12-19, 10:42:23.101, Info, U.DumpProcessUsage, 10, Added Id=5640, Name=hpqgpc01, 0.22,(%),0.27,(Sec)
24-12-19, 10:42:23.101, Info, U.DumpProcessUsage, 10, Added Id=5116, Name=WmiPrvSE, 0.76,(%),0.9,(Sec)
24-12-19, 10:42:23.101, Info, U.DumpProcessUsage, 10, Added Id=6496, Name=devenv, 17.84,(%),21.37,(Sec)
24-12-19, 10:42:23.101, Info, U.DumpProcessUsage, 10, Added Id=6300, Name=TSVNCache, 0.33,(%),0.39,(Sec)
24-12-19, 10:42:23.101, Info, U.DumpProcessUsage, 10, Total time to dump = 200.48 mS
24-12-19, 10:42:23.102, Info, CompRoot.ApplicationSetup, 10, Application Loading : AppMachine - Ver 1.0 Build 0 (Official)
24-12-19, 10:42:23.102, Info, U.DumpProcessUsage, 10, Dumping Processes at AppSetup2.  Current total CPU Usage=,28.20851%, time since last=,201.1
24-12-19, 10:42:23.105, Info, U.DumpProcessUsage, 10, Time to getProceses = 2.94 mS
24-12-19, 10:42:23.121, Info, U.DumpProcessUsage, 10, Time to extract services = 16.26 mS
24-12-19, 10:42:23.121, Info, U.DumpProcessUsage, 10, Existing Id=7360, Name=AppMachine.vshost, 13.33,(%),0.03,(Sec)
24-12-19, 10:42:23.122, Info, U.DumpProcessUsage, 10, ** Thread Main GUI(7764) = 31.2 mS
24-12-19, 10:42:23.122, Info, U.DumpProcessUsage, 10, Existing Id=7416, Name=msvsmon, 53.33,(%),0.12,(Sec)
24-12-19, 10:42:23.122, Info, U.DumpProcessUsage, 10, Existing Id=4680, Name=vmware-authd, 6.67,(%),0.02,(Sec)
24-12-19, 10:42:23.123, Info, U.DumpProcessUsage, 10, ** Service'VMware Authorization Service'
24-12-19, 10:42:23.123, Info, U.DumpProcessUsage, 10, Existing Id=536, Name=services, 6.67,(%),0.02,(Sec)
24-12-19, 10:42:23.123, Info, U.DumpProcessUsage, 10, Existing Id=6072, Name=svchost, 20,(%),0.05,(Sec)
24-12-19, 10:42:23.123, Info, U.DumpProcessUsage, 10, ** Service'Windows Defender'
24-12-19, 10:42:23.123, Info, U.DumpProcessUsage, 10, Total time to dump = 20.47 mS
24-12-19, 10:42:23.247, Info, CompRoot.ApplicationSetup, 10, StopWatch Resolution=True
24-12-19, 10:42:23.247, Info, CompRoot.ApplicationSetup, 10, StopWatch Frequency=10000000
24-12-19, 10:42:23.248, Info, U.DumpProcessUsage, 10, Dumping Processes at End AppSetup.  Current total CPU Usage=,19.86246%, time since last=,145.5
24-12-19, 10:42:23.251, Info, U.DumpProcessUsage, 10, Time to getProceses = 3.06 mS
24-12-19, 10:42:23.267, Info, U.DumpProcessUsage, 10, Time to extract services = 15.86 mS
24-12-19, 10:42:23.267, Info, U.DumpProcessUsage, 10, Existing Id=7360, Name=AppMachine.vshost, 70,(%),0.11,(Sec)
24-12-19, 10:42:23.267, Info, U.DumpProcessUsage, 10, ** Thread Main GUI(7764) = 78 mS
24-12-19, 10:42:23.267, Info, U.DumpProcessUsage, 10, Existing Id=7516, Name=IntelliTrace, 10,(%),0.02,(Sec)
24-12-19, 10:42:23.268, Info, U.DumpProcessUsage, 10, Existing Id=6496, Name=devenv, 20,(%),0.03,(Sec)
24-12-19, 10:42:23.268, Info, U.DumpProcessUsage, 10, Total time to dump = 20.05 mS
24-12-19, 10:44:58.636, Info, U.DumpProcessUsage, 9, Dumping Processes at AppSetup1.  Current total CPU Usage=,100%, time since last=,1151.6
24-12-19, 10:44:58.643, Info, U.DumpProcessUsage, 9, Time to getProceses = 8.58 mS
24-12-19, 10:44:58.682, Info, U.DumpProcessUsage, 9, ** Service threw exception: 'DCOM Server Process Launcher'
24-12-19, 10:44:58.696, Info, U.DumpProcessUsage, 9, ** Service threw exception: 'Diagnostic Policy Service'
24-12-19, 10:44:58.711, Info, U.DumpProcessUsage, 9, ** Service threw exception: 'Group Policy Client'
24-12-19, 10:44:58.727, Info, U.DumpProcessUsage, 9, ** Service threw exception: 'Distributed Transaction Coordinator'
24-12-19, 10:44:58.746, Info, U.DumpProcessUsage, 9, ** Service threw exception: 'RPC Endpoint Mapper'
24-12-19, 10:44:58.760, Info, U.DumpProcessUsage, 9, ** Service threw exception: 'Remote Procedure Call (RPC)'
24-12-19, 10:44:58.774, Info, U.DumpProcessUsage, 9, ** Service threw exception: 'Task Scheduler'
24-12-19, 10:44:58.791, Info, U.DumpProcessUsage, 9, ** Service threw exception: 'Diagnostic Service Host'
24-12-19, 10:44:58.805, Info, U.DumpProcessUsage, 9, ** Service threw exception: 'Diagnostic System Host'
24-12-19, 10:44:58.807, Info, U.DumpProcessUsage, 9, Time to extract services = 163.77 mS
24-12-19, 10:44:58.808, Info, U.DumpProcessUsage, 9, Added Id=4336, Name=lktsrv, 0.24,(%),0.36,(Sec)
24-12-19, 10:44:58.809, Info, U.DumpProcessUsage, 9, ** Service'NI Time Synchronization'
24-12-19, 10:44:58.809, Info, U.DumpProcessUsage, 9, Added Id=2960, Name=MustangSer1249, 0.2,(%),0.3,(Sec)
24-12-19, 10:44:58.809, Info, U.DumpProcessUsage, 9, ** Service'MustangService DispalyName'
24-12-19, 10:44:58.809, Info, U.DumpProcessUsage, 9, Added Id=7864, Name=conhost, 0.24,(%),0.36,(Sec)
24-12-19, 10:44:58.809, Info, U.DumpProcessUsage, 9, Added Id=1780, Name=explorer, 4,(%),5.87,(Sec)
24-12-19, 10:44:58.809, Info, U.DumpProcessUsage, 9, Added Id=5524, Name=NIWebServiceContainer, 0.18,(%),0.27,(Sec)
24-12-19, 10:44:58.809, Info, U.DumpProcessUsage, 9, Added Id=3752, Name=nisvcloc, 0.19,(%),0.28,(Sec)
24-12-19, 10:44:58.809, Info, U.DumpProcessUsage, 9, ** Service'NI Service Locator'
24-12-19, 10:44:58.809, Info, U.DumpProcessUsage, 9, Added Id=788, Name=PCFasterSvc, 0.47,(%),0.69,(Sec)
24-12-19, 10:44:58.809, Info, U.DumpProcessUsage, 9, ** Service'Baidu PC Faster Service 5.1.0.0'
24-12-19, 10:44:58.809, Info, U.DumpProcessUsage, 9, Added Id=4744, Name=vmware-hostd, 1.36,(%),2,(Sec)
24-12-19, 10:44:58.809, Info, U.DumpProcessUsage, 9, ** Service'VMware Workstation Server'
24-12-19, 10:44:58.809, Info, U.DumpProcessUsage, 9, Added Id=3684, Name=nidmsrv, 0.15,(%),0.22,(Sec)
24-12-19, 10:44:58.809, Info, U.DumpProcessUsage, 9, ** Service'NI Domain Service'
24-12-19, 10:44:58.809, Info, U.DumpProcessUsage, 9, Added Id=5340, Name=WmiPrvSE, 0.18,(%),0.27,(Sec)
24-12-19, 10:44:58.809, Info, U.DumpProcessUsage, 9, Added Id=2780, Name=coherence, 0.09,(%),0.12,(Sec)
24-12-19, 10:44:58.809, Info, U.DumpProcessUsage, 9, Added Id=6140, Name=svchost, 0.07,(%),0.11,(Sec)
24-12-19, 10:44:58.809, Info, U.DumpProcessUsage, 9, ** Service'SSDP Discovery'
24-12-19, 10:44:58.809, Info, U.DumpProcessUsage, 9, ** Service'Windows Connect Now - Config Registrar'
24-12-19, 10:44:58.809, Info, U.DumpProcessUsage, 9, Added Id=2784, Name=lkads, 0.32,(%),0.47,(Sec)
24-12-19, 10:44:58.809, Info, U.DumpProcessUsage, 9, ** Service'NI PSP Service Locator'
24-12-19, 10:44:58.809, Info, U.DumpProcessUsage, 9, Added Id=1408, Name=spoolsv, 0.7,(%),1.03,(Sec)
24-12-19, 10:44:58.809, Info, U.DumpProcessUsage, 9, ** Service'Print Spooler'
24-12-19, 10:44:58.809, Info, U.DumpProcessUsage, 9, Added Id=596, Name=WmiApSrv, 0.14,(%),0.2,(Sec)
24-12-19, 10:44:58.809, Info, U.DumpProcessUsage, 9, ** Service'WMI Performance Adapter'
24-12-19, 10:44:58.809, Info, U.DumpProcessUsage, 9, Added Id=7912, Name=MSBuild, 0.97,(%),1.42,(Sec)
24-12-19, 10:44:58.809, Info, U.DumpProcessUsage, 9, Added Id=2200, Name=TSVNCache, 0.21,(%),0.31,(Sec)
24-12-19, 10:44:58.809, Info, U.DumpProcessUsage, 9, Added Id=236, Name=nimxs, 0.97,(%),1.42,(Sec)
24-12-19, 10:44:58.809, Info, U.DumpProcessUsage, 9, ** Service'NI Configuration Manager'
24-12-19, 10:44:58.809, Info, U.DumpProcessUsage, 9, Added Id=1616, Name=cogss_srv, 0.16,(%),0.23,(Sec)
24-12-19, 10:44:58.809, Info, U.DumpProcessUsage, 9, ** Service'Cognex Security Service'
24-12-19, 10:44:58.809, Info, U.DumpProcessUsage, 9, Added Id=7044, Name=AppMachine.vshost, 0.45,(%),0.66,(Sec)
24-12-19, 10:44:58.810, Info, U.DumpProcessUsage, 9, ** Thread Main GUI(7348) = 436.8 mS
24-12-19, 10:44:58.810, Info, U.DumpProcessUsage, 9, Added Id=2012, Name=mDNSResponder, 0.2,(%),0.3,(Sec)
24-12-19, 10:44:58.810, Info, U.DumpProcessUsage, 9, ** Service'Bonjour Service'
24-12-19, 10:44:58.810, Info, U.DumpProcessUsage, 9, Added Id=1816, Name=AppleMobileDeviceService, 0.26,(%),0.37,(Sec)
24-12-19, 10:44:58.810, Info, U.DumpProcessUsage, 9, ** Service'Apple Mobile Device Service'
24-12-19, 10:44:58.810, Info, U.DumpProcessUsage, 9, Added Id=1620, Name=taskeng, 0.12,(%),0.17,(Sec)
24-12-19, 10:44:58.810, Info, U.DumpProcessUsage, 9, Added Id=8048, Name=conhost, 0.09,(%),0.12,(Sec)
24-12-19, 10:44:58.810, Info, U.DumpProcessUsage, 9, Added Id=6308, Name=msdtc, 0.16,(%),0.23,(Sec)
24-12-19, 10:44:58.810, Info, U.DumpProcessUsage, 9, Added Id=4280, Name=lkcitdl, 0.14,(%),0.2,(Sec)
24-12-19, 10:44:58.810, Info, U.DumpProcessUsage, 9, ** Service'NI Citadel 4 Service'
24-12-19, 10:44:58.810, Info, U.DumpProcessUsage, 9, Added Id=4580, Name=SystemWebServer, 0.49,(%),0.72,(Sec)
24-12-19, 10:44:58.810, Info, U.DumpProcessUsage, 9, ** Service'NI System Web Server'
24-12-19, 10:44:58.810, Info, U.DumpProcessUsage, 9, Added Id=7012, Name=SearchProtocolHost, 0.1,(%),0.14,(Sec)
24-12-19, 10:44:58.810, Info, U.DumpProcessUsage, 9, Added Id=7144, Name=hpqbam08, 0.13,(%),0.19,(Sec)
24-12-19, 10:44:58.810, Info, U.DumpProcessUsage, 9, Added Id=4772, Name=vmnetdhcp, 0.22,(%),0.33,(Sec)
24-12-19, 10:44:58.810, Info, U.DumpProcessUsage, 9, ** Service'VMware DHCP Service'
24-12-19, 10:44:58.810, Info, U.DumpProcessUsage, 9, Added Id=648, Name=svchost, 2.21,(%),3.24,(Sec)
24-12-19, 10:44:58.810, Info, U.DumpProcessUsage, 9, ** Service'Application Experience'
24-12-19, 10:44:58.810, Info, U.DumpProcessUsage, 9, ** Service'Application Information'
24-12-19, 10:44:58.810, Info, U.DumpProcessUsage, 9, ** Service'Background Intelligent Transfer Service'
24-12-19, 10:44:58.810, Info, U.DumpProcessUsage, 9, ** Service'Computer Browser'
24-12-19, 10:44:58.811, Info, U.DumpProcessUsage, 9, ** Service'IKE and AuthIP IPsec Keying Modules'
24-12-19, 10:44:58.811, Info, U.DumpProcessUsage, 9, ** Service'IP Helper'
24-12-19, 10:44:58.811, Info, U.DumpProcessUsage, 9, ** Service'Server'
24-12-19, 10:44:58.811, Info, U.DumpProcessUsage, 9, ** Service'Multimedia Class Scheduler'
24-12-19, 10:44:58.811, Info, U.DumpProcessUsage, 9, ** Service'Parallels User Profile Service'
24-12-19, 10:44:58.811, Info, U.DumpProcessUsage, 9, ** Service'User Profile Service'
24-12-19, 10:44:58.811, Info, U.DumpProcessUsage, 9, ** Service'System Event Notification Service'
24-12-19, 10:44:58.811, Info, U.DumpProcessUsage, 9, ** Service'Shell Hardware Detection'
24-12-19, 10:44:58.811, Info, U.DumpProcessUsage, 9, ** Service'Themes'
24-12-19, 10:44:58.811, Info, U.DumpProcessUsage, 9, ** Service'Windows Management Instrumentation'
24-12-19, 10:44:58.811, Info, U.DumpProcessUsage, 9, ** Service'Windows Update'
24-12-19, 10:44:58.811, Info, U.DumpProcessUsage, 9, Added Id=3604, Name=dllhost, 0.17,(%),0.25,(Sec)
24-12-19, 10:44:58.811, Info, U.DumpProcessUsage, 9, ** Service'PrlVssProvider'
24-12-19, 10:44:58.811, Info, U.DumpProcessUsage, 9, Added Id=1044, Name=audiodg, 0.44,(%),0.64,(Sec)
24-12-19, 10:44:58.811, Info, U.DumpProcessUsage, 9, Added Id=7816, Name=conhost, 0,(%),0,(Sec)
24-12-19, 10:44:58.811, Info, U.DumpProcessUsage, 9, Added Id=1244, Name=svchost, 0.62,(%),0.9,(Sec)
24-12-19, 10:44:58.811, Info, U.DumpProcessUsage, 9, ** Service'Cryptographic Services'
24-12-19, 10:44:58.811, Info, U.DumpProcessUsage, 9, ** Service'DNS Client'
24-12-19, 10:44:58.811, Info, U.DumpProcessUsage, 9, ** Service'Workstation'
24-12-19, 10:44:58.811, Info, U.DumpProcessUsage, 9, ** Service'Network Location Awareness'
24-12-19, 10:44:58.811, Info, U.DumpProcessUsage, 9, Added Id=5020, Name=niLxiDiscovery, 0.11,(%),0.16,(Sec)
24-12-19, 10:44:58.811, Info, U.DumpProcessUsage, 9, ** Service'NI LXI Discovery Service'
24-12-19, 10:44:58.811, Info, U.DumpProcessUsage, 9, Added Id=948, Name=svchost, 0.65,(%),0.95,(Sec)
24-12-19, 10:44:58.811, Info, U.DumpProcessUsage, 9, ** Service'COM+ Event System'
24-12-19, 10:44:58.811, Info, U.DumpProcessUsage, 9, ** Service'Function Discovery Provider Host'
24-12-19, 10:44:58.811, Info, U.DumpProcessUsage, 9, ** Service'Windows Font Cache Service'
24-12-19, 10:44:58.811, Info, U.DumpProcessUsage, 9, ** Service'Network List Service'
24-12-19, 10:44:58.811, Info, U.DumpProcessUsage, 9, ** Service'Network Store Interface Service'
24-12-19, 10:44:58.811, Info, U.DumpProcessUsage, 9, ** Service'WinHTTP Web Proxy Auto-Discovery Service'
24-12-19, 10:44:58.811, Info, U.DumpProcessUsage, 9, Added Id=1444, Name=svchost, 0.94,(%),1.37,(Sec)
24-12-19, 10:44:58.811, Info, U.DumpProcessUsage, 9, ** Service'Base Filtering Engine'
24-12-19, 10:44:58.811, Info, U.DumpProcessUsage, 9, ** Service'Windows Firewall'
24-12-19, 10:44:58.811, Info, U.DumpProcessUsage, 9, Added Id=5780, Name=dllhost, 0.3,(%),0.44,(Sec)
24-12-19, 10:44:58.811, Info, U.DumpProcessUsage, 9, ** Service'COM+ System Application'
24-12-19, 10:44:58.811, Info, U.DumpProcessUsage, 9, Added Id=2432, Name=svchost, 0.8,(%),1.17,(Sec)
24-12-19, 10:44:58.811, Info, U.DumpProcessUsage, 9, ** Service'hpqcxs08'
24-12-19, 10:44:58.811, Info, U.DumpProcessUsage, 9, ** Service'HP CUE DeviceDiscovery Service'
24-12-19, 10:44:58.811, Info, U.DumpProcessUsage, 9, Added Id=2828, Name=prl_tools, 0.37,(%),0.55,(Sec)
24-12-19, 10:44:58.811, Info, U.DumpProcessUsage, 9, Added Id=4996, Name=NIWebServiceContainer, 0.29,(%),0.42,(Sec)
24-12-19, 10:44:58.811, Info, U.DumpProcessUsage, 9, Added Id=5588, Name=DiscSoftBusService, 0.2,(%),0.3,(Sec)
24-12-19, 10:44:58.811, Info, U.DumpProcessUsage, 9, ** Service'Disc Soft Lite Bus Service'
24-12-19, 10:44:58.811, Info, U.DumpProcessUsage, 9, Added Id=468, Name=wininit, 0.43,(%),0.62,(Sec)
24-12-19, 10:44:58.811, Info, U.DumpProcessUsage, 9, Added Id=4680, Name=vmware-authd, 0.34,(%),0.5,(Sec)
24-12-19, 10:44:58.811, Info, U.DumpProcessUsage, 9, ** Service'VMware Authorization Service'
24-12-19, 10:44:58.811, Info, U.DumpProcessUsage, 9, Added Id=7624, Name=conhost, 0.16,(%),0.23,(Sec)
24-12-19, 10:44:58.811, Info, U.DumpProcessUsage, 9, Added Id=4024, Name=prl_tools_service, 0.15,(%),0.22,(Sec)
24-12-19, 10:44:58.811, Info, U.DumpProcessUsage, 9, ** Service'Parallels Tools Service'
24-12-19, 10:44:58.811, Info, U.DumpProcessUsage, 9, Added Id=5140, Name=sppsvc, 0.4,(%),0.59,(Sec)
24-12-19, 10:44:58.811, Info, U.DumpProcessUsage, 9, ** Service'Software Protection'
24-12-19, 10:44:58.811, Info, U.DumpProcessUsage, 9, Added Id=3240, Name=FasterNow, 2.52,(%),3.7,(Sec)
24-12-19, 10:44:58.811, Info, U.DumpProcessUsage, 9, Added Id=2060, Name=CorGigEServer, 0.26,(%),0.37,(Sec)
24-12-19, 10:44:58.811, Info, U.DumpProcessUsage, 9, ** Service'Sapera GigE Service'
24-12-19, 10:44:58.811, Info, U.DumpProcessUsage, 9, Added Id=4032, Name=coherence, 0.13,(%),0.19,(Sec)
24-12-19, 10:44:58.811, Info, U.DumpProcessUsage, 9, Added Id=488, Name=csrss, 1.71,(%),2.51,(Sec)
24-12-19, 10:44:58.812, Info, U.DumpProcessUsage, 9, Added Id=1152, Name=cogremind_srv, 0.15,(%),0.22,(Sec)
24-12-19, 10:44:58.812, Info, U.DumpProcessUsage, 9, ** Service'Cognex Reminder Service'
24-12-19, 10:44:58.812, Info, U.DumpProcessUsage, 9, Added Id=688, Name=Microsoft.Alm.Shared.Remoting.RemoteContainer.dll, 2.15,(%),3.15,(Sec)
24-12-19, 10:44:58.812, Info, U.DumpProcessUsage, 9, Added Id=4432, Name=nimdnsResponder, 0.17,(%),0.25,(Sec)
24-12-19, 10:44:58.812, Info, U.DumpProcessUsage, 9, ** Service'NI mDNS Responder Service'
24-12-19, 10:44:58.812, Info, U.DumpProcessUsage, 9, Added Id=3448, Name=nidevldu, 0.13,(%),0.19,(Sec)
24-12-19, 10:44:58.812, Info, U.DumpProcessUsage, 9, ** Service'NI Device Loader'
24-12-19, 10:44:58.812, Info, U.DumpProcessUsage, 9, Added Id=1676, Name=dwm, 0.85,(%),1.25,(Sec)
24-12-19, 10:44:58.812, Info, U.DumpProcessUsage, 9, Added Id=7944, Name=conhost, 0.12,(%),0.17,(Sec)
24-12-19, 10:44:58.812, Info, U.DumpProcessUsage, 9, Added Id=2468, Name=IpOverUsbSvc, 0.29,(%),0.42,(Sec)
24-12-19, 10:44:58.812, Info, U.DumpProcessUsage, 9, ** Service'Windows Phone IP over USB Transport (IpOverUsbSvc)'
24-12-19, 10:44:58.812, Info, U.DumpProcessUsage, 9, Added Id=4560, Name=NIWebServiceContainer, 0.73,(%),1.08,(Sec)
24-12-19, 10:44:58.812, Info, U.DumpProcessUsage, 9, Added Id=6160, Name=msvsmon, 0.46,(%),0.67,(Sec)
24-12-19, 10:44:58.812, Info, U.DumpProcessUsage, 9, Added Id=420, Name=csrss, 1.13,(%),1.65,(Sec)
24-12-19, 10:44:58.812, Info, U.DumpProcessUsage, 9, Added Id=900, Name=svchost, 0.49,(%),0.72,(Sec)
24-12-19, 10:44:58.812, Info, U.DumpProcessUsage, 9, Added Id=3856, Name=tagsrv, 0.4,(%),0.59,(Sec)
24-12-19, 10:44:58.812, Info, U.DumpProcessUsage, 9, ** Service'NI Variable Engine'
24-12-19, 10:44:58.812, Info, U.DumpProcessUsage, 9, Added Id=2872, Name=mysqld, 0.37,(%),0.55,(Sec)
24-12-19, 10:44:58.812, Info, U.DumpProcessUsage, 9, ** Service'MySQL56'
24-12-19, 10:44:58.812, Info, U.DumpProcessUsage, 9, Added Id=7996, Name=MSBuild, 0.73,(%),1.08,(Sec)
24-12-19, 10:44:58.812, Info, U.DumpProcessUsage, 9, Added Id=708, Name=svchost, 3.63,(%),5.32,(Sec)
24-12-19, 10:44:58.812, Info, U.DumpProcessUsage, 9, ** Service'Plug and Play'
24-12-19, 10:44:58.812, Info, U.DumpProcessUsage, 9, ** Service'Power'
24-12-19, 10:44:58.812, Info, U.DumpProcessUsage, 9, Added Id=6028, Name=SearchProtocolHost, 0.18,(%),0.27,(Sec)
24-12-19, 10:44:58.812, Info, U.DumpProcessUsage, 9, Added Id=1500, Name=taskhost, 0.26,(%),0.37,(Sec)
24-12-19, 10:44:58.812, Info, U.DumpProcessUsage, 9, Added Id=4544, Name=nipxism, 0.53,(%),0.78,(Sec)
24-12-19, 10:44:58.812, Info, U.DumpProcessUsage, 9, ** Service'NI PXI Resource Manager'
24-12-19, 10:44:58.812, Info, U.DumpProcessUsage, 9, Added Id=4064, Name=NIWebServiceContainer, 0.17,(%),0.25,(Sec)
24-12-19, 10:44:58.812, Info, U.DumpProcessUsage, 9, Added Id=2292, Name=PCFTray, 0.36,(%),0.53,(Sec)
24-12-19, 10:44:58.812, Info, U.DumpProcessUsage, 9, Added Id=2096, Name=hpqtra08, 0.37,(%),0.55,(Sec)
24-12-19, 10:44:58.812, Info, U.DumpProcessUsage, 9, Added Id=324, Name=smss, 0.22,(%),0.33,(Sec)
24-12-19, 10:44:58.812, Info, U.DumpProcessUsage, 9, Added Id=7616, Name=MSBuild, 1.22,(%),1.79,(Sec)
24-12-19, 10:44:58.812, Info, U.DumpProcessUsage, 9, Added Id=4860, Name=vmware-usbarbitrator64, 0.16,(%),0.23,(Sec)
24-12-19, 10:44:58.812, Info, U.DumpProcessUsage, 9, ** Service'VMware USB Arbitration Service'
24-12-19, 10:44:58.812, Info, U.DumpProcessUsage, 9, Added Id=2300, Name=hasplms, 0.56,(%),0.83,(Sec)
24-12-19, 10:44:58.812, Info, U.DumpProcessUsage, 9, ** Service'HASP License Manager'
24-12-19, 10:44:58.812, Info, U.DumpProcessUsage, 9, Added Id=1316, Name=cogsls_srv, 0.15,(%),0.22,(Sec)
24-12-19, 10:44:58.812, Info, U.DumpProcessUsage, 9, ** Service'Cognex Software Licensing Service'
24-12-19, 10:44:58.812, Info, U.DumpProcessUsage, 9, Added Id=924, Name=CorDHCPServer, 0.17,(%),0.25,(Sec)
24-12-19, 10:44:58.812, Info, U.DumpProcessUsage, 9, ** Service'Sapera DHCP Server'
24-12-19, 10:44:58.812, Info, U.DumpProcessUsage, 9, Added Id=2896, Name=DeviceMonitor, 1.04,(%),1.53,(Sec)
24-12-19, 10:44:58.812, Info, U.DumpProcessUsage, 9, Added Id=336, Name=svchost, 0.7,(%),1.03,(Sec)
24-12-19, 10:44:58.812, Info, U.DumpProcessUsage, 9, ** Service'Windows Audio'
24-12-19, 10:44:58.812, Info, U.DumpProcessUsage, 9, ** Service'DHCP Client'
24-12-19, 10:44:58.813, Info, U.DumpProcessUsage, 9, ** Service'Windows Event Log'
24-12-19, 10:44:58.813, Info, U.DumpProcessUsage, 9, ** Service'TCP/IP NetBIOS Helper'
24-12-19, 10:44:58.813, Info, U.DumpProcessUsage, 9, ** Service'Security Center'
24-12-19, 10:44:58.813, Info, U.DumpProcessUsage, 9, Added Id=536, Name=services, 1.45,(%),2.12,(Sec)
24-12-19, 10:44:58.813, Info, U.DumpProcessUsage, 9, Added Id=1128, Name=svchost, 0.19,(%),0.28,(Sec)
24-12-19, 10:44:58.813, Info, U.DumpProcessUsage, 9, Added Id=4084, Name=niDiscSvc, 0.21,(%),0.31,(Sec)
24-12-19, 10:44:58.813, Info, U.DumpProcessUsage, 9, ** Service'NI Network Discovery'
24-12-19, 10:44:58.813, Info, U.DumpProcessUsage, 9, Added Id=2116, Name=nierserver, 0.16,(%),0.23,(Sec)
24-12-19, 10:44:58.813, Info, U.DumpProcessUsage, 9, Added Id=2708, Name=vmware-tray, 0.17,(%),0.25,(Sec)
24-12-19, 10:44:58.813, Info, U.DumpProcessUsage, 9, Added Id=4876, Name=NIWebServiceContainer, 0.15,(%),0.22,(Sec)
24-12-19, 10:44:58.813, Info, U.DumpProcessUsage, 9, Added Id=4196, Name=vmnat, 0.16,(%),0.23,(Sec)
24-12-19, 10:44:58.813, Info, U.DumpProcessUsage, 9, ** Service'VMware NAT Service'
24-12-19, 10:44:58.813, Info, U.DumpProcessUsage, 9, Added Id=6072, Name=svchost, 6.1,(%),8.94,(Sec)
24-12-19, 10:44:58.813, Info, U.DumpProcessUsage, 9, ** Service'Windows Defender'
24-12-19, 10:44:58.813, Info, U.DumpProcessUsage, 9, Added Id=528, Name=svchost, 3.82,(%),5.6,(Sec)
24-12-19, 10:44:58.813, Info, U.DumpProcessUsage, 9, ** Service'Windows Audio Endpoint Builder'
24-12-19, 10:44:58.813, Info, U.DumpProcessUsage, 9, ** Service'Network Connections'
24-12-19, 10:44:58.813, Info, U.DumpProcessUsage, 9, ** Service'Program Compatibility Assistant Service'
24-12-19, 10:44:58.813, Info, U.DumpProcessUsage, 9, ** Service'Superfetch'
24-12-19, 10:44:58.813, Info, U.DumpProcessUsage, 9, ** Service'Desktop Window Manager Session Manager'
24-12-19, 10:44:58.813, Info, U.DumpProcessUsage, 9, ** Service'Windows Driver Foundation - User-mode Driver Framework'
24-12-19, 10:44:58.813, Info, U.DumpProcessUsage, 9, Added Id=872, Name=PCFasterSvc, 2.76,(%),4.04,(Sec)
24-12-19, 10:44:58.813, Info, U.DumpProcessUsage, 9, Added Id=3220, Name=svchost, 0.09,(%),0.12,(Sec)
24-12-19, 10:44:58.813, Info, U.DumpProcessUsage, 9, ** Service'Net Driver HPZ12'
24-12-19, 10:44:58.813, Info, U.DumpProcessUsage, 9, Added Id=3900, Name=coherence, 0.15,(%),0.22,(Sec)
24-12-19, 10:44:58.813, Info, U.DumpProcessUsage, 9, ** Service'Parallels Coherence Service'
24-12-19, 10:44:58.813, Info, U.DumpProcessUsage, 9, Added Id=2916, Name=svchost, 0.11,(%),0.16,(Sec)
24-12-19, 10:44:58.813, Info, U.DumpProcessUsage, 9, ** Service'Pml Driver HPZ12'
24-12-19, 10:44:58.813, Info, U.DumpProcessUsage, 9, Added Id=3312, Name=niauth_daemon, 0.38,(%),0.56,(Sec)
24-12-19, 10:44:58.813, Info, U.DumpProcessUsage, 9, ** Service'NI Authentication Service'
24-12-19, 10:44:58.813, Info, U.DumpProcessUsage, 9, Added Id=580, Name=lsm, 0.22,(%),0.33,(Sec)
24-12-19, 10:44:58.813, Info, U.DumpProcessUsage, 9, Added Id=6720, Name=WmiPrvSE, 2.78,(%),4.07,(Sec)
24-12-19, 10:44:58.813, Info, U.DumpProcessUsage, 9, Added Id=7060, Name=hpqste08, 0.54,(%),0.8,(Sec)
24-12-19, 10:44:58.813, Info, U.DumpProcessUsage, 9, Added Id=1940, Name=CorGigEStatus, 0.18,(%),0.27,(Sec)
24-12-19, 10:44:58.813, Info, U.DumpProcessUsage, 9, Added Id=4108, Name=svchost, 0.2,(%),0.3,(Sec)
24-12-19, 10:44:58.813, Info, U.DumpProcessUsage, 9, ** Service'Windows Image Acquisition (WIA)'
24-12-19, 10:44:58.813, Info, U.DumpProcessUsage, 9, Added Id=564, Name=winlogon, 0.82,(%),1.2,(Sec)
24-12-19, 10:44:58.813, Info, U.DumpProcessUsage, 9, Added Id=5432, Name=SearchIndexer, 0.83,(%),1.22,(Sec)
24-12-19, 10:44:58.813, Info, U.DumpProcessUsage, 9, ** Service'Windows Search'
24-12-19, 10:44:58.813, Info, U.DumpProcessUsage, 9, Added Id=4900, Name=ApplicationWebServer, 0.84,(%),1.23,(Sec)
24-12-19, 10:44:58.813, Info, U.DumpProcessUsage, 9, ** Service'NI Application Web Server'
24-12-19, 10:44:58.813, Info, U.DumpProcessUsage, 9, Added Id=7856, Name=MSBuild, 0.72,(%),1.06,(Sec)
24-12-19, 10:44:58.813, Info, U.DumpProcessUsage, 9, Added Id=5244, Name=WUDFHost, 0.17,(%),0.25,(Sec)
24-12-19, 10:44:58.813, Info, U.DumpProcessUsage, 9, Added Id=2344, Name=prl_cc, 6.23,(%),9.13,(Sec)
24-12-19, 10:44:58.813, Info, U.DumpProcessUsage, 9, Added Id=572, Name=lsass, 1.09,(%),1.59,(Sec)
24-12-19, 10:44:58.813, Info, U.DumpProcessUsage, 9, ** Service'Security Accounts Manager'
24-12-19, 10:44:58.813, Info, U.DumpProcessUsage, 9, Added Id=4712, Name=NIWebServiceContainer, 0.18,(%),0.27,(Sec)
24-12-19, 10:44:58.813, Info, U.DumpProcessUsage, 9, Added Id=2152, Name=CorLogServer, 0.2,(%),0.3,(Sec)
24-12-19, 10:44:58.813, Info, U.DumpProcessUsage, 9, ** Service'Sapera Log Server'
24-12-19, 10:44:58.813, Info, U.DumpProcessUsage, 9, Added Id=4320, Name=SearchFilterHost, 0.16,(%),0.23,(Sec)
24-12-19, 10:44:58.813, Info, U.DumpProcessUsage, 9, Added Id=2944, Name=hpwuschd2, 0.19,(%),0.28,(Sec)
24-12-19, 10:44:58.813, Info, U.DumpProcessUsage, 9, Added Id=1764, Name=taskeng, 0.14,(%),0.2,(Sec)
24-12-19, 10:44:58.813, Info, U.DumpProcessUsage, 9, Added Id=5640, Name=hpqgpc01, 0.18,(%),0.27,(Sec)
24-12-19, 10:44:58.813, Info, U.DumpProcessUsage, 9, Added Id=5116, Name=WmiPrvSE, 0.62,(%),0.9,(Sec)
24-12-19, 10:44:58.813, Info, U.DumpProcessUsage, 9, Added Id=6496, Name=devenv, 22.96,(%),33.65,(Sec)
24-12-19, 10:44:58.813, Info, U.DumpProcessUsage, 9, Added Id=6300, Name=TSVNCache, 0.27,(%),0.39,(Sec)
24-12-19, 10:44:58.813, Info, U.DumpProcessUsage, 9, Added Id=6416, Name=IntelliTrace, 0.29,(%),0.42,(Sec)
24-12-19, 10:44:58.813, Info, U.DumpProcessUsage, 9, Total time to dump = 178.81 mS
24-12-19, 10:44:58.814, Info, CompRoot.ApplicationSetup, 9, Application Loading : AppMachine - Ver 1.0 Build 0 (Official)
24-12-19, 10:44:58.814, Info, U.DumpProcessUsage, 9, Dumping Processes at AppSetup2.  Current total CPU Usage=,21.56374%, time since last=,178.9
24-12-19, 10:44:58.816, Info, U.DumpProcessUsage, 9, Time to getProceses = 2.79 mS
24-12-19, 10:44:58.831, Info, U.DumpProcessUsage, 9, Time to extract services = 14.24 mS
24-12-19, 10:44:58.831, Info, U.DumpProcessUsage, 9, Existing Id=7044, Name=AppMachine.vshost, 27.27,(%),0.05,(Sec)
24-12-19, 10:44:58.832, Info, U.DumpProcessUsage, 9, ** Thread Main GUI(7348) = 15.6 mS
24-12-19, 10:44:58.832, Info, U.DumpProcessUsage, 9, Existing Id=6160, Name=msvsmon, 72.73,(%),0.12,(Sec)
24-12-19, 10:44:58.832, Info, U.DumpProcessUsage, 9, Total time to dump = 18.04 mS
24-12-19, 10:44:58.939, Info, CompRoot.ApplicationSetup, 9, StopWatch Resolution=True
24-12-19, 10:44:58.939, Info, CompRoot.ApplicationSetup, 9, StopWatch Frequency=10000000
24-12-19, 10:44:58.939, Info, U.DumpProcessUsage, 9, Dumping Processes at End AppSetup.  Current total CPU Usage=,40.7196%, time since last=,124.9
24-12-19, 10:44:58.941, Info, U.DumpProcessUsage, 9, Time to getProceses = 2.51 mS
24-12-19, 10:44:58.955, Info, U.DumpProcessUsage, 9, Time to extract services = 14.19 mS
24-12-19, 10:44:58.956, Info, U.DumpProcessUsage, 9, Existing Id=7044, Name=AppMachine.vshost, 38.46,(%),0.08,(Sec)
24-12-19, 10:44:58.956, Info, U.DumpProcessUsage, 9, ** Thread Main GUI(7348) = 93.6 mS
24-12-19, 10:44:58.956, Info, U.DumpProcessUsage, 9, Existing Id=536, Name=services, 7.69,(%),0.02,(Sec)
24-12-19, 10:44:58.956, Info, U.DumpProcessUsage, 9, Existing Id=6496, Name=devenv, 38.46,(%),0.08,(Sec)
24-12-19, 10:44:58.956, Info, U.DumpProcessUsage, 9, Existing Id=6416, Name=IntelliTrace, 15.38,(%),0.03,(Sec)
24-12-19, 10:44:58.957, Info, U.DumpProcessUsage, 9, Total time to dump = 17.82 mS
24-12-19, 10:46:12.050, Info, U.DumpProcessUsage, 8, Dumping Processes at AppSetup1.  Current total CPU Usage=,100%, time since last=,1153.8
24-12-19, 10:46:12.057, Info, U.DumpProcessUsage, 8, Time to getProceses = 9.19 mS
24-12-19, 10:46:12.096, Info, U.DumpProcessUsage, 8, ** Service threw exception: 'DCOM Server Process Launcher'
24-12-19, 10:46:12.111, Info, U.DumpProcessUsage, 8, ** Service threw exception: 'Diagnostic Policy Service'
24-12-19, 10:46:12.126, Info, U.DumpProcessUsage, 8, ** Service threw exception: 'Group Policy Client'
24-12-19, 10:46:12.143, Info, U.DumpProcessUsage, 8, ** Service threw exception: 'Distributed Transaction Coordinator'
24-12-19, 10:46:12.163, Info, U.DumpProcessUsage, 8, ** Service threw exception: 'RPC Endpoint Mapper'
24-12-19, 10:46:12.178, Info, U.DumpProcessUsage, 8, ** Service threw exception: 'Remote Procedure Call (RPC)'
24-12-19, 10:46:12.193, Info, U.DumpProcessUsage, 8, ** Service threw exception: 'Task Scheduler'
24-12-19, 10:46:12.210, Info, U.DumpProcessUsage, 8, ** Service threw exception: 'Diagnostic Service Host'
24-12-19, 10:46:12.225, Info, U.DumpProcessUsage, 8, ** Service threw exception: 'Diagnostic System Host'
24-12-19, 10:46:12.227, Info, U.DumpProcessUsage, 8, Time to extract services = 169.6 mS
24-12-19, 10:46:12.228, Info, U.DumpProcessUsage, 8, Added Id=4336, Name=lktsrv, 0.22,(%),0.36,(Sec)
24-12-19, 10:46:12.228, Info, U.DumpProcessUsage, 8, ** Service'NI Time Synchronization'
24-12-19, 10:46:12.228, Info, U.DumpProcessUsage, 8, Added Id=2960, Name=MustangSer1249, 0.18,(%),0.3,(Sec)
24-12-19, 10:46:12.228, Info, U.DumpProcessUsage, 8, ** Service'MustangService DispalyName'
24-12-19, 10:46:12.228, Info, U.DumpProcessUsage, 8, Added Id=7864, Name=conhost, 0.22,(%),0.36,(Sec)
24-12-19, 10:46:12.228, Info, U.DumpProcessUsage, 8, Added Id=1780, Name=explorer, 3.65,(%),5.94,(Sec)
24-12-19, 10:46:12.228, Info, U.DumpProcessUsage, 8, Added Id=5524, Name=NIWebServiceContainer, 0.16,(%),0.27,(Sec)
24-12-19, 10:46:12.228, Info, U.DumpProcessUsage, 8, Added Id=3752, Name=nisvcloc, 0.17,(%),0.28,(Sec)
24-12-19, 10:46:12.228, Info, U.DumpProcessUsage, 8, ** Service'NI Service Locator'
24-12-19, 10:46:12.228, Info, U.DumpProcessUsage, 8, Added Id=7104, Name=msvsmon, 0.42,(%),0.69,(Sec)
24-12-19, 10:46:12.228, Info, U.DumpProcessUsage, 8, Added Id=788, Name=PCFasterSvc, 1.29,(%),2.11,(Sec)
24-12-19, 10:46:12.228, Info, U.DumpProcessUsage, 8, ** Service'Baidu PC Faster Service 5.1.0.0'
24-12-19, 10:46:12.228, Info, U.DumpProcessUsage, 8, Added Id=4744, Name=vmware-hostd, 1.23,(%),2,(Sec)
24-12-19, 10:46:12.228, Info, U.DumpProcessUsage, 8, ** Service'VMware Workstation Server'
24-12-19, 10:46:12.228, Info, U.DumpProcessUsage, 8, Added Id=3684, Name=nidmsrv, 0.13,(%),0.22,(Sec)
24-12-19, 10:46:12.228, Info, U.DumpProcessUsage, 8, ** Service'NI Domain Service'
24-12-19, 10:46:12.228, Info, U.DumpProcessUsage, 8, Added Id=5340, Name=WmiPrvSE, 0.16,(%),0.27,(Sec)
24-12-19, 10:46:12.228, Info, U.DumpProcessUsage, 8, Added Id=2780, Name=coherence, 0.08,(%),0.12,(Sec)
24-12-19, 10:46:12.228, Info, U.DumpProcessUsage, 8, Added Id=6140, Name=svchost, 0.07,(%),0.11,(Sec)
24-12-19, 10:46:12.228, Info, U.DumpProcessUsage, 8, ** Service'SSDP Discovery'
24-12-19, 10:46:12.228, Info, U.DumpProcessUsage, 8, ** Service'Windows Connect Now - Config Registrar'
24-12-19, 10:46:12.228, Info, U.DumpProcessUsage, 8, Added Id=2784, Name=lkads, 0.29,(%),0.47,(Sec)
24-12-19, 10:46:12.229, Info, U.DumpProcessUsage, 8, ** Service'NI PSP Service Locator'
24-12-19, 10:46:12.229, Info, U.DumpProcessUsage, 8, Added Id=1408, Name=spoolsv, 0.63,(%),1.03,(Sec)
24-12-19, 10:46:12.229, Info, U.DumpProcessUsage, 8, ** Service'Print Spooler'
24-12-19, 10:46:12.229, Info, U.DumpProcessUsage, 8, Added Id=596, Name=WmiApSrv, 0.12,(%),0.2,(Sec)
24-12-19, 10:46:12.229, Info, U.DumpProcessUsage, 8, ** Service'WMI Performance Adapter'
24-12-19, 10:46:12.229, Info, U.DumpProcessUsage, 8, Added Id=5376, Name=IntelliTrace, 0.34,(%),0.55,(Sec)
24-12-19, 10:46:12.229, Info, U.DumpProcessUsage, 8, Added Id=7912, Name=MSBuild, 0.93,(%),1.51,(Sec)
24-12-19, 10:46:12.229, Info, U.DumpProcessUsage, 8, Added Id=2200, Name=TSVNCache, 0.19,(%),0.31,(Sec)
24-12-19, 10:46:12.229, Info, U.DumpProcessUsage, 8, Added Id=236, Name=nimxs, 0.87,(%),1.42,(Sec)
24-12-19, 10:46:12.229, Info, U.DumpProcessUsage, 8, ** Service'NI Configuration Manager'
24-12-19, 10:46:12.229, Info, U.DumpProcessUsage, 8, Added Id=1616, Name=cogss_srv, 0.14,(%),0.23,(Sec)
24-12-19, 10:46:12.229, Info, U.DumpProcessUsage, 8, ** Service'Cognex Security Service'
24-12-19, 10:46:12.229, Info, U.DumpProcessUsage, 8, Added Id=2012, Name=mDNSResponder, 0.18,(%),0.3,(Sec)
24-12-19, 10:46:12.229, Info, U.DumpProcessUsage, 8, ** Service'Bonjour Service'
24-12-19, 10:46:12.229, Info, U.DumpProcessUsage, 8, Added Id=1816, Name=AppleMobileDeviceService, 0.23,(%),0.37,(Sec)
24-12-19, 10:46:12.229, Info, U.DumpProcessUsage, 8, ** Service'Apple Mobile Device Service'
24-12-19, 10:46:12.229, Info, U.DumpProcessUsage, 8, Added Id=4772, Name=vmnetdhcp, 0.2,(%),0.33,(Sec)
24-12-19, 10:46:12.229, Info, U.DumpProcessUsage, 8, ** Service'VMware DHCP Service'
24-12-19, 10:46:12.229, Info, U.DumpProcessUsage, 8, Added Id=8048, Name=conhost, 0.08,(%),0.12,(Sec)
24-12-19, 10:46:12.229, Info, U.DumpProcessUsage, 8, Added Id=6308, Name=msdtc, 0.14,(%),0.23,(Sec)
24-12-19, 10:46:12.229, Info, U.DumpProcessUsage, 8, Added Id=4280, Name=lkcitdl, 0.12,(%),0.2,(Sec)
24-12-19, 10:46:12.229, Info, U.DumpProcessUsage, 8, ** Service'NI Citadel 4 Service'
24-12-19, 10:46:12.229, Info, U.DumpProcessUsage, 8, Added Id=4580, Name=SystemWebServer, 0.44,(%),0.72,(Sec)
24-12-19, 10:46:12.229, Info, U.DumpProcessUsage, 8, ** Service'NI System Web Server'
24-12-19, 10:46:12.229, Info, U.DumpProcessUsage, 8, Added Id=7144, Name=hpqbam08, 0.11,(%),0.19,(Sec)
24-12-19, 10:46:12.229, Info, U.DumpProcessUsage, 8, Added Id=648, Name=svchost, 2.03,(%),3.31,(Sec)
24-12-19, 10:46:12.229, Info, U.DumpProcessUsage, 8, ** Service'Application Experience'
24-12-19, 10:46:12.229, Info, U.DumpProcessUsage, 8, ** Service'Application Information'
24-12-19, 10:46:12.229, Info, U.DumpProcessUsage, 8, ** Service'Background Intelligent Transfer Service'
24-12-19, 10:46:12.229, Info, U.DumpProcessUsage, 8, ** Service'Computer Browser'
24-12-19, 10:46:12.229, Info, U.DumpProcessUsage, 8, ** Service'IKE and AuthIP IPsec Keying Modules'
24-12-19, 10:46:12.229, Info, U.DumpProcessUsage, 8, ** Service'IP Helper'
24-12-19, 10:46:12.229, Info, U.DumpProcessUsage, 8, ** Service'Server'
24-12-19, 10:46:12.229, Info, U.DumpProcessUsage, 8, ** Service'Multimedia Class Scheduler'
24-12-19, 10:46:12.229, Info, U.DumpProcessUsage, 8, ** Service'Parallels User Profile Service'
24-12-19, 10:46:12.229, Info, U.DumpProcessUsage, 8, ** Service'User Profile Service'
24-12-19, 10:46:12.229, Info, U.DumpProcessUsage, 8, ** Service'System Event Notification Service'
24-12-19, 10:46:12.229, Info, U.DumpProcessUsage, 8, ** Service'Shell Hardware Detection'
24-12-19, 10:46:12.229, Info, U.DumpProcessUsage, 8, ** Service'Themes'
24-12-19, 10:46:12.229, Info, U.DumpProcessUsage, 8, ** Service'Windows Management Instrumentation'
24-12-19, 10:46:12.229, Info, U.DumpProcessUsage, 8, ** Service'Windows Update'
24-12-19, 10:46:12.229, Info, U.DumpProcessUsage, 8, Added Id=3604, Name=dllhost, 0.15,(%),0.25,(Sec)
24-12-19, 10:46:12.229, Info, U.DumpProcessUsage, 8, ** Service'PrlVssProvider'
24-12-19, 10:46:12.229, Info, U.DumpProcessUsage, 8, Added Id=1044, Name=audiodg, 0.39,(%),0.64,(Sec)
24-12-19, 10:46:12.229, Info, U.DumpProcessUsage, 8, Added Id=1244, Name=svchost, 0.79,(%),1.29,(Sec)
24-12-19, 10:46:12.229, Info, U.DumpProcessUsage, 8, ** Service'Cryptographic Services'
24-12-19, 10:46:12.229, Info, U.DumpProcessUsage, 8, ** Service'DNS Client'
24-12-19, 10:46:12.229, Info, U.DumpProcessUsage, 8, ** Service'Workstation'
24-12-19, 10:46:12.229, Info, U.DumpProcessUsage, 8, ** Service'Network Location Awareness'
24-12-19, 10:46:12.230, Info, U.DumpProcessUsage, 8, Added Id=5020, Name=niLxiDiscovery, 0.1,(%),0.16,(Sec)
24-12-19, 10:46:12.230, Info, U.DumpProcessUsage, 8, ** Service'NI LXI Discovery Service'
24-12-19, 10:46:12.230, Info, U.DumpProcessUsage, 8, Added Id=948, Name=svchost, 0.58,(%),0.95,(Sec)
24-12-19, 10:46:12.230, Info, U.DumpProcessUsage, 8, ** Service'COM+ Event System'
24-12-19, 10:46:12.230, Info, U.DumpProcessUsage, 8, ** Service'Function Discovery Provider Host'
24-12-19, 10:46:12.230, Info, U.DumpProcessUsage, 8, ** Service'Windows Font Cache Service'
24-12-19, 10:46:12.230, Info, U.DumpProcessUsage, 8, ** Service'Network List Service'
24-12-19, 10:46:12.230, Info, U.DumpProcessUsage, 8, ** Service'Network Store Interface Service'
24-12-19, 10:46:12.230, Info, U.DumpProcessUsage, 8, ** Service'WinHTTP Web Proxy Auto-Discovery Service'
24-12-19, 10:46:12.230, Info, U.DumpProcessUsage, 8, Added Id=1444, Name=svchost, 0.84,(%),1.37,(Sec)
24-12-19, 10:46:12.230, Info, U.DumpProcessUsage, 8, ** Service'Base Filtering Engine'
24-12-19, 10:46:12.230, Info, U.DumpProcessUsage, 8, ** Service'Windows Firewall'
24-12-19, 10:46:12.230, Info, U.DumpProcessUsage, 8, Added Id=5780, Name=dllhost, 0.27,(%),0.44,(Sec)
24-12-19, 10:46:12.230, Info, U.DumpProcessUsage, 8, ** Service'COM+ System Application'
24-12-19, 10:46:12.230, Info, U.DumpProcessUsage, 8, Added Id=2432, Name=svchost, 0.72,(%),1.17,(Sec)
24-12-19, 10:46:12.230, Info, U.DumpProcessUsage, 8, ** Service'hpqcxs08'
24-12-19, 10:46:12.230, Info, U.DumpProcessUsage, 8, ** Service'HP CUE DeviceDiscovery Service'
24-12-19, 10:46:12.230, Info, U.DumpProcessUsage, 8, Added Id=2828, Name=prl_tools, 0.42,(%),0.69,(Sec)
24-12-19, 10:46:12.230, Info, U.DumpProcessUsage, 8, Added Id=4996, Name=NIWebServiceContainer, 0.26,(%),0.42,(Sec)
24-12-19, 10:46:12.230, Info, U.DumpProcessUsage, 8, Added Id=5588, Name=DiscSoftBusService, 0.18,(%),0.3,(Sec)
24-12-19, 10:46:12.230, Info, U.DumpProcessUsage, 8, ** Service'Disc Soft Lite Bus Service'
24-12-19, 10:46:12.230, Info, U.DumpProcessUsage, 8, Added Id=468, Name=wininit, 0.38,(%),0.62,(Sec)
24-12-19, 10:46:12.230, Info, U.DumpProcessUsage, 8, Added Id=4680, Name=vmware-authd, 0.35,(%),0.58,(Sec)
24-12-19, 10:46:12.230, Info, U.DumpProcessUsage, 8, ** Service'VMware Authorization Service'
24-12-19, 10:46:12.230, Info, U.DumpProcessUsage, 8, Added Id=7624, Name=conhost, 0.14,(%),0.23,(Sec)
24-12-19, 10:46:12.230, Info, U.DumpProcessUsage, 8, Added Id=4024, Name=prl_tools_service, 0.13,(%),0.22,(Sec)
24-12-19, 10:46:12.230, Info, U.DumpProcessUsage, 8, ** Service'Parallels Tools Service'
24-12-19, 10:46:12.230, Info, U.DumpProcessUsage, 8, Added Id=3240, Name=FasterNow, 3.5,(%),5.69,(Sec)
24-12-19, 10:46:12.230, Info, U.DumpProcessUsage, 8, Added Id=2060, Name=CorGigEServer, 0.23,(%),0.37,(Sec)
24-12-19, 10:46:12.230, Info, U.DumpProcessUsage, 8, ** Service'Sapera GigE Service'
24-12-19, 10:46:12.230, Info, U.DumpProcessUsage, 8, Added Id=4032, Name=coherence, 0.11,(%),0.19,(Sec)
24-12-19, 10:46:12.230, Info, U.DumpProcessUsage, 8, Added Id=488, Name=csrss, 1.61,(%),2.62,(Sec)
24-12-19, 10:46:12.230, Info, U.DumpProcessUsage, 8, Added Id=1152, Name=cogremind_srv, 0.13,(%),0.22,(Sec)
24-12-19, 10:46:12.230, Info, U.DumpProcessUsage, 8, ** Service'Cognex Reminder Service'
24-12-19, 10:46:12.230, Info, U.DumpProcessUsage, 8, Added Id=688, Name=Microsoft.Alm.Shared.Remoting.RemoteContainer.dll, 1.97,(%),3.21,(Sec)
24-12-19, 10:46:12.230, Info, U.DumpProcessUsage, 8, Added Id=4432, Name=nimdnsResponder, 0.15,(%),0.25,(Sec)
24-12-19, 10:46:12.230, Info, U.DumpProcessUsage, 8, ** Service'NI mDNS Responder Service'
24-12-19, 10:46:12.230, Info, U.DumpProcessUsage, 8, Added Id=3448, Name=nidevldu, 0.11,(%),0.19,(Sec)
24-12-19, 10:46:12.230, Info, U.DumpProcessUsage, 8, ** Service'NI Device Loader'
24-12-19, 10:46:12.230, Info, U.DumpProcessUsage, 8, Added Id=1676, Name=dwm, 0.8,(%),1.31,(Sec)
24-12-19, 10:46:12.230, Info, U.DumpProcessUsage, 8, Added Id=7944, Name=conhost, 0.11,(%),0.17,(Sec)
24-12-19, 10:46:12.230, Info, U.DumpProcessUsage, 8, Added Id=2468, Name=IpOverUsbSvc, 0.26,(%),0.42,(Sec)
24-12-19, 10:46:12.230, Info, U.DumpProcessUsage, 8, ** Service'Windows Phone IP over USB Transport (IpOverUsbSvc)'
24-12-19, 10:46:12.230, Info, U.DumpProcessUsage, 8, Added Id=4560, Name=NIWebServiceContainer, 0.66,(%),1.08,(Sec)
24-12-19, 10:46:12.230, Info, U.DumpProcessUsage, 8, Added Id=7200, Name=AppMachine.vshost, 0.52,(%),0.84,(Sec)
24-12-19, 10:46:12.232, Info, U.DumpProcessUsage, 8, ** Thread Main GUI(3932) = 468 mS
24-12-19, 10:46:12.232, Info, U.DumpProcessUsage, 8, Added Id=420, Name=csrss, 1.02,(%),1.65,(Sec)
24-12-19, 10:46:12.232, Info, U.DumpProcessUsage, 8, Added Id=900, Name=svchost, 0.44,(%),0.72,(Sec)
24-12-19, 10:46:12.232, Info, U.DumpProcessUsage, 8, Added Id=3856, Name=tagsrv, 0.36,(%),0.59,(Sec)
24-12-19, 10:46:12.232, Info, U.DumpProcessUsage, 8, ** Service'NI Variable Engine'
24-12-19, 10:46:12.232, Info, U.DumpProcessUsage, 8, Added Id=2872, Name=mysqld, 0.34,(%),0.55,(Sec)
24-12-19, 10:46:12.232, Info, U.DumpProcessUsage, 8, ** Service'MySQL56'
24-12-19, 10:46:12.232, Info, U.DumpProcessUsage, 8, Added Id=7996, Name=MSBuild, 0.66,(%),1.08,(Sec)
24-12-19, 10:46:12.232, Info, U.DumpProcessUsage, 8, Added Id=708, Name=svchost, 3.27,(%),5.32,(Sec)
24-12-19, 10:46:12.232, Info, U.DumpProcessUsage, 8, ** Service'Plug and Play'
24-12-19, 10:46:12.232, Info, U.DumpProcessUsage, 8, ** Service'Power'
24-12-19, 10:46:12.232, Info, U.DumpProcessUsage, 8, Added Id=1500, Name=taskhost, 0.23,(%),0.37,(Sec)
24-12-19, 10:46:12.232, Info, U.DumpProcessUsage, 8, Added Id=4544, Name=nipxism, 0.48,(%),0.78,(Sec)
24-12-19, 10:46:12.232, Info, U.DumpProcessUsage, 8, ** Service'NI PXI Resource Manager'
24-12-19, 10:46:12.232, Info, U.DumpProcessUsage, 8, Added Id=4064, Name=NIWebServiceContainer, 0.15,(%),0.25,(Sec)
24-12-19, 10:46:12.232, Info, U.DumpProcessUsage, 8, Added Id=2292, Name=PCFTray, 1.04,(%),1.7,(Sec)
24-12-19, 10:46:12.232, Info, U.DumpProcessUsage, 8, Added Id=2096, Name=hpqtra08, 0.34,(%),0.55,(Sec)
24-12-19, 10:46:12.232, Info, U.DumpProcessUsage, 8, Added Id=324, Name=smss, 0.2,(%),0.33,(Sec)
24-12-19, 10:46:12.232, Info, U.DumpProcessUsage, 8, Added Id=7616, Name=MSBuild, 1.33,(%),2.17,(Sec)
24-12-19, 10:46:12.232, Info, U.DumpProcessUsage, 8, Added Id=4860, Name=vmware-usbarbitrator64, 0.14,(%),0.23,(Sec)
24-12-19, 10:46:12.232, Info, U.DumpProcessUsage, 8, ** Service'VMware USB Arbitration Service'
24-12-19, 10:46:12.232, Info, U.DumpProcessUsage, 8, Added Id=2300, Name=hasplms, 0.51,(%),0.83,(Sec)
24-12-19, 10:46:12.232, Info, U.DumpProcessUsage, 8, ** Service'HASP License Manager'
24-12-19, 10:46:12.232, Info, U.DumpProcessUsage, 8, Added Id=1316, Name=cogsls_srv, 0.13,(%),0.22,(Sec)
24-12-19, 10:46:12.232, Info, U.DumpProcessUsage, 8, ** Service'Cognex Software Licensing Service'
24-12-19, 10:46:12.232, Info, U.DumpProcessUsage, 8, Added Id=924, Name=CorDHCPServer, 0.15,(%),0.25,(Sec)
24-12-19, 10:46:12.232, Info, U.DumpProcessUsage, 8, ** Service'Sapera DHCP Server'
24-12-19, 10:46:12.232, Info, U.DumpProcessUsage, 8, Added Id=2896, Name=DeviceMonitor, 0.94,(%),1.53,(Sec)
24-12-19, 10:46:12.232, Info, U.DumpProcessUsage, 8, Added Id=336, Name=svchost, 0.71,(%),1.15,(Sec)
24-12-19, 10:46:12.232, Info, U.DumpProcessUsage, 8, ** Service'Windows Audio'
24-12-19, 10:46:12.232, Info, U.DumpProcessUsage, 8, ** Service'DHCP Client'
24-12-19, 10:46:12.232, Info, U.DumpProcessUsage, 8, ** Service'Windows Event Log'
24-12-19, 10:46:12.232, Info, U.DumpProcessUsage, 8, ** Service'TCP/IP NetBIOS Helper'
24-12-19, 10:46:12.232, Info, U.DumpProcessUsage, 8, ** Service'Security Center'
24-12-19, 10:46:12.232, Info, U.DumpProcessUsage, 8, Added Id=536, Name=services, 1.48,(%),2.42,(Sec)
24-12-19, 10:46:12.232, Info, U.DumpProcessUsage, 8, Added Id=1128, Name=svchost, 0.17,(%),0.28,(Sec)
24-12-19, 10:46:12.232, Info, U.DumpProcessUsage, 8, Added Id=4084, Name=niDiscSvc, 0.19,(%),0.31,(Sec)
24-12-19, 10:46:12.232, Info, U.DumpProcessUsage, 8, ** Service'NI Network Discovery'
24-12-19, 10:46:12.232, Info, U.DumpProcessUsage, 8, Added Id=2116, Name=nierserver, 0.14,(%),0.23,(Sec)
24-12-19, 10:46:12.232, Info, U.DumpProcessUsage, 8, Added Id=2708, Name=vmware-tray, 0.15,(%),0.25,(Sec)
24-12-19, 10:46:12.232, Info, U.DumpProcessUsage, 8, Added Id=4876, Name=NIWebServiceContainer, 0.13,(%),0.22,(Sec)
24-12-19, 10:46:12.232, Info, U.DumpProcessUsage, 8, Added Id=4196, Name=vmnat, 0.14,(%),0.23,(Sec)
24-12-19, 10:46:12.232, Info, U.DumpProcessUsage, 8, ** Service'VMware NAT Service'
24-12-19, 10:46:12.232, Info, U.DumpProcessUsage, 8, Added Id=6072, Name=svchost, 5.56,(%),9.06,(Sec)
24-12-19, 10:46:12.232, Info, U.DumpProcessUsage, 8, ** Service'Windows Defender'
24-12-19, 10:46:12.232, Info, U.DumpProcessUsage, 8, Added Id=528, Name=svchost, 3.56,(%),5.8,(Sec)
24-12-19, 10:46:12.232, Info, U.DumpProcessUsage, 8, ** Service'Windows Audio Endpoint Builder'
24-12-19, 10:46:12.232, Info, U.DumpProcessUsage, 8, ** Service'Network Connections'
24-12-19, 10:46:12.233, Info, U.DumpProcessUsage, 8, ** Service'Program Compatibility Assistant Service'
24-12-19, 10:46:12.233, Info, U.DumpProcessUsage, 8, ** Service'Superfetch'
24-12-19, 10:46:12.233, Info, U.DumpProcessUsage, 8, ** Service'Desktop Window Manager Session Manager'
24-12-19, 10:46:12.233, Info, U.DumpProcessUsage, 8, ** Service'Windows Driver Foundation - User-mode Driver Framework'
24-12-19, 10:46:12.233, Info, U.DumpProcessUsage, 8, Added Id=872, Name=PCFasterSvc, 3.33,(%),5.43,(Sec)
24-12-19, 10:46:12.233, Info, U.DumpProcessUsage, 8, Added Id=3220, Name=svchost, 0.08,(%),0.12,(Sec)
24-12-19, 10:46:12.233, Info, U.DumpProcessUsage, 8, ** Service'Net Driver HPZ12'
24-12-19, 10:46:12.233, Info, U.DumpProcessUsage, 8, Added Id=3900, Name=coherence, 0.13,(%),0.22,(Sec)
24-12-19, 10:46:12.233, Info, U.DumpProcessUsage, 8, ** Service'Parallels Coherence Service'
24-12-19, 10:46:12.233, Info, U.DumpProcessUsage, 8, Added Id=2916, Name=svchost, 0.1,(%),0.16,(Sec)
24-12-19, 10:46:12.233, Info, U.DumpProcessUsage, 8, ** Service'Pml Driver HPZ12'
24-12-19, 10:46:12.233, Info, U.DumpProcessUsage, 8, Added Id=3312, Name=niauth_daemon, 0.34,(%),0.56,(Sec)
24-12-19, 10:46:12.233, Info, U.DumpProcessUsage, 8, ** Service'NI Authentication Service'
24-12-19, 10:46:12.233, Info, U.DumpProcessUsage, 8, Added Id=580, Name=lsm, 0.2,(%),0.33,(Sec)
24-12-19, 10:46:12.233, Info, U.DumpProcessUsage, 8, Added Id=6720, Name=WmiPrvSE, 2.55,(%),4.15,(Sec)
24-12-19, 10:46:12.233, Info, U.DumpProcessUsage, 8, Added Id=7060, Name=hpqste08, 0.49,(%),0.8,(Sec)
24-12-19, 10:46:12.233, Info, U.DumpProcessUsage, 8, Added Id=1940, Name=CorGigEStatus, 0.16,(%),0.27,(Sec)
24-12-19, 10:46:12.233, Info, U.DumpProcessUsage, 8, Added Id=4108, Name=svchost, 0.18,(%),0.3,(Sec)
24-12-19, 10:46:12.233, Info, U.DumpProcessUsage, 8, ** Service'Windows Image Acquisition (WIA)'
24-12-19, 10:46:12.233, Info, U.DumpProcessUsage, 8, Added Id=5500, Name=conhost, 0.05,(%),0.08,(Sec)
24-12-19, 10:46:12.233, Info, U.DumpProcessUsage, 8, Added Id=564, Name=winlogon, 0.74,(%),1.2,(Sec)
24-12-19, 10:46:12.233, Info, U.DumpProcessUsage, 8, Added Id=5432, Name=SearchIndexer, 0.76,(%),1.23,(Sec)
24-12-19, 10:46:12.233, Info, U.DumpProcessUsage, 8, ** Service'Windows Search'
24-12-19, 10:46:12.233, Info, U.DumpProcessUsage, 8, Added Id=4900, Name=ApplicationWebServer, 0.76,(%),1.23,(Sec)
24-12-19, 10:46:12.233, Info, U.DumpProcessUsage, 8, ** Service'NI Application Web Server'
24-12-19, 10:46:12.233, Info, U.DumpProcessUsage, 8, Added Id=7856, Name=MSBuild, 0.71,(%),1.15,(Sec)
24-12-19, 10:46:12.233, Info, U.DumpProcessUsage, 8, Added Id=5244, Name=WUDFHost, 0.15,(%),0.25,(Sec)
24-12-19, 10:46:12.233, Info, U.DumpProcessUsage, 8, Added Id=2344, Name=prl_cc, 5.99,(%),9.77,(Sec)
24-12-19, 10:46:12.233, Info, U.DumpProcessUsage, 8, Added Id=572, Name=lsass, 1.43,(%),2.32,(Sec)
24-12-19, 10:46:12.233, Info, U.DumpProcessUsage, 8, ** Service'Security Accounts Manager'
24-12-19, 10:46:12.233, Info, U.DumpProcessUsage, 8, Added Id=4712, Name=NIWebServiceContainer, 0.16,(%),0.27,(Sec)
24-12-19, 10:46:12.233, Info, U.DumpProcessUsage, 8, Added Id=2152, Name=CorLogServer, 0.18,(%),0.3,(Sec)
24-12-19, 10:46:12.233, Info, U.DumpProcessUsage, 8, ** Service'Sapera Log Server'
24-12-19, 10:46:12.233, Info, U.DumpProcessUsage, 8, Added Id=2944, Name=hpwuschd2, 0.17,(%),0.28,(Sec)
24-12-19, 10:46:12.233, Info, U.DumpProcessUsage, 8, Added Id=5640, Name=hpqgpc01, 0.16,(%),0.27,(Sec)
24-12-19, 10:46:12.233, Info, U.DumpProcessUsage, 8, Added Id=5116, Name=WmiPrvSE, 0.56,(%),0.9,(Sec)
24-12-19, 10:46:12.233, Info, U.DumpProcessUsage, 8, Added Id=6496, Name=devenv, 25.45,(%),41.47,(Sec)
24-12-19, 10:46:12.233, Info, U.DumpProcessUsage, 8, Added Id=6300, Name=TSVNCache, 0.24,(%),0.39,(Sec)
24-12-19, 10:46:12.233, Info, U.DumpProcessUsage, 8, Total time to dump = 185.37 mS
24-12-19, 10:46:12.233, Info, CompRoot.ApplicationSetup, 8, Application Loading : AppMachine - Ver 1.0 Build 0 (Official)
24-12-19, 10:46:12.234, Info, U.DumpProcessUsage, 8, Dumping Processes at AppSetup2.  Current total CPU Usage=,24.10762%, time since last=,185.5
24-12-19, 10:46:12.236, Info, U.DumpProcessUsage, 8, Time to getProceses = 2.56 mS
24-12-19, 10:46:12.251, Info, U.DumpProcessUsage, 8, Time to extract services = 15.01 mS
24-12-19, 10:46:12.251, Info, U.DumpProcessUsage, 8, Existing Id=7104, Name=msvsmon, 72.73,(%),0.12,(Sec)
24-12-19, 10:46:12.251, Info, U.DumpProcessUsage, 8, Existing Id=7200, Name=AppMachine.vshost, 18.18,(%),0.03,(Sec)
24-12-19, 10:46:12.252, Info, U.DumpProcessUsage, 8, ** Thread Main GUI(3932) = 15.6 mS
24-12-19, 10:46:12.252, Info, U.DumpProcessUsage, 8, Existing Id=536, Name=services, 9.09,(%),0.02,(Sec)
24-12-19, 10:46:12.252, Info, U.DumpProcessUsage, 8, Total time to dump = 18.57 mS
24-12-19, 10:46:12.357, Info, CompRoot.ApplicationSetup, 8, StopWatch Resolution=True
24-12-19, 10:46:12.357, Info, CompRoot.ApplicationSetup, 8, StopWatch Frequency=10000000
24-12-19, 10:46:12.357, Info, U.DumpProcessUsage, 8, Dumping Processes at End AppSetup.  Current total CPU Usage=,33.95121%, time since last=,123.8
24-12-19, 10:46:12.360, Info, U.DumpProcessUsage, 8, Time to getProceses = 2.59 mS
24-12-19, 10:46:12.376, Info, U.DumpProcessUsage, 8, Time to extract services = 16.15 mS
24-12-19, 10:46:12.376, Info, U.DumpProcessUsage, 8, Existing Id=7104, Name=msvsmon, 18.18,(%),0.03,(Sec)
24-12-19, 10:46:12.376, Info, U.DumpProcessUsage, 8, Existing Id=5376, Name=IntelliTrace, 9.09,(%),0.02,(Sec)
24-12-19, 10:46:12.376, Info, U.DumpProcessUsage, 8, Existing Id=7200, Name=AppMachine.vshost, 63.64,(%),0.11,(Sec)
24-12-19, 10:46:12.377, Info, U.DumpProcessUsage, 8, ** Thread Main GUI(3932) = 93.6 mS
24-12-19, 10:46:12.377, Info, U.DumpProcessUsage, 8, Existing Id=6496, Name=devenv, 9.09,(%),0.02,(Sec)
24-12-19, 10:46:12.377, Info, U.DumpProcessUsage, 8, Total time to dump = 19.8 mS
24-12-19, 13:53:13.108, Info, U.DumpProcessUsage, 10, Dumping Processes at AppSetup1.  Current total CPU Usage=,100%, time since last=,1245.2
24-12-19, 13:53:13.115, Info, U.DumpProcessUsage, 10, Time to getProceses = 8.5 mS
24-12-19, 13:53:13.154, Info, U.DumpProcessUsage, 10, ** Service threw exception: 'DCOM Server Process Launcher'
24-12-19, 13:53:13.169, Info, U.DumpProcessUsage, 10, ** Service threw exception: 'Diagnostic Policy Service'
24-12-19, 13:53:13.184, Info, U.DumpProcessUsage, 10, ** Service threw exception: 'Group Policy Client'
24-12-19, 13:53:13.200, Info, U.DumpProcessUsage, 10, ** Service threw exception: 'Distributed Transaction Coordinator'
24-12-19, 13:53:13.219, Info, U.DumpProcessUsage, 10, ** Service threw exception: 'RPC Endpoint Mapper'
24-12-19, 13:53:13.233, Info, U.DumpProcessUsage, 10, ** Service threw exception: 'Remote Procedure Call (RPC)'
24-12-19, 13:53:13.247, Info, U.DumpProcessUsage, 10, ** Service threw exception: 'Task Scheduler'
24-12-19, 13:53:13.264, Info, U.DumpProcessUsage, 10, ** Service threw exception: 'Diagnostic Service Host'
24-12-19, 13:53:13.266, Info, U.DumpProcessUsage, 10, Time to extract services = 150.77 mS
24-12-19, 13:53:13.267, Info, U.DumpProcessUsage, 10, Added Id=4532, Name=taskeng, 0,(%),0.02,(Sec)
24-12-19, 13:53:13.267, Info, U.DumpProcessUsage, 10, Added Id=4336, Name=lktsrv, 0.02,(%),0.39,(Sec)
24-12-19, 13:53:13.267, Info, U.DumpProcessUsage, 10, ** Service'NI Time Synchronization'
24-12-19, 13:53:13.267, Info, U.DumpProcessUsage, 10, Added Id=2960, Name=MustangSer1249, 0.02,(%),0.3,(Sec)
24-12-19, 13:53:13.267, Info, U.DumpProcessUsage, 10, ** Service'MustangService DispalyName'
24-12-19, 13:53:13.267, Info, U.DumpProcessUsage, 10, Added Id=1780, Name=explorer, 0.4,(%),7.36,(Sec)
24-12-19, 13:53:13.267, Info, U.DumpProcessUsage, 10, Added Id=5524, Name=NIWebServiceContainer, 0.02,(%),0.28,(Sec)
24-12-19, 13:53:13.267, Info, U.DumpProcessUsage, 10, Added Id=3752, Name=nisvcloc, 0.02,(%),0.28,(Sec)
24-12-19, 13:53:13.267, Info, U.DumpProcessUsage, 10, ** Service'NI Service Locator'
24-12-19, 13:53:13.267, Info, U.DumpProcessUsage, 10, Added Id=788, Name=PCFasterSvc, 10.22,(%),186.86,(Sec)
24-12-19, 13:53:13.267, Info, U.DumpProcessUsage, 10, ** Service'Baidu PC Faster Service 5.1.0.0'
24-12-19, 13:53:13.267, Info, U.DumpProcessUsage, 10, Added Id=4744, Name=vmware-hostd, 0.2,(%),3.65,(Sec)
24-12-19, 13:53:13.267, Info, U.DumpProcessUsage, 10, ** Service'VMware Workstation Server'
24-12-19, 13:53:13.267, Info, U.DumpProcessUsage, 10, Added Id=3684, Name=nidmsrv, 0.01,(%),0.22,(Sec)
24-12-19, 13:53:13.267, Info, U.DumpProcessUsage, 10, ** Service'NI Domain Service'
24-12-19, 13:53:13.267, Info, U.DumpProcessUsage, 10, Added Id=2780, Name=coherence, 0.01,(%),0.12,(Sec)
24-12-19, 13:53:13.267, Info, U.DumpProcessUsage, 10, Added Id=6140, Name=svchost, 0.01,(%),0.11,(Sec)
24-12-19, 13:53:13.267, Info, U.DumpProcessUsage, 10, ** Service'SSDP Discovery'
24-12-19, 13:53:13.267, Info, U.DumpProcessUsage, 10, ** Service'Windows Connect Now - Config Registrar'
24-12-19, 13:53:13.267, Info, U.DumpProcessUsage, 10, Added Id=2784, Name=lkads, 0.03,(%),0.47,(Sec)
24-12-19, 13:53:13.268, Info, U.DumpProcessUsage, 10, ** Service'NI PSP Service Locator'
24-12-19, 13:53:13.268, Info, U.DumpProcessUsage, 10, Added Id=4952, Name=IntelliTrace, 0.02,(%),0.28,(Sec)
24-12-19, 13:53:13.268, Info, U.DumpProcessUsage, 10, Added Id=1408, Name=spoolsv, 0.06,(%),1.03,(Sec)
24-12-19, 13:53:13.268, Info, U.DumpProcessUsage, 10, ** Service'Print Spooler'
24-12-19, 13:53:13.268, Info, U.DumpProcessUsage, 10, Added Id=2200, Name=TSVNCache, 0.02,(%),0.31,(Sec)
24-12-19, 13:53:13.268, Info, U.DumpProcessUsage, 10, Added Id=236, Name=nimxs, 0.08,(%),1.42,(Sec)
24-12-19, 13:53:13.268, Info, U.DumpProcessUsage, 10, ** Service'NI Configuration Manager'
24-12-19, 13:53:13.268, Info, U.DumpProcessUsage, 10, Added Id=1616, Name=cogss_srv, 0.01,(%),0.23,(Sec)
24-12-19, 13:53:13.268, Info, U.DumpProcessUsage, 10, ** Service'Cognex Security Service'
24-12-19, 13:53:13.268, Info, U.DumpProcessUsage, 10, Added Id=5360, Name=audiodg, 0.01,(%),0.25,(Sec)
24-12-19, 13:53:13.268, Info, U.DumpProcessUsage, 10, Added Id=2012, Name=mDNSResponder, 0.02,(%),0.3,(Sec)
24-12-19, 13:53:13.268, Info, U.DumpProcessUsage, 10, ** Service'Bonjour Service'
24-12-19, 13:53:13.268, Info, U.DumpProcessUsage, 10, Added Id=1816, Name=AppleMobileDeviceService, 0.27,(%),4.87,(Sec)
24-12-19, 13:53:13.268, Info, U.DumpProcessUsage, 10, ** Service'Apple Mobile Device Service'
24-12-19, 13:53:13.268, Info, U.DumpProcessUsage, 10, Added Id=4772, Name=vmnetdhcp, 0.02,(%),0.37,(Sec)
24-12-19, 13:53:13.268, Info, U.DumpProcessUsage, 10, ** Service'VMware DHCP Service'
24-12-19, 13:53:13.268, Info, U.DumpProcessUsage, 10, Added Id=7208, Name=MSBuild, 0.01,(%),0.17,(Sec)
24-12-19, 13:53:13.268, Info, U.DumpProcessUsage, 10, Added Id=6308, Name=msdtc, 0.01,(%),0.23,(Sec)
24-12-19, 13:53:13.268, Info, U.DumpProcessUsage, 10, Added Id=4280, Name=lkcitdl, 0.01,(%),0.2,(Sec)
24-12-19, 13:53:13.268, Info, U.DumpProcessUsage, 10, ** Service'NI Citadel 4 Service'
24-12-19, 13:53:13.268, Info, U.DumpProcessUsage, 10, Added Id=4580, Name=SystemWebServer, 0.04,(%),0.72,(Sec)
24-12-19, 13:53:13.268, Info, U.DumpProcessUsage, 10, ** Service'NI System Web Server'
24-12-19, 13:53:13.268, Info, U.DumpProcessUsage, 10, Added Id=2628, Name=conhost, 0.01,(%),0.22,(Sec)
24-12-19, 13:53:13.268, Info, U.DumpProcessUsage, 10, Added Id=7144, Name=hpqbam08, 0.01,(%),0.19,(Sec)
24-12-19, 13:53:13.268, Info, U.DumpProcessUsage, 10, Added Id=648, Name=svchost, 0.47,(%),8.6,(Sec)
24-12-19, 13:53:13.268, Info, U.DumpProcessUsage, 10, ** Service'Application Experience'
24-12-19, 13:53:13.268, Info, U.DumpProcessUsage, 10, ** Service'Application Information'
24-12-19, 13:53:13.268, Info, U.DumpProcessUsage, 10, ** Service'Background Intelligent Transfer Service'
24-12-19, 13:53:13.268, Info, U.DumpProcessUsage, 10, ** Service'Computer Browser'
24-12-19, 13:53:13.268, Info, U.DumpProcessUsage, 10, ** Service'IKE and AuthIP IPsec Keying Modules'
24-12-19, 13:53:13.268, Info, U.DumpProcessUsage, 10, ** Service'IP Helper'
24-12-19, 13:53:13.268, Info, U.DumpProcessUsage, 10, ** Service'Server'
24-12-19, 13:53:13.268, Info, U.DumpProcessUsage, 10, ** Service'Multimedia Class Scheduler'
24-12-19, 13:53:13.268, Info, U.DumpProcessUsage, 10, ** Service'Parallels User Profile Service'
24-12-19, 13:53:13.268, Info, U.DumpProcessUsage, 10, ** Service'User Profile Service'
24-12-19, 13:53:13.268, Info, U.DumpProcessUsage, 10, ** Service'System Event Notification Service'
24-12-19, 13:53:13.268, Info, U.DumpProcessUsage, 10, ** Service'Shell Hardware Detection'
24-12-19, 13:53:13.268, Info, U.DumpProcessUsage, 10, ** Service'Themes'
24-12-19, 13:53:13.268, Info, U.DumpProcessUsage, 10, ** Service'Windows Management Instrumentation'
24-12-19, 13:53:13.268, Info, U.DumpProcessUsage, 10, ** Service'Windows Update'
24-12-19, 13:53:13.268, Info, U.DumpProcessUsage, 10, Added Id=3604, Name=dllhost, 0.01,(%),0.25,(Sec)
24-12-19, 13:53:13.268, Info, U.DumpProcessUsage, 10, ** Service'PrlVssProvider'
24-12-19, 13:53:13.268, Info, U.DumpProcessUsage, 10, Added Id=4196, Name=vmnat, 0.02,(%),0.37,(Sec)
24-12-19, 13:53:13.268, Info, U.DumpProcessUsage, 10, ** Service'VMware NAT Service'
24-12-19, 13:53:13.268, Info, U.DumpProcessUsage, 10, Added Id=1244, Name=svchost, 4.99,(%),91.15,(Sec)
24-12-19, 13:53:13.268, Info, U.DumpProcessUsage, 10, ** Service'Cryptographic Services'
24-12-19, 13:53:13.268, Info, U.DumpProcessUsage, 10, ** Service'DNS Client'
24-12-19, 13:53:13.268, Info, U.DumpProcessUsage, 10, ** Service'Workstation'
24-12-19, 13:53:13.268, Info, U.DumpProcessUsage, 10, ** Service'Network Location Awareness'
24-12-19, 13:53:13.268, Info, U.DumpProcessUsage, 10, Added Id=5020, Name=niLxiDiscovery, 0.01,(%),0.16,(Sec)
24-12-19, 13:53:13.268, Info, U.DumpProcessUsage, 10, ** Service'NI LXI Discovery Service'
24-12-19, 13:53:13.268, Info, U.DumpProcessUsage, 10, Added Id=948, Name=svchost, 0.06,(%),1.14,(Sec)
24-12-19, 13:53:13.268, Info, U.DumpProcessUsage, 10, ** Service'COM+ Event System'
24-12-19, 13:53:13.268, Info, U.DumpProcessUsage, 10, ** Service'Function Discovery Provider Host'
24-12-19, 13:53:13.268, Info, U.DumpProcessUsage, 10, ** Service'Windows Font Cache Service'
24-12-19, 13:53:13.268, Info, U.DumpProcessUsage, 10, ** Service'Network List Service'
24-12-19, 13:53:13.268, Info, U.DumpProcessUsage, 10, ** Service'Network Store Interface Service'
24-12-19, 13:53:13.268, Info, U.DumpProcessUsage, 10, ** Service'Windows Time'
24-12-19, 13:53:13.268, Info, U.DumpProcessUsage, 10, ** Service'WinHTTP Web Proxy Auto-Discovery Service'
24-12-19, 13:53:13.268, Info, U.DumpProcessUsage, 10, Added Id=1444, Name=svchost, 0.08,(%),1.51,(Sec)
24-12-19, 13:53:13.269, Info, U.DumpProcessUsage, 10, ** Service'Base Filtering Engine'
24-12-19, 13:53:13.269, Info, U.DumpProcessUsage, 10, ** Service'Windows Firewall'
24-12-19, 13:53:13.269, Info, U.DumpProcessUsage, 10, Added Id=5780, Name=dllhost, 0.02,(%),0.45,(Sec)
24-12-19, 13:53:13.269, Info, U.DumpProcessUsage, 10, ** Service'COM+ System Application'
24-12-19, 13:53:13.269, Info, U.DumpProcessUsage, 10, Added Id=2432, Name=svchost, 0.06,(%),1.17,(Sec)
24-12-19, 13:53:13.269, Info, U.DumpProcessUsage, 10, ** Service'hpqcxs08'
24-12-19, 13:53:13.269, Info, U.DumpProcessUsage, 10, ** Service'HP CUE DeviceDiscovery Service'
24-12-19, 13:53:13.269, Info, U.DumpProcessUsage, 10, Added Id=2828, Name=prl_tools, 0.05,(%),0.83,(Sec)
24-12-19, 13:53:13.269, Info, U.DumpProcessUsage, 10, Added Id=4996, Name=NIWebServiceContainer, 0.02,(%),0.45,(Sec)
24-12-19, 13:53:13.269, Info, U.DumpProcessUsage, 10, Added Id=5588, Name=DiscSoftBusService, 0.02,(%),0.3,(Sec)
24-12-19, 13:53:13.269, Info, U.DumpProcessUsage, 10, ** Service'Disc Soft Lite Bus Service'
24-12-19, 13:53:13.269, Info, U.DumpProcessUsage, 10, Added Id=468, Name=wininit, 0.03,(%),0.62,(Sec)
24-12-19, 13:53:13.269, Info, U.DumpProcessUsage, 10, Added Id=4024, Name=prl_tools_service, 0.01,(%),0.23,(Sec)
24-12-19, 13:53:13.269, Info, U.DumpProcessUsage, 10, ** Service'Parallels Tools Service'
24-12-19, 13:53:13.269, Info, U.DumpProcessUsage, 10, Added Id=3240, Name=FasterNow, 15.73,(%),287.53,(Sec)
24-12-19, 13:53:13.269, Info, U.DumpProcessUsage, 10, Added Id=2060, Name=CorGigEServer, 0.14,(%),2.61,(Sec)
24-12-19, 13:53:13.269, Info, U.DumpProcessUsage, 10, ** Service'Sapera GigE Service'
24-12-19, 13:53:13.269, Info, U.DumpProcessUsage, 10, Added Id=4032, Name=coherence, 0.01,(%),0.19,(Sec)
24-12-19, 13:53:13.269, Info, U.DumpProcessUsage, 10, Added Id=684, Name=MSBuild, 0.02,(%),0.44,(Sec)
24-12-19, 13:53:13.269, Info, U.DumpProcessUsage, 10, Added Id=488, Name=csrss, 0.16,(%),2.92,(Sec)
24-12-19, 13:53:13.269, Info, U.DumpProcessUsage, 10, Added Id=1152, Name=cogremind_srv, 0.01,(%),0.22,(Sec)
24-12-19, 13:53:13.269, Info, U.DumpProcessUsage, 10, ** Service'Cognex Reminder Service'
24-12-19, 13:53:13.269, Info, U.DumpProcessUsage, 10, Added Id=4432, Name=nimdnsResponder, 0.01,(%),0.25,(Sec)
24-12-19, 13:53:13.269, Info, U.DumpProcessUsage, 10, ** Service'NI mDNS Responder Service'
24-12-19, 13:53:13.269, Info, U.DumpProcessUsage, 10, Added Id=3448, Name=nidevldu, 0.01,(%),0.19,(Sec)
24-12-19, 13:53:13.269, Info, U.DumpProcessUsage, 10, ** Service'NI Device Loader'
24-12-19, 13:53:13.269, Info, U.DumpProcessUsage, 10, Added Id=1676, Name=dwm, 0.08,(%),1.51,(Sec)
24-12-19, 13:53:13.269, Info, U.DumpProcessUsage, 10, Added Id=7784, Name=PCFasterSvc, 10.99,(%),201.02,(Sec)
24-12-19, 13:53:13.269, Info, U.DumpProcessUsage, 10, Added Id=2468, Name=IpOverUsbSvc, 0.02,(%),0.42,(Sec)
24-12-19, 13:53:13.269, Info, U.DumpProcessUsage, 10, ** Service'Windows Phone IP over USB Transport (IpOverUsbSvc)'
24-12-19, 13:53:13.269, Info, U.DumpProcessUsage, 10, Added Id=4560, Name=NIWebServiceContainer, 0.06,(%),1.11,(Sec)
24-12-19, 13:53:13.269, Info, U.DumpProcessUsage, 10, Added Id=6376, Name=CleanerEngineSvc, 1.04,(%),19.03,(Sec)
24-12-19, 13:53:13.269, Info, U.DumpProcessUsage, 10, Added Id=420, Name=csrss, 0.13,(%),2.45,(Sec)
24-12-19, 13:53:13.269, Info, U.DumpProcessUsage, 10, Added Id=900, Name=svchost, 0.06,(%),1.03,(Sec)
24-12-19, 13:53:13.269, Info, U.DumpProcessUsage, 10, Added Id=3856, Name=tagsrv, 0.03,(%),0.64,(Sec)
24-12-19, 13:53:13.269, Info, U.DumpProcessUsage, 10, ** Service'NI Variable Engine'
24-12-19, 13:53:13.269, Info, U.DumpProcessUsage, 10, Added Id=2872, Name=mysqld, 0.03,(%),0.55,(Sec)
24-12-19, 13:53:13.269, Info, U.DumpProcessUsage, 10, ** Service'MySQL56'
24-12-19, 13:53:13.269, Info, U.DumpProcessUsage, 10, Added Id=5228, Name=conhost, 0,(%),0.06,(Sec)
24-12-19, 13:53:13.269, Info, U.DumpProcessUsage, 10, Added Id=708, Name=svchost, 0.33,(%),6.04,(Sec)
24-12-19, 13:53:13.269, Info, U.DumpProcessUsage, 10, ** Service'Plug and Play'
24-12-19, 13:53:13.269, Info, U.DumpProcessUsage, 10, ** Service'Power'
24-12-19, 13:53:13.269, Info, U.DumpProcessUsage, 10, Added Id=1500, Name=taskhost, 0.02,(%),0.44,(Sec)
24-12-19, 13:53:13.269, Info, U.DumpProcessUsage, 10, Added Id=4544, Name=nipxism, 0.42,(%),7.71,(Sec)
24-12-19, 13:53:13.269, Info, U.DumpProcessUsage, 10, ** Service'NI PXI Resource Manager'
24-12-19, 13:53:13.269, Info, U.DumpProcessUsage, 10, Added Id=4064, Name=NIWebServiceContainer, 0.01,(%),0.27,(Sec)
24-12-19, 13:53:13.269, Info, U.DumpProcessUsage, 10, Added Id=2292, Name=PCFTray, 10.38,(%),189.7,(Sec)
24-12-19, 13:53:13.269, Info, U.DumpProcessUsage, 10, Added Id=2096, Name=hpqtra08, 0.03,(%),0.59,(Sec)
24-12-19, 13:53:13.270, Info, U.DumpProcessUsage, 10, Added Id=324, Name=smss, 0.02,(%),0.33,(Sec)
24-12-19, 13:53:13.270, Info, U.DumpProcessUsage, 10, Added Id=6040, Name=MSBuild, 0.03,(%),0.59,(Sec)
24-12-19, 13:53:13.270, Info, U.DumpProcessUsage, 10, Added Id=7420, Name=AppMachine.vshost, 0.04,(%),0.75,(Sec)
24-12-19, 13:53:13.271, Info, U.DumpProcessUsage, 10, ** Thread Main GUI(6068) = 452.4 mS
24-12-19, 13:53:13.271, Info, U.DumpProcessUsage, 10, ** Thread Logging(1340) = 15.6 mS
24-12-19, 13:53:13.271, Info, U.DumpProcessUsage, 10, Added Id=4860, Name=vmware-usbarbitrator64, 0.01,(%),0.23,(Sec)
24-12-19, 13:53:13.271, Info, U.DumpProcessUsage, 10, ** Service'VMware USB Arbitration Service'
24-12-19, 13:53:13.271, Info, U.DumpProcessUsage, 10, Added Id=2300, Name=hasplms, 0.06,(%),1.09,(Sec)
24-12-19, 13:53:13.271, Info, U.DumpProcessUsage, 10, ** Service'HASP License Manager'
24-12-19, 13:53:13.271, Info, U.DumpProcessUsage, 10, Added Id=1316, Name=cogsls_srv, 0.01,(%),0.22,(Sec)
24-12-19, 13:53:13.271, Info, U.DumpProcessUsage, 10, ** Service'Cognex Software Licensing Service'
24-12-19, 13:53:13.271, Info, U.DumpProcessUsage, 10, Added Id=924, Name=CorDHCPServer, 0.01,(%),0.25,(Sec)
24-12-19, 13:53:13.271, Info, U.DumpProcessUsage, 10, ** Service'Sapera DHCP Server'
24-12-19, 13:53:13.271, Info, U.DumpProcessUsage, 10, Added Id=2896, Name=DeviceMonitor, 0.08,(%),1.53,(Sec)
24-12-19, 13:53:13.271, Info, U.DumpProcessUsage, 10, Added Id=336, Name=svchost, 0.12,(%),2.2,(Sec)
24-12-19, 13:53:13.271, Info, U.DumpProcessUsage, 10, ** Service'Windows Audio'
24-12-19, 13:53:13.271, Info, U.DumpProcessUsage, 10, ** Service'DHCP Client'
24-12-19, 13:53:13.271, Info, U.DumpProcessUsage, 10, ** Service'Windows Event Log'
24-12-19, 13:53:13.271, Info, U.DumpProcessUsage, 10, ** Service'TCP/IP NetBIOS Helper'
24-12-19, 13:53:13.271, Info, U.DumpProcessUsage, 10, ** Service'Security Center'
24-12-19, 13:53:13.271, Info, U.DumpProcessUsage, 10, Added Id=536, Name=services, 2.32,(%),42.37,(Sec)
24-12-19, 13:53:13.271, Info, U.DumpProcessUsage, 10, Added Id=1128, Name=svchost, 0.02,(%),0.33,(Sec)
24-12-19, 13:53:13.271, Info, U.DumpProcessUsage, 10, Added Id=4084, Name=niDiscSvc, 0.02,(%),0.31,(Sec)
24-12-19, 13:53:13.271, Info, U.DumpProcessUsage, 10, ** Service'NI Network Discovery'
24-12-19, 13:53:13.271, Info, U.DumpProcessUsage, 10, Added Id=2116, Name=nierserver, 0.01,(%),0.23,(Sec)
24-12-19, 13:53:13.271, Info, U.DumpProcessUsage, 10, Added Id=2708, Name=vmware-tray, 0.01,(%),0.25,(Sec)
24-12-19, 13:53:13.271, Info, U.DumpProcessUsage, 10, Added Id=4876, Name=NIWebServiceContainer, 0.01,(%),0.22,(Sec)
24-12-19, 13:53:13.271, Info, U.DumpProcessUsage, 10, Added Id=4680, Name=vmware-authd, 0.49,(%),9.05,(Sec)
24-12-19, 13:53:13.271, Info, U.DumpProcessUsage, 10, ** Service'VMware Authorization Service'
24-12-19, 13:53:13.271, Info, U.DumpProcessUsage, 10, Added Id=6072, Name=svchost, 16.15,(%),295.19,(Sec)
24-12-19, 13:53:13.271, Info, U.DumpProcessUsage, 10, ** Service'Windows Defender'
24-12-19, 13:53:13.271, Info, U.DumpProcessUsage, 10, Added Id=528, Name=svchost, 2.34,(%),42.87,(Sec)
24-12-19, 13:53:13.271, Info, U.DumpProcessUsage, 10, ** Service'Windows Audio Endpoint Builder'
24-12-19, 13:53:13.271, Info, U.DumpProcessUsage, 10, ** Service'Network Connections'
24-12-19, 13:53:13.271, Info, U.DumpProcessUsage, 10, ** Service'Program Compatibility Assistant Service'
24-12-19, 13:53:13.271, Info, U.DumpProcessUsage, 10, ** Service'Superfetch'
24-12-19, 13:53:13.271, Info, U.DumpProcessUsage, 10, ** Service'Desktop Window Manager Session Manager'
24-12-19, 13:53:13.271, Info, U.DumpProcessUsage, 10, ** Service'Windows Driver Foundation - User-mode Driver Framework'
24-12-19, 13:53:13.271, Info, U.DumpProcessUsage, 10, Added Id=3304, Name=SysOptEngineSvc, 10.13,(%),185.17,(Sec)
24-12-19, 13:53:13.272, Info, U.DumpProcessUsage, 10, Added Id=3220, Name=svchost, 0.01,(%),0.12,(Sec)
24-12-19, 13:53:13.272, Info, U.DumpProcessUsage, 10, ** Service'Net Driver HPZ12'
24-12-19, 13:53:13.272, Info, U.DumpProcessUsage, 10, Added Id=3900, Name=coherence, 0.01,(%),0.22,(Sec)
24-12-19, 13:53:13.272, Info, U.DumpProcessUsage, 10, ** Service'Parallels Coherence Service'
24-12-19, 13:53:13.272, Info, U.DumpProcessUsage, 10, Added Id=2916, Name=svchost, 0.01,(%),0.16,(Sec)
24-12-19, 13:53:13.272, Info, U.DumpProcessUsage, 10, ** Service'Pml Driver HPZ12'
24-12-19, 13:53:13.272, Info, U.DumpProcessUsage, 10, Added Id=3312, Name=niauth_daemon, 0.03,(%),0.56,(Sec)
24-12-19, 13:53:13.272, Info, U.DumpProcessUsage, 10, ** Service'NI Authentication Service'
24-12-19, 13:53:13.272, Info, U.DumpProcessUsage, 10, Added Id=580, Name=lsm, 0.03,(%),0.58,(Sec)
24-12-19, 13:53:13.272, Info, U.DumpProcessUsage, 10, Added Id=6944, Name=conhost, 0,(%),0,(Sec)
24-12-19, 13:53:13.272, Info, U.DumpProcessUsage, 10, Added Id=7060, Name=hpqste08, 0.04,(%),0.8,(Sec)
24-12-19, 13:53:13.272, Info, U.DumpProcessUsage, 10, Added Id=1940, Name=CorGigEStatus, 0.01,(%),0.27,(Sec)
24-12-19, 13:53:13.272, Info, U.DumpProcessUsage, 10, Added Id=4108, Name=svchost, 0.02,(%),0.3,(Sec)
24-12-19, 13:53:13.272, Info, U.DumpProcessUsage, 10, ** Service'Windows Image Acquisition (WIA)'
24-12-19, 13:53:13.272, Info, U.DumpProcessUsage, 10, Added Id=564, Name=winlogon, 0.07,(%),1.2,(Sec)
24-12-19, 13:53:13.272, Info, U.DumpProcessUsage, 10, Added Id=5432, Name=SearchIndexer, 0.22,(%),4.09,(Sec)
24-12-19, 13:53:13.272, Info, U.DumpProcessUsage, 10, ** Service'Windows Search'
24-12-19, 13:53:13.272, Info, U.DumpProcessUsage, 10, Added Id=4900, Name=ApplicationWebServer, 0.07,(%),1.23,(Sec)
24-12-19, 13:53:13.272, Info, U.DumpProcessUsage, 10, ** Service'NI Application Web Server'
24-12-19, 13:53:13.272, Info, U.DumpProcessUsage, 10, Added Id=5244, Name=WUDFHost, 0.01,(%),0.25,(Sec)
24-12-19, 13:53:13.272, Info, U.DumpProcessUsage, 10, Added Id=2344, Name=prl_cc, 0.77,(%),14.04,(Sec)
24-12-19, 13:53:13.272, Info, U.DumpProcessUsage, 10, Added Id=572, Name=lsass, 8.75,(%),159.99,(Sec)
24-12-19, 13:53:13.272, Info, U.DumpProcessUsage, 10, ** Service'Security Accounts Manager'
24-12-19, 13:53:13.272, Info, U.DumpProcessUsage, 10, Added Id=7600, Name=ReportCommRetryPCF, 0,(%),0.03,(Sec)
24-12-19, 13:53:13.272, Info, U.DumpProcessUsage, 10, Added Id=3332, Name=devenv, 0.71,(%),12.95,(Sec)
24-12-19, 13:53:13.272, Info, U.DumpProcessUsage, 10, Added Id=4712, Name=NIWebServiceContainer, 0.01,(%),0.27,(Sec)
24-12-19, 13:53:13.272, Info, U.DumpProcessUsage, 10, Added Id=2152, Name=CorLogServer, 0.02,(%),0.3,(Sec)
24-12-19, 13:53:13.272, Info, U.DumpProcessUsage, 10, ** Service'Sapera Log Server'
24-12-19, 13:53:13.272, Info, U.DumpProcessUsage, 10, Added Id=6684, Name=msvsmon, 0.03,(%),0.64,(Sec)
24-12-19, 13:53:13.272, Info, U.DumpProcessUsage, 10, Added Id=2744, Name=WmiPrvSE, 0,(%),0.02,(Sec)
24-12-19, 13:53:13.272, Info, U.DumpProcessUsage, 10, Added Id=2944, Name=hpwuschd2, 0.02,(%),0.28,(Sec)
24-12-19, 13:53:13.272, Info, U.DumpProcessUsage, 10, Added Id=7620, Name=conhost, 0,(%),0,(Sec)
24-12-19, 13:53:13.272, Info, U.DumpProcessUsage, 10, Added Id=5640, Name=hpqgpc01, 0.01,(%),0.27,(Sec)
24-12-19, 13:53:13.272, Info, U.DumpProcessUsage, 10, Added Id=5116, Name=WmiPrvSE, 0.07,(%),1.23,(Sec)
24-12-19, 13:53:13.272, Info, U.DumpProcessUsage, 10, Added Id=6300, Name=TSVNCache, 0.02,(%),0.39,(Sec)
24-12-19, 13:53:13.272, Info, U.DumpProcessUsage, 10, Total time to dump = 165.63 mS
24-12-19, 13:53:13.272, Info, CompRoot.ApplicationSetup, 10, Application Loading : AppMachine - Ver 1.0 Build 0 (Official)
24-12-19, 13:53:13.273, Info, U.DumpProcessUsage, 10, Dumping Processes at AppSetup2.  Current total CPU Usage=,24.36315%, time since last=,165.8
24-12-19, 13:53:13.275, Info, U.DumpProcessUsage, 10, Time to getProceses = 2.34 mS
24-12-19, 13:53:13.289, Info, U.DumpProcessUsage, 10, Time to extract services = 14.46 mS
24-12-19, 13:53:13.289, Info, U.DumpProcessUsage, 10, Existing Id=7420, Name=AppMachine.vshost, 27.27,(%),0.05,(Sec)
24-12-19, 13:53:13.290, Info, U.DumpProcessUsage, 10, Existing Id=536, Name=services, 9.09,(%),0.02,(Sec)
24-12-19, 13:53:13.290, Info, U.DumpProcessUsage, 10, Existing Id=6684, Name=msvsmon, 63.64,(%),0.11,(Sec)
24-12-19, 13:53:13.290, Info, U.DumpProcessUsage, 10, Total time to dump = 17.71 mS
24-12-19, 13:53:13.394, Info, CompRoot.ApplicationSetup, 10, StopWatch Resolution=True
24-12-19, 13:53:13.394, Info, CompRoot.ApplicationSetup, 10, StopWatch Frequency=10000000
24-12-19, 13:53:13.395, Info, U.DumpProcessUsage, 10, Dumping Processes at End AppSetup.  Current total CPU Usage=,27.07268%, time since last=,122.3
24-12-19, 13:53:13.397, Info, U.DumpProcessUsage, 10, Time to getProceses = 2.41 mS
24-12-19, 13:53:13.412, Info, U.DumpProcessUsage, 10, Time to extract services = 14.67 mS
24-12-19, 13:53:13.412, Info, U.DumpProcessUsage, 10, Existing Id=4952, Name=IntelliTrace, 11.11,(%),0.02,(Sec)
24-12-19, 13:53:13.412, Info, U.DumpProcessUsage, 10, Existing Id=7420, Name=AppMachine.vshost, 66.67,(%),0.09,(Sec)
24-12-19, 13:53:13.412, Info, U.DumpProcessUsage, 10, ** Thread Main GUI(6068) = 78 mS
24-12-19, 13:53:13.412, Info, U.DumpProcessUsage, 10, Existing Id=536, Name=services, 11.11,(%),0.02,(Sec)
24-12-19, 13:53:13.412, Info, U.DumpProcessUsage, 10, Existing Id=6684, Name=msvsmon, 11.11,(%),0.02,(Sec)
24-12-19, 13:53:13.412, Info, U.DumpProcessUsage, 10, Total time to dump = 17.92 mS
