20-11-19, 11:22:39.337, Info, U.DumpProcessUsage, 10, Dumping Processes at AppSetup1.  Current total CPU Usage=,80.5%, time since last=,1170.8
20-11-19, 11:22:39.345, Info, U.DumpProcessUsage, 10, Time to getProceses = 25.81 mS
20-11-19, 11:22:39.384, Info, U.DumpProcessUsage, 10, ** Service threw exception: 'DCOM Server Process Launcher'
20-11-19, 11:22:39.399, Info, U.DumpProcessUsage, 10, ** Service threw exception: 'Diagnostic Policy Service'
20-11-19, 11:22:39.414, Info, U.DumpProcessUsage, 10, ** Service threw exception: 'Group Policy Client'
20-11-19, 11:22:39.432, Info, U.DumpProcessUsage, 10, ** Service threw exception: 'Distributed Transaction Coordinator'
20-11-19, 11:22:39.451, Info, U.DumpProcessUsage, 10, ** Service threw exception: 'RPC Endpoint Mapper'
20-11-19, 11:22:39.467, Info, U.DumpProcessUsage, 10, ** Service threw exception: 'Remote Procedure Call (RPC)'
20-11-19, 11:22:39.481, Info, U.DumpProcessUsage, 10, ** Service threw exception: 'Task Scheduler'
20-11-19, 11:22:39.499, Info, U.DumpProcessUsage, 10, ** Service threw exception: 'Diagnostic Service Host'
20-11-19, 11:22:39.513, Info, U.DumpProcessUsage, 10, ** Service threw exception: 'Diagnostic System Host'
20-11-19, 11:22:39.515, Info, U.DumpProcessUsage, 10, Time to extract services = 169.9 mS
20-11-19, 11:22:39.516, Info, U.DumpProcessUsage, 10, Added Id=5408, Name=sppsvc, 0.49,(%),0.72,(Sec)
20-11-19, 11:22:39.516, Info, U.DumpProcessUsage, 10, ** Service'Software Protection'
20-11-19, 11:22:39.516, Info, U.DumpProcessUsage, 10, Added Id=2944, Name=svchost, 0.11,(%),0.16,(Sec)
20-11-19, 11:22:39.516, Info, U.DumpProcessUsage, 10, ** Service'Pml Driver HPZ12'
20-11-19, 11:22:39.516, Info, U.DumpProcessUsage, 10, Added Id=3952, Name=IntelliTrace, 0.32,(%),0.47,(Sec)
20-11-19, 11:22:39.517, Info, U.DumpProcessUsage, 10, Added Id=596, Name=lsass, 0.79,(%),1.15,(Sec)
20-11-19, 11:22:39.517, Info, U.DumpProcessUsage, 10, ** Service'Security Accounts Manager'
20-11-19, 11:22:39.517, Info, U.DumpProcessUsage, 10, Added Id=2764, Name=DeviceMonitor, 0.98,(%),1.44,(Sec)
20-11-19, 11:22:39.517, Info, U.DumpProcessUsage, 10, Added Id=3356, Name=niauth_daemon, 0.36,(%),0.53,(Sec)
20-11-19, 11:22:39.517, Info, U.DumpProcessUsage, 10, ** Service'NI Authentication Service'
20-11-19, 11:22:39.517, Info, U.DumpProcessUsage, 10, Added Id=5644, Name=WUDFHost, 0.16,(%),0.23,(Sec)
20-11-19, 11:22:39.517, Info, U.DumpProcessUsage, 10, Added Id=1388, Name=spoolsv, 0.79,(%),1.15,(Sec)
20-11-19, 11:22:39.517, Info, U.DumpProcessUsage, 10, ** Service'Print Spooler'
20-11-19, 11:22:39.517, Info, U.DumpProcessUsage, 10, Added Id=8000, Name=MSBuild, 1.23,(%),1.81,(Sec)
20-11-19, 11:22:39.517, Info, U.DumpProcessUsage, 10, Added Id=3756, Name=nisvcloc, 0.17,(%),0.25,(Sec)
20-11-19, 11:22:39.517, Info, U.DumpProcessUsage, 10, ** Service'NI Service Locator'
20-11-19, 11:22:39.517, Info, U.DumpProcessUsage, 10, Added Id=408, Name=svchost, 1.85,(%),2.71,(Sec)
20-11-19, 11:22:39.517, Info, U.DumpProcessUsage, 10, ** Service'Application Experience'
20-11-19, 11:22:39.517, Info, U.DumpProcessUsage, 10, ** Service'Application Information'
20-11-19, 11:22:39.517, Info, U.DumpProcessUsage, 10, ** Service'Background Intelligent Transfer Service'
20-11-19, 11:22:39.517, Info, U.DumpProcessUsage, 10, ** Service'Computer Browser'
20-11-19, 11:22:39.517, Info, U.DumpProcessUsage, 10, ** Service'IKE and AuthIP IPsec Keying Modules'
20-11-19, 11:22:39.517, Info, U.DumpProcessUsage, 10, ** Service'IP Helper'
20-11-19, 11:22:39.517, Info, U.DumpProcessUsage, 10, ** Service'Server'
20-11-19, 11:22:39.517, Info, U.DumpProcessUsage, 10, ** Service'Multimedia Class Scheduler'
20-11-19, 11:22:39.517, Info, U.DumpProcessUsage, 10, ** Service'Parallels User Profile Service'
20-11-19, 11:22:39.517, Info, U.DumpProcessUsage, 10, ** Service'User Profile Service'
20-11-19, 11:22:39.517, Info, U.DumpProcessUsage, 10, ** Service'System Event Notification Service'
20-11-19, 11:22:39.517, Info, U.DumpProcessUsage, 10, ** Service'Shell Hardware Detection'
20-11-19, 11:22:39.517, Info, U.DumpProcessUsage, 10, ** Service'Themes'
20-11-19, 11:22:39.517, Info, U.DumpProcessUsage, 10, ** Service'Windows Management Instrumentation'
20-11-19, 11:22:39.517, Info, U.DumpProcessUsage, 10, Added Id=4940, Name=NIWebServiceContainer, 0.2,(%),0.3,(Sec)
20-11-19, 11:22:39.517, Info, U.DumpProcessUsage, 10, Added Id=6912, Name=TSVNCache, 0.25,(%),0.37,(Sec)
20-11-19, 11:22:39.517, Info, U.DumpProcessUsage, 10, Added Id=4352, Name=nimdnsResponder, 0.19,(%),0.28,(Sec)
20-11-19, 11:22:39.517, Info, U.DumpProcessUsage, 10, ** Service'NI mDNS Responder Service'
20-11-19, 11:22:39.517, Info, U.DumpProcessUsage, 10, Added Id=4748, Name=vmware-usbarbitrator64, 0.3,(%),0.44,(Sec)
20-11-19, 11:22:39.517, Info, U.DumpProcessUsage, 10, ** Service'VMware USB Arbitration Service'
20-11-19, 11:22:39.517, Info, U.DumpProcessUsage, 10, Added Id=416, Name=csrss, 1.14,(%),1.67,(Sec)
20-11-19, 11:22:39.517, Info, U.DumpProcessUsage, 10, Added Id=6812, Name=WmiPrvSE, 2.87,(%),4.21,(Sec)
20-11-19, 11:22:39.517, Info, U.DumpProcessUsage, 10, Added Id=5540, Name=VSSVC, 0.08,(%),0.12,(Sec)
20-11-19, 11:22:39.517, Info, U.DumpProcessUsage, 10, ** Service'Volume Shadow Copy'
20-11-19, 11:22:39.517, Info, U.DumpProcessUsage, 10, Added Id=704, Name=svchost, 4.11,(%),6.04,(Sec)
20-11-19, 11:22:39.517, Info, U.DumpProcessUsage, 10, ** Service'Plug and Play'
20-11-19, 11:22:39.517, Info, U.DumpProcessUsage, 10, ** Service'Power'
20-11-19, 11:22:39.517, Info, U.DumpProcessUsage, 10, Added Id=3572, Name=dllhost, 0.23,(%),0.34,(Sec)
20-11-19, 11:22:39.517, Info, U.DumpProcessUsage, 10, ** Service'PrlVssProvider'
20-11-19, 11:22:39.517, Info, U.DumpProcessUsage, 10, Added Id=1800, Name=AppleMobileDeviceService, 0.27,(%),0.39,(Sec)
20-11-19, 11:22:39.517, Info, U.DumpProcessUsage, 10, ** Service'Apple Mobile Device Service'
20-11-19, 11:22:39.517, Info, U.DumpProcessUsage, 10, Added Id=2000, Name=mDNSResponder, 0.17,(%),0.25,(Sec)
20-11-19, 11:22:39.517, Info, U.DumpProcessUsage, 10, ** Service'Bonjour Service'
20-11-19, 11:22:39.517, Info, U.DumpProcessUsage, 10, Added Id=2400, Name=svchost, 0.78,(%),1.14,(Sec)
20-11-19, 11:22:39.517, Info, U.DumpProcessUsage, 10, ** Service'hpqcxs08'
20-11-19, 11:22:39.517, Info, U.DumpProcessUsage, 10, ** Service'HP CUE DeviceDiscovery Service'
20-11-19, 11:22:39.517, Info, U.DumpProcessUsage, 10, Added Id=2008, Name=CorDHCPServer, 0.1,(%),0.14,(Sec)
20-11-19, 11:22:39.517, Info, U.DumpProcessUsage, 10, ** Service'Sapera DHCP Server'
20-11-19, 11:22:39.517, Info, U.DumpProcessUsage, 10, Added Id=3192, Name=FasterNow, 1.69,(%),2.48,(Sec)
20-11-19, 11:22:39.517, Info, U.DumpProcessUsage, 10, Added Id=4180, Name=lkcitdl, 0.18,(%),0.27,(Sec)
20-11-19, 11:22:39.517, Info, U.DumpProcessUsage, 10, ** Service'NI Citadel 4 Service'
20-11-19, 11:22:39.517, Info, U.DumpProcessUsage, 10, Added Id=1424, Name=svchost, 1.02,(%),1.5,(Sec)
20-11-19, 11:22:39.518, Info, U.DumpProcessUsage, 10, ** Service'Base Filtering Engine'
20-11-19, 11:22:39.518, Info, U.DumpProcessUsage, 10, ** Service'Windows Firewall'
20-11-19, 11:22:39.518, Info, U.DumpProcessUsage, 10, Added Id=5760, Name=DiscSoftBusService, 0.17,(%),0.25,(Sec)
20-11-19, 11:22:39.518, Info, U.DumpProcessUsage, 10, ** Service'Disc Soft Lite Bus Service'
20-11-19, 11:22:39.518, Info, U.DumpProcessUsage, 10, Added Id=3152, Name=WmiPrvSE, 0.17,(%),0.25,(Sec)
20-11-19, 11:22:39.518, Info, U.DumpProcessUsage, 10, Added Id=2808, Name=lkads, 0.24,(%),0.36,(Sec)
20-11-19, 11:22:39.518, Info, U.DumpProcessUsage, 10, ** Service'NI PSP Service Locator'
20-11-19, 11:22:39.518, Info, U.DumpProcessUsage, 10, Added Id=1628, Name=dwm, 0.7,(%),1.03,(Sec)
20-11-19, 11:22:39.518, Info, U.DumpProcessUsage, 10, Added Id=1236, Name=svchost, 0.55,(%),0.81,(Sec)
20-11-19, 11:22:39.518, Info, U.DumpProcessUsage, 10, ** Service'Cryptographic Services'
20-11-19, 11:22:39.518, Info, U.DumpProcessUsage, 10, ** Service'DNS Client'
20-11-19, 11:22:39.518, Info, U.DumpProcessUsage, 10, ** Service'Workstation'
20-11-19, 11:22:39.518, Info, U.DumpProcessUsage, 10, ** Service'Network Location Awareness'
20-11-19, 11:22:39.518, Info, U.DumpProcessUsage, 10, Added Id=4980, Name=niDiscSvc, 0.25,(%),0.37,(Sec)
20-11-19, 11:22:39.518, Info, U.DumpProcessUsage, 10, ** Service'NI Network Discovery'
20-11-19, 11:22:39.518, Info, U.DumpProcessUsage, 10, Added Id=1780, Name=taskeng, 0.17,(%),0.25,(Sec)
20-11-19, 11:22:39.518, Info, U.DumpProcessUsage, 10, Added Id=2028, Name=svchost, 0.21,(%),0.31,(Sec)
20-11-19, 11:22:39.518, Info, U.DumpProcessUsage, 10, ** Service'Windows Image Acquisition (WIA)'
20-11-19, 11:22:39.518, Info, U.DumpProcessUsage, 10, Added Id=5576, Name=svchost, 0.07,(%),0.11,(Sec)
20-11-19, 11:22:39.518, Info, U.DumpProcessUsage, 10, ** Service'SSDP Discovery'
20-11-19, 11:22:39.518, Info, U.DumpProcessUsage, 10, ** Service'Windows Connect Now - Config Registrar'
20-11-19, 11:22:39.518, Info, U.DumpProcessUsage, 10, Added Id=4676, Name=vmnetdhcp, 0.17,(%),0.25,(Sec)
20-11-19, 11:22:39.518, Info, U.DumpProcessUsage, 10, ** Service'VMware DHCP Service'
20-11-19, 11:22:39.518, Info, U.DumpProcessUsage, 10, Added Id=604, Name=lsm, 0.1,(%),0.14,(Sec)
20-11-19, 11:22:39.518, Info, U.DumpProcessUsage, 10, Added Id=1048, Name=audiodg, 0.56,(%),0.83,(Sec)
20-11-19, 11:22:39.518, Info, U.DumpProcessUsage, 10, Added Id=1640, Name=taskeng, 0.18,(%),0.27,(Sec)
20-11-19, 11:22:39.518, Info, U.DumpProcessUsage, 10, Added Id=7412, Name=AppMachine.vshost, 0.7,(%),1.03,(Sec)
20-11-19, 11:22:39.519, Info, U.DumpProcessUsage, 10, ** Thread Main GUI(4664) = 499.2 mS
20-11-19, 11:22:39.519, Info, U.DumpProcessUsage, 10, Added Id=7160, Name=WmiApSrv, 0.21,(%),0.31,(Sec)
20-11-19, 11:22:39.519, Info, U.DumpProcessUsage, 10, ** Service'WMI Performance Adapter'
20-11-19, 11:22:39.519, Info, U.DumpProcessUsage, 10, Added Id=3024, Name=MustangSer1249, 0.19,(%),0.28,(Sec)
20-11-19, 11:22:39.519, Info, U.DumpProcessUsage, 10, ** Service'MustangService DispalyName'
20-11-19, 11:22:39.519, Info, U.DumpProcessUsage, 10, Added Id=2828, Name=hpwuschd2, 0.03,(%),0.05,(Sec)
20-11-19, 11:22:39.519, Info, U.DumpProcessUsage, 10, Added Id=4012, Name=coherence, 0.14,(%),0.2,(Sec)
20-11-19, 11:22:39.519, Info, U.DumpProcessUsage, 10, Added Id=468, Name=wininit, 0.24,(%),0.36,(Sec)
20-11-19, 11:22:39.519, Info, U.DumpProcessUsage, 10, Added Id=7100, Name=devenv, 23.15,(%),34.01,(Sec)
20-11-19, 11:22:39.519, Info, U.DumpProcessUsage, 10, Added Id=4808, Name=ApplicationWebServer, 0.98,(%),1.44,(Sec)
20-11-19, 11:22:39.519, Info, U.DumpProcessUsage, 10, ** Service'NI Application Web Server'
20-11-19, 11:22:39.519, Info, U.DumpProcessUsage, 10, Added Id=476, Name=svchost, 4.02,(%),5.91,(Sec)
20-11-19, 11:22:39.519, Info, U.DumpProcessUsage, 10, ** Service'Windows Audio Endpoint Builder'
20-11-19, 11:22:39.519, Info, U.DumpProcessUsage, 10, ** Service'Network Connections'
20-11-19, 11:22:39.520, Info, U.DumpProcessUsage, 10, ** Service'Program Compatibility Assistant Service'
20-11-19, 11:22:39.520, Info, U.DumpProcessUsage, 10, ** Service'Superfetch'
20-11-19, 11:22:39.520, Info, U.DumpProcessUsage, 10, ** Service'Desktop Window Manager Session Manager'
20-11-19, 11:22:39.520, Info, U.DumpProcessUsage, 10, ** Service'Portable Device Enumerator Service'
20-11-19, 11:22:39.520, Info, U.DumpProcessUsage, 10, ** Service'Windows Driver Foundation - User-mode Driver Framework'
20-11-19, 11:22:39.520, Info, U.DumpProcessUsage, 10, Added Id=5440, Name=conhost, 0.11,(%),0.16,(Sec)
20-11-19, 11:22:39.520, Info, U.DumpProcessUsage, 10, Added Id=1660, Name=cogss_srv, 0.15,(%),0.22,(Sec)
20-11-19, 11:22:39.520, Info, U.DumpProcessUsage, 10, ** Service'Cognex Security Service'
20-11-19, 11:22:39.520, Info, U.DumpProcessUsage, 10, Added Id=2252, Name=hasplms, 0.51,(%),0.75,(Sec)
20-11-19, 11:22:39.520, Info, U.DumpProcessUsage, 10, ** Service'HASP License Manager'
20-11-19, 11:22:39.520, Info, U.DumpProcessUsage, 10, Added Id=3832, Name=tagsrv, 0.41,(%),0.61,(Sec)
20-11-19, 11:22:39.520, Info, U.DumpProcessUsage, 10, ** Service'NI Variable Engine'
20-11-19, 11:22:39.520, Info, U.DumpProcessUsage, 10, Added Id=3636, Name=nidmsrv, 0.16,(%),0.23,(Sec)
20-11-19, 11:22:39.520, Info, U.DumpProcessUsage, 10, ** Service'NI Domain Service'
20-11-19, 11:22:39.520, Info, U.DumpProcessUsage, 10, Added Id=488, Name=csrss, 2.13,(%),3.14,(Sec)
20-11-19, 11:22:39.520, Info, U.DumpProcessUsage, 10, Added Id=6596, Name=hpqgpc01, 0.23,(%),0.34,(Sec)
20-11-19, 11:22:39.520, Info, U.DumpProcessUsage, 10, Added Id=4036, Name=coherence, 0.14,(%),0.2,(Sec)
20-11-19, 11:22:39.520, Info, U.DumpProcessUsage, 10, Added Id=2068, Name=CorGigEServer, 0.18,(%),0.27,(Sec)
20-11-19, 11:22:39.520, Info, U.DumpProcessUsage, 10, ** Service'Sapera GigE Service'
20-11-19, 11:22:39.520, Info, U.DumpProcessUsage, 10, Added Id=7916, Name=MSBuild, 1.11,(%),1.64,(Sec)
20-11-19, 11:22:39.520, Info, U.DumpProcessUsage, 10, Added Id=3452, Name=nidevldu, 0.36,(%),0.53,(Sec)
20-11-19, 11:22:39.520, Info, U.DumpProcessUsage, 10, ** Service'NI Device Loader'
20-11-19, 11:22:39.520, Info, U.DumpProcessUsage, 10, Added Id=128, Name=svchost, 0.84,(%),1.23,(Sec)
20-11-19, 11:22:39.520, Info, U.DumpProcessUsage, 10, ** Service'Windows Audio'
20-11-19, 11:22:39.520, Info, U.DumpProcessUsage, 10, ** Service'DHCP Client'
20-11-19, 11:22:39.520, Info, U.DumpProcessUsage, 10, ** Service'Windows Event Log'
20-11-19, 11:22:39.520, Info, U.DumpProcessUsage, 10, ** Service'TCP/IP NetBIOS Helper'
20-11-19, 11:22:39.520, Info, U.DumpProcessUsage, 10, Added Id=860, Name=PCFasterSvc, 2.41,(%),3.54,(Sec)
20-11-19, 11:22:39.520, Info, U.DumpProcessUsage, 10, Added Id=7640, Name=conhost, 0.14,(%),0.2,(Sec)
20-11-19, 11:22:39.520, Info, U.DumpProcessUsage, 10, Added Id=1880, Name=PrintIsolationHost, 0.28,(%),0.41,(Sec)
20-11-19, 11:22:39.520, Info, U.DumpProcessUsage, 10, Added Id=6516, Name=hpqbam08, 0.17,(%),0.25,(Sec)
20-11-19, 11:22:39.520, Info, U.DumpProcessUsage, 10, Added Id=5620, Name=SearchIndexer, 0.53,(%),0.78,(Sec)
20-11-19, 11:22:39.520, Info, U.DumpProcessUsage, 10, ** Service'Windows Search'
20-11-19, 11:22:39.520, Info, U.DumpProcessUsage, 10, Added Id=4444, Name=nipxism, 0.51,(%),0.75,(Sec)
20-11-19, 11:22:39.520, Info, U.DumpProcessUsage, 10, ** Service'NI PXI Resource Manager'
20-11-19, 11:22:39.520, Info, U.DumpProcessUsage, 10, Added Id=5964, Name=dllhost, 0.31,(%),0.45,(Sec)
20-11-19, 11:22:39.520, Info, U.DumpProcessUsage, 10, ** Service'COM+ System Application'
20-11-19, 11:22:39.520, Info, U.DumpProcessUsage, 10, Added Id=900, Name=svchost, 0.42,(%),0.62,(Sec)
20-11-19, 11:22:39.520, Info, U.DumpProcessUsage, 10, Added Id=1492, Name=taskhost, 0.34,(%),0.5,(Sec)
20-11-19, 11:22:39.520, Info, U.DumpProcessUsage, 10, Added Id=1296, Name=cogsls_srv, 0.15,(%),0.22,(Sec)
20-11-19, 11:22:39.520, Info, U.DumpProcessUsage, 10, ** Service'Cognex Software Licensing Service'
20-11-19, 11:22:39.520, Info, U.DumpProcessUsage, 10, Added Id=5032, Name=NIWebServiceContainer, 0.8,(%),1.17,(Sec)
20-11-19, 11:22:39.520, Info, U.DumpProcessUsage, 10, Added Id=4780, Name=NIWebServiceContainer, 0.15,(%),0.22,(Sec)
20-11-19, 11:22:39.520, Info, U.DumpProcessUsage, 10, Added Id=324, Name=smss, 0.24,(%),0.36,(Sec)
20-11-19, 11:22:39.520, Info, U.DumpProcessUsage, 10, Added Id=3272, Name=svchost, 0.19,(%),0.28,(Sec)
20-11-19, 11:22:39.520, Info, U.DumpProcessUsage, 10, ** Service'Net Driver HPZ12'
20-11-19, 11:22:39.520, Info, U.DumpProcessUsage, 10, Added Id=4004, Name=prl_tools_service, 0.25,(%),0.37,(Sec)
20-11-19, 11:22:39.520, Info, U.DumpProcessUsage, 10, ** Service'Parallels Tools Service'
20-11-19, 11:22:39.520, Info, U.DumpProcessUsage, 10, Added Id=2684, Name=vmware-tray, 0.23,(%),0.34,(Sec)
20-11-19, 11:22:39.520, Info, U.DumpProcessUsage, 10, Added Id=1504, Name=nimxs, 1.26,(%),1.86,(Sec)
20-11-19, 11:22:39.520, Info, U.DumpProcessUsage, 10, ** Service'NI Configuration Manager'
20-11-19, 11:22:39.520, Info, U.DumpProcessUsage, 10, Added Id=1112, Name=PCFTray, 0.4,(%),0.59,(Sec)
20-11-19, 11:22:39.520, Info, U.DumpProcessUsage, 10, Added Id=916, Name=svchost, 0.54,(%),0.8,(Sec)
20-11-19, 11:22:39.521, Info, U.DumpProcessUsage, 10, ** Service'COM+ Event System'
20-11-19, 11:22:39.521, Info, U.DumpProcessUsage, 10, ** Service'Function Discovery Provider Host'
20-11-19, 11:22:39.521, Info, U.DumpProcessUsage, 10, ** Service'Windows Font Cache Service'
20-11-19, 11:22:39.521, Info, U.DumpProcessUsage, 10, ** Service'Network List Service'
20-11-19, 11:22:39.521, Info, U.DumpProcessUsage, 10, ** Service'Network Store Interface Service'
20-11-19, 11:22:39.521, Info, U.DumpProcessUsage, 10, ** Service'WinHTTP Web Proxy Auto-Discovery Service'
20-11-19, 11:22:39.521, Info, U.DumpProcessUsage, 10, Added Id=7948, Name=conhost, 0.15,(%),0.22,(Sec)
20-11-19, 11:22:39.521, Info, U.DumpProcessUsage, 10, Added Id=4644, Name=NIWebServiceContainer, 0.19,(%),0.28,(Sec)
20-11-19, 11:22:39.521, Info, U.DumpProcessUsage, 10, Added Id=1116, Name=cogremind_srv, 0.14,(%),0.2,(Sec)
20-11-19, 11:22:39.521, Info, U.DumpProcessUsage, 10, ** Service'Cognex Reminder Service'
20-11-19, 11:22:39.521, Info, U.DumpProcessUsage, 10, Added Id=5648, Name=NIWebServiceContainer, 0.18,(%),0.27,(Sec)
20-11-19, 11:22:39.521, Info, U.DumpProcessUsage, 10, Added Id=3876, Name=coherence, 0.13,(%),0.19,(Sec)
20-11-19, 11:22:39.521, Info, U.DumpProcessUsage, 10, ** Service'Parallels Coherence Service'
20-11-19, 11:22:39.521, Info, U.DumpProcessUsage, 10, Added Id=3468, Name=svchost, 2.68,(%),3.93,(Sec)
20-11-19, 11:22:39.521, Info, U.DumpProcessUsage, 10, ** Service'Windows Defender'
20-11-19, 11:22:39.521, Info, U.DumpProcessUsage, 10, Added Id=2304, Name=nierserver, 0.2,(%),0.3,(Sec)
20-11-19, 11:22:39.521, Info, U.DumpProcessUsage, 10, Added Id=2108, Name=TSVNCache, 0.21,(%),0.31,(Sec)
20-11-19, 11:22:39.521, Info, U.DumpProcessUsage, 10, Added Id=6156, Name=hpqste08, 0.74,(%),1.09,(Sec)
20-11-19, 11:22:39.521, Info, U.DumpProcessUsage, 10, Added Id=4892, Name=niLxiDiscovery, 0.19,(%),0.28,(Sec)
20-11-19, 11:22:39.521, Info, U.DumpProcessUsage, 10, ** Service'NI LXI Discovery Service'
20-11-19, 11:22:39.521, Info, U.DumpProcessUsage, 10, Added Id=4672, Name=vmware-hostd, 1.65,(%),2.42,(Sec)
20-11-19, 11:22:39.521, Info, U.DumpProcessUsage, 10, ** Service'VMware Workstation Server'
20-11-19, 11:22:39.521, Info, U.DumpProcessUsage, 10, Added Id=4264, Name=lktsrv, 0.23,(%),0.34,(Sec)
20-11-19, 11:22:39.521, Info, U.DumpProcessUsage, 10, ** Service'NI Time Synchronization'
20-11-19, 11:22:39.521, Info, U.DumpProcessUsage, 10, Added Id=1128, Name=svchost, 0.17,(%),0.25,(Sec)
20-11-19, 11:22:39.521, Info, U.DumpProcessUsage, 10, Added Id=3100, Name=mysqld, 0.4,(%),0.59,(Sec)
20-11-19, 11:22:39.521, Info, U.DumpProcessUsage, 10, ** Service'MySQL56'
20-11-19, 11:22:39.521, Info, U.DumpProcessUsage, 10, Added Id=4480, Name=SystemWebServer, 0.54,(%),0.8,(Sec)
20-11-19, 11:22:39.521, Info, U.DumpProcessUsage, 10, ** Service'NI System Web Server'
20-11-19, 11:22:39.521, Info, U.DumpProcessUsage, 10, Added Id=3324, Name=msvsmon, 0.49,(%),0.72,(Sec)
20-11-19, 11:22:39.521, Info, U.DumpProcessUsage, 10, Added Id=2172, Name=prl_tools, 0.2,(%),0.3,(Sec)
20-11-19, 11:22:39.521, Info, U.DumpProcessUsage, 10, Added Id=2124, Name=hpqtra08, 0.44,(%),0.64,(Sec)
20-11-19, 11:22:39.521, Info, U.DumpProcessUsage, 10, Added Id=1736, Name=explorer, 3.8,(%),5.58,(Sec)
20-11-19, 11:22:39.521, Info, U.DumpProcessUsage, 10, Added Id=7252, Name=Microsoft.Alm.Shared.Remoting.RemoteContainer.dll, 3.03,(%),4.45,(Sec)
20-11-19, 11:22:39.521, Info, U.DumpProcessUsage, 10, Added Id=7632, Name=MSBuild, 1.09,(%),1.61,(Sec)
20-11-19, 11:22:39.521, Info, U.DumpProcessUsage, 10, Added Id=4104, Name=vmnat, 0.16,(%),0.23,(Sec)
20-11-19, 11:22:39.521, Info, U.DumpProcessUsage, 10, ** Service'VMware NAT Service'
20-11-19, 11:22:39.521, Info, U.DumpProcessUsage, 10, Added Id=4696, Name=NIWebServiceContainer, 0.2,(%),0.3,(Sec)
20-11-19, 11:22:39.521, Info, U.DumpProcessUsage, 10, Added Id=532, Name=services, 1.3,(%),1.9,(Sec)
20-11-19, 11:22:39.521, Info, U.DumpProcessUsage, 10, Added Id=8048, Name=conhost, 0.15,(%),0.22,(Sec)
20-11-19, 11:22:39.521, Info, U.DumpProcessUsage, 10, Added Id=4556, Name=vmware-authd, 0.38,(%),0.56,(Sec)
20-11-19, 11:22:39.521, Info, U.DumpProcessUsage, 10, ** Service'VMware Authorization Service'
20-11-19, 11:22:39.521, Info, U.DumpProcessUsage, 10, Added Id=2536, Name=prl_cc, 6.8,(%),9.98,(Sec)
20-11-19, 11:22:39.521, Info, U.DumpProcessUsage, 10, Added Id=7856, Name=MSBuild, 1.08,(%),1.59,(Sec)
20-11-19, 11:22:39.521, Info, U.DumpProcessUsage, 10, Added Id=568, Name=winlogon, 0.78,(%),1.14,(Sec)
20-11-19, 11:22:39.521, Info, U.DumpProcessUsage, 10, Added Id=2544, Name=IpOverUsbSvc, 0.22,(%),0.33,(Sec)
20-11-19, 11:22:39.521, Info, U.DumpProcessUsage, 10, ** Service'Windows Phone IP over USB Transport (IpOverUsbSvc)'
20-11-19, 11:22:39.521, Info, U.DumpProcessUsage, 10, Added Id=6228, Name=SearchProtocolHost, 0.08,(%),0.12,(Sec)
20-11-19, 11:22:39.521, Info, U.DumpProcessUsage, 10, Added Id=7868, Name=conhost, 0.22,(%),0.33,(Sec)
20-11-19, 11:22:39.521, Info, U.DumpProcessUsage, 10, Added Id=2156, Name=CorLogServer, 0.28,(%),0.41,(Sec)
20-11-19, 11:22:39.521, Info, U.DumpProcessUsage, 10, ** Service'Sapera Log Server'
20-11-19, 11:22:39.521, Info, U.DumpProcessUsage, 10, Added Id=384, Name=CorGigEStatus, 0.19,(%),0.28,(Sec)
20-11-19, 11:22:39.521, Info, U.DumpProcessUsage, 10, Added Id=780, Name=PCFasterSvc, 0.71,(%),1.05,(Sec)
20-11-19, 11:22:39.521, Info, U.DumpProcessUsage, 10, ** Service'Baidu PC Faster Service 5.1.0.0'
20-11-19, 11:22:39.522, Info, U.DumpProcessUsage, 10, Added Id=5052, Name=WmiPrvSE, 0.54,(%),0.8,(Sec)
20-11-19, 11:22:39.522, Info, U.DumpProcessUsage, 10, Added Id=6388, Name=SearchFilterHost, 0.18,(%),0.27,(Sec)
20-11-19, 11:22:39.522, Info, U.DumpProcessUsage, 10, Added Id=6216, Name=msdtc, 0.18,(%),0.27,(Sec)
20-11-19, 11:22:39.522, Info, U.DumpProcessUsage, 10, Total time to dump = 202.33 mS
20-11-19, 11:22:39.522, Info, CompRoot.ApplicationSetup, 10, Application Loading : AppMachine - Ver 1.0 Build 0 (Official)
20-11-19, 11:22:39.522, Info, U.DumpProcessUsage, 10, Dumping Processes at AppSetup2.  Current total CPU Usage=,32.75818%, time since last=,202.4
20-11-19, 11:22:39.525, Info, U.DumpProcessUsage, 10, Time to getProceses = 2.89 mS
20-11-19, 11:22:39.539, Info, U.DumpProcessUsage, 10, Time to extract services = 14.74 mS
20-11-19, 11:22:39.539, Info, U.DumpProcessUsage, 10, Existing Id=7412, Name=AppMachine.vshost, 6.25,(%),0.02,(Sec)
20-11-19, 11:22:39.540, Info, U.DumpProcessUsage, 10, ** Thread Main GUI(4664) = 15.6 mS
20-11-19, 11:22:39.540, Info, U.DumpProcessUsage, 10, Existing Id=7100, Name=devenv, 25,(%),0.06,(Sec)
20-11-19, 11:22:39.540, Info, U.DumpProcessUsage, 10, Existing Id=3324, Name=msvsmon, 62.5,(%),0.16,(Sec)
20-11-19, 11:22:39.540, Info, U.DumpProcessUsage, 10, Existing Id=532, Name=services, 6.25,(%),0.02,(Sec)
20-11-19, 11:22:39.541, Info, U.DumpProcessUsage, 10, Total time to dump = 18.81 mS
20-11-19, 11:22:39.659, Info, CompRoot.ApplicationSetup, 10, StopWatch Resolution=True
20-11-19, 11:22:39.659, Info, CompRoot.ApplicationSetup, 10, StopWatch Frequency=10000000
20-11-19, 11:22:39.660, Info, U.DumpProcessUsage, 10, Dumping Processes at End AppSetup.  Current total CPU Usage=,20.29146%, time since last=,137.6
20-11-19, 11:22:39.662, Info, U.DumpProcessUsage, 10, Time to getProceses = 2.97 mS
20-11-19, 11:22:39.677, Info, U.DumpProcessUsage, 10, Time to extract services = 14.62 mS
20-11-19, 11:22:39.677, Info, U.DumpProcessUsage, 10, Existing Id=7412, Name=AppMachine.vshost, 100,(%),0.12,(Sec)
20-11-19, 11:22:39.678, Info, U.DumpProcessUsage, 10, ** Thread Main GUI(4664) = 109.2 mS
20-11-19, 11:22:39.678, Info, U.DumpProcessUsage, 10, Total time to dump = 18.69 mS
20-11-19, 11:22:52.858, UserChange, SMFlowContainer.RegisterEdit, 10, SM Reset, Start editing
20-11-19, 11:23:04.704, UserChange, SMContainerPanel.AddNewFlowItem, 10, SMDecision_4., was added
20-11-19, 11:23:09.439, UserChange, SMContainerPanel.AddNewFlowItem, 10, SMDecision_5., was added
20-11-19, 11:23:13.607, UserChange, SMPathOut.set_TargetID, 10, SMDecision_4.SMPathOutBool, was changed from, Null, to, SMDecision_5
20-11-19, 11:23:21.306, UserChange, SMContainerPanel.AddNewFlowItem, 10, SMDecision_6., was added
20-11-19, 11:23:25.814, UserChange, SMPathOut.set_TargetID, 10, SMDecision_5.SMPathOutBool, was changed from, Null, to, SMDecision_6
20-11-19, 11:23:25.870, UserChange, SMPathOut.set_TargetID, 10, SMDecision_5.SMPathOutBool, was changed from, SMDecision_6, to, Null
20-11-19, 11:23:27.837, UserChange, SMPathOut.set_TargetID, 10, SMDecision_5.SMPathOutBool, was changed from, Null, to, SMDecision_6
20-11-19, 11:23:27.885, UserChange, SMPathOut.set_TargetID, 10, SMDecision_5.SMPathOutBool, was changed from, SMDecision_6, to, Null
20-11-19, 11:23:28.229, UserChange, SMPathOut.set_TargetID, 10, SMDecision_5.SMPathOutBool, was changed from, Null, to, SMDecision_6
20-11-19, 11:23:50.823, UserChange, SMContainerPanel.AddNewFlowItem, 10, SMTransition_7., was added
20-11-19, 11:24:13.500, UserChange, SMPathOut.set_TargetID, 10, SMActionFlow_3.SMPathOut, was changed from, Stop, to, SMTransition_7
20-11-19, 11:24:15.254, UserChange, SMPathOut.set_TargetID, 10, SMTransition_7.SMPathOut, was changed from, Null, to, Stop
