24-01-20, 08:19:03.267, Info, U.DumpProcessUsage, 10, Dumping Processes at AppSetup1.  Current total CPU Usage=,41.5%, time since last=,1222.2
24-01-20, 08:19:03.275, Info, U.DumpProcessUsage, 10, Time to getProceses = 13 mS
24-01-20, 08:19:03.331, Info, U.DumpProcessUsage, 10, ** Service threw exception: 'DCOM Server Process Launcher'
24-01-20, 08:19:03.348, Info, U.DumpProcessUsage, 10, ** Service threw exception: 'Diagnostic Policy Service'
24-01-20, 08:19:03.363, Info, U.DumpProcessUsage, 10, ** Service threw exception: 'Group Policy Client'
24-01-20, 08:19:03.381, Info, U.DumpProcessUsage, 10, ** Service threw exception: 'Distributed Transaction Coordinator'
24-01-20, 08:19:03.401, Info, U.DumpProcessUsage, 10, ** Service threw exception: 'RPC Endpoint Mapper'
24-01-20, 08:19:03.416, Info, U.DumpProcessUsage, 10, ** Service threw exception: 'Remote Procedure Call (RPC)'
24-01-20, 08:19:03.430, Info, U.DumpProcessUsage, 10, ** Service threw exception: 'Task Scheduler'
24-01-20, 08:19:03.448, Info, U.DumpProcessUsage, 10, ** Service threw exception: 'Diagnostic Service Host'
24-01-20, 08:19:03.462, Info, U.DumpProcessUsage, 10, ** Service threw exception: 'Diagnostic System Host'
24-01-20, 08:19:03.464, Info, U.DumpProcessUsage, 10, Time to extract services = 188.25 mS
24-01-20, 08:19:03.469, Info, U.DumpProcessUsage, 10, Added Id=2168, Name=nierserver, 0.4,(%),0.41,(Sec)
24-01-20, 08:19:03.469, Info, U.DumpProcessUsage, 10, Added Id=596, Name=winlogon, 1.37,(%),1.37,(Sec)
24-01-20, 08:19:03.469, Info, U.DumpProcessUsage, 10, Added Id=4144, Name=svchost, 0.31,(%),0.31,(Sec)
24-01-20, 08:19:03.469, Info, U.DumpProcessUsage, 10, ** Service'Windows Image Acquisition (WIA)'
24-01-20, 08:19:03.469, Info, U.DumpProcessUsage, 10, Added Id=5920, Name=svchost, 0.78,(%),0.78,(Sec)
24-01-20, 08:19:03.469, Info, U.DumpProcessUsage, 10, ** Service'Windows Defender'
24-01-20, 08:19:03.469, Info, U.DumpProcessUsage, 10, Added Id=1784, Name=explorer, 5.93,(%),5.94,(Sec)
24-01-20, 08:19:03.469, Info, U.DumpProcessUsage, 10, Added Id=604, Name=lsass, 1.17,(%),1.17,(Sec)
24-01-20, 08:19:03.469, Info, U.DumpProcessUsage, 10, ** Service'Security Accounts Manager'
24-01-20, 08:19:03.469, Info, U.DumpProcessUsage, 10, Added Id=4940, Name=ApplicationWebServer, 1.24,(%),1.25,(Sec)
24-01-20, 08:19:03.469, Info, U.DumpProcessUsage, 10, ** Service'NI Application Web Server'
24-01-20, 08:19:03.469, Info, U.DumpProcessUsage, 10, Added Id=2496, Name=PCFTray, 0.59,(%),0.59,(Sec)
24-01-20, 08:19:03.469, Info, U.DumpProcessUsage, 10, Added Id=808, Name=PCFasterSvc, 0.64,(%),0.64,(Sec)
24-01-20, 08:19:03.469, Info, U.DumpProcessUsage, 10, ** Service'Baidu PC Faster Service 5.1.0.0'
24-01-20, 08:19:03.469, Info, U.DumpProcessUsage, 10, Added Id=612, Name=lsm, 0.31,(%),0.31,(Sec)
24-01-20, 08:19:03.469, Info, U.DumpProcessUsage, 10, Added Id=1992, Name=WmiPrvSE, 0.06,(%),0.06,(Sec)
24-01-20, 08:19:03.469, Info, U.DumpProcessUsage, 10, Added Id=6748, Name=TSVNCache, 0.3,(%),0.3,(Sec)
24-01-20, 08:19:03.469, Info, U.DumpProcessUsage, 10, Added Id=6924, Name=svchost, 0.03,(%),0.03,(Sec)
24-01-20, 08:19:03.469, Info, U.DumpProcessUsage, 10, ** Service'SSDP Discovery'
24-01-20, 08:19:03.469, Info, U.DumpProcessUsage, 10, ** Service'Windows Connect Now - Config Registrar'
24-01-20, 08:19:03.469, Info, U.DumpProcessUsage, 10, Added Id=1208, Name=cogremind_srv, 0.2,(%),0.2,(Sec)
24-01-20, 08:19:03.469, Info, U.DumpProcessUsage, 10, ** Service'Cognex Reminder Service'
24-01-20, 08:19:03.469, Info, U.DumpProcessUsage, 10, Added Id=7120, Name=devenv, 13.66,(%),13.7,(Sec)
24-01-20, 08:19:03.469, Info, U.DumpProcessUsage, 10, Added Id=3772, Name=nisvcloc, 0.25,(%),0.25,(Sec)
24-01-20, 08:19:03.469, Info, U.DumpProcessUsage, 10, ** Service'NI Service Locator'
24-01-20, 08:19:03.469, Info, U.DumpProcessUsage, 10, Added Id=5152, Name=NIWebServiceContainer, 0.28,(%),0.28,(Sec)
24-01-20, 08:19:03.469, Info, U.DumpProcessUsage, 10, Added Id=2396, Name=prl_cc, 9.13,(%),9.16,(Sec)
24-01-20, 08:19:03.469, Info, U.DumpProcessUsage, 10, Added Id=6092, Name=WUDFHost, 0.23,(%),0.23,(Sec)
24-01-20, 08:19:03.469, Info, U.DumpProcessUsage, 10, Added Id=3100, Name=mysqld, 0.5,(%),0.5,(Sec)
24-01-20, 08:19:03.469, Info, U.DumpProcessUsage, 10, ** Service'MySQL56'
24-01-20, 08:19:03.469, Info, U.DumpProcessUsage, 10, Added Id=5556, Name=SearchIndexer, 0.58,(%),0.58,(Sec)
24-01-20, 08:19:03.469, Info, U.DumpProcessUsage, 10, ** Service'Windows Search'
24-01-20, 08:19:03.469, Info, U.DumpProcessUsage, 10, Added Id=2012, Name=mDNSResponder, 0.3,(%),0.3,(Sec)
24-01-20, 08:19:03.469, Info, U.DumpProcessUsage, 10, ** Service'Bonjour Service'
24-01-20, 08:19:03.469, Info, U.DumpProcessUsage, 10, Added Id=4576, Name=nipxism, 1.06,(%),1.06,(Sec)
24-01-20, 08:19:03.470, Info, U.DumpProcessUsage, 10, ** Service'NI PXI Resource Manager'
24-01-20, 08:19:03.470, Info, U.DumpProcessUsage, 10, Added Id=1624, Name=taskeng, 0.3,(%),0.3,(Sec)
24-01-20, 08:19:03.470, Info, U.DumpProcessUsage, 10, Added Id=444, Name=csrss, 1.66,(%),1.67,(Sec)
24-01-20, 08:19:03.470, Info, U.DumpProcessUsage, 10, Added Id=3840, Name=vmware-hostd, 2.01,(%),2.01,(Sec)
24-01-20, 08:19:03.470, Info, U.DumpProcessUsage, 10, ** Service'VMware Workstation Server'
24-01-20, 08:19:03.470, Info, U.DumpProcessUsage, 10, Added Id=5964, Name=sppsvc, 0.68,(%),0.69,(Sec)
24-01-20, 08:19:03.470, Info, U.DumpProcessUsage, 10, ** Service'Software Protection'
24-01-20, 08:19:03.470, Info, U.DumpProcessUsage, 10, Added Id=6588, Name=WmiPrvSE, 4.37,(%),4.38,(Sec)
24-01-20, 08:19:03.470, Info, U.DumpProcessUsage, 10, Added Id=2420, Name=svchost, 1.21,(%),1.22,(Sec)
24-01-20, 08:19:03.470, Info, U.DumpProcessUsage, 10, ** Service'hpqcxs08'
24-01-20, 08:19:03.470, Info, U.DumpProcessUsage, 10, ** Service'HP CUE DeviceDiscovery Service'
24-01-20, 08:19:03.470, Info, U.DumpProcessUsage, 10, Added Id=1436, Name=spoolsv, 1.23,(%),1.23,(Sec)
24-01-20, 08:19:03.470, Info, U.DumpProcessUsage, 10, ** Service'Print Spooler'
24-01-20, 08:19:03.470, Info, U.DumpProcessUsage, 10, Added Id=5772, Name=dllhost, 0.34,(%),0.34,(Sec)
24-01-20, 08:19:03.470, Info, U.DumpProcessUsage, 10, ** Service'COM+ System Application'
24-01-20, 08:19:03.470, Info, U.DumpProcessUsage, 10, Added Id=5412, Name=VSSVC, 0.22,(%),0.22,(Sec)
24-01-20, 08:19:03.470, Info, U.DumpProcessUsage, 10, ** Service'Volume Shadow Copy'
24-01-20, 08:19:03.470, Info, U.DumpProcessUsage, 10, Added Id=4296, Name=NIWebServiceContainer, 0.22,(%),0.22,(Sec)
24-01-20, 08:19:03.470, Info, U.DumpProcessUsage, 10, Added Id=3216, Name=svchost, 0.11,(%),0.11,(Sec)
24-01-20, 08:19:03.470, Info, U.DumpProcessUsage, 10, ** Service'Net Driver HPZ12'
24-01-20, 08:19:03.470, Info, U.DumpProcessUsage, 10, Added Id=4596, Name=NIWebServiceContainer, 1.49,(%),1.5,(Sec)
24-01-20, 08:19:03.470, Info, U.DumpProcessUsage, 10, Added Id=1644, Name=dwm, 0.72,(%),0.72,(Sec)
24-01-20, 08:19:03.470, Info, U.DumpProcessUsage, 10, Added Id=4404, Name=lktsrv, 0.3,(%),0.3,(Sec)
24-01-20, 08:19:03.470, Info, U.DumpProcessUsage, 10, ** Service'NI Time Synchronization'
24-01-20, 08:19:03.470, Info, U.DumpProcessUsage, 10, Added Id=2632, Name=vmware-tray, 0.25,(%),0.25,(Sec)
24-01-20, 08:19:03.470, Info, U.DumpProcessUsage, 10, Added Id=4012, Name=prl_tools_service, 0.25,(%),0.25,(Sec)
24-01-20, 08:19:03.470, Info, U.DumpProcessUsage, 10, ** Service'Parallels Tools Service'
24-01-20, 08:19:03.470, Info, U.DumpProcessUsage, 10, Added Id=2044, Name=NIWebServiceContainer, 0.26,(%),0.27,(Sec)
24-01-20, 08:19:03.470, Info, U.DumpProcessUsage, 10, Added Id=7212, Name=IntelliTrace, 0.3,(%),0.3,(Sec)
24-01-20, 08:19:03.470, Info, U.DumpProcessUsage, 10, Added Id=4092, Name=svchost, 0.16,(%),0.16,(Sec)
24-01-20, 08:19:03.470, Info, U.DumpProcessUsage, 10, ** Service'Pml Driver HPZ12'
24-01-20, 08:19:03.470, Info, U.DumpProcessUsage, 10, Added Id=1268, Name=svchost, 0.64,(%),0.64,(Sec)
24-01-20, 08:19:03.470, Info, U.DumpProcessUsage, 10, ** Service'Cryptographic Services'
24-01-20, 08:19:03.470, Info, U.DumpProcessUsage, 10, ** Service'DNS Client'
24-01-20, 08:19:03.470, Info, U.DumpProcessUsage, 10, ** Service'Workstation'
24-01-20, 08:19:03.470, Info, U.DumpProcessUsage, 10, ** Service'Network Location Awareness'
24-01-20, 08:19:03.470, Info, U.DumpProcessUsage, 10, Added Id=1072, Name=svchost, 2.27,(%),2.28,(Sec)
24-01-20, 08:19:03.470, Info, U.DumpProcessUsage, 10, ** Service'Application Experience'
24-01-20, 08:19:03.470, Info, U.DumpProcessUsage, 10, ** Service'Application Information'
24-01-20, 08:19:03.470, Info, U.DumpProcessUsage, 10, ** Service'Computer Browser'
24-01-20, 08:19:03.470, Info, U.DumpProcessUsage, 10, ** Service'IKE and AuthIP IPsec Keying Modules'
24-01-20, 08:19:03.470, Info, U.DumpProcessUsage, 10, ** Service'IP Helper'
24-01-20, 08:19:03.470, Info, U.DumpProcessUsage, 10, ** Service'Server'
24-01-20, 08:19:03.470, Info, U.DumpProcessUsage, 10, ** Service'Multimedia Class Scheduler'
24-01-20, 08:19:03.470, Info, U.DumpProcessUsage, 10, ** Service'Parallels User Profile Service'
24-01-20, 08:19:03.470, Info, U.DumpProcessUsage, 10, ** Service'User Profile Service'
24-01-20, 08:19:03.470, Info, U.DumpProcessUsage, 10, ** Service'System Event Notification Service'
24-01-20, 08:19:03.470, Info, U.DumpProcessUsage, 10, ** Service'Shell Hardware Detection'
24-01-20, 08:19:03.470, Info, U.DumpProcessUsage, 10, ** Service'Themes'
24-01-20, 08:19:03.470, Info, U.DumpProcessUsage, 10, ** Service'Windows Management Instrumentation'
24-01-20, 08:19:03.470, Info, U.DumpProcessUsage, 10, Added Id=4028, Name=coherence, 0.12,(%),0.12,(Sec)
24-01-20, 08:19:03.470, Info, U.DumpProcessUsage, 10, Added Id=4620, Name=SystemWebServer, 0.75,(%),0.75,(Sec)
24-01-20, 08:19:03.471, Info, U.DumpProcessUsage, 10, ** Service'NI System Web Server'
24-01-20, 08:19:03.471, Info, U.DumpProcessUsage, 10, Added Id=2060, Name=CorGigEServer, 0.33,(%),0.33,(Sec)
24-01-20, 08:19:03.471, Info, U.DumpProcessUsage, 10, ** Service'Sapera GigE Service'
24-01-20, 08:19:03.471, Info, U.DumpProcessUsage, 10, Added Id=1864, Name=taskeng, 0.23,(%),0.23,(Sec)
24-01-20, 08:19:03.471, Info, U.DumpProcessUsage, 10, Added Id=1472, Name=svchost, 0.65,(%),0.66,(Sec)
24-01-20, 08:19:03.471, Info, U.DumpProcessUsage, 10, ** Service'Base Filtering Engine'
24-01-20, 08:19:03.471, Info, U.DumpProcessUsage, 10, ** Service'Windows Firewall'
24-01-20, 08:19:03.471, Info, U.DumpProcessUsage, 10, Added Id=2264, Name=TSVNCache, 0.4,(%),0.41,(Sec)
24-01-20, 08:19:03.471, Info, U.DumpProcessUsage, 10, Added Id=564, Name=services, 1.48,(%),1.48,(Sec)
24-01-20, 08:19:03.471, Info, U.DumpProcessUsage, 10, Added Id=3252, Name=FasterNow, 1.43,(%),1.44,(Sec)
24-01-20, 08:19:03.471, Info, U.DumpProcessUsage, 10, Added Id=1480, Name=nimxs, 1.74,(%),1.75,(Sec)
24-01-20, 08:19:03.471, Info, U.DumpProcessUsage, 10, ** Service'NI Configuration Manager'
24-01-20, 08:19:03.471, Info, U.DumpProcessUsage, 10, Added Id=496, Name=wininit, 0.62,(%),0.62,(Sec)
24-01-20, 08:19:03.471, Info, U.DumpProcessUsage, 10, Added Id=1876, Name=AppleMobileDeviceService, 0.37,(%),0.37,(Sec)
24-01-20, 08:19:03.471, Info, U.DumpProcessUsage, 10, ** Service'Apple Mobile Device Service'
24-01-20, 08:19:03.471, Info, U.DumpProcessUsage, 10, Added Id=892, Name=PCFasterSvc, 4.14,(%),4.15,(Sec)
24-01-20, 08:19:03.471, Info, U.DumpProcessUsage, 10, Added Id=3068, Name=MustangSer1249, 0.2,(%),0.2,(Sec)
24-01-20, 08:19:03.471, Info, U.DumpProcessUsage, 10, ** Service'MustangService DispalyName'
24-01-20, 08:19:03.471, Info, U.DumpProcessUsage, 10, Added Id=5032, Name=NIWebServiceContainer, 0.37,(%),0.37,(Sec)
24-01-20, 08:19:03.471, Info, U.DumpProcessUsage, 10, Added Id=2276, Name=hasplms, 0.96,(%),0.97,(Sec)
24-01-20, 08:19:03.471, Info, U.DumpProcessUsage, 10, ** Service'HASP License Manager'
24-01-20, 08:19:03.471, Info, U.DumpProcessUsage, 10, Added Id=3656, Name=nidmsrv, 0.26,(%),0.27,(Sec)
24-01-20, 08:19:03.471, Info, U.DumpProcessUsage, 10, ** Service'NI Domain Service'
24-01-20, 08:19:03.471, Info, U.DumpProcessUsage, 10, Added Id=2672, Name=DeviceMonitor, 1.57,(%),1.58,(Sec)
24-01-20, 08:19:03.471, Info, U.DumpProcessUsage, 10, Added Id=4840, Name=SearchProtocolHost, 0.3,(%),0.3,(Sec)
24-01-20, 08:19:03.471, Info, U.DumpProcessUsage, 10, Added Id=3856, Name=tagsrv, 0.62,(%),0.62,(Sec)
24-01-20, 08:19:03.471, Info, U.DumpProcessUsage, 10, ** Service'NI Variable Engine'
24-01-20, 08:19:03.471, Info, U.DumpProcessUsage, 10, Added Id=2972, Name=dllhost, 0.34,(%),0.34,(Sec)
24-01-20, 08:19:03.471, Info, U.DumpProcessUsage, 10, ** Service'PrlVssProvider'
24-01-20, 08:19:03.471, Info, U.DumpProcessUsage, 10, Added Id=1844, Name=PrintIsolationHost, 0.47,(%),0.47,(Sec)
24-01-20, 08:19:03.471, Info, U.DumpProcessUsage, 10, Added Id=2876, Name=coherence, 0.17,(%),0.17,(Sec)
24-01-20, 08:19:03.471, Info, U.DumpProcessUsage, 10, Added Id=3468, Name=nidevldu, 0.39,(%),0.39,(Sec)
24-01-20, 08:19:03.471, Info, U.DumpProcessUsage, 10, ** Service'NI Device Loader'
24-01-20, 08:19:03.471, Info, U.DumpProcessUsage, 10, Added Id=120, Name=svchost, 0.68,(%),0.69,(Sec)
24-01-20, 08:19:03.471, Info, U.DumpProcessUsage, 10, ** Service'COM+ Event System'
24-01-20, 08:19:03.471, Info, U.DumpProcessUsage, 10, ** Service'Function Discovery Provider Host'
24-01-20, 08:19:03.471, Info, U.DumpProcessUsage, 10, ** Service'Windows Font Cache Service'
24-01-20, 08:19:03.471, Info, U.DumpProcessUsage, 10, ** Service'Network List Service'
24-01-20, 08:19:03.471, Info, U.DumpProcessUsage, 10, ** Service'Network Store Interface Service'
24-01-20, 08:19:03.471, Info, U.DumpProcessUsage, 10, ** Service'WinHTTP Web Proxy Auto-Discovery Service'
24-01-20, 08:19:03.471, Info, U.DumpProcessUsage, 10, Added Id=6948, Name=WmiApSrv, 0.25,(%),0.25,(Sec)
24-01-20, 08:19:03.471, Info, U.DumpProcessUsage, 10, ** Service'WMI Performance Adapter'
24-01-20, 08:19:03.471, Info, U.DumpProcessUsage, 10, Added Id=7068, Name=hpqste08, 0.82,(%),0.83,(Sec)
24-01-20, 08:19:03.471, Info, U.DumpProcessUsage, 10, Added Id=520, Name=csrss, 2.3,(%),2.31,(Sec)
24-01-20, 08:19:03.471, Info, U.DumpProcessUsage, 10, Added Id=4264, Name=vmnat, 0.23,(%),0.23,(Sec)
24-01-20, 08:19:03.471, Info, U.DumpProcessUsage, 10, ** Service'VMware NAT Service'
24-01-20, 08:19:03.471, Info, U.DumpProcessUsage, 10, Added Id=4068, Name=prl_tools, 0.23,(%),0.23,(Sec)
24-01-20, 08:19:03.471, Info, U.DumpProcessUsage, 10, Added Id=524, Name=svchost, 1.14,(%),1.14,(Sec)
24-01-20, 08:19:03.471, Info, U.DumpProcessUsage, 10, ** Service'Windows Audio'
24-01-20, 08:19:03.471, Info, U.DumpProcessUsage, 10, ** Service'DHCP Client'
24-01-20, 08:19:03.471, Info, U.DumpProcessUsage, 10, ** Service'Windows Event Log'
24-01-20, 08:19:03.471, Info, U.DumpProcessUsage, 10, ** Service'TCP/IP NetBIOS Helper'
24-01-20, 08:19:03.471, Info, U.DumpProcessUsage, 10, Added Id=2692, Name=hpwuschd2, 0.2,(%),0.2,(Sec)
24-01-20, 08:19:03.471, Info, U.DumpProcessUsage, 10, Added Id=920, Name=svchost, 0.54,(%),0.55,(Sec)
24-01-20, 08:19:03.471, Info, U.DumpProcessUsage, 10, Added Id=724, Name=svchost, 5.88,(%),5.9,(Sec)
24-01-20, 08:19:03.472, Info, U.DumpProcessUsage, 10, ** Service'Plug and Play'
24-01-20, 08:19:03.472, Info, U.DumpProcessUsage, 10, ** Service'Power'
24-01-20, 08:19:03.472, Info, U.DumpProcessUsage, 10, Added Id=5060, Name=niLxiDiscovery, 0.25,(%),0.25,(Sec)
24-01-20, 08:19:03.472, Info, U.DumpProcessUsage, 10, ** Service'NI LXI Discovery Service'
24-01-20, 08:19:03.472, Info, U.DumpProcessUsage, 10, Added Id=1712, Name=cogss_srv, 0.3,(%),0.3,(Sec)
24-01-20, 08:19:03.472, Info, U.DumpProcessUsage, 10, ** Service'Cognex Security Service'
24-01-20, 08:19:03.472, Info, U.DumpProcessUsage, 10, Added Id=2108, Name=hpqtra08, 0.5,(%),0.5,(Sec)
24-01-20, 08:19:03.472, Info, U.DumpProcessUsage, 10, Added Id=3488, Name=niDiscSvc, 0.33,(%),0.33,(Sec)
24-01-20, 08:19:03.472, Info, U.DumpProcessUsage, 10, ** Service'NI Network Discovery'
24-01-20, 08:19:03.472, Info, U.DumpProcessUsage, 10, Added Id=5680, Name=DiscSoftBusService, 0.23,(%),0.23,(Sec)
24-01-20, 08:19:03.472, Info, U.DumpProcessUsage, 10, ** Service'Disc Soft Lite Bus Service'
24-01-20, 08:19:03.472, Info, U.DumpProcessUsage, 10, Added Id=4696, Name=vmware-authd, 0.3,(%),0.3,(Sec)
24-01-20, 08:19:03.472, Info, U.DumpProcessUsage, 10, ** Service'VMware Authorization Service'
24-01-20, 08:19:03.472, Info, U.DumpProcessUsage, 10, Added Id=1524, Name=taskhost, 0.36,(%),0.36,(Sec)
24-01-20, 08:19:03.472, Info, U.DumpProcessUsage, 10, Added Id=1132, Name=audiodg, 0.42,(%),0.42,(Sec)
24-01-20, 08:19:03.472, Info, U.DumpProcessUsage, 10, Added Id=4876, Name=vmware-usbarbitrator64, 0.28,(%),0.28,(Sec)
24-01-20, 08:19:03.472, Info, U.DumpProcessUsage, 10, ** Service'VMware USB Arbitration Service'
24-01-20, 08:19:03.472, Info, U.DumpProcessUsage, 10, Added Id=4796, Name=vmnetdhcp, 0.22,(%),0.22,(Sec)
24-01-20, 08:19:03.472, Info, U.DumpProcessUsage, 10, ** Service'VMware DHCP Service'
24-01-20, 08:19:03.472, Info, U.DumpProcessUsage, 10, Added Id=940, Name=svchost, 0.44,(%),0.44,(Sec)
24-01-20, 08:19:03.472, Info, U.DumpProcessUsage, 10, ** Service'Windows Audio Endpoint Builder'
24-01-20, 08:19:03.472, Info, U.DumpProcessUsage, 10, ** Service'Network Connections'
24-01-20, 08:19:03.472, Info, U.DumpProcessUsage, 10, ** Service'Program Compatibility Assistant Service'
24-01-20, 08:19:03.472, Info, U.DumpProcessUsage, 10, ** Service'Superfetch'
24-01-20, 08:19:03.472, Info, U.DumpProcessUsage, 10, ** Service'Desktop Window Manager Session Manager'
24-01-20, 08:19:03.472, Info, U.DumpProcessUsage, 10, ** Service'Portable Device Enumerator Service'
24-01-20, 08:19:03.472, Info, U.DumpProcessUsage, 10, ** Service'Windows Driver Foundation - User-mode Driver Framework'
24-01-20, 08:19:03.472, Info, U.DumpProcessUsage, 10, Added Id=6220, Name=msdtc, 0.28,(%),0.28,(Sec)
24-01-20, 08:19:03.472, Info, U.DumpProcessUsage, 10, Added Id=7232, Name=conhost, 0.33,(%),0.33,(Sec)
24-01-20, 08:19:03.472, Info, U.DumpProcessUsage, 10, Added Id=356, Name=smss, 0.47,(%),0.47,(Sec)
24-01-20, 08:19:03.472, Info, U.DumpProcessUsage, 10, Added Id=4496, Name=nimdnsResponder, 0.34,(%),0.34,(Sec)
24-01-20, 08:19:03.472, Info, U.DumpProcessUsage, 10, ** Service'NI mDNS Responder Service'
24-01-20, 08:19:03.472, Info, U.DumpProcessUsage, 10, Added Id=5192, Name=WmiPrvSE, 0.73,(%),0.73,(Sec)
24-01-20, 08:19:03.472, Info, U.DumpProcessUsage, 10, Added Id=3316, Name=niauth_daemon, 0.61,(%),0.61,(Sec)
24-01-20, 08:19:03.472, Info, U.DumpProcessUsage, 10, ** Service'NI Authentication Service'
24-01-20, 08:19:03.472, Info, U.DumpProcessUsage, 10, Added Id=3908, Name=coherence, 0.19,(%),0.19,(Sec)
24-01-20, 08:19:03.472, Info, U.DumpProcessUsage, 10, ** Service'Parallels Coherence Service'
24-01-20, 08:19:03.472, Info, U.DumpProcessUsage, 10, Added Id=1348, Name=cogsls_srv, 0.14,(%),0.14,(Sec)
24-01-20, 08:19:03.472, Info, U.DumpProcessUsage, 10, ** Service'Cognex Software Licensing Service'
24-01-20, 08:19:03.472, Info, U.DumpProcessUsage, 10, Added Id=6272, Name=hpqgpc01, 0.3,(%),0.3,(Sec)
24-01-20, 08:19:03.472, Info, U.DumpProcessUsage, 10, Added Id=2532, Name=IpOverUsbSvc, 0.5,(%),0.5,(Sec)
24-01-20, 08:19:03.472, Info, U.DumpProcessUsage, 10, ** Service'Windows Phone IP over USB Transport (IpOverUsbSvc)'
24-01-20, 08:19:03.472, Info, U.DumpProcessUsage, 10, Added Id=5824, Name=SearchFilterHost, 0.19,(%),0.19,(Sec)
24-01-20, 08:19:03.472, Info, U.DumpProcessUsage, 10, Added Id=2140, Name=CorLogServer, 0.25,(%),0.25,(Sec)
24-01-20, 08:19:03.472, Info, U.DumpProcessUsage, 10, ** Service'Sapera Log Server'
24-01-20, 08:19:03.472, Info, U.DumpProcessUsage, 10, Added Id=4360, Name=lkcitdl, 0.28,(%),0.28,(Sec)
24-01-20, 08:19:03.472, Info, U.DumpProcessUsage, 10, ** Service'NI Citadel 4 Service'
24-01-20, 08:19:03.472, Info, U.DumpProcessUsage, 10, Added Id=960, Name=CorDHCPServer, 0.26,(%),0.27,(Sec)
24-01-20, 08:19:03.472, Info, U.DumpProcessUsage, 10, ** Service'Sapera DHCP Server'
24-01-20, 08:19:03.472, Info, U.DumpProcessUsage, 10, Added Id=1552, Name=CorGigEStatus, 0.3,(%),0.3,(Sec)
24-01-20, 08:19:03.472, Info, U.DumpProcessUsage, 10, Added Id=6676, Name=msvsmon, 0.68,(%),0.69,(Sec)
24-01-20, 08:19:03.472, Info, U.DumpProcessUsage, 10, Added Id=1164, Name=svchost, 0.25,(%),0.25,(Sec)
24-01-20, 08:19:03.472, Info, U.DumpProcessUsage, 10, Added Id=4908, Name=NIWebServiceContainer, 0.23,(%),0.23,(Sec)
24-01-20, 08:19:03.472, Info, U.DumpProcessUsage, 10, Added Id=2940, Name=lkads, 0.45,(%),0.45,(Sec)
24-01-20, 08:19:03.472, Info, U.DumpProcessUsage, 10, ** Service'NI PSP Service Locator'
24-01-20, 08:19:03.473, Info, U.DumpProcessUsage, 10, Added Id=7160, Name=hpqbam08, 0.23,(%),0.23,(Sec)
24-01-20, 08:19:03.473, Info, U.DumpProcessUsage, 10, Added Id=5712, Name=AppMachine.vshost, 0.89,(%),0.89,(Sec)
24-01-20, 08:19:03.476, Info, U.DumpProcessUsage, 10, ** Thread Main GUI(7440) = 452.4 mS
24-01-20, 08:19:03.476, Info, U.DumpProcessUsage, 10, Total time to dump = 213.83 mS
24-01-20, 08:19:03.477, Info, CompRoot.ApplicationSetup, 10, Application Loading : AppMachine - Ver 1.0 Build 0 (Official)
24-01-20, 08:19:03.477, Info, U.DumpProcessUsage, 10, Dumping Processes at AppSetup2.  Current total CPU Usage=,20.18554%, time since last=,214.3
24-01-20, 08:19:03.479, Info, U.DumpProcessUsage, 10, Time to getProceses = 2.78 mS
24-01-20, 08:19:03.495, Info, U.DumpProcessUsage, 10, Time to extract services = 15.6 mS
24-01-20, 08:19:03.495, Info, U.DumpProcessUsage, 10, Existing Id=564, Name=services, 16.67,(%),0.03,(Sec)
24-01-20, 08:19:03.495, Info, U.DumpProcessUsage, 10, Existing Id=6676, Name=msvsmon, 75,(%),0.14,(Sec)
24-01-20, 08:19:03.495, Info, U.DumpProcessUsage, 10, Existing Id=5712, Name=AppMachine.vshost, 8.33,(%),0.02,(Sec)
24-01-20, 08:19:03.496, Info, U.DumpProcessUsage, 10, Total time to dump = 19.42 mS
24-01-20, 08:19:03.643, Info, CompRoot.ApplicationSetup, 10, StopWatch Resolution=True
24-01-20, 08:19:03.643, Info, CompRoot.ApplicationSetup, 10, StopWatch Frequency=10000000
24-01-20, 08:19:03.643, Info, U.DumpProcessUsage, 10, Dumping Processes at End AppSetup.  Current total CPU Usage=,15.42114%, time since last=,166
24-01-20, 08:19:03.645, Info, U.DumpProcessUsage, 10, Time to getProceses = 2.64 mS
24-01-20, 08:19:03.660, Info, U.DumpProcessUsage, 10, Time to extract services = 15.05 mS
24-01-20, 08:19:03.660, Info, U.DumpProcessUsage, 10, Existing Id=7120, Name=devenv, 12.5,(%),0.02,(Sec)
24-01-20, 08:19:03.661, Info, U.DumpProcessUsage, 10, Existing Id=7212, Name=IntelliTrace, 12.5,(%),0.02,(Sec)
24-01-20, 08:19:03.661, Info, U.DumpProcessUsage, 10, Existing Id=5712, Name=AppMachine.vshost, 75,(%),0.09,(Sec)
24-01-20, 08:19:03.661, Info, U.DumpProcessUsage, 10, ** Thread Main GUI(7440) = 93.6 mS
24-01-20, 08:19:03.661, Info, U.DumpProcessUsage, 10, Total time to dump = 18.73 mS
24-01-20, 08:19:05.049, Error, SMActionFlow.Rebuild, 6, Need a valid method for 'SMActionFlow_8'
24-01-20, 08:19:05.050, Error, SMActionFlow.Rebuild, 6, Need a valid method for 'SMActionFlow_9'
24-01-20, 08:19:05.054, Error, SMActionFlow.Rebuild, 6, Need a valid method for 'SMActionFlow_10'
24-01-20, 08:19:05.055, Error, SMActionFlow.Rebuild, 6, Need a valid method for 'SMActionFlow_11'
24-01-20, 08:19:05.056, Error, SMActionFlow.Rebuild, 6, Need a valid method for 'SMActionFlow_12'
24-01-20, 08:19:09.957, UserChange, SMFlowContainer.RegisterEdit, 10, SM Reset, Start editing
24-01-20, 08:19:16.528, UserChange, SMPathOut.set_TargetID, 10, SMTransition_17.SMPathOut, was changed from, Stop, to, Null
24-01-20, 08:19:16.540, UserChange, SMPathOut.set_TargetID, 10, SM Reset.SMActionFlow_3.SMPathOut, was changed from, Decision1, to, Null
24-01-20, 08:19:16.541, UserChange, SMPathOut.set_TargetID, 10, SMActTransFlow_15.SMPathOut, was changed from, Stop, to, Null
24-01-20, 08:19:18.759, UserChange, SMPathOut.set_TargetID, 10, SMTransition_17.SMPathOut, was changed from, Null, to, Stop
24-01-20, 08:19:18.770, UserChange, SMPathOut.set_TargetID, 10, SM Reset.SMActionFlow_3.SMPathOut, was changed from, Null, to, Decision1
24-01-20, 08:19:18.771, UserChange, SMPathOut.set_TargetID, 10, SMActTransFlow_15.SMPathOut, was changed from, Null, to, Stop
24-01-20, 08:21:44.998, Info, U.DumpProcessUsage, 9, Dumping Processes at AppSetup1.  Current total CPU Usage=,31.17588%, time since last=,1161.7
24-01-20, 08:21:45.005, Info, U.DumpProcessUsage, 9, Time to getProceses = 8.61 mS
24-01-20, 08:21:45.044, Info, U.DumpProcessUsage, 9, ** Service threw exception: 'DCOM Server Process Launcher'
24-01-20, 08:21:45.059, Info, U.DumpProcessUsage, 9, ** Service threw exception: 'Diagnostic Policy Service'
24-01-20, 08:21:45.074, Info, U.DumpProcessUsage, 9, ** Service threw exception: 'Group Policy Client'
24-01-20, 08:21:45.090, Info, U.DumpProcessUsage, 9, ** Service threw exception: 'Distributed Transaction Coordinator'
24-01-20, 08:21:45.110, Info, U.DumpProcessUsage, 9, ** Service threw exception: 'RPC Endpoint Mapper'
24-01-20, 08:21:45.124, Info, U.DumpProcessUsage, 9, ** Service threw exception: 'Remote Procedure Call (RPC)'
24-01-20, 08:21:45.138, Info, U.DumpProcessUsage, 9, ** Service threw exception: 'Task Scheduler'
24-01-20, 08:21:45.156, Info, U.DumpProcessUsage, 9, ** Service threw exception: 'Diagnostic Service Host'
24-01-20, 08:21:45.170, Info, U.DumpProcessUsage, 9, ** Service threw exception: 'Diagnostic System Host'
24-01-20, 08:21:45.172, Info, U.DumpProcessUsage, 9, Time to extract services = 166.29 mS
24-01-20, 08:21:45.173, Info, U.DumpProcessUsage, 9, Added Id=2168, Name=nierserver, 0.31,(%),0.41,(Sec)
24-01-20, 08:21:45.173, Info, U.DumpProcessUsage, 9, Added Id=3352, Name=MSBuild, 0.46,(%),0.61,(Sec)
24-01-20, 08:21:45.173, Info, U.DumpProcessUsage, 9, Added Id=596, Name=winlogon, 1.04,(%),1.37,(Sec)
24-01-20, 08:21:45.173, Info, U.DumpProcessUsage, 9, Added Id=1976, Name=WmiApSrv, 0.04,(%),0.05,(Sec)
24-01-20, 08:21:45.173, Info, U.DumpProcessUsage, 9, ** Service'WMI Performance Adapter'
24-01-20, 08:21:45.173, Info, U.DumpProcessUsage, 9, Added Id=4144, Name=svchost, 0.24,(%),0.31,(Sec)
24-01-20, 08:21:45.173, Info, U.DumpProcessUsage, 9, ** Service'Windows Image Acquisition (WIA)'
24-01-20, 08:21:45.173, Info, U.DumpProcessUsage, 9, Added Id=5920, Name=svchost, 3.29,(%),4.35,(Sec)
24-01-20, 08:21:45.173, Info, U.DumpProcessUsage, 9, ** Service'Windows Defender'
24-01-20, 08:21:45.173, Info, U.DumpProcessUsage, 9, Added Id=1784, Name=explorer, 8.71,(%),11.54,(Sec)
24-01-20, 08:21:45.173, Info, U.DumpProcessUsage, 9, Added Id=8000, Name=SearchProtocolHost, 0.16,(%),0.22,(Sec)
24-01-20, 08:21:45.173, Info, U.DumpProcessUsage, 9, Added Id=604, Name=lsass, 1.21,(%),1.61,(Sec)
24-01-20, 08:21:45.173, Info, U.DumpProcessUsage, 9, ** Service'Security Accounts Manager'
24-01-20, 08:21:45.173, Info, U.DumpProcessUsage, 9, Added Id=4940, Name=ApplicationWebServer, 0.94,(%),1.25,(Sec)
24-01-20, 08:21:45.174, Info, U.DumpProcessUsage, 9, ** Service'NI Application Web Server'
24-01-20, 08:21:45.174, Info, U.DumpProcessUsage, 9, Added Id=7904, Name=AppMachine.vshost, 0.68,(%),0.9,(Sec)
24-01-20, 08:21:45.175, Info, U.DumpProcessUsage, 9, ** Thread Main GUI(7864) = 452.4 mS
24-01-20, 08:21:45.175, Info, U.DumpProcessUsage, 9, Added Id=2496, Name=PCFTray, 0.47,(%),0.62,(Sec)
24-01-20, 08:21:45.175, Info, U.DumpProcessUsage, 9, Added Id=808, Name=PCFasterSvc, 0.59,(%),0.78,(Sec)
24-01-20, 08:21:45.175, Info, U.DumpProcessUsage, 9, ** Service'Baidu PC Faster Service 5.1.0.0'
24-01-20, 08:21:45.175, Info, U.DumpProcessUsage, 9, Added Id=612, Name=lsm, 0.24,(%),0.31,(Sec)
24-01-20, 08:21:45.175, Info, U.DumpProcessUsage, 9, Added Id=1992, Name=WmiPrvSE, 0.05,(%),0.06,(Sec)
24-01-20, 08:21:45.175, Info, U.DumpProcessUsage, 9, Added Id=6748, Name=TSVNCache, 0.22,(%),0.3,(Sec)
24-01-20, 08:21:45.175, Info, U.DumpProcessUsage, 9, Added Id=6924, Name=svchost, 0.09,(%),0.12,(Sec)
24-01-20, 08:21:45.175, Info, U.DumpProcessUsage, 9, ** Service'SSDP Discovery'
24-01-20, 08:21:45.175, Info, U.DumpProcessUsage, 9, ** Service'Windows Connect Now - Config Registrar'
24-01-20, 08:21:45.175, Info, U.DumpProcessUsage, 9, Added Id=1208, Name=cogremind_srv, 0.15,(%),0.2,(Sec)
24-01-20, 08:21:45.175, Info, U.DumpProcessUsage, 9, ** Service'Cognex Reminder Service'
24-01-20, 08:21:45.175, Info, U.DumpProcessUsage, 9, Added Id=7120, Name=devenv, 14.73,(%),19.52,(Sec)
24-01-20, 08:21:45.175, Info, U.DumpProcessUsage, 9, Added Id=3772, Name=nisvcloc, 0.19,(%),0.25,(Sec)
24-01-20, 08:21:45.175, Info, U.DumpProcessUsage, 9, ** Service'NI Service Locator'
24-01-20, 08:21:45.175, Info, U.DumpProcessUsage, 9, Added Id=5152, Name=NIWebServiceContainer, 0.21,(%),0.28,(Sec)
24-01-20, 08:21:45.175, Info, U.DumpProcessUsage, 9, Added Id=1656, Name=wuauclt, 0.02,(%),0.03,(Sec)
24-01-20, 08:21:45.175, Info, U.DumpProcessUsage, 9, Added Id=2396, Name=prl_cc, 7.7,(%),10.2,(Sec)
24-01-20, 08:21:45.175, Info, U.DumpProcessUsage, 9, Added Id=6092, Name=WUDFHost, 0.18,(%),0.23,(Sec)
24-01-20, 08:21:45.175, Info, U.DumpProcessUsage, 9, Added Id=3100, Name=mysqld, 0.38,(%),0.5,(Sec)
24-01-20, 08:21:45.175, Info, U.DumpProcessUsage, 9, ** Service'MySQL56'
24-01-20, 08:21:45.175, Info, U.DumpProcessUsage, 9, Added Id=5556, Name=SearchIndexer, 0.53,(%),0.7,(Sec)
24-01-20, 08:21:45.175, Info, U.DumpProcessUsage, 9, ** Service'Windows Search'
24-01-20, 08:21:45.175, Info, U.DumpProcessUsage, 9, Added Id=2012, Name=mDNSResponder, 0.39,(%),0.51,(Sec)
24-01-20, 08:21:45.175, Info, U.DumpProcessUsage, 9, ** Service'Bonjour Service'
24-01-20, 08:21:45.175, Info, U.DumpProcessUsage, 9, Added Id=4576, Name=nipxism, 0.8,(%),1.06,(Sec)
24-01-20, 08:21:45.175, Info, U.DumpProcessUsage, 9, ** Service'NI PXI Resource Manager'
24-01-20, 08:21:45.175, Info, U.DumpProcessUsage, 9, Added Id=1624, Name=taskeng, 0.22,(%),0.3,(Sec)
24-01-20, 08:21:45.175, Info, U.DumpProcessUsage, 9, Added Id=444, Name=csrss, 1.27,(%),1.68,(Sec)
24-01-20, 08:21:45.175, Info, U.DumpProcessUsage, 9, Added Id=3840, Name=vmware-hostd, 1.52,(%),2.01,(Sec)
24-01-20, 08:21:45.175, Info, U.DumpProcessUsage, 9, ** Service'VMware Workstation Server'
24-01-20, 08:21:45.175, Info, U.DumpProcessUsage, 9, Added Id=5964, Name=sppsvc, 0.52,(%),0.69,(Sec)
24-01-20, 08:21:45.175, Info, U.DumpProcessUsage, 9, ** Service'Software Protection'
24-01-20, 08:21:45.175, Info, U.DumpProcessUsage, 9, Added Id=6588, Name=WmiPrvSE, 3.51,(%),4.65,(Sec)
24-01-20, 08:21:45.175, Info, U.DumpProcessUsage, 9, Added Id=2420, Name=svchost, 0.92,(%),1.22,(Sec)
24-01-20, 08:21:45.175, Info, U.DumpProcessUsage, 9, ** Service'hpqcxs08'
24-01-20, 08:21:45.175, Info, U.DumpProcessUsage, 9, ** Service'HP CUE DeviceDiscovery Service'
24-01-20, 08:21:45.176, Info, U.DumpProcessUsage, 9, Added Id=1436, Name=spoolsv, 0.93,(%),1.23,(Sec)
24-01-20, 08:21:45.176, Info, U.DumpProcessUsage, 9, ** Service'Print Spooler'
24-01-20, 08:21:45.176, Info, U.DumpProcessUsage, 9, Added Id=5772, Name=dllhost, 0.41,(%),0.55,(Sec)
24-01-20, 08:21:45.176, Info, U.DumpProcessUsage, 9, ** Service'COM+ System Application'
24-01-20, 08:21:45.176, Info, U.DumpProcessUsage, 9, Added Id=7816, Name=conhost, 0.05,(%),0.06,(Sec)
24-01-20, 08:21:45.176, Info, U.DumpProcessUsage, 9, Added Id=4296, Name=NIWebServiceContainer, 0.16,(%),0.22,(Sec)
24-01-20, 08:21:45.176, Info, U.DumpProcessUsage, 9, Added Id=3216, Name=svchost, 0.08,(%),0.11,(Sec)
24-01-20, 08:21:45.176, Info, U.DumpProcessUsage, 9, ** Service'Net Driver HPZ12'
24-01-20, 08:21:45.176, Info, U.DumpProcessUsage, 9, Added Id=4596, Name=NIWebServiceContainer, 1.14,(%),1.51,(Sec)
24-01-20, 08:21:45.176, Info, U.DumpProcessUsage, 9, Added Id=1644, Name=dwm, 0.75,(%),1,(Sec)
24-01-20, 08:21:45.176, Info, U.DumpProcessUsage, 9, Added Id=4404, Name=lktsrv, 0.22,(%),0.3,(Sec)
24-01-20, 08:21:45.176, Info, U.DumpProcessUsage, 9, ** Service'NI Time Synchronization'
24-01-20, 08:21:45.176, Info, U.DumpProcessUsage, 9, Added Id=2632, Name=vmware-tray, 0.19,(%),0.25,(Sec)
24-01-20, 08:21:45.176, Info, U.DumpProcessUsage, 9, Added Id=4012, Name=prl_tools_service, 0.19,(%),0.25,(Sec)
24-01-20, 08:21:45.176, Info, U.DumpProcessUsage, 9, ** Service'Parallels Tools Service'
24-01-20, 08:21:45.176, Info, U.DumpProcessUsage, 9, Added Id=2044, Name=NIWebServiceContainer, 0.2,(%),0.27,(Sec)
24-01-20, 08:21:45.176, Info, U.DumpProcessUsage, 9, Added Id=4092, Name=svchost, 0.12,(%),0.16,(Sec)
24-01-20, 08:21:45.176, Info, U.DumpProcessUsage, 9, ** Service'Pml Driver HPZ12'
24-01-20, 08:21:45.176, Info, U.DumpProcessUsage, 9, Added Id=5952, Name=conhost, 0.06,(%),0.08,(Sec)
24-01-20, 08:21:45.176, Info, U.DumpProcessUsage, 9, Added Id=6980, Name=MSBuild, 0.66,(%),0.87,(Sec)
24-01-20, 08:21:45.176, Info, U.DumpProcessUsage, 9, Added Id=1268, Name=svchost, 0.71,(%),0.94,(Sec)
24-01-20, 08:21:45.176, Info, U.DumpProcessUsage, 9, ** Service'Cryptographic Services'
24-01-20, 08:21:45.176, Info, U.DumpProcessUsage, 9, ** Service'DNS Client'
24-01-20, 08:21:45.176, Info, U.DumpProcessUsage, 9, ** Service'Workstation'
24-01-20, 08:21:45.176, Info, U.DumpProcessUsage, 9, ** Service'Network Location Awareness'
24-01-20, 08:21:45.176, Info, U.DumpProcessUsage, 9, Added Id=1072, Name=svchost, 2.38,(%),3.15,(Sec)
24-01-20, 08:21:45.176, Info, U.DumpProcessUsage, 9, ** Service'Application Experience'
24-01-20, 08:21:45.176, Info, U.DumpProcessUsage, 9, ** Service'Application Information'
24-01-20, 08:21:45.176, Info, U.DumpProcessUsage, 9, ** Service'Background Intelligent Transfer Service'
24-01-20, 08:21:45.176, Info, U.DumpProcessUsage, 9, ** Service'Computer Browser'
24-01-20, 08:21:45.176, Info, U.DumpProcessUsage, 9, ** Service'IKE and AuthIP IPsec Keying Modules'
24-01-20, 08:21:45.176, Info, U.DumpProcessUsage, 9, ** Service'IP Helper'
24-01-20, 08:21:45.176, Info, U.DumpProcessUsage, 9, ** Service'Server'
24-01-20, 08:21:45.176, Info, U.DumpProcessUsage, 9, ** Service'Multimedia Class Scheduler'
24-01-20, 08:21:45.176, Info, U.DumpProcessUsage, 9, ** Service'Parallels User Profile Service'
24-01-20, 08:21:45.176, Info, U.DumpProcessUsage, 9, ** Service'User Profile Service'
24-01-20, 08:21:45.176, Info, U.DumpProcessUsage, 9, ** Service'System Event Notification Service'
24-01-20, 08:21:45.176, Info, U.DumpProcessUsage, 9, ** Service'Shell Hardware Detection'
24-01-20, 08:21:45.176, Info, U.DumpProcessUsage, 9, ** Service'Themes'
24-01-20, 08:21:45.176, Info, U.DumpProcessUsage, 9, ** Service'Windows Management Instrumentation'
24-01-20, 08:21:45.176, Info, U.DumpProcessUsage, 9, ** Service'Windows Update'
24-01-20, 08:21:45.176, Info, U.DumpProcessUsage, 9, Added Id=4028, Name=coherence, 0.09,(%),0.12,(Sec)
24-01-20, 08:21:45.176, Info, U.DumpProcessUsage, 9, Added Id=4620, Name=SystemWebServer, 0.57,(%),0.75,(Sec)
24-01-20, 08:21:45.176, Info, U.DumpProcessUsage, 9, ** Service'NI System Web Server'
24-01-20, 08:21:45.176, Info, U.DumpProcessUsage, 9, Added Id=2060, Name=CorGigEServer, 0.29,(%),0.39,(Sec)
24-01-20, 08:21:45.176, Info, U.DumpProcessUsage, 9, ** Service'Sapera GigE Service'
24-01-20, 08:21:45.177, Info, U.DumpProcessUsage, 9, Added Id=1864, Name=taskeng, 0.18,(%),0.23,(Sec)
24-01-20, 08:21:45.177, Info, U.DumpProcessUsage, 9, Added Id=1472, Name=svchost, 1.12,(%),1.48,(Sec)
24-01-20, 08:21:45.177, Info, U.DumpProcessUsage, 9, ** Service'Base Filtering Engine'
24-01-20, 08:21:45.177, Info, U.DumpProcessUsage, 9, ** Service'Windows Firewall'
24-01-20, 08:21:45.177, Info, U.DumpProcessUsage, 9, Added Id=2264, Name=TSVNCache, 0.39,(%),0.51,(Sec)
24-01-20, 08:21:45.177, Info, U.DumpProcessUsage, 9, Added Id=564, Name=services, 1.7,(%),2.25,(Sec)
24-01-20, 08:21:45.177, Info, U.DumpProcessUsage, 9, Added Id=3252, Name=FasterNow, 2.23,(%),2.95,(Sec)
24-01-20, 08:21:45.177, Info, U.DumpProcessUsage, 9, Added Id=1480, Name=nimxs, 1.32,(%),1.75,(Sec)
24-01-20, 08:21:45.177, Info, U.DumpProcessUsage, 9, ** Service'NI Configuration Manager'
24-01-20, 08:21:45.177, Info, U.DumpProcessUsage, 9, Added Id=496, Name=wininit, 0.47,(%),0.62,(Sec)
24-01-20, 08:21:45.177, Info, U.DumpProcessUsage, 9, Added Id=1876, Name=AppleMobileDeviceService, 0.33,(%),0.44,(Sec)
24-01-20, 08:21:45.177, Info, U.DumpProcessUsage, 9, ** Service'Apple Mobile Device Service'
24-01-20, 08:21:45.177, Info, U.DumpProcessUsage, 9, Added Id=892, Name=PCFasterSvc, 3.51,(%),4.65,(Sec)
24-01-20, 08:21:45.177, Info, U.DumpProcessUsage, 9, Added Id=3068, Name=MustangSer1249, 0.15,(%),0.2,(Sec)
24-01-20, 08:21:45.177, Info, U.DumpProcessUsage, 9, ** Service'MustangService DispalyName'
24-01-20, 08:21:45.177, Info, U.DumpProcessUsage, 9, Added Id=5032, Name=NIWebServiceContainer, 0.28,(%),0.37,(Sec)
24-01-20, 08:21:45.177, Info, U.DumpProcessUsage, 9, Added Id=7988, Name=msvsmon, 0.55,(%),0.73,(Sec)
24-01-20, 08:21:45.177, Info, U.DumpProcessUsage, 9, Added Id=2276, Name=hasplms, 0.73,(%),0.97,(Sec)
24-01-20, 08:21:45.177, Info, U.DumpProcessUsage, 9, ** Service'HASP License Manager'
24-01-20, 08:21:45.177, Info, U.DumpProcessUsage, 9, Added Id=3656, Name=nidmsrv, 0.21,(%),0.28,(Sec)
24-01-20, 08:21:45.177, Info, U.DumpProcessUsage, 9, ** Service'NI Domain Service'
24-01-20, 08:21:45.177, Info, U.DumpProcessUsage, 9, Added Id=2672, Name=DeviceMonitor, 1.19,(%),1.58,(Sec)
24-01-20, 08:21:45.177, Info, U.DumpProcessUsage, 9, Added Id=4840, Name=SearchProtocolHost, 0.25,(%),0.33,(Sec)
24-01-20, 08:21:45.177, Info, U.DumpProcessUsage, 9, Added Id=3856, Name=tagsrv, 0.48,(%),0.64,(Sec)
24-01-20, 08:21:45.177, Info, U.DumpProcessUsage, 9, ** Service'NI Variable Engine'
24-01-20, 08:21:45.177, Info, U.DumpProcessUsage, 9, Added Id=2972, Name=dllhost, 0.26,(%),0.34,(Sec)
24-01-20, 08:21:45.177, Info, U.DumpProcessUsage, 9, ** Service'PrlVssProvider'
24-01-20, 08:21:45.177, Info, U.DumpProcessUsage, 9, Added Id=7192, Name=conhost, 0.05,(%),0.06,(Sec)
24-01-20, 08:21:45.177, Info, U.DumpProcessUsage, 9, Added Id=2876, Name=coherence, 0.13,(%),0.17,(Sec)
24-01-20, 08:21:45.177, Info, U.DumpProcessUsage, 9, Added Id=3468, Name=nidevldu, 0.29,(%),0.39,(Sec)
24-01-20, 08:21:45.177, Info, U.DumpProcessUsage, 9, ** Service'NI Device Loader'
24-01-20, 08:21:45.177, Info, U.DumpProcessUsage, 9, Added Id=120, Name=svchost, 0.81,(%),1.08,(Sec)
24-01-20, 08:21:45.177, Info, U.DumpProcessUsage, 9, ** Service'COM+ Event System'
24-01-20, 08:21:45.177, Info, U.DumpProcessUsage, 9, ** Service'Function Discovery Provider Host'
24-01-20, 08:21:45.177, Info, U.DumpProcessUsage, 9, ** Service'Windows Font Cache Service'
24-01-20, 08:21:45.177, Info, U.DumpProcessUsage, 9, ** Service'Network List Service'
24-01-20, 08:21:45.177, Info, U.DumpProcessUsage, 9, ** Service'Network Store Interface Service'
24-01-20, 08:21:45.177, Info, U.DumpProcessUsage, 9, ** Service'WinHTTP Web Proxy Auto-Discovery Service'
24-01-20, 08:21:45.177, Info, U.DumpProcessUsage, 9, Added Id=7068, Name=hpqste08, 0.64,(%),0.84,(Sec)
24-01-20, 08:21:45.177, Info, U.DumpProcessUsage, 9, Added Id=520, Name=csrss, 2.11,(%),2.79,(Sec)
24-01-20, 08:21:45.177, Info, U.DumpProcessUsage, 9, Added Id=4264, Name=vmnat, 0.19,(%),0.25,(Sec)
24-01-20, 08:21:45.177, Info, U.DumpProcessUsage, 9, ** Service'VMware NAT Service'
24-01-20, 08:21:45.177, Info, U.DumpProcessUsage, 9, Added Id=4068, Name=prl_tools, 0.41,(%),0.55,(Sec)
24-01-20, 08:21:45.177, Info, U.DumpProcessUsage, 9, Added Id=8060, Name=IntelliTrace, 0.37,(%),0.48,(Sec)
24-01-20, 08:21:45.177, Info, U.DumpProcessUsage, 9, Added Id=524, Name=svchost, 1.17,(%),1.54,(Sec)
24-01-20, 08:21:45.177, Info, U.DumpProcessUsage, 9, ** Service'Windows Audio'
24-01-20, 08:21:45.177, Info, U.DumpProcessUsage, 9, ** Service'DHCP Client'
24-01-20, 08:21:45.177, Info, U.DumpProcessUsage, 9, ** Service'Windows Event Log'
24-01-20, 08:21:45.177, Info, U.DumpProcessUsage, 9, ** Service'TCP/IP NetBIOS Helper'
24-01-20, 08:21:45.177, Info, U.DumpProcessUsage, 9, ** Service'Security Center'
24-01-20, 08:21:45.177, Info, U.DumpProcessUsage, 9, Added Id=2692, Name=hpwuschd2, 0.15,(%),0.2,(Sec)
24-01-20, 08:21:45.177, Info, U.DumpProcessUsage, 9, Added Id=920, Name=svchost, 0.46,(%),0.61,(Sec)
24-01-20, 08:21:45.177, Info, U.DumpProcessUsage, 9, Added Id=724, Name=svchost, 4.57,(%),6.05,(Sec)
24-01-20, 08:21:45.178, Info, U.DumpProcessUsage, 9, ** Service'Plug and Play'
24-01-20, 08:21:45.178, Info, U.DumpProcessUsage, 9, ** Service'Power'
24-01-20, 08:21:45.178, Info, U.DumpProcessUsage, 9, Added Id=5060, Name=niLxiDiscovery, 0.19,(%),0.25,(Sec)
24-01-20, 08:21:45.178, Info, U.DumpProcessUsage, 9, ** Service'NI LXI Discovery Service'
24-01-20, 08:21:45.178, Info, U.DumpProcessUsage, 9, Added Id=1712, Name=cogss_srv, 0.22,(%),0.3,(Sec)
24-01-20, 08:21:45.178, Info, U.DumpProcessUsage, 9, ** Service'Cognex Security Service'
24-01-20, 08:21:45.178, Info, U.DumpProcessUsage, 9, Added Id=2108, Name=hpqtra08, 0.39,(%),0.51,(Sec)
24-01-20, 08:21:45.178, Info, U.DumpProcessUsage, 9, Added Id=3488, Name=niDiscSvc, 0.26,(%),0.34,(Sec)
24-01-20, 08:21:45.178, Info, U.DumpProcessUsage, 9, ** Service'NI Network Discovery'
24-01-20, 08:21:45.178, Info, U.DumpProcessUsage, 9, Added Id=5680, Name=DiscSoftBusService, 0.19,(%),0.25,(Sec)
24-01-20, 08:21:45.178, Info, U.DumpProcessUsage, 9, ** Service'Disc Soft Lite Bus Service'
24-01-20, 08:21:45.178, Info, U.DumpProcessUsage, 9, Added Id=4696, Name=vmware-authd, 0.35,(%),0.47,(Sec)
24-01-20, 08:21:45.178, Info, U.DumpProcessUsage, 9, ** Service'VMware Authorization Service'
24-01-20, 08:21:45.178, Info, U.DumpProcessUsage, 9, Added Id=1524, Name=taskhost, 0.31,(%),0.41,(Sec)
24-01-20, 08:21:45.178, Info, U.DumpProcessUsage, 9, Added Id=1132, Name=audiodg, 0.34,(%),0.45,(Sec)
24-01-20, 08:21:45.178, Info, U.DumpProcessUsage, 9, Added Id=4876, Name=vmware-usbarbitrator64, 0.21,(%),0.28,(Sec)
24-01-20, 08:21:45.178, Info, U.DumpProcessUsage, 9, ** Service'VMware USB Arbitration Service'
24-01-20, 08:21:45.178, Info, U.DumpProcessUsage, 9, Added Id=4796, Name=vmnetdhcp, 0.16,(%),0.22,(Sec)
24-01-20, 08:21:45.178, Info, U.DumpProcessUsage, 9, ** Service'VMware DHCP Service'
24-01-20, 08:21:45.178, Info, U.DumpProcessUsage, 9, Added Id=940, Name=svchost, 3.84,(%),5.09,(Sec)
24-01-20, 08:21:45.178, Info, U.DumpProcessUsage, 9, ** Service'Windows Audio Endpoint Builder'
24-01-20, 08:21:45.178, Info, U.DumpProcessUsage, 9, ** Service'Network Connections'
24-01-20, 08:21:45.178, Info, U.DumpProcessUsage, 9, ** Service'Program Compatibility Assistant Service'
24-01-20, 08:21:45.178, Info, U.DumpProcessUsage, 9, ** Service'Superfetch'
24-01-20, 08:21:45.178, Info, U.DumpProcessUsage, 9, ** Service'Desktop Window Manager Session Manager'
24-01-20, 08:21:45.178, Info, U.DumpProcessUsage, 9, ** Service'Windows Driver Foundation - User-mode Driver Framework'
24-01-20, 08:21:45.178, Info, U.DumpProcessUsage, 9, Added Id=6220, Name=msdtc, 0.21,(%),0.28,(Sec)
24-01-20, 08:21:45.178, Info, U.DumpProcessUsage, 9, Added Id=356, Name=smss, 0.35,(%),0.47,(Sec)
24-01-20, 08:21:45.178, Info, U.DumpProcessUsage, 9, Added Id=4496, Name=nimdnsResponder, 0.53,(%),0.7,(Sec)
24-01-20, 08:21:45.178, Info, U.DumpProcessUsage, 9, ** Service'NI mDNS Responder Service'
24-01-20, 08:21:45.178, Info, U.DumpProcessUsage, 9, Added Id=5192, Name=WmiPrvSE, 0.62,(%),0.83,(Sec)
24-01-20, 08:21:45.178, Info, U.DumpProcessUsage, 9, Added Id=3316, Name=niauth_daemon, 0.46,(%),0.61,(Sec)
24-01-20, 08:21:45.178, Info, U.DumpProcessUsage, 9, ** Service'NI Authentication Service'
24-01-20, 08:21:45.178, Info, U.DumpProcessUsage, 9, Added Id=3908, Name=coherence, 0.14,(%),0.19,(Sec)
24-01-20, 08:21:45.178, Info, U.DumpProcessUsage, 9, ** Service'Parallels Coherence Service'
24-01-20, 08:21:45.178, Info, U.DumpProcessUsage, 9, Added Id=1348, Name=cogsls_srv, 0.11,(%),0.14,(Sec)
24-01-20, 08:21:45.178, Info, U.DumpProcessUsage, 9, ** Service'Cognex Software Licensing Service'
24-01-20, 08:21:45.178, Info, U.DumpProcessUsage, 9, Added Id=6272, Name=hpqgpc01, 0.22,(%),0.3,(Sec)
24-01-20, 08:21:45.178, Info, U.DumpProcessUsage, 9, Added Id=2532, Name=IpOverUsbSvc, 0.38,(%),0.5,(Sec)
24-01-20, 08:21:45.178, Info, U.DumpProcessUsage, 9, ** Service'Windows Phone IP over USB Transport (IpOverUsbSvc)'
24-01-20, 08:21:45.178, Info, U.DumpProcessUsage, 9, Added Id=2140, Name=CorLogServer, 0.19,(%),0.25,(Sec)
24-01-20, 08:21:45.178, Info, U.DumpProcessUsage, 9, ** Service'Sapera Log Server'
24-01-20, 08:21:45.178, Info, U.DumpProcessUsage, 9, Added Id=4360, Name=lkcitdl, 0.21,(%),0.28,(Sec)
24-01-20, 08:21:45.178, Info, U.DumpProcessUsage, 9, ** Service'NI Citadel 4 Service'
24-01-20, 08:21:45.178, Info, U.DumpProcessUsage, 9, Added Id=960, Name=CorDHCPServer, 0.2,(%),0.27,(Sec)
24-01-20, 08:21:45.178, Info, U.DumpProcessUsage, 9, ** Service'Sapera DHCP Server'
24-01-20, 08:21:45.178, Info, U.DumpProcessUsage, 9, Added Id=1552, Name=CorGigEStatus, 0.22,(%),0.3,(Sec)
24-01-20, 08:21:45.178, Info, U.DumpProcessUsage, 9, Added Id=1164, Name=svchost, 0.19,(%),0.25,(Sec)
24-01-20, 08:21:45.178, Info, U.DumpProcessUsage, 9, Added Id=4908, Name=NIWebServiceContainer, 0.18,(%),0.23,(Sec)
24-01-20, 08:21:45.178, Info, U.DumpProcessUsage, 9, Added Id=6472, Name=SearchFilterHost, 0.19,(%),0.25,(Sec)
24-01-20, 08:21:45.178, Info, U.DumpProcessUsage, 9, Added Id=2940, Name=lkads, 0.34,(%),0.45,(Sec)
24-01-20, 08:21:45.178, Info, U.DumpProcessUsage, 9, ** Service'NI PSP Service Locator'
24-01-20, 08:21:45.178, Info, U.DumpProcessUsage, 9, Added Id=6424, Name=MSBuild, 0.65,(%),0.86,(Sec)
24-01-20, 08:21:45.178, Info, U.DumpProcessUsage, 9, Added Id=7160, Name=hpqbam08, 0.18,(%),0.23,(Sec)
24-01-20, 08:21:45.178, Info, U.DumpProcessUsage, 9, Added Id=8068, Name=conhost, 0.09,(%),0.12,(Sec)
24-01-20, 08:21:45.179, Info, U.DumpProcessUsage, 9, Total time to dump = 181.71 mS
24-01-20, 08:21:45.179, Info, CompRoot.ApplicationSetup, 9, Application Loading : AppMachine - Ver 1.0 Build 0 (Official)
24-01-20, 08:21:45.179, Info, U.DumpProcessUsage, 9, Dumping Processes at AppSetup2.  Current total CPU Usage=,29.28527%, time since last=,181.9
24-01-20, 08:21:45.182, Info, U.DumpProcessUsage, 9, Time to getProceses = 2.86 mS
24-01-20, 08:21:45.196, Info, U.DumpProcessUsage, 9, Time to extract services = 14.79 mS
24-01-20, 08:21:45.196, Info, U.DumpProcessUsage, 9, Existing Id=7904, Name=AppMachine.vshost, 14.29,(%),0.03,(Sec)
24-01-20, 08:21:45.197, Info, U.DumpProcessUsage, 9, ** Thread Main GUI(7864) = 31.2 mS
24-01-20, 08:21:45.197, Info, U.DumpProcessUsage, 9, Existing Id=808, Name=PCFasterSvc, 7.14,(%),0.02,(Sec)
24-01-20, 08:21:45.197, Info, U.DumpProcessUsage, 9, ** Service'Baidu PC Faster Service 5.1.0.0'
24-01-20, 08:21:45.197, Info, U.DumpProcessUsage, 9, Existing Id=7120, Name=devenv, 21.43,(%),0.05,(Sec)
24-01-20, 08:21:45.197, Info, U.DumpProcessUsage, 9, Existing Id=7988, Name=msvsmon, 57.14,(%),0.12,(Sec)
24-01-20, 08:21:45.197, Info, U.DumpProcessUsage, 9, Total time to dump = 18.75 mS
24-01-20, 08:21:45.308, Info, CompRoot.ApplicationSetup, 9, StopWatch Resolution=True
24-01-20, 08:21:45.308, Info, CompRoot.ApplicationSetup, 9, StopWatch Frequency=10000000
24-01-20, 08:21:45.312, Info, U.DumpProcessUsage, 9, Dumping Processes at End AppSetup.  Current total CPU Usage=,45.58101%, time since last=,129.7
24-01-20, 08:21:45.314, Info, U.DumpProcessUsage, 9, Time to getProceses = 5.39 mS
24-01-20, 08:21:45.329, Info, U.DumpProcessUsage, 9, Time to extract services = 15.01 mS
24-01-20, 08:21:45.329, Info, U.DumpProcessUsage, 9, Existing Id=7904, Name=AppMachine.vshost, 50,(%),0.11,(Sec)
24-01-20, 08:21:45.330, Info, U.DumpProcessUsage, 9, ** Thread Main GUI(7864) = 78 mS
24-01-20, 08:21:45.330, Info, U.DumpProcessUsage, 9, Existing Id=7120, Name=devenv, 7.14,(%),0.02,(Sec)
24-01-20, 08:21:45.330, Info, U.DumpProcessUsage, 9, Existing Id=3252, Name=FasterNow, 28.57,(%),0.06,(Sec)
24-01-20, 08:21:45.330, Info, U.DumpProcessUsage, 9, Existing Id=8060, Name=IntelliTrace, 14.29,(%),0.03,(Sec)
24-01-20, 08:21:45.330, Info, U.DumpProcessUsage, 9, Total time to dump = 21.45 mS
24-01-20, 08:21:46.636, Error, SMActionFlow.Rebuild, 13, Need a valid method for 'SMActionFlow_8'
24-01-20, 08:21:46.637, Error, SMActionFlow.Rebuild, 13, Need a valid method for 'SMActionFlow_9'
24-01-20, 08:21:46.638, Error, SMActionFlow.Rebuild, 13, Need a valid method for 'SMActionFlow_10'
24-01-20, 08:21:46.639, Error, SMActionFlow.Rebuild, 13, Need a valid method for 'SMActionFlow_11'
24-01-20, 08:21:46.640, Error, SMActionFlow.Rebuild, 13, Need a valid method for 'SMActionFlow_12'
24-01-20, 08:21:52.478, UserChange, SMFlowContainer.RegisterEdit, 9, SM Reset, Start editing
