08-01-20, 08:23:22.441, Info, U.DumpProcessUsage, 10, Dumping Processes at AppSetup1.  Current total CPU Usage=,0%, time since last=,1233.7
08-01-20, 08:23:22.449, Info, U.DumpProcessUsage, 10, Time to getProceses = 13.21 mS
08-01-20, 08:23:22.508, Info, U.DumpProcessUsage, 10, ** Service threw exception: 'DCOM Server Process Launcher'
08-01-20, 08:23:22.523, Info, U.DumpProcessUsage, 10, ** Service threw exception: 'Diagnostic Policy Service'
08-01-20, 08:23:22.538, Info, U.DumpProcessUsage, 10, ** Service threw exception: 'Group Policy Client'
08-01-20, 08:23:22.555, Info, U.DumpProcessUsage, 10, ** Service threw exception: 'Distributed Transaction Coordinator'
08-01-20, 08:23:22.575, Info, U.DumpProcessUsage, 10, ** Service threw exception: 'RPC Endpoint Mapper'
08-01-20, 08:23:22.590, Info, U.DumpProcessUsage, 10, ** Service threw exception: 'Remote Procedure Call (RPC)'
08-01-20, 08:23:22.606, Info, U.DumpProcessUsage, 10, ** Service threw exception: 'Task Scheduler'
08-01-20, 08:23:22.624, Info, U.DumpProcessUsage, 10, ** Service threw exception: 'Diagnostic Service Host'
08-01-20, 08:23:22.638, Info, U.DumpProcessUsage, 10, ** Service threw exception: 'Diagnostic System Host'
08-01-20, 08:23:22.640, Info, U.DumpProcessUsage, 10, Time to extract services = 191 mS
08-01-20, 08:23:22.643, Info, U.DumpProcessUsage, 10, Added Id=7016, Name=hpqgpc01, 0.34,(%),0.34,(Sec)
08-01-20, 08:23:22.643, Info, U.DumpProcessUsage, 10, Added Id=3548, Name=nisvcloc, 0.25,(%),0.25,(Sec)
08-01-20, 08:23:22.643, Info, U.DumpProcessUsage, 10, ** Service'NI Service Locator'
08-01-20, 08:23:22.643, Info, U.DumpProcessUsage, 10, Added Id=6120, Name=msdtc, 0.28,(%),0.28,(Sec)
08-01-20, 08:23:22.643, Info, U.DumpProcessUsage, 10, Added Id=408, Name=csrss, 1.86,(%),1.87,(Sec)
08-01-20, 08:23:22.643, Info, U.DumpProcessUsage, 10, Added Id=1988, Name=CorGigEServer, 0.28,(%),0.28,(Sec)
08-01-20, 08:23:22.643, Info, U.DumpProcessUsage, 10, ** Service'Sapera GigE Service'
08-01-20, 08:23:22.643, Info, U.DumpProcessUsage, 10, Added Id=2384, Name=IpOverUsbSvc, 0.51,(%),0.51,(Sec)
08-01-20, 08:23:22.643, Info, U.DumpProcessUsage, 10, ** Service'Windows Phone IP over USB Transport (IpOverUsbSvc)'
08-01-20, 08:23:22.643, Info, U.DumpProcessUsage, 10, Added Id=1400, Name=spoolsv, 1.16,(%),1.17,(Sec)
08-01-20, 08:23:22.643, Info, U.DumpProcessUsage, 10, ** Service'Print Spooler'
08-01-20, 08:23:22.643, Info, U.DumpProcessUsage, 10, Added Id=5736, Name=DiscSoftBusService, 0.2,(%),0.2,(Sec)
08-01-20, 08:23:22.644, Info, U.DumpProcessUsage, 10, ** Service'Disc Soft Lite Bus Service'
08-01-20, 08:23:22.644, Info, U.DumpProcessUsage, 10, Added Id=4556, Name=WmiPrvSE, 0.22,(%),0.22,(Sec)
08-01-20, 08:23:22.644, Info, U.DumpProcessUsage, 10, Added Id=5936, Name=svchost, 0.71,(%),0.72,(Sec)
08-01-20, 08:23:22.644, Info, U.DumpProcessUsage, 10, ** Service'Windows Defender'
08-01-20, 08:23:22.644, Info, U.DumpProcessUsage, 10, Added Id=1604, Name=taskeng, 0.23,(%),0.23,(Sec)
08-01-20, 08:23:22.644, Info, U.DumpProcessUsage, 10, Added Id=5628, Name=SearchIndexer, 0.46,(%),0.47,(Sec)
08-01-20, 08:23:22.644, Info, U.DumpProcessUsage, 10, Added Id=4564, Name=NIWebServiceContainer, 0.29,(%),0.3,(Sec)
08-01-20, 08:23:22.644, Info, U.DumpProcessUsage, 10, Added Id=4572, Name=ApplicationWebServer, 1.28,(%),1.29,(Sec)
08-01-20, 08:23:22.644, Info, U.DumpProcessUsage, 10, ** Service'NI Application Web Server'
08-01-20, 08:23:22.644, Info, U.DumpProcessUsage, 10, Added Id=2796, Name=MustangSer1249, 0.25,(%),0.25,(Sec)
08-01-20, 08:23:22.644, Info, U.DumpProcessUsage, 10, ** Service'MustangService DispalyName'
08-01-20, 08:23:22.644, Info, U.DumpProcessUsage, 10, Added Id=2600, Name=prl_cc, 8.82,(%),8.89,(Sec)
08-01-20, 08:23:22.644, Info, U.DumpProcessUsage, 10, Added Id=3116, Name=vmnat, 0.26,(%),0.27,(Sec)
08-01-20, 08:23:22.644, Info, U.DumpProcessUsage, 10, ** Service'VMware NAT Service'
08-01-20, 08:23:22.644, Info, U.DumpProcessUsage, 10, Added Id=2012, Name=cogremind_srv, 0.2,(%),0.2,(Sec)
08-01-20, 08:23:22.644, Info, U.DumpProcessUsage, 10, ** Service'Cognex Reminder Service'
08-01-20, 08:23:22.644, Info, U.DumpProcessUsage, 10, Added Id=1620, Name=dwm, 0.94,(%),0.95,(Sec)
08-01-20, 08:23:22.644, Info, U.DumpProcessUsage, 10, Added Id=2804, Name=hpwuschd2, 0.23,(%),0.23,(Sec)
08-01-20, 08:23:22.644, Info, U.DumpProcessUsage, 10, Added Id=6684, Name=msvsmon, 0.7,(%),0.7,(Sec)
08-01-20, 08:23:22.644, Info, U.DumpProcessUsage, 10, Added Id=5172, Name=sppsvc, 0.74,(%),0.75,(Sec)
08-01-20, 08:23:22.644, Info, U.DumpProcessUsage, 10, ** Service'Software Protection'
08-01-20, 08:23:22.644, Info, U.DumpProcessUsage, 10, Added Id=1824, Name=PrintIsolationHost, 0.48,(%),0.48,(Sec)
08-01-20, 08:23:22.644, Info, U.DumpProcessUsage, 10, Added Id=3204, Name=nidevldu, 0.46,(%),0.47,(Sec)
08-01-20, 08:23:22.644, Info, U.DumpProcessUsage, 10, ** Service'NI Device Loader'
08-01-20, 08:23:22.644, Info, U.DumpProcessUsage, 10, Added Id=6980, Name=hpqbam08, 0.2,(%),0.2,(Sec)
08-01-20, 08:23:22.644, Info, U.DumpProcessUsage, 10, Added Id=6188, Name=Microsoft.Alm.Shared.Remoting.RemoteContainer.dll, 3.23,(%),3.26,(Sec)
08-01-20, 08:23:22.644, Info, U.DumpProcessUsage, 10, Added Id=1436, Name=svchost, 0.8,(%),0.81,(Sec)
08-01-20, 08:23:22.644, Info, U.DumpProcessUsage, 10, ** Service'Base Filtering Engine'
08-01-20, 08:23:22.644, Info, U.DumpProcessUsage, 10, ** Service'Windows Firewall'
08-01-20, 08:23:22.644, Info, U.DumpProcessUsage, 10, Added Id=1044, Name=svchost, 2.86,(%),2.89,(Sec)
08-01-20, 08:23:22.644, Info, U.DumpProcessUsage, 10, ** Service'Application Experience'
08-01-20, 08:23:22.644, Info, U.DumpProcessUsage, 10, ** Service'Application Information'
08-01-20, 08:23:22.644, Info, U.DumpProcessUsage, 10, ** Service'Computer Browser'
08-01-20, 08:23:22.644, Info, U.DumpProcessUsage, 10, ** Service'IKE and AuthIP IPsec Keying Modules'
08-01-20, 08:23:22.644, Info, U.DumpProcessUsage, 10, ** Service'IP Helper'
08-01-20, 08:23:22.644, Info, U.DumpProcessUsage, 10, ** Service'Server'
08-01-20, 08:23:22.644, Info, U.DumpProcessUsage, 10, ** Service'Multimedia Class Scheduler'
08-01-20, 08:23:22.644, Info, U.DumpProcessUsage, 10, ** Service'Parallels User Profile Service'
08-01-20, 08:23:22.644, Info, U.DumpProcessUsage, 10, ** Service'User Profile Service'
08-01-20, 08:23:22.644, Info, U.DumpProcessUsage, 10, ** Service'System Event Notification Service'
08-01-20, 08:23:22.644, Info, U.DumpProcessUsage, 10, ** Service'Shell Hardware Detection'
08-01-20, 08:23:22.644, Info, U.DumpProcessUsage, 10, ** Service'Themes'
08-01-20, 08:23:22.644, Info, U.DumpProcessUsage, 10, ** Service'Windows Management Instrumentation'
08-01-20, 08:23:22.644, Info, U.DumpProcessUsage, 10, Added Id=4788, Name=niDiscSvc, 0.25,(%),0.25,(Sec)
08-01-20, 08:23:22.644, Info, U.DumpProcessUsage, 10, ** Service'NI Network Discovery'
08-01-20, 08:23:22.644, Info, U.DumpProcessUsage, 10, Added Id=2228, Name=svchost, 0.28,(%),0.28,(Sec)
08-01-20, 08:23:22.644, Info, U.DumpProcessUsage, 10, ** Service'Net Driver HPZ12'
08-01-20, 08:23:22.644, Info, U.DumpProcessUsage, 10, Added Id=1244, Name=svchost, 0.84,(%),0.84,(Sec)
08-01-20, 08:23:22.644, Info, U.DumpProcessUsage, 10, ** Service'Cryptographic Services'
08-01-20, 08:23:22.644, Info, U.DumpProcessUsage, 10, ** Service'DNS Client'
08-01-20, 08:23:22.644, Info, U.DumpProcessUsage, 10, ** Service'Workstation'
08-01-20, 08:23:22.644, Info, U.DumpProcessUsage, 10, ** Service'Network Location Awareness'
08-01-20, 08:23:22.644, Info, U.DumpProcessUsage, 10, Added Id=2232, Name=nierserver, 0.2,(%),0.2,(Sec)
08-01-20, 08:23:22.644, Info, U.DumpProcessUsage, 10, Added Id=1840, Name=AppleMobileDeviceService, 0.28,(%),0.28,(Sec)
08-01-20, 08:23:22.644, Info, U.DumpProcessUsage, 10, ** Service'Apple Mobile Device Service'
08-01-20, 08:23:22.644, Info, U.DumpProcessUsage, 10, Added Id=4796, Name=NIWebServiceContainer, 0.22,(%),0.22,(Sec)
08-01-20, 08:23:22.644, Info, U.DumpProcessUsage, 10, Added Id=468, Name=wininit, 0.56,(%),0.56,(Sec)
08-01-20, 08:23:22.644, Info, U.DumpProcessUsage, 10, Added Id=2636, Name=vmware-tray, 0.33,(%),0.33,(Sec)
08-01-20, 08:23:22.644, Info, U.DumpProcessUsage, 10, Added Id=1460, Name=lkcitdl, 0.28,(%),0.28,(Sec)
08-01-20, 08:23:22.644, Info, U.DumpProcessUsage, 10, ** Service'NI Citadel 4 Service'
08-01-20, 08:23:22.644, Info, U.DumpProcessUsage, 10, Added Id=2840, Name=nimxs, 1.8,(%),1.81,(Sec)
08-01-20, 08:23:22.645, Info, U.DumpProcessUsage, 10, ** Service'NI Configuration Manager'
08-01-20, 08:23:22.645, Info, U.DumpProcessUsage, 10, Added Id=4220, Name=nipxism, 0.96,(%),0.97,(Sec)
08-01-20, 08:23:22.645, Info, U.DumpProcessUsage, 10, ** Service'NI PXI Resource Manager'
08-01-20, 08:23:22.645, Info, U.DumpProcessUsage, 10, Added Id=872, Name=PCFasterSvc, 4.29,(%),4.32,(Sec)
08-01-20, 08:23:22.645, Info, U.DumpProcessUsage, 10, Added Id=2252, Name=hasplms, 0.68,(%),0.69,(Sec)
08-01-20, 08:23:22.645, Info, U.DumpProcessUsage, 10, ** Service'HASP License Manager'
08-01-20, 08:23:22.645, Info, U.DumpProcessUsage, 10, Added Id=484, Name=csrss, 2.15,(%),2.17,(Sec)
08-01-20, 08:23:22.645, Info, U.DumpProcessUsage, 10, Added Id=2672, Name=lkads, 0.42,(%),0.42,(Sec)
08-01-20, 08:23:22.645, Info, U.DumpProcessUsage, 10, ** Service'NI PSP Service Locator'
08-01-20, 08:23:22.645, Info, U.DumpProcessUsage, 10, Added Id=3836, Name=coherence, 0.17,(%),0.17,(Sec)
08-01-20, 08:23:22.645, Info, U.DumpProcessUsage, 10, Added Id=488, Name=svchost, 0.51,(%),0.51,(Sec)
08-01-20, 08:23:22.645, Info, U.DumpProcessUsage, 10, ** Service'Windows Audio Endpoint Builder'
08-01-20, 08:23:22.645, Info, U.DumpProcessUsage, 10, ** Service'Network Connections'
08-01-20, 08:23:22.645, Info, U.DumpProcessUsage, 10, ** Service'Program Compatibility Assistant Service'
08-01-20, 08:23:22.645, Info, U.DumpProcessUsage, 10, ** Service'Superfetch'
08-01-20, 08:23:22.645, Info, U.DumpProcessUsage, 10, ** Service'Desktop Window Manager Session Manager'
08-01-20, 08:23:22.645, Info, U.DumpProcessUsage, 10, ** Service'Portable Device Enumerator Service'
08-01-20, 08:23:22.645, Info, U.DumpProcessUsage, 10, ** Service'Windows Driver Foundation - User-mode Driver Framework'
08-01-20, 08:23:22.645, Info, U.DumpProcessUsage, 10, Added Id=884, Name=svchost, 0.63,(%),0.64,(Sec)
08-01-20, 08:23:22.645, Info, U.DumpProcessUsage, 10, Added Id=688, Name=svchost, 6.3,(%),6.35,(Sec)
08-01-20, 08:23:22.645, Info, U.DumpProcessUsage, 10, ** Service'Plug and Play'
08-01-20, 08:23:22.645, Info, U.DumpProcessUsage, 10, ** Service'Power'
08-01-20, 08:23:22.645, Info, U.DumpProcessUsage, 10, Added Id=4236, Name=WmiPrvSE, 0.96,(%),0.97,(Sec)
08-01-20, 08:23:22.645, Info, U.DumpProcessUsage, 10, Added Id=3844, Name=prl_tools_service, 0.25,(%),0.25,(Sec)
08-01-20, 08:23:22.645, Info, U.DumpProcessUsage, 10, ** Service'Parallels Tools Service'
08-01-20, 08:23:22.645, Info, U.DumpProcessUsage, 10, Added Id=5028, Name=NIWebServiceContainer, 0.29,(%),0.3,(Sec)
08-01-20, 08:23:22.645, Info, U.DumpProcessUsage, 10, Added Id=2332, Name=mysqld, 0.73,(%),0.73,(Sec)
08-01-20, 08:23:22.645, Info, U.DumpProcessUsage, 10, ** Service'MySQL56'
08-01-20, 08:23:22.645, Info, U.DumpProcessUsage, 10, Added Id=3652, Name=tagsrv, 0.53,(%),0.53,(Sec)
08-01-20, 08:23:22.645, Info, U.DumpProcessUsage, 10, ** Service'NI Variable Engine'
08-01-20, 08:23:22.645, Info, U.DumpProcessUsage, 10, Added Id=4684, Name=niLxiDiscovery, 0.37,(%),0.37,(Sec)
08-01-20, 08:23:22.645, Info, U.DumpProcessUsage, 10, ** Service'NI LXI Discovery Service'
08-01-20, 08:23:22.645, Info, U.DumpProcessUsage, 10, Added Id=3460, Name=nidmsrv, 0.23,(%),0.23,(Sec)
08-01-20, 08:23:22.645, Info, U.DumpProcessUsage, 10, ** Service'NI Domain Service'
08-01-20, 08:23:22.645, Info, U.DumpProcessUsage, 10, Added Id=1688, Name=CorDHCPServer, 0.28,(%),0.28,(Sec)
08-01-20, 08:23:22.645, Info, U.DumpProcessUsage, 10, ** Service'Sapera DHCP Server'
08-01-20, 08:23:22.645, Info, U.DumpProcessUsage, 10, Added Id=4448, Name=vmnetdhcp, 0.17,(%),0.17,(Sec)
08-01-20, 08:23:22.645, Info, U.DumpProcessUsage, 10, ** Service'VMware DHCP Service'
08-01-20, 08:23:22.645, Info, U.DumpProcessUsage, 10, Added Id=1100, Name=audiodg, 0.51,(%),0.51,(Sec)
08-01-20, 08:23:22.645, Info, U.DumpProcessUsage, 10, Added Id=4984, Name=NIWebServiceContainer, 1.28,(%),1.29,(Sec)
08-01-20, 08:23:22.645, Info, U.DumpProcessUsage, 10, Added Id=2188, Name=lktsrv, 0.22,(%),0.22,(Sec)
08-01-20, 08:23:22.645, Info, U.DumpProcessUsage, 10, ** Service'NI Time Synchronization'
08-01-20, 08:23:22.645, Info, U.DumpProcessUsage, 10, Added Id=4256, Name=SystemWebServer, 0.85,(%),0.86,(Sec)
08-01-20, 08:23:22.645, Info, U.DumpProcessUsage, 10, ** Service'NI System Web Server'
08-01-20, 08:23:22.645, Info, U.DumpProcessUsage, 10, Added Id=6424, Name=devenv, 12.26,(%),12.36,(Sec)
08-01-20, 08:23:22.645, Info, U.DumpProcessUsage, 10, Added Id=1500, Name=taskhost, 0.4,(%),0.41,(Sec)
08-01-20, 08:23:22.645, Info, U.DumpProcessUsage, 10, Added Id=320, Name=smss, 0.42,(%),0.42,(Sec)
08-01-20, 08:23:22.645, Info, U.DumpProcessUsage, 10, Added Id=4692, Name=NIWebServiceContainer, 0.43,(%),0.44,(Sec)
08-01-20, 08:23:22.645, Info, U.DumpProcessUsage, 10, Added Id=6072, Name=NIWebServiceContainer, 0.23,(%),0.23,(Sec)
08-01-20, 08:23:22.645, Info, U.DumpProcessUsage, 10, Added Id=2688, Name=IntelliTrace, 0.29,(%),0.3,(Sec)
08-01-20, 08:23:22.645, Info, U.DumpProcessUsage, 10, Added Id=132, Name=svchost, 1.08,(%),1.09,(Sec)
08-01-20, 08:23:22.645, Info, U.DumpProcessUsage, 10, ** Service'Windows Audio'
08-01-20, 08:23:22.645, Info, U.DumpProcessUsage, 10, ** Service'DHCP Client'
08-01-20, 08:23:22.645, Info, U.DumpProcessUsage, 10, ** Service'Windows Event Log'
08-01-20, 08:23:22.646, Info, U.DumpProcessUsage, 10, ** Service'TCP/IP NetBIOS Helper'
08-01-20, 08:23:22.646, Info, U.DumpProcessUsage, 10, Added Id=2104, Name=TSVNCache, 0.33,(%),0.33,(Sec)
08-01-20, 08:23:22.646, Info, U.DumpProcessUsage, 10, Added Id=5480, Name=dllhost, 0.37,(%),0.37,(Sec)
08-01-20, 08:23:22.646, Info, U.DumpProcessUsage, 10, ** Service'COM+ System Application'
08-01-20, 08:23:22.646, Info, U.DumpProcessUsage, 10, Added Id=532, Name=services, 0.84,(%),0.84,(Sec)
08-01-20, 08:23:22.646, Info, U.DumpProcessUsage, 10, Added Id=3096, Name=nimdnsResponder, 0.73,(%),0.73,(Sec)
08-01-20, 08:23:22.646, Info, U.DumpProcessUsage, 10, ** Service'NI mDNS Responder Service'
08-01-20, 08:23:22.646, Info, U.DumpProcessUsage, 10, Added Id=1128, Name=svchost, 0.28,(%),0.28,(Sec)
08-01-20, 08:23:22.646, Info, U.DumpProcessUsage, 10, Added Id=932, Name=svchost, 0.62,(%),0.62,(Sec)
08-01-20, 08:23:22.646, Info, U.DumpProcessUsage, 10, ** Service'COM+ Event System'
08-01-20, 08:23:22.646, Info, U.DumpProcessUsage, 10, ** Service'Windows Font Cache Service'
08-01-20, 08:23:22.646, Info, U.DumpProcessUsage, 10, ** Service'Network List Service'
08-01-20, 08:23:22.646, Info, U.DumpProcessUsage, 10, ** Service'Network Store Interface Service'
08-01-20, 08:23:22.646, Info, U.DumpProcessUsage, 10, ** Service'WinHTTP Web Proxy Auto-Discovery Service'
08-01-20, 08:23:22.646, Info, U.DumpProcessUsage, 10, Added Id=3100, Name=dllhost, 0.2,(%),0.2,(Sec)
08-01-20, 08:23:22.646, Info, U.DumpProcessUsage, 10, ** Service'PrlVssProvider'
08-01-20, 08:23:22.646, Info, U.DumpProcessUsage, 10, Added Id=4336, Name=vmware-authd, 0.34,(%),0.34,(Sec)
08-01-20, 08:23:22.646, Info, U.DumpProcessUsage, 10, ** Service'VMware Authorization Service'
08-01-20, 08:23:22.646, Info, U.DumpProcessUsage, 10, Added Id=1528, Name=CorGigEStatus, 0.29,(%),0.3,(Sec)
08-01-20, 08:23:22.646, Info, U.DumpProcessUsage, 10, Added Id=3696, Name=coherence, 0.22,(%),0.22,(Sec)
08-01-20, 08:23:22.646, Info, U.DumpProcessUsage, 10, ** Service'Parallels Coherence Service'
08-01-20, 08:23:22.646, Info, U.DumpProcessUsage, 10, Added Id=1924, Name=mDNSResponder, 0.4,(%),0.41,(Sec)
08-01-20, 08:23:22.646, Info, U.DumpProcessUsage, 10, ** Service'Bonjour Service'
08-01-20, 08:23:22.646, Info, U.DumpProcessUsage, 10, Added Id=3896, Name=coherence, 0.26,(%),0.27,(Sec)
08-01-20, 08:23:22.646, Info, U.DumpProcessUsage, 10, Added Id=4504, Name=vmware-usbarbitrator64, 0.17,(%),0.17,(Sec)
08-01-20, 08:23:22.646, Info, U.DumpProcessUsage, 10, ** Service'VMware USB Arbitration Service'
08-01-20, 08:23:22.646, Info, U.DumpProcessUsage, 10, Added Id=3312, Name=svchost, 0.28,(%),0.28,(Sec)
08-01-20, 08:23:22.646, Info, U.DumpProcessUsage, 10, ** Service'Windows Image Acquisition (WIA)'
08-01-20, 08:23:22.646, Info, U.DumpProcessUsage, 10, Added Id=1540, Name=cogss_srv, 0.22,(%),0.22,(Sec)
08-01-20, 08:23:22.646, Info, U.DumpProcessUsage, 10, ** Service'Cognex Security Service'
08-01-20, 08:23:22.646, Info, U.DumpProcessUsage, 10, Added Id=556, Name=winlogon, 1.52,(%),1.53,(Sec)
08-01-20, 08:23:22.646, Info, U.DumpProcessUsage, 10, Added Id=2724, Name=DeviceMonitor, 2.03,(%),2.04,(Sec)
08-01-20, 08:23:22.646, Info, U.DumpProcessUsage, 10, Added Id=3120, Name=niauth_daemon, 0.63,(%),0.64,(Sec)
08-01-20, 08:23:22.646, Info, U.DumpProcessUsage, 10, ** Service'NI Authentication Service'
08-01-20, 08:23:22.646, Info, U.DumpProcessUsage, 10, Added Id=5340, Name=VSSVC, 0.28,(%),0.28,(Sec)
08-01-20, 08:23:22.646, Info, U.DumpProcessUsage, 10, ** Service'Volume Shadow Copy'
08-01-20, 08:23:22.646, Info, U.DumpProcessUsage, 10, Added Id=7064, Name=conhost, 0.08,(%),0.08,(Sec)
08-01-20, 08:23:22.646, Info, U.DumpProcessUsage, 10, Added Id=2140, Name=CorLogServer, 0.31,(%),0.31,(Sec)
08-01-20, 08:23:22.646, Info, U.DumpProcessUsage, 10, ** Service'Sapera Log Server'
08-01-20, 08:23:22.646, Info, U.DumpProcessUsage, 10, Added Id=1156, Name=cogsls_srv, 0.22,(%),0.22,(Sec)
08-01-20, 08:23:22.646, Info, U.DumpProcessUsage, 10, ** Service'Cognex Software Licensing Service'
08-01-20, 08:23:22.646, Info, U.DumpProcessUsage, 10, Added Id=5068, Name=vmware-hostd, 2.28,(%),2.29,(Sec)
08-01-20, 08:23:22.646, Info, U.DumpProcessUsage, 10, ** Service'VMware Workstation Server'
08-01-20, 08:23:22.646, Info, U.DumpProcessUsage, 10, Added Id=3968, Name=svchost, 0.14,(%),0.14,(Sec)
08-01-20, 08:23:22.646, Info, U.DumpProcessUsage, 10, ** Service'Pml Driver HPZ12'
08-01-20, 08:23:22.646, Info, U.DumpProcessUsage, 10, Added Id=6676, Name=AppMachine.vshost, 0.88,(%),0.89,(Sec)
08-01-20, 08:23:22.649, Info, U.DumpProcessUsage, 10, ** Thread Main GUI(4240) = 452.4 mS
08-01-20, 08:23:22.650, Info, U.DumpProcessUsage, 10, Added Id=768, Name=PCFasterSvc, 1.04,(%),1.05,(Sec)
08-01-20, 08:23:22.650, Info, U.DumpProcessUsage, 10, ** Service'Baidu PC Faster Service 5.1.0.0'
08-01-20, 08:23:22.650, Info, U.DumpProcessUsage, 10, Added Id=6864, Name=hpqste08, 0.96,(%),0.97,(Sec)
08-01-20, 08:23:22.650, Info, U.DumpProcessUsage, 10, Added Id=576, Name=lsass, 1.18,(%),1.19,(Sec)
08-01-20, 08:23:22.650, Info, U.DumpProcessUsage, 10, ** Service'Security Accounts Manager'
08-01-20, 08:23:22.650, Info, U.DumpProcessUsage, 10, Added Id=6816, Name=WmiApSrv, 0.22,(%),0.22,(Sec)
08-01-20, 08:23:22.650, Info, U.DumpProcessUsage, 10, ** Service'WMI Performance Adapter'
08-01-20, 08:23:22.650, Info, U.DumpProcessUsage, 10, Added Id=2352, Name=svchost, 1.27,(%),1.28,(Sec)
08-01-20, 08:23:22.650, Info, U.DumpProcessUsage, 10, ** Service'hpqcxs08'
08-01-20, 08:23:22.650, Info, U.DumpProcessUsage, 10, ** Service'HP CUE DeviceDiscovery Service'
08-01-20, 08:23:22.650, Info, U.DumpProcessUsage, 10, Added Id=5832, Name=WUDFHost, 0.25,(%),0.25,(Sec)
08-01-20, 08:23:22.650, Info, U.DumpProcessUsage, 10, Added Id=6492, Name=WmiPrvSE, 3.73,(%),3.76,(Sec)
08-01-20, 08:23:22.650, Info, U.DumpProcessUsage, 10, Added Id=1848, Name=taskeng, 0.23,(%),0.23,(Sec)
08-01-20, 08:23:22.650, Info, U.DumpProcessUsage, 10, Added Id=584, Name=lsm, 0.15,(%),0.16,(Sec)
08-01-20, 08:23:22.650, Info, U.DumpProcessUsage, 10, Added Id=1768, Name=explorer, 5.17,(%),5.21,(Sec)
08-01-20, 08:23:22.650, Info, U.DumpProcessUsage, 10, Added Id=3936, Name=prl_tools, 0.33,(%),0.33,(Sec)
08-01-20, 08:23:22.650, Info, U.DumpProcessUsage, 10, Added Id=2164, Name=hpqtra08, 0.39,(%),0.39,(Sec)
08-01-20, 08:23:22.650, Info, U.DumpProcessUsage, 10, Total time to dump = 214.2 mS
08-01-20, 08:23:22.650, Info, CompRoot.ApplicationSetup, 10, Application Loading : AppMachine - Ver 1.0 Build 0 (Official)
08-01-20, 08:23:22.651, Info, U.DumpProcessUsage, 10, Dumping Processes at AppSetup2.  Current total CPU Usage=,30.74724%, time since last=,214.7
08-01-20, 08:23:22.653, Info, U.DumpProcessUsage, 10, Time to getProceses = 2.59 mS
08-01-20, 08:23:22.668, Info, U.DumpProcessUsage, 10, Time to extract services = 15.16 mS
08-01-20, 08:23:22.668, Info, U.DumpProcessUsage, 10, Existing Id=6684, Name=msvsmon, 84.62,(%),0.17,(Sec)
08-01-20, 08:23:22.668, Info, U.DumpProcessUsage, 10, Existing Id=6676, Name=AppMachine.vshost, 15.38,(%),0.03,(Sec)
08-01-20, 08:23:22.669, Info, U.DumpProcessUsage, 10, ** Thread Main GUI(4240) = 31.2 mS
08-01-20, 08:23:22.669, Info, U.DumpProcessUsage, 10, Total time to dump = 18.77 mS
08-01-20, 08:23:22.818, Info, CompRoot.ApplicationSetup, 10, StopWatch Resolution=True
08-01-20, 08:23:22.818, Info, CompRoot.ApplicationSetup, 10, StopWatch Frequency=10000000
08-01-20, 08:23:22.819, Info, U.DumpProcessUsage, 10, Dumping Processes at End AppSetup.  Current total CPU Usage=,25.71381%, time since last=,168
08-01-20, 08:23:22.821, Info, U.DumpProcessUsage, 10, Time to getProceses = 2.73 mS
08-01-20, 08:23:22.836, Info, U.DumpProcessUsage, 10, Time to extract services = 14.53 mS
08-01-20, 08:23:22.836, Info, U.DumpProcessUsage, 10, Existing Id=6684, Name=msvsmon, 8.33,(%),0.02,(Sec)
08-01-20, 08:23:22.836, Info, U.DumpProcessUsage, 10, Existing Id=6424, Name=devenv, 8.33,(%),0.02,(Sec)
08-01-20, 08:23:22.836, Info, U.DumpProcessUsage, 10, Existing Id=2688, Name=IntelliTrace, 8.33,(%),0.02,(Sec)
08-01-20, 08:23:22.836, Info, U.DumpProcessUsage, 10, Existing Id=6676, Name=AppMachine.vshost, 75,(%),0.14,(Sec)
08-01-20, 08:23:22.837, Info, U.DumpProcessUsage, 10, ** Thread Main GUI(4240) = 109.2 mS
08-01-20, 08:23:22.837, Info, U.DumpProcessUsage, 10, Total time to dump = 18.27 mS
08-01-20, 08:23:24.128, Error, SMActionFlow.Rebuild, 6, Need a valid method for 'SMActionFlow_8'
08-01-20, 08:23:24.129, Error, SMActionFlow.Rebuild, 6, Need a valid method for 'SMActionFlow_9'
08-01-20, 08:23:24.130, Error, SMActionFlow.Rebuild, 6, Need a valid method for 'SMActionFlow_10'
08-01-20, 08:23:24.131, Error, SMActionFlow.Rebuild, 6, Need a valid method for 'SMActionFlow_11'
08-01-20, 08:23:36.703, UserChange, SMFlowContainer.RegisterEdit, 10, SM Reset, Start editing
08-01-20, 08:24:24.838, UserChange, SMContainerPanel.AddNewFlowItem, 10, SMActionFlow_12., was added
08-01-20, 08:24:29.427, UserChange, SMPathOut.set_TargetID, 10, SM Reset.SMStart_0.SMPathOut, was changed from, Ready, to, SMActionFlow_12
08-01-20, 08:24:35.501, UserChange, SMPathOut.set_TargetID, 10, SMActionFlow_12.SMPathOut, was changed from, Null, to, Ready
08-01-20, 08:24:57.803, UserChange, SMPathOut.set_TargetID, 10, SMActionFlow_12.SMPathOut, was changed from, Ready, to, Null
08-01-20, 08:24:59.928, UserChange, SMContainerPanel.AddNewFlowItem, 10, SMActionFlow_13., was added
08-01-20, 08:25:01.886, UserChange, SMPathOut.set_TargetID, 10, SMActionFlow_12.SMPathOut, was changed from, Null, to, SMActionFlow_13
08-01-20, 08:25:03.321, UserChange, SMPathOut.set_TargetID, 10, SMActionFlow_13.SMPathOut, was changed from, Null, to, Ready
08-01-20, 08:25:06.084, UserChange, SMPathOut.set_TargetID, 10, SMActionFlow_8.SMPathOut, was changed from, Ready, to, Null
08-01-20, 08:25:06.583, UserChange, SMPathOut.set_TargetID, 10, SMActionFlow_8.SMPathOut, was changed from, Null, to, Ready
08-01-20, 08:48:39.992, Info, U.DumpProcessUsage, 9, Dumping Processes at AppSetup1.  Current total CPU Usage=,100%, time since last=,1441.7
08-01-20, 08:48:39.999, Info, U.DumpProcessUsage, 9, Time to getProceses = 8.27 mS
08-01-20, 08:48:40.037, Info, U.DumpProcessUsage, 9, ** Service threw exception: 'DCOM Server Process Launcher'
08-01-20, 08:48:40.052, Info, U.DumpProcessUsage, 9, ** Service threw exception: 'Diagnostic Policy Service'
08-01-20, 08:48:40.067, Info, U.DumpProcessUsage, 9, ** Service threw exception: 'Group Policy Client'
08-01-20, 08:48:40.084, Info, U.DumpProcessUsage, 9, ** Service threw exception: 'Distributed Transaction Coordinator'
08-01-20, 08:48:40.103, Info, U.DumpProcessUsage, 9, ** Service threw exception: 'RPC Endpoint Mapper'
08-01-20, 08:48:40.117, Info, U.DumpProcessUsage, 9, ** Service threw exception: 'Remote Procedure Call (RPC)'
08-01-20, 08:48:40.131, Info, U.DumpProcessUsage, 9, ** Service threw exception: 'Task Scheduler'
08-01-20, 08:48:40.148, Info, U.DumpProcessUsage, 9, ** Service threw exception: 'Diagnostic Service Host'
08-01-20, 08:48:40.163, Info, U.DumpProcessUsage, 9, ** Service threw exception: 'Diagnostic System Host'
08-01-20, 08:48:40.164, Info, U.DumpProcessUsage, 9, Time to extract services = 165.6 mS
08-01-20, 08:48:40.166, Info, U.DumpProcessUsage, 9, Added Id=7016, Name=hpqgpc01, 0.13,(%),0.34,(Sec)
08-01-20, 08:48:40.166, Info, U.DumpProcessUsage, 9, Added Id=3548, Name=nisvcloc, 0.09,(%),0.25,(Sec)
08-01-20, 08:48:40.166, Info, U.DumpProcessUsage, 9, ** Service'NI Service Locator'
08-01-20, 08:48:40.166, Info, U.DumpProcessUsage, 9, Added Id=6120, Name=msdtc, 0.11,(%),0.28,(Sec)
08-01-20, 08:48:40.166, Info, U.DumpProcessUsage, 9, Added Id=408, Name=csrss, 0.76,(%),2.03,(Sec)
08-01-20, 08:48:40.166, Info, U.DumpProcessUsage, 9, Added Id=1988, Name=CorGigEServer, 0.28,(%),0.75,(Sec)
08-01-20, 08:48:40.166, Info, U.DumpProcessUsage, 9, ** Service'Sapera GigE Service'
08-01-20, 08:48:40.166, Info, U.DumpProcessUsage, 9, Added Id=8096, Name=PCFasterSvc, 0.84,(%),2.23,(Sec)
08-01-20, 08:48:40.166, Info, U.DumpProcessUsage, 9, Added Id=2384, Name=IpOverUsbSvc, 0.19,(%),0.51,(Sec)
08-01-20, 08:48:40.166, Info, U.DumpProcessUsage, 9, ** Service'Windows Phone IP over USB Transport (IpOverUsbSvc)'
08-01-20, 08:48:40.166, Info, U.DumpProcessUsage, 9, Added Id=1400, Name=spoolsv, 0.44,(%),1.17,(Sec)
08-01-20, 08:48:40.166, Info, U.DumpProcessUsage, 9, ** Service'Print Spooler'
08-01-20, 08:48:40.166, Info, U.DumpProcessUsage, 9, Added Id=5736, Name=DiscSoftBusService, 0.08,(%),0.2,(Sec)
08-01-20, 08:48:40.166, Info, U.DumpProcessUsage, 9, ** Service'Disc Soft Lite Bus Service'
08-01-20, 08:48:40.166, Info, U.DumpProcessUsage, 9, Added Id=4556, Name=WmiPrvSE, 0.09,(%),0.23,(Sec)
08-01-20, 08:48:40.166, Info, U.DumpProcessUsage, 9, Added Id=5936, Name=svchost, 1.96,(%),5.23,(Sec)
08-01-20, 08:48:40.166, Info, U.DumpProcessUsage, 9, ** Service'Windows Defender'
08-01-20, 08:48:40.166, Info, U.DumpProcessUsage, 9, Added Id=3968, Name=svchost, 0.05,(%),0.14,(Sec)
08-01-20, 08:48:40.166, Info, U.DumpProcessUsage, 9, ** Service'Pml Driver HPZ12'
08-01-20, 08:48:40.166, Info, U.DumpProcessUsage, 9, Added Id=4564, Name=NIWebServiceContainer, 0.11,(%),0.3,(Sec)
08-01-20, 08:48:40.166, Info, U.DumpProcessUsage, 9, Added Id=2796, Name=MustangSer1249, 0.1,(%),0.27,(Sec)
08-01-20, 08:48:40.166, Info, U.DumpProcessUsage, 9, ** Service'MustangService DispalyName'
08-01-20, 08:48:40.166, Info, U.DumpProcessUsage, 9, Added Id=2600, Name=prl_cc, 4.92,(%),13.12,(Sec)
08-01-20, 08:48:40.166, Info, U.DumpProcessUsage, 9, Added Id=4572, Name=ApplicationWebServer, 0.5,(%),1.33,(Sec)
08-01-20, 08:48:40.166, Info, U.DumpProcessUsage, 9, ** Service'NI Application Web Server'
08-01-20, 08:48:40.166, Info, U.DumpProcessUsage, 9, Added Id=2012, Name=cogremind_srv, 0.08,(%),0.2,(Sec)
08-01-20, 08:48:40.166, Info, U.DumpProcessUsage, 9, ** Service'Cognex Reminder Service'
08-01-20, 08:48:40.166, Info, U.DumpProcessUsage, 9, Added Id=1620, Name=dwm, 0.5,(%),1.34,(Sec)
08-01-20, 08:48:40.166, Info, U.DumpProcessUsage, 9, Added Id=2804, Name=hpwuschd2, 0.09,(%),0.23,(Sec)
08-01-20, 08:48:40.166, Info, U.DumpProcessUsage, 9, Added Id=3204, Name=nidevldu, 0.18,(%),0.48,(Sec)
08-01-20, 08:48:40.166, Info, U.DumpProcessUsage, 9, ** Service'NI Device Loader'
08-01-20, 08:48:40.166, Info, U.DumpProcessUsage, 9, Added Id=6980, Name=hpqbam08, 0.08,(%),0.2,(Sec)
08-01-20, 08:48:40.166, Info, U.DumpProcessUsage, 9, Added Id=1436, Name=svchost, 0.64,(%),1.7,(Sec)
08-01-20, 08:48:40.166, Info, U.DumpProcessUsage, 9, ** Service'Base Filtering Engine'
08-01-20, 08:48:40.166, Info, U.DumpProcessUsage, 9, ** Service'Windows Firewall'
08-01-20, 08:48:40.166, Info, U.DumpProcessUsage, 9, Added Id=1044, Name=svchost, 1.77,(%),4.73,(Sec)
08-01-20, 08:48:40.166, Info, U.DumpProcessUsage, 9, ** Service'Application Experience'
08-01-20, 08:48:40.166, Info, U.DumpProcessUsage, 9, ** Service'Application Information'
08-01-20, 08:48:40.166, Info, U.DumpProcessUsage, 9, ** Service'Background Intelligent Transfer Service'
08-01-20, 08:48:40.167, Info, U.DumpProcessUsage, 9, ** Service'Computer Browser'
08-01-20, 08:48:40.167, Info, U.DumpProcessUsage, 9, ** Service'IKE and AuthIP IPsec Keying Modules'
08-01-20, 08:48:40.167, Info, U.DumpProcessUsage, 9, ** Service'IP Helper'
08-01-20, 08:48:40.167, Info, U.DumpProcessUsage, 9, ** Service'Server'
08-01-20, 08:48:40.167, Info, U.DumpProcessUsage, 9, ** Service'Parallels User Profile Service'
08-01-20, 08:48:40.167, Info, U.DumpProcessUsage, 9, ** Service'User Profile Service'
08-01-20, 08:48:40.167, Info, U.DumpProcessUsage, 9, ** Service'System Event Notification Service'
08-01-20, 08:48:40.167, Info, U.DumpProcessUsage, 9, ** Service'Shell Hardware Detection'
08-01-20, 08:48:40.167, Info, U.DumpProcessUsage, 9, ** Service'Themes'
08-01-20, 08:48:40.167, Info, U.DumpProcessUsage, 9, ** Service'Windows Management Instrumentation'
08-01-20, 08:48:40.167, Info, U.DumpProcessUsage, 9, ** Service'Windows Update'
08-01-20, 08:48:40.167, Info, U.DumpProcessUsage, 9, Added Id=4788, Name=niDiscSvc, 0.1,(%),0.27,(Sec)
08-01-20, 08:48:40.167, Info, U.DumpProcessUsage, 9, ** Service'NI Network Discovery'
08-01-20, 08:48:40.167, Info, U.DumpProcessUsage, 9, Added Id=2228, Name=svchost, 0.11,(%),0.28,(Sec)
08-01-20, 08:48:40.167, Info, U.DumpProcessUsage, 9, ** Service'Net Driver HPZ12'
08-01-20, 08:48:40.167, Info, U.DumpProcessUsage, 9, Added Id=1244, Name=svchost, 0.51,(%),1.37,(Sec)
08-01-20, 08:48:40.167, Info, U.DumpProcessUsage, 9, ** Service'Cryptographic Services'
08-01-20, 08:48:40.167, Info, U.DumpProcessUsage, 9, ** Service'DNS Client'
08-01-20, 08:48:40.167, Info, U.DumpProcessUsage, 9, ** Service'Workstation'
08-01-20, 08:48:40.167, Info, U.DumpProcessUsage, 9, ** Service'Network Location Awareness'
08-01-20, 08:48:40.167, Info, U.DumpProcessUsage, 9, Added Id=8160, Name=AppMachine.vshost, 0.36,(%),0.97,(Sec)
08-01-20, 08:48:40.168, Info, U.DumpProcessUsage, 9, ** Thread Main GUI(644) = 405.6 mS
08-01-20, 08:48:40.168, Info, U.DumpProcessUsage, 9, Added Id=2232, Name=nierserver, 0.08,(%),0.2,(Sec)
08-01-20, 08:48:40.168, Info, U.DumpProcessUsage, 9, Added Id=1840, Name=AppleMobileDeviceService, 0.26,(%),0.7,(Sec)
08-01-20, 08:48:40.168, Info, U.DumpProcessUsage, 9, ** Service'Apple Mobile Device Service'
08-01-20, 08:48:40.168, Info, U.DumpProcessUsage, 9, Added Id=4796, Name=NIWebServiceContainer, 0.08,(%),0.22,(Sec)
08-01-20, 08:48:40.168, Info, U.DumpProcessUsage, 9, Added Id=3844, Name=prl_tools_service, 0.1,(%),0.27,(Sec)
08-01-20, 08:48:40.168, Info, U.DumpProcessUsage, 9, ** Service'Parallels Tools Service'
08-01-20, 08:48:40.168, Info, U.DumpProcessUsage, 9, Added Id=468, Name=wininit, 0.21,(%),0.56,(Sec)
08-01-20, 08:48:40.168, Info, U.DumpProcessUsage, 9, Added Id=2636, Name=vmware-tray, 0.13,(%),0.34,(Sec)
08-01-20, 08:48:40.168, Info, U.DumpProcessUsage, 9, Added Id=6384, Name=msvsmon, 0.29,(%),0.78,(Sec)
08-01-20, 08:48:40.168, Info, U.DumpProcessUsage, 9, Added Id=1460, Name=lkcitdl, 0.11,(%),0.28,(Sec)
08-01-20, 08:48:40.168, Info, U.DumpProcessUsage, 9, ** Service'NI Citadel 4 Service'
08-01-20, 08:48:40.168, Info, U.DumpProcessUsage, 9, Added Id=2840, Name=nimxs, 0.68,(%),1.81,(Sec)
08-01-20, 08:48:40.168, Info, U.DumpProcessUsage, 9, ** Service'NI Configuration Manager'
08-01-20, 08:48:40.168, Info, U.DumpProcessUsage, 9, Added Id=4220, Name=nipxism, 0.37,(%),1,(Sec)
08-01-20, 08:48:40.168, Info, U.DumpProcessUsage, 9, ** Service'NI PXI Resource Manager'
08-01-20, 08:48:40.168, Info, U.DumpProcessUsage, 9, Added Id=2252, Name=hasplms, 0.27,(%),0.73,(Sec)
08-01-20, 08:48:40.168, Info, U.DumpProcessUsage, 9, ** Service'HASP License Manager'
08-01-20, 08:48:40.168, Info, U.DumpProcessUsage, 9, Added Id=484, Name=csrss, 0.98,(%),2.62,(Sec)
08-01-20, 08:48:40.168, Info, U.DumpProcessUsage, 9, Added Id=2672, Name=lkads, 0.18,(%),0.47,(Sec)
08-01-20, 08:48:40.168, Info, U.DumpProcessUsage, 9, ** Service'NI PSP Service Locator'
08-01-20, 08:48:40.168, Info, U.DumpProcessUsage, 9, Added Id=4820, Name=devenv, 3.51,(%),9.36,(Sec)
08-01-20, 08:48:40.168, Info, U.DumpProcessUsage, 9, Added Id=3836, Name=coherence, 0.06,(%),0.17,(Sec)
08-01-20, 08:48:40.168, Info, U.DumpProcessUsage, 9, Added Id=488, Name=svchost, 4.45,(%),11.87,(Sec)
08-01-20, 08:48:40.168, Info, U.DumpProcessUsage, 9, ** Service'Windows Audio Endpoint Builder'
08-01-20, 08:48:40.168, Info, U.DumpProcessUsage, 9, ** Service'Network Connections'
08-01-20, 08:48:40.168, Info, U.DumpProcessUsage, 9, ** Service'Program Compatibility Assistant Service'
08-01-20, 08:48:40.168, Info, U.DumpProcessUsage, 9, ** Service'Superfetch'
08-01-20, 08:48:40.168, Info, U.DumpProcessUsage, 9, ** Service'Desktop Window Manager Session Manager'
08-01-20, 08:48:40.168, Info, U.DumpProcessUsage, 9, ** Service'Windows Driver Foundation - User-mode Driver Framework'
08-01-20, 08:48:40.168, Info, U.DumpProcessUsage, 9, Added Id=884, Name=svchost, 0.42,(%),1.12,(Sec)
08-01-20, 08:48:40.169, Info, U.DumpProcessUsage, 9, Added Id=688, Name=svchost, 2.5,(%),6.68,(Sec)
08-01-20, 08:48:40.169, Info, U.DumpProcessUsage, 9, ** Service'Plug and Play'
08-01-20, 08:48:40.169, Info, U.DumpProcessUsage, 9, ** Service'Power'
08-01-20, 08:48:40.169, Info, U.DumpProcessUsage, 9, Added Id=4236, Name=WmiPrvSE, 0.4,(%),1.06,(Sec)
08-01-20, 08:48:40.169, Info, U.DumpProcessUsage, 9, Added Id=172, Name=svchost, 0.15,(%),0.39,(Sec)
08-01-20, 08:48:40.169, Info, U.DumpProcessUsage, 9, ** Service'SSDP Discovery'
08-01-20, 08:48:40.169, Info, U.DumpProcessUsage, 9, ** Service'Windows Connect Now - Config Registrar'
08-01-20, 08:48:40.169, Info, U.DumpProcessUsage, 9, Added Id=3116, Name=vmnat, 0.12,(%),0.31,(Sec)
08-01-20, 08:48:40.169, Info, U.DumpProcessUsage, 9, ** Service'VMware NAT Service'
08-01-20, 08:48:40.169, Info, U.DumpProcessUsage, 9, Added Id=5028, Name=NIWebServiceContainer, 0.11,(%),0.3,(Sec)
08-01-20, 08:48:40.169, Info, U.DumpProcessUsage, 9, Added Id=2332, Name=mysqld, 0.27,(%),0.73,(Sec)
08-01-20, 08:48:40.169, Info, U.DumpProcessUsage, 9, ** Service'MySQL56'
08-01-20, 08:48:40.169, Info, U.DumpProcessUsage, 9, Added Id=3652, Name=tagsrv, 0.23,(%),0.61,(Sec)
08-01-20, 08:48:40.169, Info, U.DumpProcessUsage, 9, ** Service'NI Variable Engine'
08-01-20, 08:48:40.169, Info, U.DumpProcessUsage, 9, Added Id=5428, Name=Microsoft.Alm.Shared.Remoting.RemoteContainer.dll, 0.93,(%),2.48,(Sec)
08-01-20, 08:48:40.169, Info, U.DumpProcessUsage, 9, Added Id=4684, Name=niLxiDiscovery, 0.14,(%),0.37,(Sec)
08-01-20, 08:48:40.169, Info, U.DumpProcessUsage, 9, ** Service'NI LXI Discovery Service'
08-01-20, 08:48:40.169, Info, U.DumpProcessUsage, 9, Added Id=3460, Name=nidmsrv, 0.09,(%),0.23,(Sec)
08-01-20, 08:48:40.169, Info, U.DumpProcessUsage, 9, ** Service'NI Domain Service'
08-01-20, 08:48:40.169, Info, U.DumpProcessUsage, 9, Added Id=1688, Name=CorDHCPServer, 0.11,(%),0.28,(Sec)
08-01-20, 08:48:40.169, Info, U.DumpProcessUsage, 9, ** Service'Sapera DHCP Server'
08-01-20, 08:48:40.169, Info, U.DumpProcessUsage, 9, Added Id=4448, Name=vmnetdhcp, 0.07,(%),0.19,(Sec)
08-01-20, 08:48:40.169, Info, U.DumpProcessUsage, 9, ** Service'VMware DHCP Service'
08-01-20, 08:48:40.169, Info, U.DumpProcessUsage, 9, Added Id=4984, Name=NIWebServiceContainer, 0.49,(%),1.29,(Sec)
08-01-20, 08:48:40.169, Info, U.DumpProcessUsage, 9, Added Id=2188, Name=lktsrv, 0.09,(%),0.25,(Sec)
08-01-20, 08:48:40.169, Info, U.DumpProcessUsage, 9, ** Service'NI Time Synchronization'
08-01-20, 08:48:40.169, Info, U.DumpProcessUsage, 9, Added Id=4256, Name=SystemWebServer, 0.32,(%),0.86,(Sec)
08-01-20, 08:48:40.169, Info, U.DumpProcessUsage, 9, ** Service'NI System Web Server'
08-01-20, 08:48:40.169, Info, U.DumpProcessUsage, 9, Added Id=1500, Name=taskhost, 0.17,(%),0.45,(Sec)
08-01-20, 08:48:40.169, Info, U.DumpProcessUsage, 9, Added Id=320, Name=smss, 0.16,(%),0.42,(Sec)
08-01-20, 08:48:40.169, Info, U.DumpProcessUsage, 9, Added Id=4692, Name=NIWebServiceContainer, 0.16,(%),0.44,(Sec)
08-01-20, 08:48:40.169, Info, U.DumpProcessUsage, 9, Added Id=6072, Name=NIWebServiceContainer, 0.09,(%),0.23,(Sec)
08-01-20, 08:48:40.169, Info, U.DumpProcessUsage, 9, Added Id=132, Name=svchost, 0.75,(%),2.01,(Sec)
08-01-20, 08:48:40.169, Info, U.DumpProcessUsage, 9, ** Service'Windows Audio'
08-01-20, 08:48:40.169, Info, U.DumpProcessUsage, 9, ** Service'DHCP Client'
08-01-20, 08:48:40.169, Info, U.DumpProcessUsage, 9, ** Service'Windows Event Log'
08-01-20, 08:48:40.169, Info, U.DumpProcessUsage, 9, ** Service'TCP/IP NetBIOS Helper'
08-01-20, 08:48:40.169, Info, U.DumpProcessUsage, 9, ** Service'Security Center'
08-01-20, 08:48:40.169, Info, U.DumpProcessUsage, 9, Added Id=7388, Name=liveupdate, 0.06,(%),0.17,(Sec)
08-01-20, 08:48:40.169, Info, U.DumpProcessUsage, 9, Added Id=2104, Name=TSVNCache, 0.15,(%),0.41,(Sec)
08-01-20, 08:48:40.169, Info, U.DumpProcessUsage, 9, Added Id=7424, Name=IntelliTrace, 0.19,(%),0.5,(Sec)
08-01-20, 08:48:40.169, Info, U.DumpProcessUsage, 9, Added Id=5480, Name=dllhost, 0.23,(%),0.61,(Sec)
08-01-20, 08:48:40.169, Info, U.DumpProcessUsage, 9, ** Service'COM+ System Application'
08-01-20, 08:48:40.169, Info, U.DumpProcessUsage, 9, Added Id=532, Name=services, 0.52,(%),1.39,(Sec)
08-01-20, 08:48:40.169, Info, U.DumpProcessUsage, 9, Added Id=3096, Name=nimdnsResponder, 0.42,(%),1.12,(Sec)
08-01-20, 08:48:40.169, Info, U.DumpProcessUsage, 9, ** Service'NI mDNS Responder Service'
08-01-20, 08:48:40.169, Info, U.DumpProcessUsage, 9, Added Id=1128, Name=svchost, 0.11,(%),0.28,(Sec)
08-01-20, 08:48:40.169, Info, U.DumpProcessUsage, 9, Added Id=932, Name=svchost, 0.53,(%),1.4,(Sec)
08-01-20, 08:48:40.169, Info, U.DumpProcessUsage, 9, ** Service'COM+ Event System'
08-01-20, 08:48:40.169, Info, U.DumpProcessUsage, 9, ** Service'Function Discovery Provider Host'
08-01-20, 08:48:40.169, Info, U.DumpProcessUsage, 9, ** Service'Windows Font Cache Service'
08-01-20, 08:48:40.169, Info, U.DumpProcessUsage, 9, ** Service'Network List Service'
08-01-20, 08:48:40.169, Info, U.DumpProcessUsage, 9, ** Service'Network Store Interface Service'
08-01-20, 08:48:40.169, Info, U.DumpProcessUsage, 9, ** Service'Windows Time'
08-01-20, 08:48:40.169, Info, U.DumpProcessUsage, 9, ** Service'WinHTTP Web Proxy Auto-Discovery Service'
08-01-20, 08:48:40.170, Info, U.DumpProcessUsage, 9, Added Id=3100, Name=dllhost, 0.08,(%),0.2,(Sec)
08-01-20, 08:48:40.170, Info, U.DumpProcessUsage, 9, ** Service'PrlVssProvider'
08-01-20, 08:48:40.170, Info, U.DumpProcessUsage, 9, Added Id=4336, Name=vmware-authd, 0.51,(%),1.36,(Sec)
08-01-20, 08:48:40.170, Info, U.DumpProcessUsage, 9, ** Service'VMware Authorization Service'
08-01-20, 08:48:40.170, Info, U.DumpProcessUsage, 9, Added Id=1528, Name=CorGigEStatus, 0.11,(%),0.3,(Sec)
08-01-20, 08:48:40.170, Info, U.DumpProcessUsage, 9, Added Id=3696, Name=coherence, 0.09,(%),0.23,(Sec)
08-01-20, 08:48:40.170, Info, U.DumpProcessUsage, 9, ** Service'Parallels Coherence Service'
08-01-20, 08:48:40.170, Info, U.DumpProcessUsage, 9, Added Id=1924, Name=mDNSResponder, 0.27,(%),0.72,(Sec)
08-01-20, 08:48:40.170, Info, U.DumpProcessUsage, 9, ** Service'Bonjour Service'
08-01-20, 08:48:40.170, Info, U.DumpProcessUsage, 9, Added Id=3896, Name=coherence, 0.1,(%),0.27,(Sec)
08-01-20, 08:48:40.170, Info, U.DumpProcessUsage, 9, Added Id=7052, Name=conhost, 0.03,(%),0.08,(Sec)
08-01-20, 08:48:40.170, Info, U.DumpProcessUsage, 9, Added Id=4504, Name=vmware-usbarbitrator64, 0.06,(%),0.17,(Sec)
08-01-20, 08:48:40.170, Info, U.DumpProcessUsage, 9, ** Service'VMware USB Arbitration Service'
08-01-20, 08:48:40.170, Info, U.DumpProcessUsage, 9, Added Id=3312, Name=svchost, 0.11,(%),0.28,(Sec)
08-01-20, 08:48:40.170, Info, U.DumpProcessUsage, 9, ** Service'Windows Image Acquisition (WIA)'
08-01-20, 08:48:40.170, Info, U.DumpProcessUsage, 9, Added Id=1540, Name=cogss_srv, 0.08,(%),0.22,(Sec)
08-01-20, 08:48:40.170, Info, U.DumpProcessUsage, 9, ** Service'Cognex Security Service'
08-01-20, 08:48:40.170, Info, U.DumpProcessUsage, 9, Added Id=556, Name=winlogon, 0.57,(%),1.53,(Sec)
08-01-20, 08:48:40.170, Info, U.DumpProcessUsage, 9, Added Id=2724, Name=DeviceMonitor, 0.77,(%),2.04,(Sec)
08-01-20, 08:48:40.170, Info, U.DumpProcessUsage, 9, Added Id=3120, Name=niauth_daemon, 0.24,(%),0.64,(Sec)
08-01-20, 08:48:40.170, Info, U.DumpProcessUsage, 9, ** Service'NI Authentication Service'
08-01-20, 08:48:40.170, Info, U.DumpProcessUsage, 9, Added Id=6864, Name=hpqste08, 0.36,(%),0.97,(Sec)
08-01-20, 08:48:40.170, Info, U.DumpProcessUsage, 9, Added Id=2140, Name=CorLogServer, 0.12,(%),0.33,(Sec)
08-01-20, 08:48:40.170, Info, U.DumpProcessUsage, 9, ** Service'Sapera Log Server'
08-01-20, 08:48:40.170, Info, U.DumpProcessUsage, 9, Added Id=1156, Name=cogsls_srv, 0.08,(%),0.22,(Sec)
08-01-20, 08:48:40.170, Info, U.DumpProcessUsage, 9, ** Service'Cognex Software Licensing Service'
08-01-20, 08:48:40.170, Info, U.DumpProcessUsage, 9, Added Id=5068, Name=vmware-hostd, 0.94,(%),2.5,(Sec)
08-01-20, 08:48:40.170, Info, U.DumpProcessUsage, 9, ** Service'VMware Workstation Server'
08-01-20, 08:48:40.170, Info, U.DumpProcessUsage, 9, Added Id=768, Name=PCFasterSvc, 0.47,(%),1.26,(Sec)
08-01-20, 08:48:40.170, Info, U.DumpProcessUsage, 9, ** Service'Baidu PC Faster Service 5.1.0.0'
08-01-20, 08:48:40.170, Info, U.DumpProcessUsage, 9, Added Id=576, Name=lsass, 2.28,(%),6.07,(Sec)
08-01-20, 08:48:40.170, Info, U.DumpProcessUsage, 9, ** Service'Security Accounts Manager'
08-01-20, 08:48:40.170, Info, U.DumpProcessUsage, 9, Added Id=5884, Name=SearchIndexer, 49.15,(%),131.07,(Sec)
08-01-20, 08:48:40.170, Info, U.DumpProcessUsage, 9, ** Service'Windows Search'
08-01-20, 08:48:40.170, Info, U.DumpProcessUsage, 9, Added Id=2352, Name=svchost, 0.48,(%),1.28,(Sec)
08-01-20, 08:48:40.170, Info, U.DumpProcessUsage, 9, ** Service'hpqcxs08'
08-01-20, 08:48:40.170, Info, U.DumpProcessUsage, 9, ** Service'HP CUE DeviceDiscovery Service'
08-01-20, 08:48:40.170, Info, U.DumpProcessUsage, 9, Added Id=5832, Name=WUDFHost, 0.09,(%),0.25,(Sec)
08-01-20, 08:48:40.170, Info, U.DumpProcessUsage, 9, Added Id=6492, Name=WmiPrvSE, 1.54,(%),4.1,(Sec)
08-01-20, 08:48:40.170, Info, U.DumpProcessUsage, 9, Added Id=584, Name=lsm, 0.06,(%),0.17,(Sec)
08-01-20, 08:48:40.170, Info, U.DumpProcessUsage, 9, Added Id=1768, Name=explorer, 4.26,(%),11.37,(Sec)
08-01-20, 08:48:40.170, Info, U.DumpProcessUsage, 9, Added Id=3936, Name=prl_tools, 0.2,(%),0.55,(Sec)
08-01-20, 08:48:40.170, Info, U.DumpProcessUsage, 9, Added Id=2164, Name=hpqtra08, 0.15,(%),0.39,(Sec)
08-01-20, 08:48:40.170, Info, U.DumpProcessUsage, 9, Total time to dump = 179.9 mS
08-01-20, 08:48:40.170, Info, CompRoot.ApplicationSetup, 9, Application Loading : AppMachine - Ver 1.0 Build 0 (Official)
08-01-20, 08:48:40.171, Info, U.DumpProcessUsage, 9, Dumping Processes at AppSetup2.  Current total CPU Usage=,21.9995%, time since last=,180
08-01-20, 08:48:40.173, Info, U.DumpProcessUsage, 9, Time to getProceses = 2.43 mS
08-01-20, 08:48:40.188, Info, U.DumpProcessUsage, 9, Time to extract services = 15.23 mS
08-01-20, 08:48:40.188, Info, U.DumpProcessUsage, 9, Existing Id=8160, Name=AppMachine.vshost, 8.33,(%),0.02,(Sec)
08-01-20, 08:48:40.189, Info, U.DumpProcessUsage, 9, Existing Id=6384, Name=msvsmon, 83.33,(%),0.16,(Sec)
08-01-20, 08:48:40.189, Info, U.DumpProcessUsage, 9, Existing Id=4820, Name=devenv, 8.33,(%),0.02,(Sec)
08-01-20, 08:48:40.189, Info, U.DumpProcessUsage, 9, Total time to dump = 18.58 mS
08-01-20, 08:48:40.296, Info, CompRoot.ApplicationSetup, 9, StopWatch Resolution=True
08-01-20, 08:48:40.296, Info, CompRoot.ApplicationSetup, 9, StopWatch Frequency=10000000
08-01-20, 08:48:40.296, Info, U.DumpProcessUsage, 9, Dumping Processes at End AppSetup.  Current total CPU Usage=,31.35952%, time since last=,125.4
08-01-20, 08:48:40.298, Info, U.DumpProcessUsage, 9, Time to getProceses = 2.37 mS
08-01-20, 08:48:40.314, Info, U.DumpProcessUsage, 9, Time to extract services = 15.34 mS
08-01-20, 08:48:40.314, Info, U.DumpProcessUsage, 9, Existing Id=8160, Name=AppMachine.vshost, 70,(%),0.11,(Sec)
08-01-20, 08:48:40.314, Info, U.DumpProcessUsage, 9, ** Thread Main GUI(644) = 78 mS
08-01-20, 08:48:40.315, Info, U.DumpProcessUsage, 9, Existing Id=6384, Name=msvsmon, 10,(%),0.02,(Sec)
08-01-20, 08:48:40.315, Info, U.DumpProcessUsage, 9, Existing Id=488, Name=svchost, 10,(%),0.02,(Sec)
08-01-20, 08:48:40.315, Info, U.DumpProcessUsage, 9, ** Service'Windows Audio Endpoint Builder'
08-01-20, 08:48:40.315, Info, U.DumpProcessUsage, 9, ** Service'Network Connections'
08-01-20, 08:48:40.315, Info, U.DumpProcessUsage, 9, ** Service'Program Compatibility Assistant Service'
08-01-20, 08:48:40.315, Info, U.DumpProcessUsage, 9, ** Service'Superfetch'
08-01-20, 08:48:40.315, Info, U.DumpProcessUsage, 9, ** Service'Desktop Window Manager Session Manager'
08-01-20, 08:48:40.315, Info, U.DumpProcessUsage, 9, ** Service'Windows Driver Foundation - User-mode Driver Framework'
08-01-20, 08:48:40.315, Info, U.DumpProcessUsage, 9, Existing Id=7424, Name=IntelliTrace, 10,(%),0.02,(Sec)
08-01-20, 08:48:40.315, Info, U.DumpProcessUsage, 9, Total time to dump = 18.93 mS
08-01-20, 08:48:41.479, Error, SMActionFlow.Rebuild, 12, Need a valid method for 'SMActionFlow_8'
08-01-20, 08:48:41.480, Error, SMActionFlow.Rebuild, 12, Need a valid method for 'SMActionFlow_9'
08-01-20, 08:48:41.481, Error, SMActionFlow.Rebuild, 12, Need a valid method for 'SMActionFlow_10'
08-01-20, 08:48:41.482, Error, SMActionFlow.Rebuild, 12, Need a valid method for 'SMActionFlow_11'
08-01-20, 08:48:41.482, Error, SMActionFlow.Rebuild, 12, Need a valid method for 'SMActionFlow_12'
